<?xml version="1.0" encoding="UTF-8"?>
<testsuite name="NumeralSystemConverterTest" tests="1" skipped="0" failures="1" errors="0" timestamp="2022-08-02T15:37:56" hostname="LUKASZ" time="4.726">
  <properties/>
  <testcase name="start" classname="NumeralSystemConverterTest" time="4.726">
    <failure message="java.lang.AssertionError: Wrong answer in test #8&#10;&#10;The fractional part of your conversion should only be 5 digits in length&#10;&#10;Please find below the output of your program during this failed test.&#10;Note that the '&gt;' character indicates the beginning of the input line.&#10;&#10;---&#10;&#10;[last 250 lines of output are shown, 26 skipped]&#10;Enter number in base 2 to convert to base 17 (To go back type /back) &gt; 1110000111100101111101011110010010000110111101011.10001100110011001100110011&#10;Conversion result: e86fbgaca90c.95g29&#10;&#10;Enter number in base 2 to convert to base 17 (To go back type /back) &gt; /back&#10;&#10;Enter two numbers in format: {source base} {target base} (To quit type /exit) &gt; 2 20&#10;Enter number in base 2 to convert to base 20 (To go back type /back) &gt; 1010101011101011110000101101111001010011001000010.11001100110011001100110011&#10;Conversion result: 1ge1jih26d5e.fjjjj&#10;&#10;Enter number in base 2 to convert to base 20 (To go back type /back) &gt; /back&#10;&#10;Enter two numbers in format: {source base} {target base} (To quit type /exit) &gt; 2 23&#10;Enter number in base 2 to convert to base 23 (To go back type /back) &gt; 1001010011101010001001101000000101110111001001011.01001100110011001100110011&#10;Conversion result: 7kie5lm341m.6kg26&#10;&#10;Enter number in base 2 to convert to base 23 (To go back type /back) &gt; /back&#10;&#10;Enter two numbers in format: {source base} {target base} (To quit type /exit) &gt; 2 26&#10;Enter number in base 2 to convert to base 26 (To go back type /back) &gt; 111001100010101100000001000011101011101001000111.10011001100110011001100110&#10;Conversion result: 1kfmjjc3op5.fffff&#10;&#10;Enter number in base 2 to convert to base 26 (To go back type /back) &gt; /back&#10;&#10;Enter two numbers in format: {source base} {target base} (To quit type /exit) &gt; 2 29&#10;Enter number in base 2 to convert to base 29 (To go back type /back) &gt; 1000110100011011110101010100011100110100010100100.00011001100110011001100110&#10;Conversion result: lb8hn6qjqn.2q2q2&#10;&#10;Enter number in base 2 to convert to base 29 (To go back type /back) &gt; /back&#10;&#10;Enter two numbers in format: {source base} {target base} (To quit type /exit) &gt; 2 32&#10;Enter number in base 2 to convert to base 32 (To go back type /back) &gt; 1101000001101001011101011100011100011111011101111.01100110011001100110011001&#10;Conversion result: d0qblosfnf.cpj6c&#10;&#10;Enter number in base 2 to convert to base 32 (To go back type /back) &gt; /back&#10;&#10;Enter two numbers in format: {source base} {target base} (To quit type /exit) &gt; 2 35&#10;Enter number in base 2 to convert to base 35 (To go back type /back) &gt; 1111111011000100111000111000011011010001001001.1100110011001100110011001&#10;Conversion result: v3fvpwm1j.ryyyy&#10;&#10;Enter number in base 2 to convert to base 35 (To go back type /back) &gt; /back&#10;&#10;Enter two numbers in format: {source base} {target base} (To quit type /exit) &gt; 5 2&#10;Enter number in base 5 to convert to base 2 (To go back type /back) &gt; 203004230333324323444.21111111111111111111111111&#10;Conversion result: 101110000000000110011101100010100110111111111000.01110&#10;&#10;Enter number in base 5 to convert to base 2 (To go back type /back) &gt; /back&#10;&#10;Enter two numbers in format: {source base} {target base} (To quit type /exit) &gt; 5 8&#10;Enter number in base 5 to convert to base 8 (To go back type /back) &gt; 441442212324021142423.23333333333333333333333333&#10;Conversion result: 15163167321037660.43146&#10;&#10;Enter number in base 5 to convert to base 8 (To go back type /back) &gt; /back&#10;&#10;Enter two numbers in format: {source base} {target base} (To quit type /exit) &gt; 5 11&#10;Enter number in base 5 to convert to base 11 (To go back type /back) &gt; 241100330210040232203.03333333333333333333333333&#10;Conversion result: 7960501347218a.17171&#10;&#10;Enter number in base 5 to convert to base 11 (To go back type /back) &gt; /back&#10;&#10;Enter two numbers in format: {source base} {target base} (To quit type /exit) &gt; 5 14&#10;Enter number in base 5 to convert to base 14 (To go back type /back) &gt; 140312420321002313134.32444444444444444444444034&#10;Conversion result: 3102c4b672276.a1197&#10;&#10;Enter number in base 5 to convert to base 14 (To go back type /back) &gt; /back&#10;&#10;Enter two numbers in format: {source base} {target base} (To quit type /exit) &gt; 5 17&#10;Enter number in base 5 to convert to base 17 (To go back type /back) &gt; 124400111102221420014.41333333333333333333332422&#10;Conversion result: 4755cbg2db07.ed754&#10;&#10;Enter number in base 5 to convert to base 17 (To go back type /back) &gt; /back&#10;&#10;Enter two numbers in format: {source base} {target base} (To quit type /exit) &gt; 5 20&#10;Enter number in base 5 to convert to base 20 (To go back type /back) &gt; 1141210142332331000.424111111111111111111114&#10;Conversion result: a47a87eif0.i5c48&#10;&#10;Enter number in base 5 to convert to base 20 (To go back type /back) &gt; /back&#10;&#10;Enter two numbers in format: {source base} {target base} (To quit type /exit) &gt; 5 23&#10;Enter number in base 5 to convert to base 23 (To go back type /back) &gt; 411430423304413321032.40000&#10;Conversion result: 9jaf3799kmd.i94di&#10;&#10;Enter number in base 5 to convert to base 23 (To go back type /back) &gt; /back&#10;&#10;Enter two numbers in format: {source base} {target base} (To quit type /exit) &gt; 5 26&#10;Enter number in base 5 to convert to base 26 (To go back type /back) &gt; 131040320422223340424.10303030303030303030303030&#10;Conversion result: 12npcnm4p02.5m2ff&#10;&#10;Enter number in base 5 to convert to base 26 (To go back type /back) &gt; /back&#10;&#10;Enter two numbers in format: {source base} {target base} (To quit type /exit) &gt; 5 29&#10;Enter number in base 5 to convert to base 29 (To go back type /back) &gt; 331214233142034341342.23333333333333333333333333&#10;Conversion result: o1gbj1pb7e.frfrf&#10;&#10;Enter number in base 5 to convert to base 29 (To go back type /back) &gt; /back&#10;&#10;Enter two numbers in format: {source base} {target base} (To quit type /exit) &gt; 5 32&#10;Enter number in base 5 to convert to base 32 (To go back type /back) &gt; 113430342120313120333.32222222222222222222222222&#10;Conversion result: 3lmi5c4i1f.mcpj6&#10;&#10;Enter number in base 5 to convert to base 32 (To go back type /back) &gt; /back&#10;&#10;Enter two numbers in format: {source base} {target base} (To quit type /exit) &gt; 5 35&#10;Enter number in base 5 to convert to base 35 (To go back type /back) &gt; 332403440024004220214.30000&#10;Conversion result: 4h90olss7e.l1111&#10;&#10;Enter number in base 5 to convert to base 35 (To go back type /back) &gt; /back&#10;&#10;Enter two numbers in format: {source base} {target base} (To quit type /exit) &gt; 8 2&#10;Enter number in base 8 to convert to base 2 (To go back type /back) &gt; 12501607426105174.463146314631463146&#10;Conversion result: 1010101000001110000111100010110001000101001111100.10011&#10;&#10;Enter number in base 8 to convert to base 2 (To go back type /back) &gt; /back&#10;&#10;Enter two numbers in format: {source base} {target base} (To quit type /exit) &gt; 8 5&#10;Enter number in base 8 to convert to base 5 (To go back type /back) &gt; 325403231426146.0300406111564570652&#10;Conversion result: 3410341330100434130.01041&#10;&#10;Enter number in base 8 to convert to base 5 (To go back type /back) &gt; /back&#10;&#10;Enter two numbers in format: {source base} {target base} (To quit type /exit) &gt; 8 11&#10;Enter number in base 8 to convert to base 11 (To go back type /back) &gt; 104161024456576.333310550345300406&#10;Conversion result: 1548235234885.47937&#10;&#10;Enter number in base 8 to convert to base 11 (To go back type /back) &gt; /back&#10;&#10;Enter two numbers in format: {source base} {target base} (To quit type /exit) &gt; 8 14&#10;Enter number in base 8 to convert to base 14 (To go back type /back) &gt; 346765036234306.0450753412172702436&#10;Conversion result: 3cc35c38cc62.102d2&#10;&#10;Enter number in base 8 to convert to base 14 (To go back type /back) &gt; /back&#10;&#10;Enter two numbers in format: {source base} {target base} (To quit type /exit) &gt; 8 17&#10;Enter number in base 8 to convert to base 17 (To go back type /back) &gt; 14067400106407710.146314631463146315&#10;Conversion result: c758737g2g41.36da3&#10;&#10;Enter number in base 8 to convert to base 17 (To go back type /back) &gt; /back&#10;&#10;Enter two numbers in format: {source base} {target base} (To quit type /exit) &gt; 8 20&#10;Enter number in base 8 to convert to base 20 (To go back type /back) &gt; 11026603521623432.40000&#10;Conversion result: 1b1abhcac3i2.a0000&#10;&#10;Enter number in base 8 to convert to base 20 (To go back type /back) &gt; /back&#10;&#10;Enter two numbers in format: {source base} {target base} (To quit type /exit) &gt; 8 23&#10;Enter number in base 8 to convert to base 23 (To go back type /back) &gt; 4430643450071073.431463146314631464&#10;Conversion result: 3jjdb3bkf3a.celjc&#10;&#10;Enter number in base 8 to convert to base 23 (To go back type /back) &gt; /back&#10;&#10;Enter two numbers in format: {source base} {target base} (To quit type /exit) &gt; 8 26&#10;Enter number in base 8 to convert to base 26 (To go back type /back) &gt; 613563064763657.55341217270243656&#10;Conversion result: 505kc7ookn.ibooo&#10;&#10;Enter number in base 8 to convert to base 26 (To go back type /back) &gt; /back&#10;&#10;Enter two numbers in format: {source base} {target base} (To quit type /exit) &gt; 8 29&#10;Enter number in base 8 to convert to base 29 (To go back type /back) &gt; 10731732544447100.431463146314631464&#10;Conversion result: limf3rsj5e.frfrf&#10;&#10;Enter number in base 8 to convert to base 29 (To go back type /back) &gt; /back&#10;&#10;Enter two numbers in format: {source base} {target base} (To quit type /exit) &gt; 8 32&#10;Enter number in base 8 to convert to base 32 (To go back type /back) &gt; 7260136131044364.40000&#10;Conversion result: 7b0bom8i7k.g0000&#10;&#10;Enter number in base 8 to convert to base 32 (To go back type /back) &gt; /back&#10;&#10;Enter two numbers in format: {source base} {target base} (To quit type /exit) &gt; 8 35&#10;Enter number in base 8 to convert to base 35 (To go back type /back) &gt; 7042407762556513.20000&#10;Conversion result: 35eu5sptkm.8q8q8&#10;&#10;Enter number in base 8 to convert to base 35 (To go back type /back) &gt; /back&#10;&#10;Enter two numbers in format: {source base} {target base} (To quit type /exit) &gt; 11 2&#10;Enter number in base 11 to convert to base 2 (To go back type /back) &gt; 106928752450a62.2222222222222222a3a9267297&#10;Conversion result: 1011011001110100001110000010101001010100100001011.00110&#10;&#10;Enter number in base 11 to convert to base 2 (To go back type /back) &gt; /back&#10;&#10;Enter two numbers in format: {source base} {target base} (To quit type /exit) &gt; 11 5&#10;Enter number in base 11 to convert to base 5 (To go back type /back) &gt; 93257025809445.888888888888889084a3a47058&#10;Conversion result: 314023041233233003143.40000&#10;&#10;Enter number in base 11 to convert to base 5 (To go back type /back) &gt; /back&#10;&#10;Enter two numbers in format: {source base} {target base} (To quit type /exit) &gt; 11 8&#10;Enter number in base 11 to convert to base 8 (To go back type /back) &gt; a7734a54125181.00000&#10;Conversion result: 12375613161037114.00000&#10;&#10;Enter number in base 11 to convert to base 8 (To go back type /back) &gt; /back&#10;&#10;Enter two numbers in format: {source base} {target base} (To quit type /exit) &gt; 11 14&#10;Enter number in base 11 to convert to base 14 (To go back type /back) &gt; 121748119637287.60606060606060635776774330&#10;Conversion result: 801a4644000a5.79b2b&#10;&#10;Enter number in base 11 to convert to base 14 (To go back type /back) &gt; /back&#10;&#10;Enter two numbers in format: {source base} {target base} (To quit type /exit) &gt; 11 17&#10;Enter number in base 11 to convert to base 17 (To go back type /back) &gt; 1701148935850a.0a987654320a9876784559a95&#10;Conversion result: 1b0a86f48gaf.1902f&#10;&#10;Enter number in base 11 to convert to base 17 (To go back type /back) &gt; /back&#10;&#10;Enter two numbers in format: {source base} {target base} (To quit type /exit) &gt; 11 20&#10;Enter number in base 11 to convert to base 20 (To go back type /back) &gt; a285260a152929.66666666666666651303587526&#10;Conversion result: 1eb51e0gf781.c0000&#10;&#10;Enter number in base 11 to convert to base 20 (To go back type /back) &gt; /back&#10;&#10;Enter two numbers in format: {source base} {target base} (To quit type /exit) &gt; 11 23&#10;Enter number in base 11 to convert to base 23 (To go back type /back) &gt; 63a21a01395378.69696969696969696969696969&#10;Conversion result: 56j9kaf1380.e8e8e&#10;&#10;Enter number in base 11 to convert to base 23 (To go back type /back) &gt; /back&#10;&#10;Enter two numbers in format: {source base} {target base} (To quit type /exit) &gt; 11 26&#10;Enter number in base 11 to convert to base 26 (To go back type /back) &gt; 120478a83619592.4a4a4a4a4a4a4a50590575a349&#10;Conversion result: 34neebnl3hh.bi555&#10;&#10;Enter number in base 11 to convert to base 26 (To go back type /back) &gt; /back&#10;&#10;Enter two numbers in format: {source base} {target base} (To quit type /exit) &gt; 11 29&#10;Enter number in base 11 to convert to base 29 (To go back type /back) &gt; 354803186882.1910963115253a36512a775&#10;Conversion result: 1smlkikak.4nk0a&#10;&#10;Enter number in base 11 to convert to base 29 (To go back type /back) &gt; /back&#10;&#10;Enter two numbers in format: {source base} {target base} (To quit type /exit) &gt; 11 32&#10;Enter number in base 11 to convert to base 32 (To go back type /back) &gt; 35847aa6940235.06060606060606063577677433&#10;Conversion result: 3ektmpqaus.1j6cp&#10;&#10;Enter number in base 11 to convert to base 32 (To go back type /back) &gt; /back&#10;&#10;Enter two numbers in format: {source base} {target base} (To quit type /exit) &gt; 11 35&#10;Enter number in base 11 to convert to base 35 (To go back type /back) &gt; 6a71a8823930a6.888888888888889084a3a47058&#10;Conversion result: 31t2fn68ks.s0000&#10;&#10;Enter number in base 11 to convert to base 35 (To go back type /back) &gt; /back&#10;&#10;Enter two numbers in format: {source base} {target base} (To quit type /exit) &gt; 14 2&#10;Enter number in base 14 to convert to base 2 (To go back type /back) &gt; 1a8131c4145a6.b6a11973cc46a0096d9175420&#10;Conversion result: 10110101000010101011111111111101111100001010110.11010&#10;&#10;Enter number in base 14 to convert to base 2 (To go back type /back) &gt; /back&#10;&#10;Enter two numbers in format: {source base} {target base} (To quit type /exit) &gt; 14 5&#10;Enter number in base 14 to convert to base 5 (To go back type /back) &gt; 83562808cd352.b2b2b2b2b2b2b39086c9bc05a5&#10;Conversion result: 442221304210120044004.411100&#10;&#10;Enter number in base 14 to convert to base 5 (To go back type /back)" type="java.lang.AssertionError">java.lang.AssertionError: Wrong answer in test #8

The fractional part of your conversion should only be 5 digits in length

Please find below the output of your program during this failed test.
Note that the '&gt;' character indicates the beginning of the input line.

---

[last 250 lines of output are shown, 26 skipped]
Enter number in base 2 to convert to base 17 (To go back type /back) &gt; 1110000111100101111101011110010010000110111101011.10001100110011001100110011
Conversion result: e86fbgaca90c.95g29

Enter number in base 2 to convert to base 17 (To go back type /back) &gt; /back

Enter two numbers in format: {source base} {target base} (To quit type /exit) &gt; 2 20
Enter number in base 2 to convert to base 20 (To go back type /back) &gt; 1010101011101011110000101101111001010011001000010.11001100110011001100110011
Conversion result: 1ge1jih26d5e.fjjjj

Enter number in base 2 to convert to base 20 (To go back type /back) &gt; /back

Enter two numbers in format: {source base} {target base} (To quit type /exit) &gt; 2 23
Enter number in base 2 to convert to base 23 (To go back type /back) &gt; 1001010011101010001001101000000101110111001001011.01001100110011001100110011
Conversion result: 7kie5lm341m.6kg26

Enter number in base 2 to convert to base 23 (To go back type /back) &gt; /back

Enter two numbers in format: {source base} {target base} (To quit type /exit) &gt; 2 26
Enter number in base 2 to convert to base 26 (To go back type /back) &gt; 111001100010101100000001000011101011101001000111.10011001100110011001100110
Conversion result: 1kfmjjc3op5.fffff

Enter number in base 2 to convert to base 26 (To go back type /back) &gt; /back

Enter two numbers in format: {source base} {target base} (To quit type /exit) &gt; 2 29
Enter number in base 2 to convert to base 29 (To go back type /back) &gt; 1000110100011011110101010100011100110100010100100.00011001100110011001100110
Conversion result: lb8hn6qjqn.2q2q2

Enter number in base 2 to convert to base 29 (To go back type /back) &gt; /back

Enter two numbers in format: {source base} {target base} (To quit type /exit) &gt; 2 32
Enter number in base 2 to convert to base 32 (To go back type /back) &gt; 1101000001101001011101011100011100011111011101111.01100110011001100110011001
Conversion result: d0qblosfnf.cpj6c

Enter number in base 2 to convert to base 32 (To go back type /back) &gt; /back

Enter two numbers in format: {source base} {target base} (To quit type /exit) &gt; 2 35
Enter number in base 2 to convert to base 35 (To go back type /back) &gt; 1111111011000100111000111000011011010001001001.1100110011001100110011001
Conversion result: v3fvpwm1j.ryyyy

Enter number in base 2 to convert to base 35 (To go back type /back) &gt; /back

Enter two numbers in format: {source base} {target base} (To quit type /exit) &gt; 5 2
Enter number in base 5 to convert to base 2 (To go back type /back) &gt; 203004230333324323444.21111111111111111111111111
Conversion result: 101110000000000110011101100010100110111111111000.01110

Enter number in base 5 to convert to base 2 (To go back type /back) &gt; /back

Enter two numbers in format: {source base} {target base} (To quit type /exit) &gt; 5 8
Enter number in base 5 to convert to base 8 (To go back type /back) &gt; 441442212324021142423.23333333333333333333333333
Conversion result: 15163167321037660.43146

Enter number in base 5 to convert to base 8 (To go back type /back) &gt; /back

Enter two numbers in format: {source base} {target base} (To quit type /exit) &gt; 5 11
Enter number in base 5 to convert to base 11 (To go back type /back) &gt; 241100330210040232203.03333333333333333333333333
Conversion result: 7960501347218a.17171

Enter number in base 5 to convert to base 11 (To go back type /back) &gt; /back

Enter two numbers in format: {source base} {target base} (To quit type /exit) &gt; 5 14
Enter number in base 5 to convert to base 14 (To go back type /back) &gt; 140312420321002313134.32444444444444444444444034
Conversion result: 3102c4b672276.a1197

Enter number in base 5 to convert to base 14 (To go back type /back) &gt; /back

Enter two numbers in format: {source base} {target base} (To quit type /exit) &gt; 5 17
Enter number in base 5 to convert to base 17 (To go back type /back) &gt; 124400111102221420014.41333333333333333333332422
Conversion result: 4755cbg2db07.ed754

Enter number in base 5 to convert to base 17 (To go back type /back) &gt; /back

Enter two numbers in format: {source base} {target base} (To quit type /exit) &gt; 5 20
Enter number in base 5 to convert to base 20 (To go back type /back) &gt; 1141210142332331000.424111111111111111111114
Conversion result: a47a87eif0.i5c48

Enter number in base 5 to convert to base 20 (To go back type /back) &gt; /back

Enter two numbers in format: {source base} {target base} (To quit type /exit) &gt; 5 23
Enter number in base 5 to convert to base 23 (To go back type /back) &gt; 411430423304413321032.40000
Conversion result: 9jaf3799kmd.i94di

Enter number in base 5 to convert to base 23 (To go back type /back) &gt; /back

Enter two numbers in format: {source base} {target base} (To quit type /exit) &gt; 5 26
Enter number in base 5 to convert to base 26 (To go back type /back) &gt; 131040320422223340424.10303030303030303030303030
Conversion result: 12npcnm4p02.5m2ff

Enter number in base 5 to convert to base 26 (To go back type /back) &gt; /back

Enter two numbers in format: {source base} {target base} (To quit type /exit) &gt; 5 29
Enter number in base 5 to convert to base 29 (To go back type /back) &gt; 331214233142034341342.23333333333333333333333333
Conversion result: o1gbj1pb7e.frfrf

Enter number in base 5 to convert to base 29 (To go back type /back) &gt; /back

Enter two numbers in format: {source base} {target base} (To quit type /exit) &gt; 5 32
Enter number in base 5 to convert to base 32 (To go back type /back) &gt; 113430342120313120333.32222222222222222222222222
Conversion result: 3lmi5c4i1f.mcpj6

Enter number in base 5 to convert to base 32 (To go back type /back) &gt; /back

Enter two numbers in format: {source base} {target base} (To quit type /exit) &gt; 5 35
Enter number in base 5 to convert to base 35 (To go back type /back) &gt; 332403440024004220214.30000
Conversion result: 4h90olss7e.l1111

Enter number in base 5 to convert to base 35 (To go back type /back) &gt; /back

Enter two numbers in format: {source base} {target base} (To quit type /exit) &gt; 8 2
Enter number in base 8 to convert to base 2 (To go back type /back) &gt; 12501607426105174.463146314631463146
Conversion result: 1010101000001110000111100010110001000101001111100.10011

Enter number in base 8 to convert to base 2 (To go back type /back) &gt; /back

Enter two numbers in format: {source base} {target base} (To quit type /exit) &gt; 8 5
Enter number in base 8 to convert to base 5 (To go back type /back) &gt; 325403231426146.0300406111564570652
Conversion result: 3410341330100434130.01041

Enter number in base 8 to convert to base 5 (To go back type /back) &gt; /back

Enter two numbers in format: {source base} {target base} (To quit type /exit) &gt; 8 11
Enter number in base 8 to convert to base 11 (To go back type /back) &gt; 104161024456576.333310550345300406
Conversion result: 1548235234885.47937

Enter number in base 8 to convert to base 11 (To go back type /back) &gt; /back

Enter two numbers in format: {source base} {target base} (To quit type /exit) &gt; 8 14
Enter number in base 8 to convert to base 14 (To go back type /back) &gt; 346765036234306.0450753412172702436
Conversion result: 3cc35c38cc62.102d2

Enter number in base 8 to convert to base 14 (To go back type /back) &gt; /back

Enter two numbers in format: {source base} {target base} (To quit type /exit) &gt; 8 17
Enter number in base 8 to convert to base 17 (To go back type /back) &gt; 14067400106407710.146314631463146315
Conversion result: c758737g2g41.36da3

Enter number in base 8 to convert to base 17 (To go back type /back) &gt; /back

Enter two numbers in format: {source base} {target base} (To quit type /exit) &gt; 8 20
Enter number in base 8 to convert to base 20 (To go back type /back) &gt; 11026603521623432.40000
Conversion result: 1b1abhcac3i2.a0000

Enter number in base 8 to convert to base 20 (To go back type /back) &gt; /back

Enter two numbers in format: {source base} {target base} (To quit type /exit) &gt; 8 23
Enter number in base 8 to convert to base 23 (To go back type /back) &gt; 4430643450071073.431463146314631464
Conversion result: 3jjdb3bkf3a.celjc

Enter number in base 8 to convert to base 23 (To go back type /back) &gt; /back

Enter two numbers in format: {source base} {target base} (To quit type /exit) &gt; 8 26
Enter number in base 8 to convert to base 26 (To go back type /back) &gt; 613563064763657.55341217270243656
Conversion result: 505kc7ookn.ibooo

Enter number in base 8 to convert to base 26 (To go back type /back) &gt; /back

Enter two numbers in format: {source base} {target base} (To quit type /exit) &gt; 8 29
Enter number in base 8 to convert to base 29 (To go back type /back) &gt; 10731732544447100.431463146314631464
Conversion result: limf3rsj5e.frfrf

Enter number in base 8 to convert to base 29 (To go back type /back) &gt; /back

Enter two numbers in format: {source base} {target base} (To quit type /exit) &gt; 8 32
Enter number in base 8 to convert to base 32 (To go back type /back) &gt; 7260136131044364.40000
Conversion result: 7b0bom8i7k.g0000

Enter number in base 8 to convert to base 32 (To go back type /back) &gt; /back

Enter two numbers in format: {source base} {target base} (To quit type /exit) &gt; 8 35
Enter number in base 8 to convert to base 35 (To go back type /back) &gt; 7042407762556513.20000
Conversion result: 35eu5sptkm.8q8q8

Enter number in base 8 to convert to base 35 (To go back type /back) &gt; /back

Enter two numbers in format: {source base} {target base} (To quit type /exit) &gt; 11 2
Enter number in base 11 to convert to base 2 (To go back type /back) &gt; 106928752450a62.2222222222222222a3a9267297
Conversion result: 1011011001110100001110000010101001010100100001011.00110

Enter number in base 11 to convert to base 2 (To go back type /back) &gt; /back

Enter two numbers in format: {source base} {target base} (To quit type /exit) &gt; 11 5
Enter number in base 11 to convert to base 5 (To go back type /back) &gt; 93257025809445.888888888888889084a3a47058
Conversion result: 314023041233233003143.40000

Enter number in base 11 to convert to base 5 (To go back type /back) &gt; /back

Enter two numbers in format: {source base} {target base} (To quit type /exit) &gt; 11 8
Enter number in base 11 to convert to base 8 (To go back type /back) &gt; a7734a54125181.00000
Conversion result: 12375613161037114.00000

Enter number in base 11 to convert to base 8 (To go back type /back) &gt; /back

Enter two numbers in format: {source base} {target base} (To quit type /exit) &gt; 11 14
Enter number in base 11 to convert to base 14 (To go back type /back) &gt; 121748119637287.60606060606060635776774330
Conversion result: 801a4644000a5.79b2b

Enter number in base 11 to convert to base 14 (To go back type /back) &gt; /back

Enter two numbers in format: {source base} {target base} (To quit type /exit) &gt; 11 17
Enter number in base 11 to convert to base 17 (To go back type /back) &gt; 1701148935850a.0a987654320a9876784559a95
Conversion result: 1b0a86f48gaf.1902f

Enter number in base 11 to convert to base 17 (To go back type /back) &gt; /back

Enter two numbers in format: {source base} {target base} (To quit type /exit) &gt; 11 20
Enter number in base 11 to convert to base 20 (To go back type /back) &gt; a285260a152929.66666666666666651303587526
Conversion result: 1eb51e0gf781.c0000

Enter number in base 11 to convert to base 20 (To go back type /back) &gt; /back

Enter two numbers in format: {source base} {target base} (To quit type /exit) &gt; 11 23
Enter number in base 11 to convert to base 23 (To go back type /back) &gt; 63a21a01395378.69696969696969696969696969
Conversion result: 56j9kaf1380.e8e8e

Enter number in base 11 to convert to base 23 (To go back type /back) &gt; /back

Enter two numbers in format: {source base} {target base} (To quit type /exit) &gt; 11 26
Enter number in base 11 to convert to base 26 (To go back type /back) &gt; 120478a83619592.4a4a4a4a4a4a4a50590575a349
Conversion result: 34neebnl3hh.bi555

Enter number in base 11 to convert to base 26 (To go back type /back) &gt; /back

Enter two numbers in format: {source base} {target base} (To quit type /exit) &gt; 11 29
Enter number in base 11 to convert to base 29 (To go back type /back) &gt; 354803186882.1910963115253a36512a775
Conversion result: 1smlkikak.4nk0a

Enter number in base 11 to convert to base 29 (To go back type /back) &gt; /back

Enter two numbers in format: {source base} {target base} (To quit type /exit) &gt; 11 32
Enter number in base 11 to convert to base 32 (To go back type /back) &gt; 35847aa6940235.06060606060606063577677433
Conversion result: 3ektmpqaus.1j6cp

Enter number in base 11 to convert to base 32 (To go back type /back) &gt; /back

Enter two numbers in format: {source base} {target base} (To quit type /exit) &gt; 11 35
Enter number in base 11 to convert to base 35 (To go back type /back) &gt; 6a71a8823930a6.888888888888889084a3a47058
Conversion result: 31t2fn68ks.s0000

Enter number in base 11 to convert to base 35 (To go back type /back) &gt; /back

Enter two numbers in format: {source base} {target base} (To quit type /exit) &gt; 14 2
Enter number in base 14 to convert to base 2 (To go back type /back) &gt; 1a8131c4145a6.b6a11973cc46a0096d9175420
Conversion result: 10110101000010101011111111111101111100001010110.11010

Enter number in base 14 to convert to base 2 (To go back type /back) &gt; /back

Enter two numbers in format: {source base} {target base} (To quit type /exit) &gt; 14 5
Enter number in base 14 to convert to base 5 (To go back type /back) &gt; 83562808cd352.b2b2b2b2b2b2b39086c9bc05a5
Conversion result: 442221304210120044004.411100

Enter number in base 14 to convert to base 5 (To go back type /back)
	at org.junit.Assert.fail(Assert.java:88)
	at org.hyperskill.hstest.stage.StageTest.start(StageTest.java:155)
	at java.base/jdk.internal.reflect.NativeMethodAccessorImpl.invoke0(Native Method)
	at java.base/jdk.internal.reflect.NativeMethodAccessorImpl.invoke(NativeMethodAccessorImpl.java:77)
	at java.base/jdk.internal.reflect.DelegatingMethodAccessorImpl.invoke(DelegatingMethodAccessorImpl.java:43)
	at java.base/java.lang.reflect.Method.invoke(Method.java:568)
	at org.junit.runners.model.FrameworkMethod$1.runReflectiveCall(FrameworkMethod.java:50)
	at org.junit.internal.runners.model.ReflectiveCallable.run(ReflectiveCallable.java:12)
	at org.junit.runners.model.FrameworkMethod.invokeExplosively(FrameworkMethod.java:47)
	at org.junit.internal.runners.statements.InvokeMethod.evaluate(InvokeMethod.java:17)
	at org.junit.runners.ParentRunner.runLeaf(ParentRunner.java:325)
	at org.junit.runners.BlockJUnit4ClassRunner.runChild(BlockJUnit4ClassRunner.java:78)
	at org.junit.runners.BlockJUnit4ClassRunner.runChild(BlockJUnit4ClassRunner.java:57)
	at org.junit.runners.ParentRunner$3.run(ParentRunner.java:290)
	at org.junit.runners.ParentRunner$1.schedule(ParentRunner.java:71)
	at org.junit.runners.ParentRunner.runChildren(ParentRunner.java:288)
	at org.junit.runners.ParentRunner.access$000(ParentRunner.java:58)
	at org.junit.runners.ParentRunner$2.evaluate(ParentRunner.java:268)
	at org.junit.runners.ParentRunner.run(ParentRunner.java:363)
	at org.gradle.api.internal.tasks.testing.junit.JUnitTestClassExecutor.runTestClass(JUnitTestClassExecutor.java:110)
	at org.gradle.api.internal.tasks.testing.junit.JUnitTestClassExecutor.execute(JUnitTestClassExecutor.java:58)
	at org.gradle.api.internal.tasks.testing.junit.JUnitTestClassExecutor.execute(JUnitTestClassExecutor.java:38)
	at org.gradle.api.internal.tasks.testing.junit.AbstractJUnitTestClassProcessor.processTestClass(AbstractJUnitTestClassProcessor.java:62)
	at org.gradle.api.internal.tasks.testing.SuiteTestClassProcessor.processTestClass(SuiteTestClassProcessor.java:51)
	at java.base/jdk.internal.reflect.NativeMethodAccessorImpl.invoke0(Native Method)
	at java.base/jdk.internal.reflect.NativeMethodAccessorImpl.invoke(NativeMethodAccessorImpl.java:77)
	at java.base/jdk.internal.reflect.DelegatingMethodAccessorImpl.invoke(DelegatingMethodAccessorImpl.java:43)
	at java.base/java.lang.reflect.Method.invoke(Method.java:568)
	at org.gradle.internal.dispatch.ReflectionDispatch.dispatch(ReflectionDispatch.java:36)
	at org.gradle.internal.dispatch.ReflectionDispatch.dispatch(ReflectionDispatch.java:24)
	at org.gradle.internal.dispatch.ContextClassLoaderDispatch.dispatch(ContextClassLoaderDispatch.java:33)
	at org.gradle.internal.dispatch.ProxyDispatchAdapter$DispatchingInvocationHandler.invoke(ProxyDispatchAdapter.java:94)
	at jdk.proxy1/jdk.proxy1.$Proxy2.processTestClass(Unknown Source)
	at org.gradle.api.internal.tasks.testing.worker.TestWorker$2.run(TestWorker.java:176)
	at org.gradle.api.internal.tasks.testing.worker.TestWorker.executeAndMaintainThreadName(TestWorker.java:129)
	at org.gradle.api.internal.tasks.testing.worker.TestWorker.execute(TestWorker.java:100)
	at org.gradle.api.internal.tasks.testing.worker.TestWorker.execute(TestWorker.java:60)
	at org.gradle.process.internal.worker.child.ActionExecutionWorker.execute(ActionExecutionWorker.java:56)
	at org.gradle.process.internal.worker.child.SystemApplicationClassLoaderWorker.call(SystemApplicationClassLoaderWorker.java:133)
	at org.gradle.process.internal.worker.child.SystemApplicationClassLoaderWorker.call(SystemApplicationClassLoaderWorker.java:71)
	at worker.org.gradle.process.internal.worker.GradleWorkerMain.run(GradleWorkerMain.java:69)
	at worker.org.gradle.process.internal.worker.GradleWorkerMain.main(GradleWorkerMain.java:74)
</failure>
  </testcase>
  <system-out><![CDATA[?[1;31m
Start test 1?[0m

Enter two numbers in format: {source base} {target base} (To quit type /exit) > /exit
?[1;31m
Start test 2?[0m

Enter two numbers in format: {source base} {target base} (To quit type /exit) > 10 2
Enter number in base 10 to convert to base 2 (To go back type /back) > 339
Conversion result: 101010011

?[1;31m
Start test 3?[0m

Enter two numbers in format: {source base} {target base} (To quit type /exit) > 10 2
Enter number in base 10 to convert to base 2 (To go back type /back) > 56
Conversion result: 111000

Enter number in base 10 to convert to base 2 (To go back type /back) > /back

Enter two numbers in format: {source base} {target base} (To quit type /exit) > 10 8
Enter number in base 10 to convert to base 8 (To go back type /back) > 875
Conversion result: 1553

Enter number in base 10 to convert to base 8 (To go back type /back) > /back

Enter two numbers in format: {source base} {target base} (To quit type /exit) > /exit
?[1;31m
Start test 4?[0m

Enter two numbers in format: {source base} {target base} (To quit type /exit) > 2 2
Enter number in base 2 to convert to base 2 (To go back type /back) > 1100111010000010101100110011010110010001100111101
Conversion result: 1100111010000010101100110011010110010001100111101

Enter number in base 2 to convert to base 2 (To go back type /back) > /back

Enter two numbers in format: {source base} {target base} (To quit type /exit) > 2 5
Enter number in base 2 to convert to base 5 (To go back type /back) > 111100110111101001111101101001100110110000011010
Conversion result: 240042104243410241310

Enter number in base 2 to convert to base 5 (To go back type /back) > /back

Enter two numbers in format: {source base} {target base} (To quit type /exit) > 2 8
Enter number in base 2 to convert to base 8 (To go back type /back) > 1010110100110100010010011010111000001011011010100
Conversion result: 12646422327013324

Enter number in base 2 to convert to base 8 (To go back type /back) > /back

Enter two numbers in format: {source base} {target base} (To quit type /exit) > 2 11
Enter number in base 2 to convert to base 11 (To go back type /back) > 1100101101110111010101101100011010001001001101101
Conversion result: 11a622722938723

Enter number in base 2 to convert to base 11 (To go back type /back) > /back

Enter two numbers in format: {source base} {target base} (To quit type /exit) > 2 14
Enter number in base 2 to convert to base 14 (To go back type /back) > 100111011100100111110010111000011100010010111010
Conversion result: 30badcbd0c918

Enter number in base 2 to convert to base 14 (To go back type /back) > /back

Enter two numbers in format: {source base} {target base} (To quit type /exit) > 2 17
Enter number in base 2 to convert to base 17 (To go back type /back) > 1011101001100100110100111010010110101101111011000
Conversion result: bg566gbd7a30

Enter number in base 2 to convert to base 17 (To go back type /back) > /back

Enter two numbers in format: {source base} {target base} (To quit type /exit) > 2 20
Enter number in base 2 to convert to base 20 (To go back type /back) > 1011101011011001000000000111010000001111011110100
Conversion result: 202a1gg88iac

Enter number in base 2 to convert to base 20 (To go back type /back) > /back

Enter two numbers in format: {source base} {target base} (To quit type /exit) > 2 23
Enter number in base 2 to convert to base 23 (To go back type /back) > 1010001111010111100000111011000000100011011001011
Conversion result: 8g0i1c33kgk

Enter number in base 2 to convert to base 23 (To go back type /back) > /back

Enter two numbers in format: {source base} {target base} (To quit type /exit) > 2 26
Enter number in base 2 to convert to base 26 (To go back type /back) > 10110001110010001111100010110000110011010101111
Conversion result: i00ng16af1

Enter number in base 2 to convert to base 26 (To go back type /back) > /back

Enter two numbers in format: {source base} {target base} (To quit type /exit) > 2 29
Enter number in base 2 to convert to base 29 (To go back type /back) > 1100011111010000011100010111111111110010100110
Conversion result: 3mn1fcs65r

Enter number in base 2 to convert to base 29 (To go back type /back) > /back

Enter two numbers in format: {source base} {target base} (To quit type /exit) > 2 32
Enter number in base 2 to convert to base 32 (To go back type /back) > 11011111101001101101111001100101110001010001000
Conversion result: 3fqdnj5ok8

Enter number in base 2 to convert to base 32 (To go back type /back) > /back

Enter two numbers in format: {source base} {target base} (To quit type /exit) > 2 35
Enter number in base 2 to convert to base 35 (To go back type /back) > 11010010101001101100101110000101110110111000001
Conversion result: 1geww6rtjn

Enter number in base 2 to convert to base 35 (To go back type /back) > /back

Enter two numbers in format: {source base} {target base} (To quit type /exit) > 5 2
Enter number in base 5 to convert to base 2 (To go back type /back) > 403014440433404303110
Conversion result: 1011001011010000100110011100010100010000010100110

Enter number in base 5 to convert to base 2 (To go back type /back) > /back

Enter two numbers in format: {source base} {target base} (To quit type /exit) > 5 5
Enter number in base 5 to convert to base 5 (To go back type /back) > 232210401200400340
Conversion result: 232210401200400340

Enter number in base 5 to convert to base 5 (To go back type /back) > /back

Enter two numbers in format: {source base} {target base} (To quit type /exit) > 5 8
Enter number in base 5 to convert to base 8 (To go back type /back) > 134242331414010314200
Conversion result: 4652625170015043

Enter number in base 5 to convert to base 8 (To go back type /back) > /back

Enter two numbers in format: {source base} {target base} (To quit type /exit) > 5 11
Enter number in base 5 to convert to base 11 (To go back type /back) > 344242030201123314212
Conversion result: 10004105a540264

Enter number in base 5 to convert to base 11 (To go back type /back) > /back

Enter two numbers in format: {source base} {target base} (To quit type /exit) > 5 14
Enter number in base 5 to convert to base 14 (To go back type /back) > 1003004104421411301141
Conversion result: 88872b3056cb6

Enter number in base 5 to convert to base 14 (To go back type /back) > /back

Enter two numbers in format: {source base} {target base} (To quit type /exit) > 5 17
Enter number in base 5 to convert to base 17 (To go back type /back) > 441200324014402420323
Conversion result: d8c5d52fba9e

Enter number in base 5 to convert to base 17 (To go back type /back) > /back

Enter two numbers in format: {source base} {target base} (To quit type /exit) > 5 20
Enter number in base 5 to convert to base 20 (To go back type /back) > 241414231440124320334
Conversion result: 16fa80988i74

Enter number in base 5 to convert to base 20 (To go back type /back) > /back

Enter two numbers in format: {source base} {target base} (To quit type /exit) > 5 23
Enter number in base 5 to convert to base 23 (To go back type /back) > 121203234102042231042
Conversion result: 383bfalk4f9

Enter number in base 5 to convert to base 23 (To go back type /back) > /back

Enter two numbers in format: {source base} {target base} (To quit type /exit) > 5 26
Enter number in base 5 to convert to base 26 (To go back type /back) > 1001124144221313332400
Conversion result: 3ajb5g3nfe6

Enter number in base 5 to convert to base 26 (To go back type /back) > /back

Enter two numbers in format: {source base} {target base} (To quit type /exit) > 5 29
Enter number in base 5 to convert to base 29 (To go back type /back) > 403422431112100211222
Conversion result: r99gbrje4q

Enter number in base 5 to convert to base 29 (To go back type /back) > /back

Enter two numbers in format: {source base} {target base} (To quit type /exit) > 5 32
Enter number in base 5 to convert to base 32 (To go back type /back) > 323121043142001134213
Conversion result: 9ia39jirvt

Enter number in base 5 to convert to base 32 (To go back type /back) > /back

Enter two numbers in format: {source base} {target base} (To quit type /exit) > 5 35
Enter number in base 5 to convert to base 35 (To go back type /back) > 211021143031232324202
Conversion result: 2p0n0wok52

Enter number in base 5 to convert to base 35 (To go back type /back) > /back

Enter two numbers in format: {source base} {target base} (To quit type /exit) > 8 2
Enter number in base 8 to convert to base 2 (To go back type /back) > 12534564743344727
Conversion result: 1010101011100101110100111100011011100100111010111

Enter number in base 8 to convert to base 2 (To go back type /back) > /back

Enter two numbers in format: {source base} {target base} (To quit type /exit) > 8 5
Enter number in base 8 to convert to base 5 (To go back type /back) > 430016130163065
Conversion result: 10010240343022140002

Enter number in base 8 to convert to base 5 (To go back type /back) > /back

Enter two numbers in format: {source base} {target base} (To quit type /exit) > 8 8
Enter number in base 8 to convert to base 8 (To go back type /back) > 3027713075270571
Conversion result: 3027713075270571

Enter number in base 8 to convert to base 8 (To go back type /back) > /back

Enter two numbers in format: {source base} {target base} (To quit type /exit) > 8 11
Enter number in base 8 to convert to base 11 (To go back type /back) > 14671205413302701
Conversion result: 121212336181459

Enter number in base 8 to convert to base 11 (To go back type /back) > /back

Enter two numbers in format: {source base} {target base} (To quit type /exit) > 8 14
Enter number in base 8 to convert to base 14 (To go back type /back) > 11335534050603172
Conversion result: 5bd59d33b69d0

Enter number in base 8 to convert to base 14 (To go back type /back) > /back

Enter two numbers in format: {source base} {target base} (To quit type /exit) > 8 17
Enter number in base 8 to convert to base 17 (To go back type /back) > 10441151010235721
Conversion result: 8d827fe64013

Enter number in base 8 to convert to base 17 (To go back type /back) > /back

Enter two numbers in format: {source base} {target base} (To quit type /exit) > 8 20
Enter number in base 8 to convert to base 20 (To go back type /back) > 10161400355410650
Conversion result: 184jfh3c7jfc

Enter number in base 8 to convert to base 20 (To go back type /back) > /back

Enter two numbers in format: {source base} {target base} (To quit type /exit) > 8 23
Enter number in base 8 to convert to base 23 (To go back type /back) > 13373140547656211
Conversion result: 9hae4ei06dk

Enter number in base 8 to convert to base 23 (To go back type /back) > /back

Enter two numbers in format: {source base} {target base} (To quit type /exit) > 8 26
Enter number in base 8 to convert to base 26 (To go back type /back) > 415571175023625
Conversion result: 3ajlp3m677

Enter number in base 8 to convert to base 26 (To go back type /back) > /back

Enter two numbers in format: {source base} {target base} (To quit type /exit) > 8 29
Enter number in base 8 to convert to base 29 (To go back type /back) > 13554127577270542
Conversion result: sbka0n25cj

Enter number in base 8 to convert to base 29 (To go back type /back) > /back

Enter two numbers in format: {source base} {target base} (To quit type /exit) > 8 32
Enter number in base 8 to convert to base 32 (To go back type /back) > 2302661727524630
Conversion result: 2c5m7ltaco

Enter number in base 8 to convert to base 32 (To go back type /back) > /back

Enter two numbers in format: {source base} {target base} (To quit type /exit) > 8 35
Enter number in base 8 to convert to base 35 (To go back type /back) > 7453212201135111
Conversion result: 3dhmeshwbw

Enter number in base 8 to convert to base 35 (To go back type /back) > /back

Enter two numbers in format: {source base} {target base} (To quit type /exit) > 11 2
Enter number in base 11 to convert to base 2 (To go back type /back) > 8a838625728204
Conversion result: 1000110011110010100001010001001111011101101000011

Enter number in base 11 to convert to base 2 (To go back type /back) > /back

Enter two numbers in format: {source base} {target base} (To quit type /exit) > 11 5
Enter number in base 11 to convert to base 5 (To go back type /back) > 129654739673019
Conversion result: 1000232143223104031222

Enter number in base 11 to convert to base 5 (To go back type /back) > /back

Enter two numbers in format: {source base} {target base} (To quit type /exit) > 11 8
Enter number in base 11 to convert to base 8 (To go back type /back) > 9a01a01449216
Conversion result: 704472751234163

Enter number in base 11 to convert to base 8 (To go back type /back) > /back

Enter two numbers in format: {source base} {target base} (To quit type /exit) > 11 11
Enter number in base 11 to convert to base 11 (To go back type /back) > 36387151071331
Conversion result: 36387151071331

Enter number in base 11 to convert to base 11 (To go back type /back) > /back

Enter two numbers in format: {source base} {target base} (To quit type /exit) > 11 14
Enter number in base 11 to convert to base 14 (To go back type /back) > 93420a68365537
Conversion result: 594ba3a60a523

Enter number in base 11 to convert to base 14 (To go back type /back) > /back

Enter two numbers in format: {source base} {target base} (To quit type /exit) > 11 17
Enter number in base 11 to convert to base 17 (To go back type /back) > 8926073883a050
Conversion result: 8f6421ebb166

Enter number in base 11 to convert to base 17 (To go back type /back) > /back

Enter two numbers in format: {source base} {target base} (To quit type /exit) > 11 20
Enter number in base 11 to convert to base 20 (To go back type /back) > 1029a8017516266
Conversion result: 1hja6gj6ja0e

Enter number in base 11 to convert to base 20 (To go back type /back) > /back

Enter two numbers in format: {source base} {target base} (To quit type /exit) > 11 23
Enter number in base 11 to convert to base 23 (To go back type /back) > 9128a14073451
Conversion result: fk60l74j0j

Enter number in base 11 to convert to base 23 (To go back type /back) > /back

Enter two numbers in format: {source base} {target base} (To quit type /exit) > 11 26
Enter number in base 11 to convert to base 26 (To go back type /back) > 2980307746834
Conversion result: 1h933bl3lh

Enter number in base 11 to convert to base 26 (To go back type /back) > /back

Enter two numbers in format: {source base} {target base} (To quit type /exit) > 11 29
Enter number in base 11 to convert to base 29 (To go back type /back) > 9a93949a2949aa
Conversion result: nm50r1jgce

Enter number in base 11 to convert to base 29 (To go back type /back) > /back

Enter two numbers in format: {source base} {target base} (To quit type /exit) > 11 32
Enter number in base 11 to convert to base 32 (To go back type /back) > 79a4230a58a39
Conversion result: mhufb3gki

Enter number in base 11 to convert to base 32 (To go back type /back) > /back

Enter two numbers in format: {source base} {target base} (To quit type /exit) > 11 35
Enter number in base 11 to convert to base 35 (To go back type /back) > 14737836311a72
Conversion result: lt7usvww3

Enter number in base 11 to convert to base 35 (To go back type /back) > /back

Enter two numbers in format: {source base} {target base} (To quit type /exit) > 14 2
Enter number in base 14 to convert to base 2 (To go back type /back) > 118a8b3801166
Conversion result: 1110011000110011011010001001000010101000010110

Enter number in base 14 to convert to base 2 (To go back type /back) > /back

Enter two numbers in format: {source base} {target base} (To quit type /exit) > 14 5
Enter number in base 14 to convert to base 5 (To go back type /back) > 1a385532c3ab9
Conversion result: 100333402124404401124

Enter number in base 14 to convert to base 5 (To go back type /back) > /back

Enter two numbers in format: {source base} {target base} (To quit type /exit) > 14 8
Enter number in base 14 to convert to base 8 (To go back type /back) > 232a923d584d0
Conversion result: 3456326237737766

Enter number in base 14 to convert to base 8 (To go back type /back) > /back

Enter two numbers in format: {source base} {target base} (To quit type /exit) > 14 11
Enter number in base 14 to convert to base 11 (To go back type /back) > 2c5a0c19d7929
Conversion result: 48159a66827966

Enter number in base 14 to convert to base 11 (To go back type /back) > /back

Enter two numbers in format: {source base} {target base} (To quit type /exit) > 14 14
Enter number in base 14 to convert to base 14 (To go back type /back) > 2bb789639c174
Conversion result: 2bb789639c174

Enter number in base 14 to convert to base 14 (To go back type /back) > /back

Enter two numbers in format: {source base} {target base} (To quit type /exit) > 14 17
Enter number in base 14 to convert to base 17 (To go back type /back) > 88606b4da6256
Conversion result: e3f8a5f5ff65

Enter number in base 14 to convert to base 17 (To go back type /back) > /back

Enter two numbers in format: {source base} {target base} (To quit type /exit) > 14 20
Enter number in base 14 to convert to base 20 (To go back type /back) > 842c4b6a91114
Conversion result: 25j23139f35a

Enter number in base 14 to convert to base 20 (To go back type /back) > /back

Enter two numbers in format: {source base} {target base} (To quit type /exit) > 14 23
Enter number in base 14 to convert to base 23 (To go back type /back) > 881451c7a4561
Conversion result: bh04ge57m63

Enter number in base 14 to convert to base 23 (To go back type /back) > /back

Enter two numbers in format: {source base} {target base} (To quit type /exit) > 14 26
Enter number in base 14 to convert to base 26 (To go back type /back) > 5b82d6c6c67a5
Conversion result: 28m34pc5o6p

Enter number in base 14 to convert to base 26 (To go back type /back) > /back

Enter two numbers in format: {source base} {target base} (To quit type /exit) > 14 29
Enter number in base 14 to convert to base 29 (To go back type /back) > 7404a1c061d1a
Conversion result: sdq2d28amc

Enter number in base 14 to convert to base 29 (To go back type /back) > /back

Enter two numbers in format: {source base} {target base} (To quit type /exit) > 14 32
Enter number in base 14 to convert to base 32 (To go back type /back) > 8104ac3c466cc
Conversion result: d08ptrd28s

Enter number in base 14 to convert to base 32 (To go back type /back) > /back

Enter two numbers in format: {source base} {target base} (To quit type /exit) > 14 35
Enter number in base 14 to convert to base 35 (To go back type /back) > 808d1527b25ac
Conversion result: 5rjiu7yb05

Enter number in base 14 to convert to base 35 (To go back type /back) > /back

Enter two numbers in format: {source base} {target base} (To quit type /exit) > 17 2
Enter number in base 17 to convert to base 2 (To go back type /back) > 881670e8df6d
Conversion result: 1000010000010110101111101111111100010110110010011

Enter number in base 17 to convert to base 2 (To go back type /back) > /back

Enter two numbers in format: {source base} {target base} (To quit type /exit) > 17 5
Enter number in base 17 to convert to base 5 (To go back type /back) > 821a11ab0b9b
Conversion result: 242442214403021403010

Enter number in base 17 to convert to base 5 (To go back type /back) > /back

Enter two numbers in format: {source base} {target base} (To quit type /exit) > 17 8
Enter number in base 17 to convert to base 8 (To go back type /back) > 31d35ce2295c
Conversion result: 3014214430053461

Enter number in base 17 to convert to base 8 (To go back type /back) > /back

Enter two numbers in format: {source base} {target base} (To quit type /exit) > 17 11
Enter number in base 17 to convert to base 11 (To go back type /back) > 9287e3348b62
Conversion result: 90981163878432

Enter number in base 17 to convert to base 11 (To go back type /back) > /back

Enter two numbers in format: {source base} {target base} (To quit type /exit) > 17 14
Enter number in base 17 to convert to base 14 (To go back type /back) > 629733718ab1
Conversion result: 3a09bb9206620

Enter number in base 17 to convert to base 14 (To go back type /back) > /back

Enter two numbers in format: {source base} {target base} (To quit type /exit) > 17 17
Enter number in base 17 to convert to base 17 (To go back type /back) > c20afgf45c02
Conversion result: c20afgf45c02

Enter number in base 17 to convert to base 17 (To go back type /back) > /back

Enter two numbers in format: {source base} {target base} (To quit type /exit) > 17 20
Enter number in base 17 to convert to base 20 (To go back type /back) > gea814b8fe4
Conversion result: 367e1637dh5

Enter number in base 17 to convert to base 20 (To go back type /back) > /back

Enter two numbers in format: {source base} {target base} (To quit type /exit) > 17 23
Enter number in base 17 to convert to base 23 (To go back type /back) > 730ffgg7dg8f
Conversion result: 5le2h271kfl

Enter number in base 17 to convert to base 23 (To go back type /back) > /back

Enter two numbers in format: {source base} {target base} (To quit type /exit) > 17 26
Enter number in base 17 to convert to base 26 (To go back type /back) > 6ec5659ecbcb
Conversion result: 1h8lpd571d7

Enter number in base 17 to convert to base 26 (To go back type /back) > /back

Enter two numbers in format: {source base} {target base} (To quit type /exit) > 17 29
Enter number in base 17 to convert to base 29 (To go back type /back) > 54fa41bbg848
Conversion result: ceak5m5fce

Enter number in base 17 to convert to base 29 (To go back type /back) > /back

Enter two numbers in format: {source base} {target base} (To quit type /exit) > 17 32
Enter number in base 17 to convert to base 32 (To go back type /back) > 5c0e22289137
Conversion result: 5hu56k5drh

Enter number in base 17 to convert to base 32 (To go back type /back) > /back

Enter two numbers in format: {source base} {target base} (To quit type /exit) > 17 35
Enter number in base 17 to convert to base 35 (To go back type /back) > d512002fde8b
Conversion result: 5rdhctn4fj

Enter number in base 17 to convert to base 35 (To go back type /back) > /back

Enter two numbers in format: {source base} {target base} (To quit type /exit) > /exit
?[1;31m
Start test 5?[0m

Enter two numbers in format: {source base} {target base} (To quit type /exit) > 19 2
Enter number in base 19 to convert to base 2 (To go back type /back) > 29d4i1i8094f
Conversion result: 1000010011111100011001100111001001011110101101011

Enter number in base 19 to convert to base 2 (To go back type /back) > /back

Enter two numbers in format: {source base} {target base} (To quit type /exit) > 19 5
Enter number in base 19 to convert to base 5 (To go back type /back) > 3a213ai8h0e
Conversion result: 10314244123343220243

Enter number in base 19 to convert to base 5 (To go back type /back) > /back

Enter two numbers in format: {source base} {target base} (To quit type /exit) > 19 8
Enter number in base 19 to convert to base 8 (To go back type /back) > 332bf96e4h62
Conversion result: 12365337552357574

Enter number in base 19 to convert to base 8 (To go back type /back) > /back

Enter two numbers in format: {source base} {target base} (To quit type /exit) > 19 11
Enter number in base 19 to convert to base 11 (To go back type /back) > 36ehhchdaidb
Conversion result: 1036788a1630046

Enter number in base 19 to convert to base 11 (To go back type /back) > /back

Enter two numbers in format: {source base} {target base} (To quit type /exit) > 19 14
Enter number in base 19 to convert to base 14 (To go back type /back) > aihfi7fgehb
Conversion result: 129135b5a92c0

Enter number in base 19 to convert to base 14 (To go back type /back) > /back

Enter two numbers in format: {source base} {target base} (To quit type /exit) > 19 17
Enter number in base 19 to convert to base 17 (To go back type /back) > 24e822hd1d4g
Conversion result: 7b0ba6b62d6d

Enter number in base 19 to convert to base 17 (To go back type /back) > /back

Enter two numbers in format: {source base} {target base} (To quit type /exit) > 19 20
Enter number in base 19 to convert to base 20 (To go back type /back) > 13deg4f2eche
Conversion result: dc2c22578ed

Enter number in base 19 to convert to base 20 (To go back type /back) > /back

Enter two numbers in format: {source base} {target base} (To quit type /exit) > 19 23
Enter number in base 19 to convert to base 23 (To go back type /back) > 973ch2049fe
Conversion result: 18l6181d7mm

Enter number in base 19 to convert to base 23 (To go back type /back) > /back

Enter two numbers in format: {source base} {target base} (To quit type /exit) > 19 26
Enter number in base 19 to convert to base 26 (To go back type /back) > 13d22a18id0i
Conversion result: pg4bn6ljp9

Enter number in base 19 to convert to base 26 (To go back type /back) > /back

Enter two numbers in format: {source base} {target base} (To quit type /exit) > 19 29
Enter number in base 19 to convert to base 29 (To go back type /back) > 38bcegcah11i
Conversion result: rl52k9pgfb

Enter number in base 19 to convert to base 29 (To go back type /back) > /back

Enter two numbers in format: {source base} {target base} (To quit type /exit) > 19 32
Enter number in base 19 to convert to base 32 (To go back type /back) > d34i05gb8d5
Conversion result: 29e9r7nr6k

Enter number in base 19 to convert to base 32 (To go back type /back) > /back

Enter two numbers in format: {source base} {target base} (To quit type /exit) > 19 35
Enter number in base 19 to convert to base 35 (To go back type /back) > 4085ga35c5af
Conversion result: 5x3w5wu40h

Enter number in base 19 to convert to base 35 (To go back type /back) > /back

Enter two numbers in format: {source base} {target base} (To quit type /exit) > 22 2
Enter number in base 22 to convert to base 2 (To go back type /back) > 4cee54ak141
Conversion result: 11011101000100000010001111010001111110001111101

Enter number in base 22 to convert to base 2 (To go back type /back) > /back

Enter two numbers in format: {source base} {target base} (To quit type /exit) > 22 5
Enter number in base 22 to convert to base 5 (To go back type /back) > 3gl19dfag97
Conversion result: 101111342401434340314

Enter number in base 22 to convert to base 5 (To go back type /back) > /back

Enter two numbers in format: {source base} {target base} (To quit type /exit) > 22 8
Enter number in base 22 to convert to base 8 (To go back type /back) > 6fkla0ij7l5
Conversion result: 5047203642254167

Enter number in base 22 to convert to base 8 (To go back type /back) > /back

Enter two numbers in format: {source base} {target base} (To quit type /exit) > 22 11
Enter number in base 22 to convert to base 11 (To go back type /back) > 1620kea0j5l
Conversion result: a8965a206700a

Enter number in base 22 to convert to base 11 (To go back type /back) > /back

Enter two numbers in format: {source base} {target base} (To quit type /exit) > 22 14
Enter number in base 22 to convert to base 14 (To go back type /back) > db03908de86
Conversion result: 6478a876478d8

Enter number in base 22 to convert to base 14 (To go back type /back) > /back

Enter two numbers in format: {source base} {target base} (To quit type /exit) > 22 17
Enter number in base 22 to convert to base 17 (To go back type /back) > b8e0ajjgjal
Conversion result: 8e19f801044d

Enter number in base 22 to convert to base 17 (To go back type /back) > /back

Enter two numbers in format: {source base} {target base} (To quit type /exit) > 22 20
Enter number in base 22 to convert to base 20 (To go back type /back) > b1hj8g58b70
Conversion result: 18ehj2e36bg6

Enter number in base 22 to convert to base 20 (To go back type /back) > /back

Enter two numbers in format: {source base} {target base} (To quit type /exit) > 22 23
Enter number in base 22 to convert to base 23 (To go back type /back) > g864257164c
Conversion result: abb5135b6b4

Enter number in base 22 to convert to base 23 (To go back type /back) > /back

Enter two numbers in format: {source base} {target base} (To quit type /exit) > 22 26
Enter number in base 22 to convert to base 26 (To go back type /back) > he47bdakihi
Conversion result: 38868bp1feg

Enter number in base 22 to convert to base 26 (To go back type /back) > /back

Enter two numbers in format: {source base} {target base} (To quit type /exit) > 22 29
Enter number in base 22 to convert to base 29 (To go back type /back) > 3165l98h7kc
Conversion result: 5hb2gc7npq

Enter number in base 22 to convert to base 29 (To go back type /back) > /back

Enter two numbers in format: {source base} {target base} (To quit type /exit) > 22 32
Enter number in base 22 to convert to base 32 (To go back type /back) > 236jaiilgjg
Conversion result: 1jucmmt42a

Enter number in base 22 to convert to base 32 (To go back type /back) > /back

Enter two numbers in format: {source base} {target base} (To quit type /exit) > 22 35
Enter number in base 22 to convert to base 35 (To go back type /back) > h202ci1lb9l
Conversion result: 5qke3nqlo9

Enter number in base 22 to convert to base 35 (To go back type /back) > /back

Enter two numbers in format: {source base} {target base} (To quit type /exit) > 25 2
Enter number in base 25 to convert to base 2 (To go back type /back) > 40aclk6k4jl
Conversion result: 1010111000110011101100111111110101011010100000001

Enter number in base 25 to convert to base 2 (To go back type /back) > /back

Enter two numbers in format: {source base} {target base} (To quit type /exit) > 25 5
Enter number in base 25 to convert to base 5 (To go back type /back) > 2fb3e6ebl5g
Conversion result: 230210324112421411031

Enter number in base 25 to convert to base 5 (To go back type /back) > /back

Enter two numbers in format: {source base} {target base} (To quit type /exit) > 25 8
Enter number in base 25 to convert to base 8 (To go back type /back) > 102d1hk46o7
Conversion result: 2561302604343037

Enter number in base 25 to convert to base 8 (To go back type /back) > /back

Enter two numbers in format: {source base} {target base} (To quit type /exit) > 25 11
Enter number in base 25 to convert to base 11 (To go back type /back) > 47gni155oni
Conversion result: 1099759136a7a47

Enter number in base 25 to convert to base 11 (To go back type /back) > /back

Enter two numbers in format: {source base} {target base} (To quit type /exit) > 25 14
Enter number in base 25 to convert to base 14 (To go back type /back) > 18599i6khg9
Conversion result: 23407d2332942

Enter number in base 25 to convert to base 14 (To go back type /back) > /back

Enter two numbers in format: {source base} {target base} (To quit type /exit) > 25 17
Enter number in base 25 to convert to base 17 (To go back type /back) > 47dob8d95cn
Conversion result: bg8fd2dba194

Enter number in base 25 to convert to base 17 (To go back type /back) > /back

Enter two numbers in format: {source base} {target base} (To quit type /exit) > 25 20
Enter number in base 25 to convert to base 20 (To go back type /back) > 6h0h7bmecf
Conversion result: 29fb5071f35

Enter number in base 25 to convert to base 20 (To go back type /back) > /back

Enter two numbers in format: {source base} {target base} (To quit type /exit) > 25 23
Enter number in base 25 to convert to base 23 (To go back type /back) > 4ij7am59ic0
Conversion result: alcee661m4a

Enter number in base 25 to convert to base 23 (To go back type /back) > /back

Enter two numbers in format: {source base} {target base} (To quit type /exit) > 25 26
Enter number in base 25 to convert to base 26 (To go back type /back) > 24fe21c3oc7
Conversion result: 1c9kn86fjh2

Enter number in base 25 to convert to base 26 (To go back type /back) > /back

Enter two numbers in format: {source base} {target base} (To quit type /exit) > 25 29
Enter number in base 25 to convert to base 29 (To go back type /back) > 4lnoc9c1fb7
Conversion result: 1320dobjr87

Enter number in base 25 to convert to base 29 (To go back type /back) > /back

Enter two numbers in format: {source base} {target base} (To quit type /exit) > 25 32
Enter number in base 25 to convert to base 32 (To go back type /back) > 3028oj2co38
Conversion result: 84h4r4p949

Enter number in base 25 to convert to base 32 (To go back type /back) > /back

Enter two numbers in format: {source base} {target base} (To quit type /exit) > 25 35
Enter number in base 25 to convert to base 35 (To go back type /back) > 4bnan3mij8c
Conversion result: 5elsanujjm

Enter number in base 25 to convert to base 35 (To go back type /back) > /back

Enter two numbers in format: {source base} {target base} (To quit type /exit) > 28 2
Enter number in base 28 to convert to base 2 (To go back type /back) > 1cnllchdqg8
Conversion result: 1100010010000001100011000111010010111110100101000

Enter number in base 28 to convert to base 2 (To go back type /back) > /back

Enter two numbers in format: {source base} {target base} (To quit type /exit) > 28 5
Enter number in base 28 to convert to base 5 (To go back type /back) > 8k829lo5ed
Conversion result: 44044111034330304244

Enter number in base 28 to convert to base 5 (To go back type /back) > /back

Enter two numbers in format: {source base} {target base} (To quit type /exit) > 28 8
Enter number in base 28 to convert to base 8 (To go back type /back) > 5nifbo12id
Conversion result: 1603614417114745

Enter number in base 28 to convert to base 8 (To go back type /back) > /back

Enter two numbers in format: {source base} {target base} (To quit type /exit) > 28 11
Enter number in base 28 to convert to base 11 (To go back type /back) > 1bdmglcdgnj
Conversion result: 11113095408611a

Enter number in base 28 to convert to base 11 (To go back type /back) > /back

Enter two numbers in format: {source base} {target base} (To quit type /exit) > 28 14
Enter number in base 28 to convert to base 14 (To go back type /back) > 1cg6b46n1lk
Conversion result: 7800a6d9b2716

Enter number in base 28 to convert to base 14 (To go back type /back) > /back

Enter two numbers in format: {source base} {target base} (To quit type /exit) > 28 17
Enter number in base 28 to convert to base 17 (To go back type /back) > 82plo0jj19
Conversion result: 288feba46g52

Enter number in base 28 to convert to base 17 (To go back type /back) > /back

Enter two numbers in format: {source base} {target base} (To quit type /exit) > 28 20
Enter number in base 28 to convert to base 20 (To go back type /back) > 128lmpb3mmg
Conversion result: 1b663g69h660

Enter number in base 28 to convert to base 20 (To go back type /back) > /back

Enter two numbers in format: {source base} {target base} (To quit type /exit) > 28 23
Enter number in base 28 to convert to base 23 (To go back type /back) > 6lb29kna6i
Conversion result: 1gggbelil1d

Enter number in base 28 to convert to base 23 (To go back type /back) > /back

Enter two numbers in format: {source base} {target base} (To quit type /exit) > 28 26
Enter number in base 28 to convert to base 26 (To go back type /back) > ec7iholle1
Conversion result: 123a85ecf13

Enter number in base 28 to convert to base 26 (To go back type /back) > /back

Enter two numbers in format: {source base} {target base} (To quit type /exit) > 28 29
Enter number in base 28 to convert to base 29 (To go back type /back) > 225a4abmak
Conversion result: 1ere9se7f3

Enter number in base 28 to convert to base 29 (To go back type /back) > /back

Enter two numbers in format: {source base} {target base} (To quit type /exit) > 28 32
Enter number in base 28 to convert to base 32 (To go back type /back) > 12lli0529a3
Conversion result: 983jim139b

Enter number in base 28 to convert to base 32 (To go back type /back) > /back

Enter two numbers in format: {source base} {target base} (To quit type /exit) > 28 35
Enter number in base 28 to convert to base 35 (To go back type /back) > odpl3qflei
Conversion result: 3a2pty9oei

Enter number in base 28 to convert to base 35 (To go back type /back) > /back

Enter two numbers in format: {source base} {target base} (To quit type /exit) > 31 2
Enter number in base 31 to convert to base 2 (To go back type /back) > 9570darpj
Conversion result: 1110001110010110000110101011000101111100011

Enter number in base 31 to convert to base 2 (To go back type /back) > /back

Enter two numbers in format: {source base} {target base} (To quit type /exit) > 31 5
Enter number in base 31 to convert to base 5 (To go back type /back) > i4k5uitk63
Conversion result: 1000344324403240124343

Enter number in base 31 to convert to base 5 (To go back type /back) > /back

Enter two numbers in format: {source base} {target base} (To quit type /exit) > 31 8
Enter number in base 31 to convert to base 8 (To go back type /back) > b2jtmeh4uf
Conversion result: 10251020164674375

Enter number in base 31 to convert to base 8 (To go back type /back) > /back

Enter two numbers in format: {source base} {target base} (To quit type /exit) > 31 11
Enter number in base 31 to convert to base 11 (To go back type /back) > c8e20la5b1
Conversion result: 94433612469256

Enter number in base 31 to convert to base 11 (To go back type /back) > /back

Enter two numbers in format: {source base} {target base} (To quit type /exit) > 31 14
Enter number in base 31 to convert to base 14 (To go back type /back) > 5cd066c7s1
Conversion result: 2739165899b2a

Enter number in base 31 to convert to base 14 (To go back type /back) > /back

Enter two numbers in format: {source base} {target base} (To quit type /exit) > 31 17
Enter number in base 31 to convert to base 17 (To go back type /back) > eme6a95638
Conversion result: b61eec2b6b49

Enter number in base 31 to convert to base 17 (To go back type /back) > /back

Enter two numbers in format: {source base} {target base} (To quit type /exit) > 31 20
Enter number in base 31 to convert to base 20 (To go back type /back) > fu9jjsupg3
Conversion result: 2151g099f274

Enter number in base 31 to convert to base 20 (To go back type /back) > /back

Enter two numbers in format: {source base} {target base} (To quit type /exit) > 31 23
Enter number in base 31 to convert to base 23 (To go back type /back) > d9399tr2e9
Conversion result: 8b36c1f7gbm

Enter number in base 31 to convert to base 23 (To go back type /back) > /back

Enter two numbers in format: {source base} {target base} (To quit type /exit) > 31 26
Enter number in base 31 to convert to base 26 (To go back type /back) > 52lfb2fjg2
Conversion result: ok18d0lio4

Enter number in base 31 to convert to base 26 (To go back type /back) > /back

Enter two numbers in format: {source base} {target base} (To quit type /exit) > 31 29
Enter number in base 31 to convert to base 29 (To go back type /back) > 18qcr6m3a2
Conversion result: 29rc5fbj8p

Enter number in base 31 to convert to base 29 (To go back type /back) > /back

Enter two numbers in format: {source base} {target base} (To quit type /exit) > 31 32
Enter number in base 31 to convert to base 32 (To go back type /back) > 58f04ufr69
Conversion result: 3uq234baft

Enter number in base 31 to convert to base 32 (To go back type /back) > /back

Enter two numbers in format: {source base} {target base} (To quit type /exit) > 31 35
Enter number in base 31 to convert to base 35 (To go back type /back) > m91agsbat
Conversion result: 8fhk85dl1

Enter number in base 31 to convert to base 35 (To go back type /back) > /back

Enter two numbers in format: {source base} {target base} (To quit type /exit) > 34 2
Enter number in base 34 to convert to base 2 (To go back type /back) > 1tiq7wddqa
Conversion result: 11001110011100000101100100000100100000101111010

Enter number in base 34 to convert to base 2 (To go back type /back) > /back

Enter two numbers in format: {source base} {target base} (To quit type /exit) > 34 5
Enter number in base 34 to convert to base 5 (To go back type /back) > 7h5tnkdobb
Conversion result: 434211424243112422232

Enter number in base 34 to convert to base 5 (To go back type /back) > /back

Enter two numbers in format: {source base} {target base} (To quit type /exit) > 34 8
Enter number in base 34 to convert to base 8 (To go back type /back) > 3qc48fe0j9
Conversion result: 6407442505216357

Enter number in base 34 to convert to base 8 (To go back type /back) > /back

Enter two numbers in format: {source base} {target base} (To quit type /exit) > 34 11
Enter number in base 34 to convert to base 11 (To go back type /back) > 2210716808
Conversion result: 36935a81825242

Enter number in base 34 to convert to base 11 (To go back type /back) > /back

Enter two numbers in format: {source base} {target base} (To quit type /exit) > 34 14
Enter number in base 34 to convert to base 14 (To go back type /back) > 5sasottqjp
Conversion result: 63653d163acc7

Enter number in base 34 to convert to base 14 (To go back type /back) > /back

Enter two numbers in format: {source base} {target base} (To quit type /exit) > 34 17
Enter number in base 34 to convert to base 17 (To go back type /back) > 2wjfl1j6qa
Conversion result: 54188da80a1a

Enter number in base 34 to convert to base 17 (To go back type /back) > /back

Enter two numbers in format: {source base} {target base} (To quit type /exit) > 34 20
Enter number in base 34 to convert to base 20 (To go back type /back) > 3hcv3h6rp3
Conversion result: 10g7cj8992g1

Enter number in base 34 to convert to base 20 (To go back type /back) > /back

Enter two numbers in format: {source base} {target base} (To quit type /exit) > 34 23
Enter number in base 34 to convert to base 23 (To go back type /back) > rdu08djmx
Conversion result: 144086k339j

Enter number in base 34 to convert to base 23 (To go back type /back) > /back

Enter two numbers in format: {source base} {target base} (To quit type /exit) > 34 26
Enter number in base 34 to convert to base 26 (To go back type /back) > 576kuso3k1
Conversion result: 2677c25dkk5

Enter number in base 34 to convert to base 26 (To go back type /back) > /back

Enter two numbers in format: {source base} {target base} (To quit type /exit) > 34 29
Enter number in base 34 to convert to base 29 (To go back type /back) > 5e9kwxapp5
Conversion result: mjopkh0n0d

Enter number in base 34 to convert to base 29 (To go back type /back) > /back

Enter two numbers in format: {source base} {target base} (To quit type /exit) > 34 32
Enter number in base 34 to convert to base 32 (To go back type /back) > 58wnpvljl1
Conversion result: 92l87ikusf

Enter number in base 34 to convert to base 32 (To go back type /back) > /back

Enter two numbers in format: {source base} {target base} (To quit type /exit) > 34 35
Enter number in base 34 to convert to base 35 (To go back type /back) > 7kphjkff7m
Conversion result: 5u6to1l8dl

Enter number in base 34 to convert to base 35 (To go back type /back) > /back

Enter two numbers in format: {source base} {target base} (To quit type /exit) > /exit
?[1;31m
Start test 6?[0m

Enter two numbers in format: {source base} {target base} (To quit type /exit) > 2 5
Enter number in base 2 to convert to base 5 (To go back type /back) > 110010100.00000
Conversion result: 3104.00000

Enter number in base 2 to convert to base 5 (To go back type /back) > /back

Enter two numbers in format: {source base} {target base} (To quit type /exit) > 2 8
Enter number in base 2 to convert to base 8 (To go back type /back) > 1000001.11000
Conversion result: 101.60000

Enter number in base 2 to convert to base 8 (To go back type /back) > /back

Enter two numbers in format: {source base} {target base} (To quit type /exit) > 2 11
Enter number in base 2 to convert to base 11 (To go back type /back) > 1110111111.11000
Conversion result: 7a2.82828

Enter number in base 2 to convert to base 11 (To go back type /back) > /back

Enter two numbers in format: {source base} {target base} (To quit type /exit) > 2 14
Enter number in base 2 to convert to base 14 (To go back type /back) > 1011001011.00000
Conversion result: 391.00000

Enter number in base 2 to convert to base 14 (To go back type /back) > /back

Enter two numbers in format: {source base} {target base} (To quit type /exit) > 2 17
Enter number in base 2 to convert to base 17 (To go back type /back) > 101100001.00000
Conversion result: 13d.00000

Enter number in base 2 to convert to base 17 (To go back type /back) > /back

Enter two numbers in format: {source base} {target base} (To quit type /exit) > 2 20
Enter number in base 2 to convert to base 20 (To go back type /back) > 1011.01000
Conversion result: b.50000

Enter number in base 2 to convert to base 20 (To go back type /back) > /back

Enter two numbers in format: {source base} {target base} (To quit type /exit) > 2 23
Enter number in base 2 to convert to base 23 (To go back type /back) > 11101111.10000
Conversion result: a9.bbbbb

Enter number in base 2 to convert to base 23 (To go back type /back) > /back

Enter two numbers in format: {source base} {target base} (To quit type /exit) > 2 26
Enter number in base 2 to convert to base 26 (To go back type /back) > 11100010.10000
Conversion result: 8i.d0000

Enter number in base 2 to convert to base 26 (To go back type /back) > /back

Enter two numbers in format: {source base} {target base} (To quit type /exit) > 2 29
Enter number in base 2 to convert to base 29 (To go back type /back) > 10010011.01000
Conversion result: 52.77777

Enter number in base 2 to convert to base 29 (To go back type /back) > /back

Enter two numbers in format: {source base} {target base} (To quit type /exit) > 2 32
Enter number in base 2 to convert to base 32 (To go back type /back) > 1110100110.11000
Conversion result: t6.o0000

Enter number in base 2 to convert to base 32 (To go back type /back) > /back

Enter two numbers in format: {source base} {target base} (To quit type /exit) > 2 35
Enter number in base 2 to convert to base 35 (To go back type /back) > 110111001.10000
Conversion result: cl.hhhhh

Enter number in base 2 to convert to base 35 (To go back type /back) > /back

Enter two numbers in format: {source base} {target base} (To quit type /exit) > 5 2
Enter number in base 5 to convert to base 2 (To go back type /back) > 104.03440
Conversion result: 11101.00101

Enter number in base 5 to convert to base 2 (To go back type /back) > /back

Enter two numbers in format: {source base} {target base} (To quit type /exit) > 5 8
Enter number in base 5 to convert to base 8 (To go back type /back) > 201.00414
Conversion result: 63.02166

Enter number in base 5 to convert to base 8 (To go back type /back) > /back

Enter two numbers in format: {source base} {target base} (To quit type /exit) > 5 11
Enter number in base 5 to convert to base 11 (To go back type /back) > 410.14232
Conversion result: 96.42177

Enter number in base 5 to convert to base 11 (To go back type /back) > /back

Enter two numbers in format: {source base} {target base} (To quit type /exit) > 5 14
Enter number in base 5 to convert to base 14 (To go back type /back) > 3112.40033
Conversion result: 211.b3d01

Enter number in base 5 to convert to base 14 (To go back type /back) > /back

Enter two numbers in format: {source base} {target base} (To quit type /exit) > 5 17
Enter number in base 5 to convert to base 17 (To go back type /back) > 3400.02140
Conversion result: 1ag.1a4d6

Enter number in base 5 to convert to base 17 (To go back type /back) > /back

Enter two numbers in format: {source base} {target base} (To quit type /exit) > 5 20
Enter number in base 5 to convert to base 20 (To go back type /back) > 1041.21313
Conversion result: 76.96c9c

Enter number in base 5 to convert to base 20 (To go back type /back) > /back

Enter two numbers in format: {source base} {target base} (To quit type /exit) > 5 23
Enter number in base 5 to convert to base 23 (To go back type /back) > 4102.00213
Conversion result: ml.09iij

Enter number in base 5 to convert to base 23 (To go back type /back) > /back

Enter two numbers in format: {source base} {target base} (To quit type /exit) > 5 26
Enter number in base 5 to convert to base 26 (To go back type /back) > 1143.31412
Conversion result: 6h.hdkbc

Enter number in base 5 to convert to base 26 (To go back type /back) > /back

Enter two numbers in format: {source base} {target base} (To quit type /exit) > 5 29
Enter number in base 5 to convert to base 29 (To go back type /back) > 114.32003
Conversion result: 15.jljr2

Enter number in base 5 to convert to base 29 (To go back type /back) > /back

Enter two numbers in format: {source base} {target base} (To quit type /exit) > 5 32
Enter number in base 5 to convert to base 32 (To go back type /back) > 1141.20100
Conversion result: 5b.d1pb0

Enter number in base 5 to convert to base 32 (To go back type /back) > /back

Enter two numbers in format: {source base} {target base} (To quit type /exit) > 5 35
Enter number in base 5 to convert to base 35 (To go back type /back) > 12434.04234
Conversion result: se.6d1ns

Enter number in base 5 to convert to base 35 (To go back type /back) > /back

Enter two numbers in format: {source base} {target base} (To quit type /exit) > 8 2
Enter number in base 8 to convert to base 2 (To go back type /back) > 630.14302023
Conversion result: 110011000.00110

Enter number in base 8 to convert to base 2 (To go back type /back) > /back

Enter two numbers in format: {source base} {target base} (To quit type /exit) > 8 5
Enter number in base 8 to convert to base 5 (To go back type /back) > 143.46151613
Conversion result: 344.24430

Enter number in base 8 to convert to base 5 (To go back type /back) > /back

Enter two numbers in format: {source base} {target base} (To quit type /exit) > 8 11
Enter number in base 8 to convert to base 11 (To go back type /back) > 677.76177405
Conversion result: 377.a7764

Enter number in base 8 to convert to base 11 (To go back type /back) > /back

Enter two numbers in format: {source base} {target base} (To quit type /exit) > 8 14
Enter number in base 8 to convert to base 14 (To go back type /back) > 145.24635062
Conversion result: 73.47a14

Enter number in base 8 to convert to base 14 (To go back type /back) > /back

Enter two numbers in format: {source base} {target base} (To quit type /exit) > 8 17
Enter number in base 8 to convert to base 17 (To go back type /back) > 231.05243716
Conversion result: 90.1706e

Enter number in base 8 to convert to base 17 (To go back type /back) > /back

Enter two numbers in format: {source base} {target base} (To quit type /exit) > 8 20
Enter number in base 8 to convert to base 20 (To go back type /back) > 1345.75571111
Conversion result: 1h1.j5h1a

Enter number in base 8 to convert to base 20 (To go back type /back) > /back

Enter two numbers in format: {source base} {target base} (To quit type /exit) > 8 23
Enter number in base 8 to convert to base 23 (To go back type /back) > 473.23676553
Conversion result: dg.735lg

Enter number in base 8 to convert to base 23 (To go back type /back) > /back

Enter two numbers in format: {source base} {target base} (To quit type /exit) > 8 26
Enter number in base 8 to convert to base 26 (To go back type /back) > 1455.34152442
Conversion result: 157.bboh4

Enter number in base 8 to convert to base 26 (To go back type /back) > /back

Enter two numbers in format: {source base} {target base} (To quit type /exit) > 8 29
Enter number in base 8 to convert to base 29 (To go back type /back) > 705.61400407
Conversion result: fi.mcdll

Enter number in base 8 to convert to base 29 (To go back type /back) > /back

Enter two numbers in format: {source base} {target base} (To quit type /exit) > 8 32
Enter number in base 8 to convert to base 32 (To go back type /back) > 1170.41324717
Conversion result: jo.gmkst

Enter number in base 8 to convert to base 32 (To go back type /back) > /back

Enter two numbers in format: {source base} {target base} (To quit type /exit) > 8 35
Enter number in base 8 to convert to base 35 (To go back type /back) > 1214.12216746
Conversion result: im.5lq92

Enter number in base 8 to convert to base 35 (To go back type /back) > /back

Enter two numbers in format: {source base} {target base} (To quit type /exit) > 11 2
Enter number in base 11 to convert to base 2 (To go back type /back) > 730.96787120840
Conversion result: 1101110000.11011

Enter number in base 11 to convert to base 2 (To go back type /back) > /back

Enter two numbers in format: {source base} {target base} (To quit type /exit) > 11 5
Enter number in base 11 to convert to base 5 (To go back type /back) > 93.674485aaa67
Conversion result: 402.30040

Enter number in base 11 to convert to base 5 (To go back type /back) > /back

Enter two numbers in format: {source base} {target base} (To quit type /exit) > 11 8
Enter number in base 11 to convert to base 8 (To go back type /back) > 468.a9792099643
Conversion result: 1056.77243

Enter number in base 11 to convert to base 8 (To go back type /back) > /back

Enter two numbers in format: {source base} {target base} (To quit type /exit) > 11 14
Enter number in base 11 to convert to base 14 (To go back type /back) > 126.95578108258
Conversion result: a9.c1434

Enter number in base 11 to convert to base 14 (To go back type /back) > /back

Enter two numbers in format: {source base} {target base} (To quit type /exit) > 11 17
Enter number in base 11 to convert to base 17 (To go back type /back) > 37a.73318638279
Conversion result: 198.b4cff

Enter number in base 11 to convert to base 17 (To go back type /back) > /back

Enter two numbers in format: {source base} {target base} (To quit type /exit) > 11 20
Enter number in base 11 to convert to base 20 (To go back type /back) > 525.41865951a08
Conversion result: 1bc.7b6h4

Enter number in base 11 to convert to base 20 (To go back type /back) > /back

Enter two numbers in format: {source base} {target base} (To quit type /exit) > 11 23
Enter number in base 11 to convert to base 23 (To go back type /back) > 719.83188779942
Conversion result: 1eg.h7cj4

Enter number in base 11 to convert to base 23 (To go back type /back) > /back

Enter two numbers in format: {source base} {target base} (To quit type /exit) > 11 26
Enter number in base 11 to convert to base 26 (To go back type /back) > 729.47163969042
Conversion result: 17k.apin8

Enter number in base 11 to convert to base 26 (To go back type /back) > /back

Enter two numbers in format: {source base} {target base} (To quit type /exit) > 11 29
Enter number in base 11 to convert to base 29 (To go back type /back) > a9.789887a8587
Conversion result: 43.kgs9h

Enter number in base 11 to convert to base 29 (To go back type /back) > /back

Enter two numbers in format: {source base} {target base} (To quit type /exit) > 11 32
Enter number in base 11 to convert to base 32 (To go back type /back) > 556.54168647593
Conversion result: kq.fkhih

Enter number in base 11 to convert to base 32 (To go back type /back) > /back

Enter two numbers in format: {source base} {target base} (To quit type /exit) > 11 35
Enter number in base 11 to convert to base 35 (To go back type /back) > 43a.9a69aaa858a
Conversion result: f2.vouh9

Enter number in base 11 to convert to base 35 (To go back type /back) > /back

Enter two numbers in format: {source base} {target base} (To quit type /exit) > 14 2
Enter number in base 14 to convert to base 2 (To go back type /back) > 3a2.1818202cb86446
Conversion result: 1011011010.00011

Enter number in base 14 to convert to base 2 (To go back type /back) > /back

Enter two numbers in format: {source base} {target base} (To quit type /exit) > 14 5
Enter number in base 14 to convert to base 5 (To go back type /back) > 447.770dc6dbb3ca96
Conversion result: 11342.23200

Enter number in base 14 to convert to base 5 (To go back type /back) > /back

Enter two numbers in format: {source base} {target base} (To quit type /exit) > 14 8
Enter number in base 14 to convert to base 8 (To go back type /back) > 3b1.d47ca794592329
Conversion result: 1347.74726

Enter number in base 14 to convert to base 8 (To go back type /back) > /back

Enter two numbers in format: {source base} {target base} (To quit type /exit) > 14 11
Enter number in base 14 to convert to base 11 (To go back type /back) > 351.d9a5d1bb304604
Conversion result: 54a.a8411

Enter number in base 14 to convert to base 11 (To go back type /back) > /back

Enter two numbers in format: {source base} {target base} (To quit type /exit) > 14 17
Enter number in base 14 to convert to base 17 (To go back type /back) > 132.16522b698dd325
Conversion result: e2.1d098

Enter number in base 14 to convert to base 17 (To go back type /back) > /back

Enter two numbers in format: {source base} {target base} (To quit type /exit) > 14 20
Enter number in base 14 to convert to base 20 (To go back type /back) > 2a1.08b65d0d619076
Conversion result: 16d.0hjif

Enter number in base 14 to convert to base 20 (To go back type /back) > /back

Enter two numbers in format: {source base} {target base} (To quit type /exit) > 14 23
Enter number in base 14 to convert to base 23 (To go back type /back) > 11b.b0764c546845a5
Conversion result: 9e.i31j4

Enter number in base 14 to convert to base 23 (To go back type /back) > /back

Enter two numbers in format: {source base} {target base} (To quit type /exit) > 14 26
Enter number in base 14 to convert to base 26 (To go back type /back) > 77.50252775b18949
Conversion result: 41.9808a

Enter number in base 14 to convert to base 26 (To go back type /back) > /back

Enter two numbers in format: {source base} {target base} (To quit type /exit) > 14 29
Enter number in base 14 to convert to base 29 (To go back type /back) > 2bc.70406b1a94a406
Conversion result: j7.eflad

Enter number in base 14 to convert to base 29 (To go back type /back) > /back

Enter two numbers in format: {source base} {target base} (To quit type /exit) > 14 32
Enter number in base 14 to convert to base 32 (To go back type /back) > 2dd.12748204ab4190
Conversion result: ib.2mae1

Enter number in base 14 to convert to base 32 (To go back type /back) > /back

Enter two numbers in format: {source base} {target base} (To quit type /exit) > 14 35
Enter number in base 14 to convert to base 35 (To go back type /back) > 261.9a667945c7c474
Conversion result: dm.ocv20

Enter number in base 14 to convert to base 35 (To go back type /back) > /back

Enter two numbers in format: {source base} {target base} (To quit type /exit) > 17 2
Enter number in base 17 to convert to base 2 (To go back type /back) > 2g1.f7fec7a5f9d341374
Conversion result: 1101010011.11101

Enter number in base 17 to convert to base 2 (To go back type /back) > /back

Enter two numbers in format: {source base} {target base} (To quit type /exit) > 17 5
Enter number in base 17 to convert to base 5 (To go back type /back) > 70.759e6c31bdd12f65c
Conversion result: 434.20342

Enter number in base 17 to convert to base 5 (To go back type /back) > /back

Enter two numbers in format: {source base} {target base} (To quit type /exit) > 17 8
Enter number in base 17 to convert to base 8 (To go back type /back) > 2bg.9f5gc0b1a4a141971
Conversion result: 1415.45220

Enter number in base 17 to convert to base 8 (To go back type /back) > /back

Enter two numbers in format: {source base} {target base} (To quit type /exit) > 17 11
Enter number in base 17 to convert to base 11 (To go back type /back) > 11d.178e89cdecad086gf
Conversion result: 270.0a2a2

Enter number in base 17 to convert to base 11 (To go back type /back) > /back

Enter two numbers in format: {source base} {target base} (To quit type /exit) > 17 14
Enter number in base 17 to convert to base 14 (To go back type /back) > 209.97e87130b18c644c0
Conversion result: 2dd.7b139

Enter number in base 17 to convert to base 14 (To go back type /back) > /back

Enter two numbers in format: {source base} {target base} (To quit type /exit) > 17 20
Enter number in base 17 to convert to base 20 (To go back type /back) > 8e.63b174bef00fg61f8
Conversion result: 7a.764c9

Enter number in base 17 to convert to base 20 (To go back type /back) > /back

Enter two numbers in format: {source base} {target base} (To quit type /exit) > 17 23
Enter number in base 17 to convert to base 23 (To go back type /back) > 107.9ge48a33013f24958
Conversion result: ck.dbk6d

Enter number in base 17 to convert to base 23 (To go back type /back) > /back

Enter two numbers in format: {source base} {target base} (To quit type /exit) > 17 26
Enter number in base 17 to convert to base 26 (To go back type /back) > 1c3.35be552ag2fa76113
Conversion result: j2.52g2b

Enter number in base 17 to convert to base 26 (To go back type /back) > /back

Enter two numbers in format: {source base} {target base} (To quit type /exit) > 17 29
Enter number in base 17 to convert to base 29 (To go back type /back) > 36.6755181ae39d66cb8
Conversion result: 1s.as2qo

Enter number in base 17 to convert to base 29 (To go back type /back) > /back

Enter two numbers in format: {source base} {target base} (To quit type /exit) > 17 32
Enter number in base 17 to convert to base 32 (To go back type /back) > 25a.b96584bcbeb7be0cd
Conversion result: l1.lnped

Enter number in base 17 to convert to base 32 (To go back type /back) > /back

Enter two numbers in format: {source base} {target base} (To quit type /exit) > 17 35
Enter number in base 17 to convert to base 35 (To go back type /back) > 2b0.abfbaa38347480ad1
Conversion result: lu.m14d8

Enter number in base 17 to convert to base 35 (To go back type /back) > /back

Enter two numbers in format: {source base} {target base} (To quit type /exit) > /exit
?[1;31m
Start test 7?[0m

Enter two numbers in format: {source base} {target base} (To quit type /exit) > 19 2
Enter number in base 19 to convert to base 2 (To go back type /back) > 76.fgafd867bg1657b5h79
Conversion result: 10001011.11010

Enter number in base 19 to convert to base 2 (To go back type /back) > /back

Enter two numbers in format: {source base} {target base} (To quit type /exit) > 19 5
Enter number in base 19 to convert to base 5 (To go back type /back) > 12e.73ieh8ih4hhfbbg8228
Conversion result: 3123.14220

Enter number in base 19 to convert to base 5 (To go back type /back) > /back

Enter two numbers in format: {source base} {target base} (To quit type /exit) > 19 8
Enter number in base 19 to convert to base 8 (To go back type /back) > c5.0hc1g2221ghhd2g844b
Conversion result: 351.03100

Enter number in base 19 to convert to base 8 (To go back type /back) > /back

Enter two numbers in format: {source base} {target base} (To quit type /exit) > 19 11
Enter number in base 19 to convert to base 11 (To go back type /back) > 148.84fcd8467g32cbc24ed
Conversion result: 375.48623

Enter number in base 19 to convert to base 11 (To go back type /back) > /back

Enter two numbers in format: {source base} {target base} (To quit type /exit) > 19 14
Enter number in base 19 to convert to base 14 (To go back type /back) > 1h5.7ea1f247hf320b1c58e
Conversion result: 373.5a158

Enter number in base 19 to convert to base 14 (To go back type /back) > /back

Enter two numbers in format: {source base} {target base} (To quit type /exit) > 19 17
Enter number in base 19 to convert to base 17 (To go back type /back) > 1ei.80i9fa5dfc1chh07g6c
Conversion result: 23g.737f3

Enter number in base 19 to convert to base 17 (To go back type /back) > /back

Enter two numbers in format: {source base} {target base} (To quit type /exit) > 19 20
Enter number in base 19 to convert to base 20 (To go back type /back) > 287.76766fei9gd99i7d7cd
Conversion result: 241.7e8he

Enter number in base 19 to convert to base 20 (To go back type /back) > /back

Enter two numbers in format: {source base} {target base} (To quit type /exit) > 19 23
Enter number in base 19 to convert to base 23 (To go back type /back) > 1fb.cei381ig310109f5474
Conversion result: 15d.fb0bm

Enter number in base 19 to convert to base 23 (To go back type /back) > /back

Enter two numbers in format: {source base} {target base} (To quit type /exit) > 19 26
Enter number in base 19 to convert to base 26 (To go back type /back) > 112.e534146gea0bdi2f7h5
Conversion result: ei.jdkaf

Enter number in base 19 to convert to base 26 (To go back type /back) > /back

Enter two numbers in format: {source base} {target base} (To quit type /exit) > 19 29
Enter number in base 19 to convert to base 29 (To go back type /back) > 252.305fh7db4712fd65bfe
Conversion result: s7.4heiq

Enter number in base 19 to convert to base 29 (To go back type /back) > /back

Enter two numbers in format: {source base} {target base} (To quit type /exit) > 19 32
Enter number in base 19 to convert to base 32 (To go back type /back) > 117.e2h7bi2h989dc5f53cc
Conversion result: c3.nqpgg

Enter number in base 19 to convert to base 32 (To go back type /back) > /back

Enter two numbers in format: {source base} {target base} (To quit type /exit) > 19 35
Enter number in base 19 to convert to base 35 (To go back type /back) > 2cd.81h6d072d8a88g625i8
Conversion result: ri.ew9u8

Enter number in base 19 to convert to base 35 (To go back type /back) > /back

Enter two numbers in format: {source base} {target base} (To quit type /exit) > 22 2
Enter number in base 22 to convert to base 2 (To go back type /back) > 1ll.83lee0164e98df91e39b0k
Conversion result: 1111000111.01011

Enter number in base 22 to convert to base 2 (To go back type /back) > /back

Enter two numbers in format: {source base} {target base} (To quit type /exit) > 22 5
Enter number in base 22 to convert to base 5 (To go back type /back) > 99.31db75heh1cb63i8i8cahk
Conversion result: 1312.03221

Enter number in base 22 to convert to base 5 (To go back type /back) > /back

Enter two numbers in format: {source base} {target base} (To quit type /exit) > 22 8
Enter number in base 22 to convert to base 8 (To go back type /back) > 16d.7g2fbii2fbk7jca96af21b
Conversion result: 1165.26375

Enter number in base 22 to convert to base 8 (To go back type /back) > /back

Enter two numbers in format: {source base} {target base} (To quit type /exit) > 22 11
Enter number in base 22 to convert to base 11 (To go back type /back) > 176.835ad72ak9b665b9bd1c92
Conversion result: 536.408a3

Enter number in base 22 to convert to base 11 (To go back type /back) > /back

Enter two numbers in format: {source base} {target base} (To quit type /exit) > 22 14
Enter number in base 22 to convert to base 14 (To go back type /back) > 17g.7k8ka0007bf2kee8472j66
Conversion result: 34a.508ac

Enter number in base 22 to convert to base 14 (To go back type /back) > /back

Enter two numbers in format: {source base} {target base} (To quit type /exit) > 22 17
Enter number in base 22 to convert to base 17 (To go back type /back) > fj.kaej5dblc3diladk5lhab9
Conversion result: 139.fe1c8

Enter number in base 22 to convert to base 17 (To go back type /back) > /back

Enter two numbers in format: {source base} {target base} (To quit type /exit) > 22 20
Enter number in base 22 to convert to base 20 (To go back type /back) > gg.0fa454j4fd85b715c9fall
Conversion result: i8.0cfbg

Enter number in base 22 to convert to base 20 (To go back type /back) > /back

Enter two numbers in format: {source base} {target base} (To quit type /exit) > 22 23
Enter number in base 22 to convert to base 23 (To go back type /back) > 1jg.dek4fihj6kek25eldb5ilf
Conversion result: 1gl.e6ke9

Enter number in base 22 to convert to base 23 (To go back type /back) > /back

Enter two numbers in format: {source base} {target base} (To quit type /exit) > 22 26
Enter number in base 22 to convert to base 26 (To go back type /back) > 154.0k1j7bd18g694l29f793eh
Conversion result: n0.1219o

Enter number in base 22 to convert to base 26 (To go back type /back) > /back

Enter two numbers in format: {source base} {target base} (To quit type /exit) > 22 29
Enter number in base 22 to convert to base 29 (To go back type /back) > 1fj.9i8j1ga5604i6291790l2a
Conversion result: sl.cs0j1

Enter number in base 22 to convert to base 29 (To go back type /back) > /back

Enter two numbers in format: {source base} {target base} (To quit type /exit) > 22 32
Enter number in base 22 to convert to base 32 (To go back type /back) > 2f.60haafkk3i70j4hchl860h
Conversion result: 1r.8ouga

Enter number in base 22 to convert to base 32 (To go back type /back) > /back

Enter two numbers in format: {source base} {target base} (To quit type /exit) > 22 35
Enter number in base 22 to convert to base 35 (To go back type /back) > 17h.h00alg337j3015465c7g18
Conversion result: ip.r1mo8

Enter number in base 22 to convert to base 35 (To go back type /back) > /back

Enter two numbers in format: {source base} {target base} (To quit type /exit) > 25 2
Enter number in base 25 to convert to base 2 (To go back type /back) > 1e2.o3bek6m5g5c9lf743j9199no5
Conversion result: 1111010001.11110

Enter number in base 25 to convert to base 2 (To go back type /back) > /back

Enter two numbers in format: {source base} {target base} (To quit type /exit) > 25 5
Enter number in base 25 to convert to base 5 (To go back type /back) > ab.al9kokln60a8la5hfae0gh4ak
Conversion result: 2021.20411

Enter number in base 25 to convert to base 5 (To go back type /back) > /back

Enter two numbers in format: {source base} {target base} (To quit type /exit) > 25 8
Enter number in base 25 to convert to base 8 (To go back type /back) > 1dj.5bml7f82kln53mdg716ifbknd
Conversion result: 1711.16012

Enter number in base 25 to convert to base 8 (To go back type /back) > /back

Enter two numbers in format: {source base} {target base} (To quit type /exit) > 25 11
Enter number in base 25 to convert to base 11 (To go back type /back) > a5.f3k5l1oe2fj3chae60n885a91
Conversion result: 212.67379

Enter number in base 25 to convert to base 11 (To go back type /back) > /back

Enter two numbers in format: {source base} {target base} (To quit type /exit) > 25 14
Enter number in base 25 to convert to base 14 (To go back type /back) > 106.lim9k79fakbgg2o07540f454i
Conversion result: 331.c27cc

Enter number in base 25 to convert to base 14 (To go back type /back) > /back

Enter two numbers in format: {source base} {target base} (To quit type /exit) > 25 17
Enter number in base 25 to convert to base 17 (To go back type /back) > 15h.g5l4fkklhb6756j5ck4d897h1
Conversion result: 2b2.b0b4e

Enter number in base 25 to convert to base 17 (To go back type /back) > /back

Enter two numbers in format: {source base} {target base} (To quit type /exit) > 25 20
Enter number in base 25 to convert to base 20 (To go back type /back) > ke.7bi2bkf1cj3c8lfean4jab16m
Conversion result: 15e.5ja16

Enter number in base 25 to convert to base 20 (To go back type /back) > /back

Enter two numbers in format: {source base} {target base} (To quit type /exit) > 25 23
Enter number in base 25 to convert to base 23 (To go back type /back) > 91.13a0keee6fmd7e5g5ccag030l
Conversion result: 9j.110kc

Enter number in base 25 to convert to base 23 (To go back type /back) > /back

Enter two numbers in format: {source base} {target base} (To quit type /exit) > 25 26
Enter number in base 25 to convert to base 26 (To go back type /back) > 9k.m51oo1hm3heacee56652o7fjo
Conversion result: 9b.n29j3

Enter number in base 25 to convert to base 26 (To go back type /back) > /back

Enter two numbers in format: {source base} {target base} (To quit type /exit) > 25 29
Enter number in base 25 to convert to base 29 (To go back type /back) > fl.7gccdo76gjbgbe35acnck2dd2
Conversion result: dj.8pjn0

Enter number in base 25 to convert to base 29 (To go back type /back) > /back

Enter two numbers in format: {source base} {target base} (To quit type /exit) > 25 32
Enter number in base 25 to convert to base 32 (To go back type /back) > 175.4f5a68m1n3d9n4jodln5no2kn
Conversion result: p5.5sol1

Enter number in base 25 to convert to base 32 (To go back type /back) > /back

Enter two numbers in format: {source base} {target base} (To quit type /exit) > 25 35
Enter number in base 25 to convert to base 35 (To go back type /back) > fj.5agfi56efgn237ncdbf88o2hb
Conversion result: b9.7kvm2

Enter number in base 25 to convert to base 35 (To go back type /back) > /back

Enter two numbers in format: {source base} {target base} (To quit type /exit) > 28 2
Enter number in base 28 to convert to base 2 (To go back type /back) > 1a.oc5nfbr7igiiig78en4dfl
Conversion result: 100110.11011

Enter number in base 28 to convert to base 2 (To go back type /back) > /back

Enter two numbers in format: {source base} {target base} (To quit type /exit) > 28 5
Enter number in base 28 to convert to base 5 (To go back type /back) > fg.a3q9bhn0ec7rpq2c436e8meoe
Conversion result: 3221.14011

Enter number in base 28 to convert to base 5 (To go back type /back) > /back

Enter two numbers in format: {source base} {target base} (To quit type /exit) > 28 8
Enter number in base 28 to convert to base 8 (To go back type /back) > 13j.feo4qn9mdja0h0nhcaq6n8jd3e
Conversion result: 1567.43377

Enter number in base 28 to convert to base 8 (To go back type /back) > /back

Enter two numbers in format: {source base} {target base} (To quit type /exit) > 28 11
Enter number in base 28 to convert to base 11 (To go back type /back) > p7.oo7ehrcnhlm2i4apfap14kcj7
Conversion result: 593.98507

Enter number in base 28 to convert to base 11 (To go back type /back) > /back

Enter two numbers in format: {source base} {target base} (To quit type /exit) > 28 14
Enter number in base 28 to convert to base 14 (To go back type /back) > kq.33fqrq0go659o690mkk3gj0oe
Conversion result: 2dc.17c6d

Enter number in base 28 to convert to base 14 (To go back type /back) > /back

Enter two numbers in format: {source base} {target base} (To quit type /exit) > 28 17
Enter number in base 28 to convert to base 17 (To go back type /back) > kp.8egnnf294o38r9dil18alqbghe
Conversion result: 207.52g3b

Enter number in base 28 to convert to base 17 (To go back type /back) > /back

Enter two numbers in format: {source base} {target base} (To quit type /exit) > 28 20
Enter number in base 28 to convert to base 20 (To go back type /back) > p4.fndpk8ql08h25qnd2klp9ceiae
Conversion result: 1f4.b659c

Enter number in base 28 to convert to base 20 (To go back type /back) > /back

Enter two numbers in format: {source base} {target base} (To quit type /exit) > 28 23
Enter number in base 28 to convert to base 23 (To go back type /back) > 9m.dehi1p39mr593h309b6i3rloe
Conversion result: bl.b2b06

Enter number in base 28 to convert to base 23 (To go back type /back) > /back

Enter two numbers in format: {source base} {target base} (To quit type /exit) > 28 26
Enter number in base 28 to convert to base 26 (To go back type /back) > q7.djegcmidk1njbk7hdre6858eoe
Conversion result: 127.cihnk

Enter number in base 28 to convert to base 26 (To go back type /back) > /back

Enter two numbers in format: {source base} {target base} (To quit type /exit) > 28 29
Enter number in base 28 to convert to base 29 (To go back type /back) > o7.ipff292bo798a73b75gghok3e
Conversion result: nc.jh1hp

Enter number in base 28 to convert to base 29 (To go back type /back) > /back

Enter two numbers in format: {source base} {target base} (To quit type /exit) > 28 32
Enter number in base 28 to convert to base 32 (To go back type /back) > rf.po06jphp59f4ip82q0g3elc7
Conversion result: o3.thkj9

Enter number in base 28 to convert to base 32 (To go back type /back) > /back

Enter two numbers in format: {source base} {target base} (To quit type /exit) > 28 35
Enter number in base 28 to convert to base 35 (To go back type /back) > 6e.oi2i6k25c74i257jf7ij5nnhe
Conversion result: 57.us9jd

Enter number in base 28 to convert to base 35 (To go back type /back) > /back

Enter two numbers in format: {source base} {target base} (To quit type /exit) > 31 2
Enter number in base 31 to convert to base 2 (To go back type /back) > a2.nl7kki0m4fb0ge9269prh4rnbrk2ls8
Conversion result: 100111000.11000

Enter number in base 31 to convert to base 2 (To go back type /back) > /back

Enter two numbers in format: {source base} {target base} (To quit type /exit) > 31 5
Enter number in base 31 to convert to base 5 (To go back type /back) > p.qiu3ohulja19r60fit43fucrj6jgeal
Conversion result: 100.41212

Enter number in base 31 to convert to base 5 (To go back type /back) > /back

Enter two numbers in format: {source base} {target base} (To quit type /exit) > 31 8
Enter number in base 31 to convert to base 8 (To go back type /back) > j4.bscugapill8ip30smjnfkf5ts00usd4
Conversion result: 1121.30464

Enter number in base 31 to convert to base 8 (To go back type /back) > /back

Enter two numbers in format: {source base} {target base} (To quit type /exit) > 31 11
Enter number in base 31 to convert to base 11 (To go back type /back) > lq.333g2fj6ci4cr1qaum93if18jm8chru
Conversion result: 566.11113

Enter number in base 31 to convert to base 11 (To go back type /back) > /back

Enter two numbers in format: {source base} {target base} (To quit type /exit) > 31 14
Enter number in base 31 to convert to base 14 (To go back type /back) > 78.a8jiksamuoic4q02h2754u5uuekmph8
Conversion result: 121.48db4

Enter number in base 31 to convert to base 14 (To go back type /back) > /back

Enter two numbers in format: {source base} {target base} (To quit type /exit) > 31 17
Enter number in base 31 to convert to base 17 (To go back type /back) > kb.p1lh11k5mkfi5u9cai3soljqrdh3g6s
Conversion result: 232.dc9cg

Enter number in base 31 to convert to base 17 (To go back type /back) > /back

Enter two numbers in format: {source base} {target base} (To quit type /exit) > 31 20
Enter number in base 31 to convert to base 20 (To go back type /back) > sg.soiuec073jb1lscfusn2dentconnl53
Conversion result: 244.ibadi

Enter number in base 31 to convert to base 20 (To go back type /back) > /back

Enter two numbers in format: {source base} {target base} (To quit type /exit) > 31 23
Enter number in base 31 to convert to base 23 (To go back type /back) > 16.oo0kb4luedh65p7g1580p2al88sppnh
Conversion result: 1e.i8hh0

Enter number in base 31 to convert to base 23 (To go back type /back) > /back

Enter two numbers in format: {source base} {target base} (To quit type /exit) > 31 26
Enter number in base 31 to convert to base 26 (To go back type /back) > bh.cl0ri8t0c9dfjrrt4d279881amk1lnl
Conversion result: dk.agc5d

Enter number in base 31 to convert to base 26 (To go back type /back) > /back

Enter two numbers in format: {source base} {target base} (To quit type /exit) > 31 29
Enter number in base 31 to convert to base 29 (To go back type /back) > 7m.rr13u5o3aimojcu9lt0n471b3a38ere
Conversion result: 87.q2458

Enter number in base 31 to convert to base 29 (To go back type /back) > /back

Enter two numbers in format: {source base} {target base} (To quit type /exit) > 31 32
Enter number in base 31 to convert to base 32 (To go back type /back) > 35.84ucm00np8la1uq1fhku2ap81ruo0p9
Conversion result: 32.8di34

Enter number in base 31 to convert to base 32 (To go back type /back) > /back

Enter two numbers in format: {source base} {target base} (To quit type /exit) > 31 35
Enter number in base 31 to convert to base 35 (To go back type /back) > hr.j5ltbs29tjkiek71i428fuag9m742c6
Conversion result: ft.ln2v2

Enter number in base 31 to convert to base 35 (To go back type /back) > /back

Enter two numbers in format: {source base} {target base} (To quit type /exit) > 34 2
Enter number in base 34 to convert to base 2 (To go back type /back) > bt.lt1je7mh7taaf1xfrh98wcv6lh35t5qwa8
Conversion result: 110010011.10100

Enter number in base 34 to convert to base 2 (To go back type /back) > /back

Enter two numbers in format: {source base} {target base} (To quit type /exit) > 34 5
Enter number in base 34 to convert to base 5 (To go back type /back) > jb.mksn4meg4dtg020txxsrc1qisuc8tx35lg
Conversion result: 10112.31303

Enter number in base 34 to convert to base 5 (To go back type /back) > /back

Enter two numbers in format: {source base} {target base} (To quit type /exit) > 34 8
Enter number in base 34 to convert to base 8 (To go back type /back) > cc.5muoed9436drov09rq8em6exptciewg52d
Conversion result: 644.12534

Enter number in base 34 to convert to base 8 (To go back type /back) > /back

Enter two numbers in format: {source base} {target base} (To quit type /exit) > 34 11
Enter number in base 34 to convert to base 11 (To go back type /back) > s5.tp1l0rvrrixoin9vkp8gtc5j6vcm8un6w1
Conversion result: 7a0.96911

Enter number in base 34 to convert to base 11 (To go back type /back) > /back

Enter two numbers in format: {source base} {target base} (To quit type /exit) > 34 14
Enter number in base 34 to convert to base 14 (To go back type /back) > m9.dba7sa7kfagul343sc4ef3tica5vvvex0l
Conversion result: 3c1.56c00

Enter number in base 34 to convert to base 14 (To go back type /back) > /back

Enter two numbers in format: {source base} {target base} (To quit type /exit) > 34 17
Enter number in base 34 to convert to base 17 (To go back type /back) > gq.wrsrdj41vvjaxhr1ui5k5qe1nnks6gtbuf
Conversion result: 1g9.g6g5g

Enter number in base 34 to convert to base 17 (To go back type /back) > /back

Enter two numbers in format: {source base} {target base} (To quit type /exit) > 34 20
Enter number in base 34 to convert to base 20 (To go back type /back) > dq.b7rp10qang66kw61n2mi95thr28eqe3sw3
Conversion result: 138.6c269

Enter number in base 34 to convert to base 20 (To go back type /back) > /back

Enter two numbers in format: {source base} {target base} (To quit type /exit) > 34 23
Enter number in base 34 to convert to base 23 (To go back type /back) > 3b.1pmi730mexr4mad5tgw9olsb4g4ffm6en7
Conversion result: 4l.146lm

Enter number in base 34 to convert to base 23 (To go back type /back) > /back

Enter two numbers in format: {source base} {target base} (To quit type /exit) > 34 26
Enter number in base 34 to convert to base 26 (To go back type /back) > 20.kcawx9njpsvb3jme2k9iqa304e1kdwmi05
Conversion result: 2g.fem4g

Enter number in base 34 to convert to base 26 (To go back type /back) > /back

Enter two numbers in format: {source base} {target base} (To quit type /exit) > 34 29
Enter number in base 34 to convert to base 29 (To go back type /back) > s6.ofr9ejo1rq96neblpa7jqfkd8nqip0qob8
Conversion result: 141.kp44g

Enter number in base 34 to convert to base 29 (To go back type /back) > /back

Enter two numbers in format: {source base} {target base} (To quit type /exit) > 34 32
Enter number in base 34 to convert to base 32 (To go back type /back) > l9.s2imr1tirikedjb4cub1c2h4utdlf5wmpx
Conversion result: mj.qdhld

Enter number in base 34 to convert to base 32 (To go back type /back) > /back

Enter two numbers in format: {source base} {target base} (To quit type /exit) > 34 35
Enter number in base 34 to convert to base 35 (To go back type /back) > 9p.7g97cku64iaxo17ekp1pb2bej6of05j61h
Conversion result: 9g.7ofny

Enter number in base 34 to convert to base 35 (To go back type /back) > /back

Enter two numbers in format: {source base} {target base} (To quit type /exit) > /exit
?[1;31m
Start test 8?[0m

Enter two numbers in format: {source base} {target base} (To quit type /exit) > 2 5
Enter number in base 2 to convert to base 5 (To go back type /back) > 1101100011011010100001011100001010101010100111010.10011001100110011001100110
Conversion result: 1000000433302000220231.24444

Enter number in base 2 to convert to base 5 (To go back type /back) > /back

Enter two numbers in format: {source base} {target base} (To quit type /exit) > 2 8
Enter number in base 2 to convert to base 8 (To go back type /back) > 111001000110101010100111110100010100000110100111.11100110011001100110011001
Conversion result: 7106524764240647.71463

Enter number in base 2 to convert to base 8 (To go back type /back) > /back

Enter two numbers in format: {source base} {target base} (To quit type /exit) > 2 11
Enter number in base 2 to convert to base 11 (To go back type /back) > 1101110010110010101101010011111011101100101001011.01001100110011001100110011
Conversion result: 130702164130683.33333

Enter number in base 2 to convert to base 11 (To go back type /back) > /back

Enter two numbers in format: {source base} {target base} (To quit type /exit) > 2 14
Enter number in base 2 to convert to base 14 (To go back type /back) > 10010010010011000000001011100000110110000101100.1111000010100011110101110
Conversion result: 15c0a03d4800c.d2350

Enter number in base 2 to convert to base 14 (To go back type /back) > /back

Enter two numbers in format: {source base} {target base} (To quit type /exit) > 2 17
Enter number in base 2 to convert to base 17 (To go back type /back) > 1110000111100101111101011110010010000110111101011.10001100110011001100110011
Conversion result: e86fbgaca90c.95g29

Enter number in base 2 to convert to base 17 (To go back type /back) > /back

Enter two numbers in format: {source base} {target base} (To quit type /exit) > 2 20
Enter number in base 2 to convert to base 20 (To go back type /back) > 1010101011101011110000101101111001010011001000010.11001100110011001100110011
Conversion result: 1ge1jih26d5e.fjjjj

Enter number in base 2 to convert to base 20 (To go back type /back) > /back

Enter two numbers in format: {source base} {target base} (To quit type /exit) > 2 23
Enter number in base 2 to convert to base 23 (To go back type /back) > 1001010011101010001001101000000101110111001001011.01001100110011001100110011
Conversion result: 7kie5lm341m.6kg26

Enter number in base 2 to convert to base 23 (To go back type /back) > /back

Enter two numbers in format: {source base} {target base} (To quit type /exit) > 2 26
Enter number in base 2 to convert to base 26 (To go back type /back) > 111001100010101100000001000011101011101001000111.10011001100110011001100110
Conversion result: 1kfmjjc3op5.fffff

Enter number in base 2 to convert to base 26 (To go back type /back) > /back

Enter two numbers in format: {source base} {target base} (To quit type /exit) > 2 29
Enter number in base 2 to convert to base 29 (To go back type /back) > 1000110100011011110101010100011100110100010100100.00011001100110011001100110
Conversion result: lb8hn6qjqn.2q2q2

Enter number in base 2 to convert to base 29 (To go back type /back) > /back

Enter two numbers in format: {source base} {target base} (To quit type /exit) > 2 32
Enter number in base 2 to convert to base 32 (To go back type /back) > 1101000001101001011101011100011100011111011101111.01100110011001100110011001
Conversion result: d0qblosfnf.cpj6c

Enter number in base 2 to convert to base 32 (To go back type /back) > /back

Enter two numbers in format: {source base} {target base} (To quit type /exit) > 2 35
Enter number in base 2 to convert to base 35 (To go back type /back) > 1111111011000100111000111000011011010001001001.1100110011001100110011001
Conversion result: v3fvpwm1j.ryyyy

Enter number in base 2 to convert to base 35 (To go back type /back) > /back

Enter two numbers in format: {source base} {target base} (To quit type /exit) > 5 2
Enter number in base 5 to convert to base 2 (To go back type /back) > 203004230333324323444.21111111111111111111111111
Conversion result: 101110000000000110011101100010100110111111111000.01110

Enter number in base 5 to convert to base 2 (To go back type /back) > /back

Enter two numbers in format: {source base} {target base} (To quit type /exit) > 5 8
Enter number in base 5 to convert to base 8 (To go back type /back) > 441442212324021142423.23333333333333333333333333
Conversion result: 15163167321037660.43146

Enter number in base 5 to convert to base 8 (To go back type /back) > /back

Enter two numbers in format: {source base} {target base} (To quit type /exit) > 5 11
Enter number in base 5 to convert to base 11 (To go back type /back) > 241100330210040232203.03333333333333333333333333
Conversion result: 7960501347218a.17171

Enter number in base 5 to convert to base 11 (To go back type /back) > /back

Enter two numbers in format: {source base} {target base} (To quit type /exit) > 5 14
Enter number in base 5 to convert to base 14 (To go back type /back) > 140312420321002313134.32444444444444444444444034
Conversion result: 3102c4b672276.a1197

Enter number in base 5 to convert to base 14 (To go back type /back) > /back

Enter two numbers in format: {source base} {target base} (To quit type /exit) > 5 17
Enter number in base 5 to convert to base 17 (To go back type /back) > 124400111102221420014.41333333333333333333332422
Conversion result: 4755cbg2db07.ed754

Enter number in base 5 to convert to base 17 (To go back type /back) > /back

Enter two numbers in format: {source base} {target base} (To quit type /exit) > 5 20
Enter number in base 5 to convert to base 20 (To go back type /back) > 1141210142332331000.424111111111111111111114
Conversion result: a47a87eif0.i5c48

Enter number in base 5 to convert to base 20 (To go back type /back) > /back

Enter two numbers in format: {source base} {target base} (To quit type /exit) > 5 23
Enter number in base 5 to convert to base 23 (To go back type /back) > 411430423304413321032.40000
Conversion result: 9jaf3799kmd.i94di

Enter number in base 5 to convert to base 23 (To go back type /back) > /back

Enter two numbers in format: {source base} {target base} (To quit type /exit) > 5 26
Enter number in base 5 to convert to base 26 (To go back type /back) > 131040320422223340424.10303030303030303030303030
Conversion result: 12npcnm4p02.5m2ff

Enter number in base 5 to convert to base 26 (To go back type /back) > /back

Enter two numbers in format: {source base} {target base} (To quit type /exit) > 5 29
Enter number in base 5 to convert to base 29 (To go back type /back) > 331214233142034341342.23333333333333333333333333
Conversion result: o1gbj1pb7e.frfrf

Enter number in base 5 to convert to base 29 (To go back type /back) > /back

Enter two numbers in format: {source base} {target base} (To quit type /exit) > 5 32
Enter number in base 5 to convert to base 32 (To go back type /back) > 113430342120313120333.32222222222222222222222222
Conversion result: 3lmi5c4i1f.mcpj6

Enter number in base 5 to convert to base 32 (To go back type /back) > /back

Enter two numbers in format: {source base} {target base} (To quit type /exit) > 5 35
Enter number in base 5 to convert to base 35 (To go back type /back) > 332403440024004220214.30000
Conversion result: 4h90olss7e.l1111

Enter number in base 5 to convert to base 35 (To go back type /back) > /back

Enter two numbers in format: {source base} {target base} (To quit type /exit) > 8 2
Enter number in base 8 to convert to base 2 (To go back type /back) > 12501607426105174.463146314631463146
Conversion result: 1010101000001110000111100010110001000101001111100.10011

Enter number in base 8 to convert to base 2 (To go back type /back) > /back

Enter two numbers in format: {source base} {target base} (To quit type /exit) > 8 5
Enter number in base 8 to convert to base 5 (To go back type /back) > 325403231426146.0300406111564570652
Conversion result: 3410341330100434130.01041

Enter number in base 8 to convert to base 5 (To go back type /back) > /back

Enter two numbers in format: {source base} {target base} (To quit type /exit) > 8 11
Enter number in base 8 to convert to base 11 (To go back type /back) > 104161024456576.333310550345300406
Conversion result: 1548235234885.47937

Enter number in base 8 to convert to base 11 (To go back type /back) > /back

Enter two numbers in format: {source base} {target base} (To quit type /exit) > 8 14
Enter number in base 8 to convert to base 14 (To go back type /back) > 346765036234306.0450753412172702436
Conversion result: 3cc35c38cc62.102d2

Enter number in base 8 to convert to base 14 (To go back type /back) > /back

Enter two numbers in format: {source base} {target base} (To quit type /exit) > 8 17
Enter number in base 8 to convert to base 17 (To go back type /back) > 14067400106407710.146314631463146315
Conversion result: c758737g2g41.36da3

Enter number in base 8 to convert to base 17 (To go back type /back) > /back

Enter two numbers in format: {source base} {target base} (To quit type /exit) > 8 20
Enter number in base 8 to convert to base 20 (To go back type /back) > 11026603521623432.40000
Conversion result: 1b1abhcac3i2.a0000

Enter number in base 8 to convert to base 20 (To go back type /back) > /back

Enter two numbers in format: {source base} {target base} (To quit type /exit) > 8 23
Enter number in base 8 to convert to base 23 (To go back type /back) > 4430643450071073.431463146314631464
Conversion result: 3jjdb3bkf3a.celjc

Enter number in base 8 to convert to base 23 (To go back type /back) > /back

Enter two numbers in format: {source base} {target base} (To quit type /exit) > 8 26
Enter number in base 8 to convert to base 26 (To go back type /back) > 613563064763657.55341217270243656
Conversion result: 505kc7ookn.ibooo

Enter number in base 8 to convert to base 26 (To go back type /back) > /back

Enter two numbers in format: {source base} {target base} (To quit type /exit) > 8 29
Enter number in base 8 to convert to base 29 (To go back type /back) > 10731732544447100.431463146314631464
Conversion result: limf3rsj5e.frfrf

Enter number in base 8 to convert to base 29 (To go back type /back) > /back

Enter two numbers in format: {source base} {target base} (To quit type /exit) > 8 32
Enter number in base 8 to convert to base 32 (To go back type /back) > 7260136131044364.40000
Conversion result: 7b0bom8i7k.g0000

Enter number in base 8 to convert to base 32 (To go back type /back) > /back

Enter two numbers in format: {source base} {target base} (To quit type /exit) > 8 35
Enter number in base 8 to convert to base 35 (To go back type /back) > 7042407762556513.20000
Conversion result: 35eu5sptkm.8q8q8

Enter number in base 8 to convert to base 35 (To go back type /back) > /back

Enter two numbers in format: {source base} {target base} (To quit type /exit) > 11 2
Enter number in base 11 to convert to base 2 (To go back type /back) > 106928752450a62.2222222222222222a3a9267297
Conversion result: 1011011001110100001110000010101001010100100001011.00110

Enter number in base 11 to convert to base 2 (To go back type /back) > /back

Enter two numbers in format: {source base} {target base} (To quit type /exit) > 11 5
Enter number in base 11 to convert to base 5 (To go back type /back) > 93257025809445.888888888888889084a3a47058
Conversion result: 314023041233233003143.40000

Enter number in base 11 to convert to base 5 (To go back type /back) > /back

Enter two numbers in format: {source base} {target base} (To quit type /exit) > 11 8
Enter number in base 11 to convert to base 8 (To go back type /back) > a7734a54125181.00000
Conversion result: 12375613161037114.00000

Enter number in base 11 to convert to base 8 (To go back type /back) > /back

Enter two numbers in format: {source base} {target base} (To quit type /exit) > 11 14
Enter number in base 11 to convert to base 14 (To go back type /back) > 121748119637287.60606060606060635776774330
Conversion result: 801a4644000a5.79b2b

Enter number in base 11 to convert to base 14 (To go back type /back) > /back

Enter two numbers in format: {source base} {target base} (To quit type /exit) > 11 17
Enter number in base 11 to convert to base 17 (To go back type /back) > 1701148935850a.0a987654320a9876784559a95
Conversion result: 1b0a86f48gaf.1902f

Enter number in base 11 to convert to base 17 (To go back type /back) > /back

Enter two numbers in format: {source base} {target base} (To quit type /exit) > 11 20
Enter number in base 11 to convert to base 20 (To go back type /back) > a285260a152929.66666666666666651303587526
Conversion result: 1eb51e0gf781.c0000

Enter number in base 11 to convert to base 20 (To go back type /back) > /back

Enter two numbers in format: {source base} {target base} (To quit type /exit) > 11 23
Enter number in base 11 to convert to base 23 (To go back type /back) > 63a21a01395378.69696969696969696969696969
Conversion result: 56j9kaf1380.e8e8e

Enter number in base 11 to convert to base 23 (To go back type /back) > /back

Enter two numbers in format: {source base} {target base} (To quit type /exit) > 11 26
Enter number in base 11 to convert to base 26 (To go back type /back) > 120478a83619592.4a4a4a4a4a4a4a50590575a349
Conversion result: 34neebnl3hh.bi555

Enter number in base 11 to convert to base 26 (To go back type /back) > /back

Enter two numbers in format: {source base} {target base} (To quit type /exit) > 11 29
Enter number in base 11 to convert to base 29 (To go back type /back) > 354803186882.1910963115253a36512a775
Conversion result: 1smlkikak.4nk0a

Enter number in base 11 to convert to base 29 (To go back type /back) > /back

Enter two numbers in format: {source base} {target base} (To quit type /exit) > 11 32
Enter number in base 11 to convert to base 32 (To go back type /back) > 35847aa6940235.06060606060606063577677433
Conversion result: 3ektmpqaus.1j6cp

Enter number in base 11 to convert to base 32 (To go back type /back) > /back

Enter two numbers in format: {source base} {target base} (To quit type /exit) > 11 35
Enter number in base 11 to convert to base 35 (To go back type /back) > 6a71a8823930a6.888888888888889084a3a47058
Conversion result: 31t2fn68ks.s0000

Enter number in base 11 to convert to base 35 (To go back type /back) > /back

Enter two numbers in format: {source base} {target base} (To quit type /exit) > 14 2
Enter number in base 14 to convert to base 2 (To go back type /back) > 1a8131c4145a6.b6a11973cc46a0096d9175420
Conversion result: 10110101000010101011111111111101111100001010110.11010

Enter number in base 14 to convert to base 2 (To go back type /back) > /back

Enter two numbers in format: {source base} {target base} (To quit type /exit) > 14 5
Enter number in base 14 to convert to base 5 (To go back type /back) > 83562808cd352.b2b2b2b2b2b2b39086c9bc05a5
Conversion result: 442221304210120044004.411100

]]></system-out>
  <system-err><![CDATA[]]></system-err>
</testsuite>
