<?xml version="1.0" encoding="UTF-8"?>
<testsuite name="SimpleSearchEngineTest" tests="1" skipped="0" failures="1" errors="0" timestamp="2022-08-05T22:34:33" hostname="LUKASZ" time="0.407">
  <properties/>
  <testcase name="start" classname="SimpleSearchEngineTest" time="0.407">
    <failure message="java.lang.AssertionError: Exception in test #5&#10;&#10;java.lang.NullPointerException: Cannot invoke &quot;java.util.ArrayList.size()&quot; because the return value of &quot;java.util.SortedMap.get(Object)&quot; is null&#13;&#10;&#9;at search.Main.findPerson(Main.java:84)&#13;&#10;&#9;at search.Main.play(Main.java:42)&#13;&#10;&#9;at search.Main.main(Main.java:17)&#10;&#10;Please find below the output of your program during this failed test.&#10;Note that the '&gt;' character indicates the beginning of the input line.&#10;&#10;---&#10;&#10;Arguments: --data names.txt&#10;&#10;=== Menu ===&#10;1. Find a person&#10;2. Print all people&#10;0. Exit&#10;&gt; 1&#10;&#10;Enter a name or email to search all suitable people.&#10;&gt; @" type="java.lang.AssertionError">java.lang.AssertionError: Exception in test #5

java.lang.NullPointerException: Cannot invoke &quot;java.util.ArrayList.size()&quot; because the return value of &quot;java.util.SortedMap.get(Object)&quot; is null
	at search.Main.findPerson(Main.java:84)
	at search.Main.play(Main.java:42)
	at search.Main.main(Main.java:17)

Please find below the output of your program during this failed test.
Note that the '&gt;' character indicates the beginning of the input line.

---

Arguments: --data names.txt

=== Menu ===
1. Find a person
2. Print all people
0. Exit
&gt; 1

Enter a name or email to search all suitable people.
&gt; @
	at org.junit.Assert.fail(Assert.java:88)
	at org.hyperskill.hstest.stage.StageTest.start(StageTest.java:155)
	at java.base/jdk.internal.reflect.NativeMethodAccessorImpl.invoke0(Native Method)
	at java.base/jdk.internal.reflect.NativeMethodAccessorImpl.invoke(NativeMethodAccessorImpl.java:77)
	at java.base/jdk.internal.reflect.DelegatingMethodAccessorImpl.invoke(DelegatingMethodAccessorImpl.java:43)
	at java.base/java.lang.reflect.Method.invoke(Method.java:568)
	at org.junit.runners.model.FrameworkMethod$1.runReflectiveCall(FrameworkMethod.java:50)
	at org.junit.internal.runners.model.ReflectiveCallable.run(ReflectiveCallable.java:12)
	at org.junit.runners.model.FrameworkMethod.invokeExplosively(FrameworkMethod.java:47)
	at org.junit.internal.runners.statements.InvokeMethod.evaluate(InvokeMethod.java:17)
	at org.junit.runners.ParentRunner.runLeaf(ParentRunner.java:325)
	at org.junit.runners.BlockJUnit4ClassRunner.runChild(BlockJUnit4ClassRunner.java:78)
	at org.junit.runners.BlockJUnit4ClassRunner.runChild(BlockJUnit4ClassRunner.java:57)
	at org.junit.runners.ParentRunner$3.run(ParentRunner.java:290)
	at org.junit.runners.ParentRunner$1.schedule(ParentRunner.java:71)
	at org.junit.runners.ParentRunner.runChildren(ParentRunner.java:288)
	at org.junit.runners.ParentRunner.access$000(ParentRunner.java:58)
	at org.junit.runners.ParentRunner$2.evaluate(ParentRunner.java:268)
	at org.junit.runners.ParentRunner.run(ParentRunner.java:363)
	at org.gradle.api.internal.tasks.testing.junit.JUnitTestClassExecutor.runTestClass(JUnitTestClassExecutor.java:110)
	at org.gradle.api.internal.tasks.testing.junit.JUnitTestClassExecutor.execute(JUnitTestClassExecutor.java:58)
	at org.gradle.api.internal.tasks.testing.junit.JUnitTestClassExecutor.execute(JUnitTestClassExecutor.java:38)
	at org.gradle.api.internal.tasks.testing.junit.AbstractJUnitTestClassProcessor.processTestClass(AbstractJUnitTestClassProcessor.java:62)
	at org.gradle.api.internal.tasks.testing.SuiteTestClassProcessor.processTestClass(SuiteTestClassProcessor.java:51)
	at java.base/jdk.internal.reflect.NativeMethodAccessorImpl.invoke0(Native Method)
	at java.base/jdk.internal.reflect.NativeMethodAccessorImpl.invoke(NativeMethodAccessorImpl.java:77)
	at java.base/jdk.internal.reflect.DelegatingMethodAccessorImpl.invoke(DelegatingMethodAccessorImpl.java:43)
	at java.base/java.lang.reflect.Method.invoke(Method.java:568)
	at org.gradle.internal.dispatch.ReflectionDispatch.dispatch(ReflectionDispatch.java:36)
	at org.gradle.internal.dispatch.ReflectionDispatch.dispatch(ReflectionDispatch.java:24)
	at org.gradle.internal.dispatch.ContextClassLoaderDispatch.dispatch(ContextClassLoaderDispatch.java:33)
	at org.gradle.internal.dispatch.ProxyDispatchAdapter$DispatchingInvocationHandler.invoke(ProxyDispatchAdapter.java:94)
	at jdk.proxy1/jdk.proxy1.$Proxy2.processTestClass(Unknown Source)
	at org.gradle.api.internal.tasks.testing.worker.TestWorker$2.run(TestWorker.java:176)
	at org.gradle.api.internal.tasks.testing.worker.TestWorker.executeAndMaintainThreadName(TestWorker.java:129)
	at org.gradle.api.internal.tasks.testing.worker.TestWorker.execute(TestWorker.java:100)
	at org.gradle.api.internal.tasks.testing.worker.TestWorker.execute(TestWorker.java:60)
	at org.gradle.process.internal.worker.child.ActionExecutionWorker.execute(ActionExecutionWorker.java:56)
	at org.gradle.process.internal.worker.child.SystemApplicationClassLoaderWorker.call(SystemApplicationClassLoaderWorker.java:133)
	at org.gradle.process.internal.worker.child.SystemApplicationClassLoaderWorker.call(SystemApplicationClassLoaderWorker.java:71)
	at worker.org.gradle.process.internal.worker.GradleWorkerMain.run(GradleWorkerMain.java:69)
	at worker.org.gradle.process.internal.worker.GradleWorkerMain.main(GradleWorkerMain.java:74)
</failure>
  </testcase>
  <system-out><![CDATA[?[1;31m
Start test 1?[0m

=== Menu ===
1. Find a person
2. Print all people
0. Exit
> 2

=== List of people ===
Kristofer Galley
Fernando Marbury fernando_marbury@gmail.com
Kristyn Nix nix-kris@gmail.com
Regenia Enderle
Malena Gray
Colette Mattei
Wendolyn Mcphillips
Jim Gray
Coreen Beckham
Bob Yeh bobyeah@gmail.com
Shannan Bob stropeshah@gmail.com
Yer Fillion
Margene Resendez marres@gmail.com
Blossom Ambler
Teri Ledet teri_ledet@gmail.com
Dana Baron baron@gmail.com
Abram Goldsberry
Yer Leopold
Stefania Trunzo
Alexis Leopold
Carlene Bob
Oliver Dacruz
Jonie Richter
Pasquale Gallien gallien@evilcorp.com
Verdie Gentle
Gerardo Strouth gallien@evilcorp.com
Agripina Bob
Latricia Niebuhr
Malena Schommer
Drema Leopold
Heide Payeur
Ranae Digiovanni
Simona Pereira
Nick Digiovanni
Angelita Wigington gallien@evilcorp.com
Elin Gray
Dwain Trunzo
Boris Beiler
Remi Malek fsociefy@gmail.com
Demetria Hostetler gallien@evilcorp.com
Nydia Mcduffie
Florencio Defibaugh
Warner Giblin
Bob Mans
Shu Gray
Kaycee Gray
Victorina Froehlich victory@gmail.com
Roseanne Gray
Erica Radford hisam@gmail.com
Elyse Pauling

=== Menu ===
1. Find a person
2. Print all people
0. Exit
> 0

Bye!
?[1;31m
Start test 2?[0m

=== Menu ===
1. Find a person
2. Print all people
0. Exit
> 1

Enter a name or email to search all suitable people.
> qwerty
No matching people found.

=== Menu ===
1. Find a person
2. Print all people
0. Exit
> 0

Bye!
?[1;31m
Start test 3?[0m

=== Menu ===
1. Find a person
2. Print all people
0. Exit
> 1

Enter a name or email to search all suitable people.
> Leopold

3 persons found:
Yer Leopold
Alexis Leopold
Drema Leopold

=== Menu ===
1. Find a person
2. Print all people
0. Exit
> 0

Bye!
?[1;31m
Start test 4?[0m

=== Menu ===
1. Find a person
2. Print all people
0. Exit
> 3

Incorrect option! Try again!

=== Menu ===
1. Find a person
2. Print all people
0. Exit
> 1

Enter a name or email to search all suitable people.
> Bob

5 persons found:
Bob Yeh bobyeah@gmail.com
Shannan Bob stropeshah@gmail.com
Carlene Bob
Agripina Bob
Bob Mans

=== Menu ===
1. Find a person
2. Print all people
0. Exit
> 2

=== List of people ===
Kristofer Galley
Fernando Marbury fernando_marbury@gmail.com
Kristyn Nix nix-kris@gmail.com
Regenia Enderle
Malena Gray
Colette Mattei
Wendolyn Mcphillips
Jim Gray
Coreen Beckham
Bob Yeh bobyeah@gmail.com
Shannan Bob stropeshah@gmail.com
Yer Fillion
Margene Resendez marres@gmail.com
Blossom Ambler
Teri Ledet teri_ledet@gmail.com
Dana Baron baron@gmail.com
Abram Goldsberry
Yer Leopold
Stefania Trunzo
Alexis Leopold
Carlene Bob
Oliver Dacruz
Jonie Richter
Pasquale Gallien gallien@evilcorp.com
Verdie Gentle
Gerardo Strouth gallien@evilcorp.com
Agripina Bob
Latricia Niebuhr
Malena Schommer
Drema Leopold
Heide Payeur
Ranae Digiovanni
Simona Pereira
Nick Digiovanni
Angelita Wigington gallien@evilcorp.com
Elin Gray
Dwain Trunzo
Boris Beiler
Remi Malek fsociefy@gmail.com
Demetria Hostetler gallien@evilcorp.com
Nydia Mcduffie
Florencio Defibaugh
Warner Giblin
Bob Mans
Shu Gray
Kaycee Gray
Victorina Froehlich victory@gmail.com
Roseanne Gray
Erica Radford hisam@gmail.com
Elyse Pauling

=== Menu ===
1. Find a person
2. Print all people
0. Exit
> 2

=== List of people ===
Kristofer Galley
Fernando Marbury fernando_marbury@gmail.com
Kristyn Nix nix-kris@gmail.com
Regenia Enderle
Malena Gray
Colette Mattei
Wendolyn Mcphillips
Jim Gray
Coreen Beckham
Bob Yeh bobyeah@gmail.com
Shannan Bob stropeshah@gmail.com
Yer Fillion
Margene Resendez marres@gmail.com
Blossom Ambler
Teri Ledet teri_ledet@gmail.com
Dana Baron baron@gmail.com
Abram Goldsberry
Yer Leopold
Stefania Trunzo
Alexis Leopold
Carlene Bob
Oliver Dacruz
Jonie Richter
Pasquale Gallien gallien@evilcorp.com
Verdie Gentle
Gerardo Strouth gallien@evilcorp.com
Agripina Bob
Latricia Niebuhr
Malena Schommer
Drema Leopold
Heide Payeur
Ranae Digiovanni
Simona Pereira
Nick Digiovanni
Angelita Wigington gallien@evilcorp.com
Elin Gray
Dwain Trunzo
Boris Beiler
Remi Malek fsociefy@gmail.com
Demetria Hostetler gallien@evilcorp.com
Nydia Mcduffie
Florencio Defibaugh
Warner Giblin
Bob Mans
Shu Gray
Kaycee Gray
Victorina Froehlich victory@gmail.com
Roseanne Gray
Erica Radford hisam@gmail.com
Elyse Pauling

=== Menu ===
1. Find a person
2. Print all people
0. Exit
> 1

Enter a name or email to search all suitable people.
> Leopold

3 persons found:
Yer Leopold
Alexis Leopold
Drema Leopold

=== Menu ===
1. Find a person
2. Print all people
0. Exit
> 0

Bye!
?[1;31m
Start test 5?[0m

=== Menu ===
1. Find a person
2. Print all people
0. Exit
> 1

Enter a name or email to search all suitable people.
> @
]]></system-out>
  <system-err><![CDATA[]]></system-err>
</testsuite>
