<?xml version="1.0" encoding="UTF-8"?>
<testsuite name="CalculatorTest" tests="1" skipped="0" failures="0" errors="0" timestamp="2022-08-12T07:02:35" hostname="LUKASZ" time="30.935">
  <properties/>
  <testcase name="start" classname="CalculatorTest" time="30.935"/>
  <system-out><![CDATA[?[1;31m
Start test 1?[0m
?[1;31m
Start test 2?[0m
1
2
3
4
5
6
7
8
9
0
+
-
*
/
?[1;31m
Start test 3?[0m
1
+
1
=
9
+
1
=
9
9
9
9
+
1
=
5
9
9
+
6
9
9
=
?[1;31m
Start test 4?[0m
1
-
1
=
9
9
-
1
=
1
2
-
7
=
?[1;31m
Start test 5?[0m
1
*
1
=
9
9
*
3
=
1
2
*
0
=
2
4
3
*
1
3
=
?[1;31m
Start test 6?[0m
1
/
1
=
9
/
3
=
8
1
/
9
=
]]></system-out>
  <system-err><![CDATA[]]></system-err>
</testsuite>
