<?xml version="1.0" encoding="UTF-8"?>
<testsuite name="CalculatorTest" tests="1" skipped="0" failures="0" errors="0" timestamp="2022-08-18T12:52:26" hostname="LUKASZ" time="52.356">
  <properties/>
  <testcase name="start" classname="CalculatorTest" time="52.356"/>
  <system-out><![CDATA[?[1;31m
Start test 1?[0m
?[1;31m
Start test 2?[0m
?[1;31m
Start test 3?[0m
?[1;31m
Start test 4?[0m
[10.0]
[-98.0]
[4.5]
[0.0]
[9.0]
?[1;31m
Start test 5?[0m
[6.0, +, 4]
[10.0]
[-15.0, +, 5]
[-10.0]
[4.5, ×, 8]
[36.0]
[2, +, 3, -, 30.0]
[5.0, -, 30.0]
[-25.0]
[16, +, 9, -, 1.4]
[25.0, -, 1.4]
[23.6]
[25, +, 3.0, -, 8, ×, 8]
[25, +, 3.0, -, 64.0]
[28.0, -, 64.0]
[-36.0]
[3.8, ×, 3.0, ×, 5]
[11.399999999999999, ×, 5]
[56.99999999999999]
[4.0, ×, 12, ÷, 2.4]
[4.0, ×, 5.0]
[20.0]
?[1;31m
Start test 6?[0m
[2.0]
?[1;31m
Start test 7?[0m
]]></system-out>
  <system-err><![CDATA[]]></system-err>
</testsuite>
