<?xml version="1.0" encoding="UTF-8"?>
<testsuite name="FlashcardsTest" tests="1" skipped="0" failures="1" errors="0" timestamp="2022-08-05T17:27:34" hostname="LUKASZ" time="1.709">
  <properties/>
  <testcase name="start" classname="FlashcardsTest" time="1.709">
    <failure message="java.lang.AssertionError: Wrong answer in test #17&#10;&#10;Your program did not save a file after exiting&#10;&#10;Please find below the output of your program during this failed test.&#10;Note that the '&gt;' character indicates the beginning of the input line.&#10;&#10;---&#10;&#10;Arguments: -export fridayThe13th.txt&#10;&#10;Input the action (add, remove, import, export, ask, exit, log, hardest card, reset stats):&#10;&gt; hardest card&#10;There are no cards with errors.&#10;&#10;Input the action (add, remove, import, export, ask, exit, log, hardest card, reset stats):&#10;&gt; add&#10;The card:&#10;&gt; Movie&#10;The definition of the card:&#10;&gt; A recorded sequence of images displayed on a screen at a rate sufficiently fast&#10;The pair (&quot;Movie&quot;:&quot;A recorded sequence of images displayed on a screen at a rate sufficiently fast&quot;) has been added.&#10;&#10;Input the action (add, remove, import, export, ask, exit, log, hardest card, reset stats):&#10;&gt; exit&#10;Bye Bye!" type="java.lang.AssertionError">java.lang.AssertionError: Wrong answer in test #17

Your program did not save a file after exiting

Please find below the output of your program during this failed test.
Note that the '&gt;' character indicates the beginning of the input line.

---

Arguments: -export fridayThe13th.txt

Input the action (add, remove, import, export, ask, exit, log, hardest card, reset stats):
&gt; hardest card
There are no cards with errors.

Input the action (add, remove, import, export, ask, exit, log, hardest card, reset stats):
&gt; add
The card:
&gt; Movie
The definition of the card:
&gt; A recorded sequence of images displayed on a screen at a rate sufficiently fast
The pair (&quot;Movie&quot;:&quot;A recorded sequence of images displayed on a screen at a rate sufficiently fast&quot;) has been added.

Input the action (add, remove, import, export, ask, exit, log, hardest card, reset stats):
&gt; exit
Bye Bye!
	at org.junit.Assert.fail(Assert.java:88)
	at org.hyperskill.hstest.stage.StageTest.start(StageTest.java:155)
	at java.base/jdk.internal.reflect.NativeMethodAccessorImpl.invoke0(Native Method)
	at java.base/jdk.internal.reflect.NativeMethodAccessorImpl.invoke(NativeMethodAccessorImpl.java:77)
	at java.base/jdk.internal.reflect.DelegatingMethodAccessorImpl.invoke(DelegatingMethodAccessorImpl.java:43)
	at java.base/java.lang.reflect.Method.invoke(Method.java:568)
	at org.junit.runners.model.FrameworkMethod$1.runReflectiveCall(FrameworkMethod.java:50)
	at org.junit.internal.runners.model.ReflectiveCallable.run(ReflectiveCallable.java:12)
	at org.junit.runners.model.FrameworkMethod.invokeExplosively(FrameworkMethod.java:47)
	at org.junit.internal.runners.statements.InvokeMethod.evaluate(InvokeMethod.java:17)
	at org.junit.runners.ParentRunner.runLeaf(ParentRunner.java:325)
	at org.junit.runners.BlockJUnit4ClassRunner.runChild(BlockJUnit4ClassRunner.java:78)
	at org.junit.runners.BlockJUnit4ClassRunner.runChild(BlockJUnit4ClassRunner.java:57)
	at org.junit.runners.ParentRunner$3.run(ParentRunner.java:290)
	at org.junit.runners.ParentRunner$1.schedule(ParentRunner.java:71)
	at org.junit.runners.ParentRunner.runChildren(ParentRunner.java:288)
	at org.junit.runners.ParentRunner.access$000(ParentRunner.java:58)
	at org.junit.runners.ParentRunner$2.evaluate(ParentRunner.java:268)
	at org.junit.internal.runners.statements.RunBefores.evaluate(RunBefores.java:26)
	at org.junit.internal.runners.statements.RunAfters.evaluate(RunAfters.java:27)
	at org.junit.runners.ParentRunner.run(ParentRunner.java:363)
	at org.gradle.api.internal.tasks.testing.junit.JUnitTestClassExecutor.runTestClass(JUnitTestClassExecutor.java:110)
	at org.gradle.api.internal.tasks.testing.junit.JUnitTestClassExecutor.execute(JUnitTestClassExecutor.java:58)
	at org.gradle.api.internal.tasks.testing.junit.JUnitTestClassExecutor.execute(JUnitTestClassExecutor.java:38)
	at org.gradle.api.internal.tasks.testing.junit.AbstractJUnitTestClassProcessor.processTestClass(AbstractJUnitTestClassProcessor.java:62)
	at org.gradle.api.internal.tasks.testing.SuiteTestClassProcessor.processTestClass(SuiteTestClassProcessor.java:51)
	at java.base/jdk.internal.reflect.NativeMethodAccessorImpl.invoke0(Native Method)
	at java.base/jdk.internal.reflect.NativeMethodAccessorImpl.invoke(NativeMethodAccessorImpl.java:77)
	at java.base/jdk.internal.reflect.DelegatingMethodAccessorImpl.invoke(DelegatingMethodAccessorImpl.java:43)
	at java.base/java.lang.reflect.Method.invoke(Method.java:568)
	at org.gradle.internal.dispatch.ReflectionDispatch.dispatch(ReflectionDispatch.java:36)
	at org.gradle.internal.dispatch.ReflectionDispatch.dispatch(ReflectionDispatch.java:24)
	at org.gradle.internal.dispatch.ContextClassLoaderDispatch.dispatch(ContextClassLoaderDispatch.java:33)
	at org.gradle.internal.dispatch.ProxyDispatchAdapter$DispatchingInvocationHandler.invoke(ProxyDispatchAdapter.java:94)
	at jdk.proxy1/jdk.proxy1.$Proxy2.processTestClass(Unknown Source)
	at org.gradle.api.internal.tasks.testing.worker.TestWorker$2.run(TestWorker.java:176)
	at org.gradle.api.internal.tasks.testing.worker.TestWorker.executeAndMaintainThreadName(TestWorker.java:129)
	at org.gradle.api.internal.tasks.testing.worker.TestWorker.execute(TestWorker.java:100)
	at org.gradle.api.internal.tasks.testing.worker.TestWorker.execute(TestWorker.java:60)
	at org.gradle.process.internal.worker.child.ActionExecutionWorker.execute(ActionExecutionWorker.java:56)
	at org.gradle.process.internal.worker.child.SystemApplicationClassLoaderWorker.call(SystemApplicationClassLoaderWorker.java:133)
	at org.gradle.process.internal.worker.child.SystemApplicationClassLoaderWorker.call(SystemApplicationClassLoaderWorker.java:71)
	at worker.org.gradle.process.internal.worker.GradleWorkerMain.run(GradleWorkerMain.java:69)
	at worker.org.gradle.process.internal.worker.GradleWorkerMain.main(GradleWorkerMain.java:74)
</failure>
  </testcase>
  <system-out><![CDATA[?[1;31m
Start test 1?[0m

Input the action (add, remove, import, export, ask, exit, log, hardest card, reset stats):
> exit
Bye Bye!
?[1;31m
Start test 2?[0m

Input the action (add, remove, import, export, ask, exit, log, hardest card, reset stats):
> add
The card:
> France
The definition of the card:
> Paris
The pair ("France":"Paris") has been added.

Input the action (add, remove, import, export, ask, exit, log, hardest card, reset stats):
> add
The card:
> France
The card "France" already exists.

Input the action (add, remove, import, export, ask, exit, log, hardest card, reset stats):
> add
The card:
> Great Britain
The definition of the card:
> Paris
The definition "Paris" already exists.

Input the action (add, remove, import, export, ask, exit, log, hardest card, reset stats):
> exit
Bye Bye!
?[1;31m
Start test 3?[0m

Input the action (add, remove, import, export, ask, exit, log, hardest card, reset stats):
> add
The card:
> France
The definition of the card:
> Paris
The pair ("France":"Paris") has been added.

Input the action (add, remove, import, export, ask, exit, log, hardest card, reset stats):
> add
The card:
> Japan
The definition of the card:
> Tokyo
The pair ("Japan":"Tokyo") has been added.

Input the action (add, remove, import, export, ask, exit, log, hardest card, reset stats):
> add
The card:
> Great Britain
The definition of the card:
> London
The pair ("Great Britain":"London") has been added.

Input the action (add, remove, import, export, ask, exit, log, hardest card, reset stats):
> remove
Which card?
> Japan
The card has been removed.

Input the action (add, remove, import, export, ask, exit, log, hardest card, reset stats):
> remove
Which card?
> Wakanda
Can't remove "Wakanda": there is no such card.

Input the action (add, remove, import, export, ask, exit, log, hardest card, reset stats):
> remove
Which card?
> Tokyo
Can't remove "Tokyo": there is no such card.

Input the action (add, remove, import, export, ask, exit, log, hardest card, reset stats):
> exit
Bye Bye!
?[1;31m
Start test 4?[0m

Input the action (add, remove, import, export, ask, exit, log, hardest card, reset stats):
> add
The card:
> Japan
The definition of the card:
> Tokyo
The pair ("Japan":"Tokyo") has been added.

Input the action (add, remove, import, export, ask, exit, log, hardest card, reset stats):
> add
The card:
> France
The definition of the card:
> Paris
The pair ("France":"Paris") has been added.

Input the action (add, remove, import, export, ask, exit, log, hardest card, reset stats):
> export
File name:
> capitals.txt
2 cards have been saved.

Input the action (add, remove, import, export, ask, exit, log, hardest card, reset stats):
> exit
Bye Bye!
?[1;31m
Start test 5?[0m

Input the action (add, remove, import, export, ask, exit, log, hardest card, reset stats):
> add
The card:
> Canada
The definition of the card:
> Ottawa
The pair ("Canada":"Ottawa") has been added.

Input the action (add, remove, import, export, ask, exit, log, hardest card, reset stats):
> add
The card:
> Netherlands
The definition of the card:
> Amsterdam
The pair ("Netherlands":"Amsterdam") has been added.

Input the action (add, remove, import, export, ask, exit, log, hardest card, reset stats):
> add
The card:
> Russia
The definition of the card:
> Moscow
The pair ("Russia":"Moscow") has been added.

Input the action (add, remove, import, export, ask, exit, log, hardest card, reset stats):
> add
The card:
> United Kingdom
The definition of the card:
> London
The pair ("United Kingdom":"London") has been added.

Input the action (add, remove, import, export, ask, exit, log, hardest card, reset stats):
> add
The card:
> Nigeria
The definition of the card:
> Abuja
The pair ("Nigeria":"Abuja") has been added.

Input the action (add, remove, import, export, ask, exit, log, hardest card, reset stats):
> add
The card:
> Germany
The definition of the card:
> Berlin
The pair ("Germany":"Berlin") has been added.

Input the action (add, remove, import, export, ask, exit, log, hardest card, reset stats):
> export
File name:
> capitalsNew.txt
6 cards have been saved.

Input the action (add, remove, import, export, ask, exit, log, hardest card, reset stats):
> exit
Bye Bye!
?[1;31m
Start test 6?[0m

Input the action (add, remove, import, export, ask, exit, log, hardest card, reset stats):
> import
File name:
> ghost_file.txt
File not found.

Input the action (add, remove, import, export, ask, exit, log, hardest card, reset stats):
> import
File name:
> capitals.txt
2 cards have been loaded.

Input the action (add, remove, import, export, ask, exit, log, hardest card, reset stats):
> remove
Which card?
> Japan
The card has been removed.

Input the action (add, remove, import, export, ask, exit, log, hardest card, reset stats):
> export
File name:
> capitals.txt
1 cards have been saved.

Input the action (add, remove, import, export, ask, exit, log, hardest card, reset stats):
> import
File name:
> capitalsNew.txt
6 cards have been loaded.

Input the action (add, remove, import, export, ask, exit, log, hardest card, reset stats):
> export
File name:
> capitalsNew.txt
7 cards have been saved.

Input the action (add, remove, import, export, ask, exit, log, hardest card, reset stats):
> exit
Bye Bye!
?[1;31m
Start test 7?[0m

Input the action (add, remove, import, export, ask, exit, log, hardest card, reset stats):
> add
The card:
> France
The definition of the card:
> Eiffel Tower
The pair ("France":"Eiffel Tower") has been added.

Input the action (add, remove, import, export, ask, exit, log, hardest card, reset stats):
> import
File name:
> capitals.txt
1 cards have been loaded.

Input the action (add, remove, import, export, ask, exit, log, hardest card, reset stats):
> ask
How many times to ask?
> 1
Print the definition of "France":
> Eiffel Tower
Wrong. The right answer is "Paris".

Input the action (add, remove, import, export, ask, exit, log, hardest card, reset stats):
> ask
How many times to ask?
> 1
Print the definition of "France":
> Paris
Correct!

Input the action (add, remove, import, export, ask, exit, log, hardest card, reset stats):
> exit
Bye Bye!
?[1;31m
Start test 8?[0m

Input the action (add, remove, import, export, ask, exit, log, hardest card, reset stats):
> add
The card:
> print()
The definition of the card:
> outputs text
The pair ("print()":"outputs text") has been added.

Input the action (add, remove, import, export, ask, exit, log, hardest card, reset stats):
> add
The card:
> str()
The definition of the card:
> converts to a string
The pair ("str()":"converts to a string") has been added.

Input the action (add, remove, import, export, ask, exit, log, hardest card, reset stats):
> add
The card:
> son
The definition of the card:
> a male child
The pair ("son":"a male child") has been added.

Input the action (add, remove, import, export, ask, exit, log, hardest card, reset stats):
> add
The card:
> daughter
The definition of the card:
> a female child
The pair ("daughter":"a female child") has been added.

Input the action (add, remove, import, export, ask, exit, log, hardest card, reset stats):
> add
The card:
> uncle
The definition of the card:
> a brother of one's parent
The pair ("uncle":"a brother of one's parent") has been added.

Input the action (add, remove, import, export, ask, exit, log, hardest card, reset stats):
> add
The card:
> ankle
The definition of the card:
> a part of the body where the foot and the leg meet
The pair ("ankle":"a part of the body where the foot and the leg meet") has been added.

Input the action (add, remove, import, export, ask, exit, log, hardest card, reset stats):
> ask
How many times to ask?
> 6
Print the definition of "print()":
> outputs text
Correct!
Print the definition of "str()":
> converts to a string
Correct!
Print the definition of "son":
> a male child
Correct!
Print the definition of "daughter":
> a female child
Correct!
Print the definition of "uncle":
> a brother of one's parent
Correct!
Print the definition of "ankle":
> a part of the body where the foot and the leg meet
Correct!

Input the action (add, remove, import, export, ask, exit, log, hardest card, reset stats):
> exit
Bye Bye!
?[1;31m
Start test 9?[0m

Input the action (add, remove, import, export, ask, exit, log, hardest card, reset stats):
> add
The card:
> print()
The definition of the card:
> outputs text
The pair ("print()":"outputs text") has been added.

Input the action (add, remove, import, export, ask, exit, log, hardest card, reset stats):
> add
The card:
> str()
The definition of the card:
> converts to a string
The pair ("str()":"converts to a string") has been added.

Input the action (add, remove, import, export, ask, exit, log, hardest card, reset stats):
> add
The card:
> son
The definition of the card:
> a male child
The pair ("son":"a male child") has been added.

Input the action (add, remove, import, export, ask, exit, log, hardest card, reset stats):
> add
The card:
> daughter
The definition of the card:
> a female child
The pair ("daughter":"a female child") has been added.

Input the action (add, remove, import, export, ask, exit, log, hardest card, reset stats):
> add
The card:
> uncle
The definition of the card:
> a brother of one's parent
The pair ("uncle":"a brother of one's parent") has been added.

Input the action (add, remove, import, export, ask, exit, log, hardest card, reset stats):
> add
The card:
> ankle
The definition of the card:
> a part of the body where the foot and the leg meet
The pair ("ankle":"a part of the body where the foot and the leg meet") has been added.

Input the action (add, remove, import, export, ask, exit, log, hardest card, reset stats):
> ask
How many times to ask?
> 6
Print the definition of "print()":
> outputs text line by line
Wrong. The right answer is "outputs text".
Print the definition of "str()":
> converts to a string and an integer
Wrong. The right answer is "converts to a string".
Print the definition of "son":
> a male child or a female child
Wrong. The right answer is "a male child".
Print the definition of "daughter":
> a female child or a male child
Wrong. The right answer is "a female child".
Print the definition of "uncle":
> a brother of one's parent or grandparents
Wrong. The right answer is "a brother of one's parent".
Print the definition of "ankle":
> a part of the body where the foot and the leg meet or the arm
Wrong. The right answer is "a part of the body where the foot and the leg meet".

Input the action (add, remove, import, export, ask, exit, log, hardest card, reset stats):
> exit
Bye Bye!
?[1;31m
Start test 10?[0m

Input the action (add, remove, import, export, ask, exit, log, hardest card, reset stats):
> add
The card:
> print()
The definition of the card:
> outputs text
The pair ("print()":"outputs text") has been added.

Input the action (add, remove, import, export, ask, exit, log, hardest card, reset stats):
> add
The card:
> str()
The definition of the card:
> converts to a string
The pair ("str()":"converts to a string") has been added.

Input the action (add, remove, import, export, ask, exit, log, hardest card, reset stats):
> add
The card:
> son
The definition of the card:
> a male child
The pair ("son":"a male child") has been added.

Input the action (add, remove, import, export, ask, exit, log, hardest card, reset stats):
> add
The card:
> daughter
The definition of the card:
> a female child
The pair ("daughter":"a female child") has been added.

Input the action (add, remove, import, export, ask, exit, log, hardest card, reset stats):
> add
The card:
> uncle
The definition of the card:
> a brother of one's parent
The pair ("uncle":"a brother of one's parent") has been added.

Input the action (add, remove, import, export, ask, exit, log, hardest card, reset stats):
> add
The card:
> ankle
The definition of the card:
> a part of the body where the foot and the leg meet
The pair ("ankle":"a part of the body where the foot and the leg meet") has been added.

Input the action (add, remove, import, export, ask, exit, log, hardest card, reset stats):
> ask
How many times to ask?
> 6
Print the definition of "print()":
> converts to a string
Wrong. The right answer is "outputs text", but your definition is correct for "str()" card.
Print the definition of "str()":
> a male child
Wrong. The right answer is "converts to a string", but your definition is correct for "son" card.
Print the definition of "son":
> a female child
Wrong. The right answer is "a male child", but your definition is correct for "daughter" card.
Print the definition of "daughter":
> a brother of one's parent
Wrong. The right answer is "a female child", but your definition is correct for "uncle" card.
Print the definition of "uncle":
> a part of the body where the foot and the leg meet
Wrong. The right answer is "a brother of one's parent", but your definition is correct for "ankle" card.
Print the definition of "ankle":
> a brother of one's parent
Wrong. The right answer is "a part of the body where the foot and the leg meet", but your definition is correct for "uncle" card.

Input the action (add, remove, import, export, ask, exit, log, hardest card, reset stats):
> exit
Bye Bye!
?[1;31m
Start test 11?[0m

Input the action (add, remove, import, export, ask, exit, log, hardest card, reset stats):
> hardest card
There are no cards with errors.

Input the action (add, remove, import, export, ask, exit, log, hardest card, reset stats):
> add
The card:
> France
The definition of the card:
> Paris
The pair ("France":"Paris") has been added.

Input the action (add, remove, import, export, ask, exit, log, hardest card, reset stats):
> ask
How many times to ask?
> 1
Print the definition of "France":
> Eiffel Tower
Wrong. The right answer is "Paris".

Input the action (add, remove, import, export, ask, exit, log, hardest card, reset stats):
> ask
How many times to ask?
> 1
Print the definition of "France":
> Lyon
Wrong. The right answer is "Paris".

Input the action (add, remove, import, export, ask, exit, log, hardest card, reset stats):
> hardest card
The hardest card is "France". You have 2 errors answering it.

Input the action (add, remove, import, export, ask, exit, log, hardest card, reset stats):
> export
File name:
> capitals.txt
1 cards have been saved.

Input the action (add, remove, import, export, ask, exit, log, hardest card, reset stats):
> exit
Bye Bye!
?[1;31m
Start test 12?[0m

Input the action (add, remove, import, export, ask, exit, log, hardest card, reset stats):
> add
The card:
> Russia
The definition of the card:
> Moscow
The pair ("Russia":"Moscow") has been added.

Input the action (add, remove, import, export, ask, exit, log, hardest card, reset stats):
> ask
How many times to ask?
> 1
Print the definition of "Russia":
> Saint Petersburg
Wrong. The right answer is "Moscow".

Input the action (add, remove, import, export, ask, exit, log, hardest card, reset stats):
> ask
How many times to ask?
> 1
Print the definition of "Russia":
> Saint Petersburg
Wrong. The right answer is "Moscow".

Input the action (add, remove, import, export, ask, exit, log, hardest card, reset stats):
> ask
How many times to ask?
> 1
Print the definition of "Russia":
> Saint Petersburg
Wrong. The right answer is "Moscow".

Input the action (add, remove, import, export, ask, exit, log, hardest card, reset stats):
> hardest card
The hardest card is "Russia". You have 3 errors answering it.

Input the action (add, remove, import, export, ask, exit, log, hardest card, reset stats):
> export
File name:
> capitalsNew.txt
1 cards have been saved.

Input the action (add, remove, import, export, ask, exit, log, hardest card, reset stats):
> exit
Bye Bye!
?[1;31m
Start test 13?[0m

Input the action (add, remove, import, export, ask, exit, log, hardest card, reset stats):
> import
File name:
> capitals.txt
1 cards have been loaded.

Input the action (add, remove, import, export, ask, exit, log, hardest card, reset stats):
> import
File name:
> capitalsNew.txt
1 cards have been loaded.

Input the action (add, remove, import, export, ask, exit, log, hardest card, reset stats):
> hardest card
The hardest card is "Russia". You have 3 errors answering it.

Input the action (add, remove, import, export, ask, exit, log, hardest card, reset stats):
> exit
Bye Bye!
?[1;31m
Start test 14?[0m

Input the action (add, remove, import, export, ask, exit, log, hardest card, reset stats):
> import
File name:
> capitals.txt
1 cards have been loaded.

Input the action (add, remove, import, export, ask, exit, log, hardest card, reset stats):
> ask
How many times to ask?
> 1
Print the definition of "France":
> Lyon
Wrong. The right answer is "Paris".

Input the action (add, remove, import, export, ask, exit, log, hardest card, reset stats):
> import
File name:
> capitalsNew.txt
1 cards have been loaded.

Input the action (add, remove, import, export, ask, exit, log, hardest card, reset stats):
> hardest card
The hardest cards are "France", "Russia". You have 3 errors answering them.

Input the action (add, remove, import, export, ask, exit, log, hardest card, reset stats):
> exit
Bye Bye!
?[1;31m
Start test 15?[0m

Input the action (add, remove, import, export, ask, exit, log, hardest card, reset stats):
> hardest card
There are no cards with errors.

Input the action (add, remove, import, export, ask, exit, log, hardest card, reset stats):
> import
File name:
> capitals.txt
1 cards have been loaded.

Input the action (add, remove, import, export, ask, exit, log, hardest card, reset stats):
> hardest card
The hardest card is "France". You have 2 errors answering it.

Input the action (add, remove, import, export, ask, exit, log, hardest card, reset stats):
> ask
How many times to ask?
> 1
Print the definition of "France":
> Tokyo
Wrong. The right answer is "Paris".

Input the action (add, remove, import, export, ask, exit, log, hardest card, reset stats):
> hardest card
The hardest card is "France". You have 3 errors answering it.

Input the action (add, remove, import, export, ask, exit, log, hardest card, reset stats):
> import
File name:
> capitalsNew.txt
1 cards have been loaded.

Input the action (add, remove, import, export, ask, exit, log, hardest card, reset stats):
> reset stats
Card statistics have been reset.

Input the action (add, remove, import, export, ask, exit, log, hardest card, reset stats):
> hardest card
There are no cards with errors.

Input the action (add, remove, import, export, ask, exit, log, hardest card, reset stats):
> exit
Bye Bye!
?[1;31m
Start test 16?[0m

Input the action (add, remove, import, export, ask, exit, log, hardest card, reset stats):
> hardest card
There are no cards with errors.

Input the action (add, remove, import, export, ask, exit, log, hardest card, reset stats):
> import
File name:
> capitals.txt
1 cards have been loaded.

Input the action (add, remove, import, export, ask, exit, log, hardest card, reset stats):
> hardest card
The hardest card is "France". You have 2 errors answering it.

Input the action (add, remove, import, export, ask, exit, log, hardest card, reset stats):
> ask
How many times to ask?
> 1
Print the definition of "France":
> Tokyo
Wrong. The right answer is "Paris".

Input the action (add, remove, import, export, ask, exit, log, hardest card, reset stats):
> hardest card
The hardest card is "France". You have 3 errors answering it.

Input the action (add, remove, import, export, ask, exit, log, hardest card, reset stats):
> reset stats
Card statistics have been reset.

Input the action (add, remove, import, export, ask, exit, log, hardest card, reset stats):
> hardest card
There are no cards with errors.

Input the action (add, remove, import, export, ask, exit, log, hardest card, reset stats):
> log
File name:
> todayLog.txt
The log has been saved.

Input the action (add, remove, import, export, ask, exit, log, hardest card, reset stats):
> exit
Bye Bye!
?[1;31m
Start test 17?[0m

Input the action (add, remove, import, export, ask, exit, log, hardest card, reset stats):
> hardest card
There are no cards with errors.

Input the action (add, remove, import, export, ask, exit, log, hardest card, reset stats):
> add
The card:
> Movie
The definition of the card:
> A recorded sequence of images displayed on a screen at a rate sufficiently fast
The pair ("Movie":"A recorded sequence of images displayed on a screen at a rate sufficiently fast") has been added.

Input the action (add, remove, import, export, ask, exit, log, hardest card, reset stats):
> exit
Bye Bye!
]]></system-out>
  <system-err><![CDATA[]]></system-err>
</testsuite>
