<?xml version="1.0" encoding="UTF-8"?>
<testsuite name="BudgetManagerTest" tests="1" skipped="0" failures="1" errors="0" timestamp="2022-08-07T16:57:44" hostname="LUKASZ" time="0.4">
  <properties/>
  <testcase name="start" classname="BudgetManagerTest" time="0.4">
    <failure message="java.lang.AssertionError: Exception in test #6&#10;&#10;java.lang.NumberFormatException: For input string: &quot;10 Gift Card&quot;&#13;&#10;&#9;at java.base/jdk.internal.math.FloatingDecimal.readJavaFormatString(FloatingDecimal.java:2054)&#13;&#10;&#9;at java.base/jdk.internal.math.FloatingDecimal.parseDouble(FloatingDecimal.java:110)&#13;&#10;&#9;at java.base/java.lang.Double.parseDouble(Double.java:651)&#13;&#10;&#9;at budget.Main.loadFile(Main.java:253)&#13;&#10;&#9;at budget.Main.play(Main.java:45)&#13;&#10;&#9;at budget.Main.main(Main.java:15)&#10;&#10;Please find below the output of your program during this failed test.&#10;Note that the '&gt;' character indicates the beginning of the input line.&#10;&#10;---&#10;&#10;Choose your action:&#10;1) Add income&#10;2) Add purchase&#10;3) Show list of purchases&#10;4) Balance&#10;5) Save&#10;6) Load&#10;0) Exit&#10;&gt; 6" type="java.lang.AssertionError">java.lang.AssertionError: Exception in test #6

java.lang.NumberFormatException: For input string: &quot;10 Gift Card&quot;
	at java.base/jdk.internal.math.FloatingDecimal.readJavaFormatString(FloatingDecimal.java:2054)
	at java.base/jdk.internal.math.FloatingDecimal.parseDouble(FloatingDecimal.java:110)
	at java.base/java.lang.Double.parseDouble(Double.java:651)
	at budget.Main.loadFile(Main.java:253)
	at budget.Main.play(Main.java:45)
	at budget.Main.main(Main.java:15)

Please find below the output of your program during this failed test.
Note that the '&gt;' character indicates the beginning of the input line.

---

Choose your action:
1) Add income
2) Add purchase
3) Show list of purchases
4) Balance
5) Save
6) Load
0) Exit
&gt; 6
	at org.junit.Assert.fail(Assert.java:88)
	at org.hyperskill.hstest.stage.StageTest.start(StageTest.java:155)
	at java.base/jdk.internal.reflect.NativeMethodAccessorImpl.invoke0(Native Method)
	at java.base/jdk.internal.reflect.NativeMethodAccessorImpl.invoke(NativeMethodAccessorImpl.java:77)
	at java.base/jdk.internal.reflect.DelegatingMethodAccessorImpl.invoke(DelegatingMethodAccessorImpl.java:43)
	at java.base/java.lang.reflect.Method.invoke(Method.java:568)
	at org.junit.runners.model.FrameworkMethod$1.runReflectiveCall(FrameworkMethod.java:50)
	at org.junit.internal.runners.model.ReflectiveCallable.run(ReflectiveCallable.java:12)
	at org.junit.runners.model.FrameworkMethod.invokeExplosively(FrameworkMethod.java:47)
	at org.junit.internal.runners.statements.InvokeMethod.evaluate(InvokeMethod.java:17)
	at org.junit.runners.ParentRunner.runLeaf(ParentRunner.java:325)
	at org.junit.runners.BlockJUnit4ClassRunner.runChild(BlockJUnit4ClassRunner.java:78)
	at org.junit.runners.BlockJUnit4ClassRunner.runChild(BlockJUnit4ClassRunner.java:57)
	at org.junit.runners.ParentRunner$3.run(ParentRunner.java:290)
	at org.junit.runners.ParentRunner$1.schedule(ParentRunner.java:71)
	at org.junit.runners.ParentRunner.runChildren(ParentRunner.java:288)
	at org.junit.runners.ParentRunner.access$000(ParentRunner.java:58)
	at org.junit.runners.ParentRunner$2.evaluate(ParentRunner.java:268)
	at org.junit.runners.ParentRunner.run(ParentRunner.java:363)
	at org.gradle.api.internal.tasks.testing.junit.JUnitTestClassExecutor.runTestClass(JUnitTestClassExecutor.java:110)
	at org.gradle.api.internal.tasks.testing.junit.JUnitTestClassExecutor.execute(JUnitTestClassExecutor.java:58)
	at org.gradle.api.internal.tasks.testing.junit.JUnitTestClassExecutor.execute(JUnitTestClassExecutor.java:38)
	at org.gradle.api.internal.tasks.testing.junit.AbstractJUnitTestClassProcessor.processTestClass(AbstractJUnitTestClassProcessor.java:62)
	at org.gradle.api.internal.tasks.testing.SuiteTestClassProcessor.processTestClass(SuiteTestClassProcessor.java:51)
	at java.base/jdk.internal.reflect.NativeMethodAccessorImpl.invoke0(Native Method)
	at java.base/jdk.internal.reflect.NativeMethodAccessorImpl.invoke(NativeMethodAccessorImpl.java:77)
	at java.base/jdk.internal.reflect.DelegatingMethodAccessorImpl.invoke(DelegatingMethodAccessorImpl.java:43)
	at java.base/java.lang.reflect.Method.invoke(Method.java:568)
	at org.gradle.internal.dispatch.ReflectionDispatch.dispatch(ReflectionDispatch.java:36)
	at org.gradle.internal.dispatch.ReflectionDispatch.dispatch(ReflectionDispatch.java:24)
	at org.gradle.internal.dispatch.ContextClassLoaderDispatch.dispatch(ContextClassLoaderDispatch.java:33)
	at org.gradle.internal.dispatch.ProxyDispatchAdapter$DispatchingInvocationHandler.invoke(ProxyDispatchAdapter.java:94)
	at jdk.proxy1/jdk.proxy1.$Proxy2.processTestClass(Unknown Source)
	at org.gradle.api.internal.tasks.testing.worker.TestWorker$2.run(TestWorker.java:176)
	at org.gradle.api.internal.tasks.testing.worker.TestWorker.executeAndMaintainThreadName(TestWorker.java:129)
	at org.gradle.api.internal.tasks.testing.worker.TestWorker.execute(TestWorker.java:100)
	at org.gradle.api.internal.tasks.testing.worker.TestWorker.execute(TestWorker.java:60)
	at org.gradle.process.internal.worker.child.ActionExecutionWorker.execute(ActionExecutionWorker.java:56)
	at org.gradle.process.internal.worker.child.SystemApplicationClassLoaderWorker.call(SystemApplicationClassLoaderWorker.java:133)
	at org.gradle.process.internal.worker.child.SystemApplicationClassLoaderWorker.call(SystemApplicationClassLoaderWorker.java:71)
	at worker.org.gradle.process.internal.worker.GradleWorkerMain.run(GradleWorkerMain.java:69)
	at worker.org.gradle.process.internal.worker.GradleWorkerMain.main(GradleWorkerMain.java:74)
</failure>
  </testcase>
  <system-out><![CDATA[?[1;31m
Start test 1?[0m

Choose your action:
1) Add income
2) Add purchase
3) Show list of purchases
4) Balance
5) Save
6) Load
0) Exit
> 0

Bye!
?[1;31m
Start test 2?[0m

Choose your action:
1) Add income
2) Add purchase
3) Show list of purchases
4) Balance
5) Save
6) Load
0) Exit
> 0

Bye!
?[1;31m
Start test 3?[0m

Choose your action:
1) Add income
2) Add purchase
3) Show list of purchases
4) Balance
5) Save
6) Load
0) Exit
> 4

Balance: $0.00

Choose your action:
1) Add income
2) Add purchase
3) Show list of purchases
4) Balance
5) Save
6) Load
0) Exit
> 0

Bye!
?[1;31m
Start test 4?[0m

Choose your action:
1) Add income
2) Add purchase
3) Show list of purchases
4) Balance
5) Save
6) Load
0) Exit
> 1

Enter income:
> 400
Income was added!


Choose your action:
1) Add income
2) Add purchase
3) Show list of purchases
4) Balance
5) Save
6) Load
0) Exit
> 4

Balance: $400.00

Choose your action:
1) Add income
2) Add purchase
3) Show list of purchases
4) Balance
5) Save
6) Load
0) Exit
> 1

Enter income:
> 200
Income was added!


Choose your action:
1) Add income
2) Add purchase
3) Show list of purchases
4) Balance
5) Save
6) Load
0) Exit
> 4

Balance: $600.00

Choose your action:
1) Add income
2) Add purchase
3) Show list of purchases
4) Balance
5) Save
6) Load
0) Exit
> 0

Bye!
?[1;31m
Start test 5?[0m

Choose your action:
1) Add income
2) Add purchase
3) Show list of purchases
4) Balance
5) Save
6) Load
0) Exit
> 1

Enter income:
> 1000
Income was added!


Choose your action:
1) Add income
2) Add purchase
3) Show list of purchases
4) Balance
5) Save
6) Load
0) Exit
> 2

Choose the type of purchase
1) Food
2) Clothes
3) Entertainment
4) Other
5) Back
> 1

Enter purchase name:
> Almond 250g
Enter its price:
> 35.43
Purchase was added!

Choose the type of purchase
1) Food
2) Clothes
3) Entertainment
4) Other
5) Back
> 1

Enter purchase name:
> Milk
Enter its price:
> 3.50
Purchase was added!

Choose the type of purchase
1) Food
2) Clothes
3) Entertainment
4) Other
5) Back
> 1

Enter purchase name:
> Red Fuji Apple
Enter its price:
> 5.99
Purchase was added!

Choose the type of purchase
1) Food
2) Clothes
3) Entertainment
4) Other
5) Back
> 1

Enter purchase name:
> Eggs
Enter its price:
> 3.99
Purchase was added!

Choose the type of purchase
1) Food
2) Clothes
3) Entertainment
4) Other
5) Back
> 1

Enter purchase name:
> FIJI Natural Artesian Water
Enter its price:
> 25.98
Purchase was added!

Choose the type of purchase
1) Food
2) Clothes
3) Entertainment
4) Other
5) Back
> 1

Enter purchase name:
> Hershey's milk chocolate bars
Enter its price:
> 8.54
Purchase was added!

Choose the type of purchase
1) Food
2) Clothes
3) Entertainment
4) Other
5) Back
> 1

Enter purchase name:
> Great Value Broccoli Florets
Enter its price:
> 1.00
Purchase was added!

Choose the type of purchase
1) Food
2) Clothes
3) Entertainment
4) Other
5) Back
> 1

Enter purchase name:
> Keystone Ground Bee
Enter its price:
> 6.28
Purchase was added!

Choose the type of purchase
1) Food
2) Clothes
3) Entertainment
4) Other
5) Back
> 2

Enter purchase name:
> Gildan LT
Enter its price:
> 8.61
Purchase was added!

Choose the type of purchase
1) Food
2) Clothes
3) Entertainment
4) Other
5) Back
> 2

Enter purchase name:
> Men's Dual Defense Crew Socks 12 Pairs
Enter its price:
> 13.00
Purchase was added!

Choose the type of purchase
1) Food
2) Clothes
3) Entertainment
4) Other
5) Back
> 2

Enter purchase name:
> Wrangler Men's Stretch Cargo Pant
Enter its price:
> 19.97
Purchase was added!

Choose the type of purchase
1) Food
2) Clothes
3) Entertainment
4) Other
5) Back
> 3

Enter purchase name:
> LEGO DUPLO Town Farm Animals
Enter its price:
> 10.10
Purchase was added!

Choose the type of purchase
1) Food
2) Clothes
3) Entertainment
4) Other
5) Back
> 3

Enter purchase name:
> Cinema
Enter its price:
> 8.73
Purchase was added!

Choose the type of purchase
1) Food
2) Clothes
3) Entertainment
4) Other
5) Back
> 3

Enter purchase name:
> Skate rental
Enter its price:
> 30
Purchase was added!

Choose the type of purchase
1) Food
2) Clothes
3) Entertainment
4) Other
5) Back
> 4

Enter purchase name:
> Sensodyne Pronamel Toothpaste
Enter its price:
> 19.74
Purchase was added!

Choose the type of purchase
1) Food
2) Clothes
3) Entertainment
4) Other
5) Back
> 4

Enter purchase name:
> Chick-fil-A $10 Gift Card
Enter its price:
> 10
Purchase was added!

Choose the type of purchase
1) Food
2) Clothes
3) Entertainment
4) Other
5) Back
> 4

Enter purchase name:
> Debt
Enter its price:
> 3.50
Purchase was added!

Choose the type of purchase
1) Food
2) Clothes
3) Entertainment
4) Other
5) Back
> 5

Choose your action:
1) Add income
2) Add purchase
3) Show list of purchases
4) Balance
5) Save
6) Load
0) Exit
> 5

Purchases were saved!

Choose your action:
1) Add income
2) Add purchase
3) Show list of purchases
4) Balance
5) Save
6) Load
0) Exit
> 0

Bye!
?[1;31m
Start test 6?[0m

Choose your action:
1) Add income
2) Add purchase
3) Show list of purchases
4) Balance
5) Save
6) Load
0) Exit
> 6
]]></system-out>
  <system-err><![CDATA[]]></system-err>
</testsuite>
