<?xml version="1.0" encoding="UTF-8"?>
<testsuite name="NumbersTest" tests="1" skipped="0" failures="0" errors="0" timestamp="2022-07-26T22:43:54" hostname="LUKASZ" time="8.596">
  <properties/>
  <testcase name="start" classname="NumbersTest" time="8.596"/>
  <system-out><![CDATA[?[1;31m
Start test 1?[0m
Welcome to Amazing Numbers!

Supported requests:
- enter a natural number to know its properties;
- enter two natural numbers to obtain the properties of the list:
  * the first parameter represents a starting number;
  * the second parameter shows how many consecutive numbers are to be processed;
- two natural numbers and properties to search for;
- separate the parameters with one space;
- enter 0 to exit.

Enter a request: > 0

Goodbye!
?[1;31m
Start test 2?[0m
Welcome to Amazing Numbers!

Supported requests:
- enter a natural number to know its properties;
- enter two natural numbers to obtain the properties of the list:
  * the first parameter represents a starting number;
  * the second parameter shows how many consecutive numbers are to be processed;
- two natural numbers and properties to search for;
- separate the parameters with one space;
- enter 0 to exit.

Enter a request: > -113

The first parameter should be a natural number or zero.

Enter a request: > 0

Goodbye!
?[1;31m
Start test 3?[0m
Welcome to Amazing Numbers!

Supported requests:
- enter a natural number to know its properties;
- enter two natural numbers to obtain the properties of the list:
  * the first parameter represents a starting number;
  * the second parameter shows how many consecutive numbers are to be processed;
- two natural numbers and properties to search for;
- separate the parameters with one space;
- enter 0 to exit.

Enter a request: > -63

The first parameter should be a natural number or zero.

Enter a request: > 0

Goodbye!
?[1;31m
Start test 4?[0m
Welcome to Amazing Numbers!

Supported requests:
- enter a natural number to know its properties;
- enter two natural numbers to obtain the properties of the list:
  * the first parameter represents a starting number;
  * the second parameter shows how many consecutive numbers are to be processed;
- two natural numbers and properties to search for;
- separate the parameters with one space;
- enter 0 to exit.

Enter a request: > -52

The first parameter should be a natural number or zero.

Enter a request: > 0

Goodbye!
?[1;31m
Start test 5?[0m
Welcome to Amazing Numbers!

Supported requests:
- enter a natural number to know its properties;
- enter two natural numbers to obtain the properties of the list:
  * the first parameter represents a starting number;
  * the second parameter shows how many consecutive numbers are to be processed;
- two natural numbers and properties to search for;
- separate the parameters with one space;
- enter 0 to exit.

Enter a request: > -66

The first parameter should be a natural number or zero.

Enter a request: > 0

Goodbye!
?[1;31m
Start test 6?[0m
Welcome to Amazing Numbers!

Supported requests:
- enter a natural number to know its properties;
- enter two natural numbers to obtain the properties of the list:
  * the first parameter represents a starting number;
  * the second parameter shows how many consecutive numbers are to be processed;
- two natural numbers and properties to search for;
- separate the parameters with one space;
- enter 0 to exit.

Enter a request: > -24

The first parameter should be a natural number or zero.

Enter a request: > 0

Goodbye!
?[1;31m
Start test 7?[0m
Welcome to Amazing Numbers!

Supported requests:
- enter a natural number to know its properties;
- enter two natural numbers to obtain the properties of the list:
  * the first parameter represents a starting number;
  * the second parameter shows how many consecutive numbers are to be processed;
- two natural numbers and properties to search for;
- separate the parameters with one space;
- enter 0 to exit.

Enter a request: > 18646 -2982

The second parameter should be a natural number.

Enter a request: > 0

Goodbye!
?[1;31m
Start test 8?[0m
Welcome to Amazing Numbers!

Supported requests:
- enter a natural number to know its properties;
- enter two natural numbers to obtain the properties of the list:
  * the first parameter represents a starting number;
  * the second parameter shows how many consecutive numbers are to be processed;
- two natural numbers and properties to search for;
- separate the parameters with one space;
- enter 0 to exit.

Enter a request: > 12135 -30642

The second parameter should be a natural number.

Enter a request: > 0

Goodbye!
?[1;31m
Start test 9?[0m
Welcome to Amazing Numbers!

Supported requests:
- enter a natural number to know its properties;
- enter two natural numbers to obtain the properties of the list:
  * the first parameter represents a starting number;
  * the second parameter shows how many consecutive numbers are to be processed;
- two natural numbers and properties to search for;
- separate the parameters with one space;
- enter 0 to exit.

Enter a request: > 20619 -12460

The second parameter should be a natural number.

Enter a request: > 0

Goodbye!
?[1;31m
Start test 10?[0m
Welcome to Amazing Numbers!

Supported requests:
- enter a natural number to know its properties;
- enter two natural numbers to obtain the properties of the list:
  * the first parameter represents a starting number;
  * the second parameter shows how many consecutive numbers are to be processed;
- two natural numbers and properties to search for;
- separate the parameters with one space;
- enter 0 to exit.

Enter a request: > 26419 -14876

The second parameter should be a natural number.

Enter a request: > 0

Goodbye!
?[1;31m
Start test 11?[0m
Welcome to Amazing Numbers!

Supported requests:
- enter a natural number to know its properties;
- enter two natural numbers to obtain the properties of the list:
  * the first parameter represents a starting number;
  * the second parameter shows how many consecutive numbers are to be processed;
- two natural numbers and properties to search for;
- separate the parameters with one space;
- enter 0 to exit.

Enter a request: > 16700 -9896

The second parameter should be a natural number.

Enter a request: > 0

Goodbye!
?[1;31m
Start test 12?[0m
Welcome to Amazing Numbers!

Supported requests:
- enter a natural number to know its properties;
- enter two natural numbers to obtain the properties of the list:
  * the first parameter represents a starting number;
  * the second parameter shows how many consecutive numbers are to be processed;
- two natural numbers and properties to search for;
- separate the parameters with one space;
- enter 0 to exit.

Enter a request: > 25505 -12791

The second parameter should be a natural number.

Enter a request: > 0

Goodbye!
?[1;31m
Start test 13?[0m
Welcome to Amazing Numbers!

Supported requests:
- enter a natural number to know its properties;
- enter two natural numbers to obtain the properties of the list:
  * the first parameter represents a starting number;
  * the second parameter shows how many consecutive numbers are to be processed;
- two natural numbers and properties to search for;
- separate the parameters with one space;
- enter 0 to exit.

Enter a request: > 12807 -7050

The second parameter should be a natural number.

Enter a request: > 0

Goodbye!
?[1;31m
Start test 14?[0m
Welcome to Amazing Numbers!

Supported requests:
- enter a natural number to know its properties;
- enter two natural numbers to obtain the properties of the list:
  * the first parameter represents a starting number;
  * the second parameter shows how many consecutive numbers are to be processed;
- two natural numbers and properties to search for;
- separate the parameters with one space;
- enter 0 to exit.

Enter a request: > 6962 -22170

The second parameter should be a natural number.

Enter a request: > 0

Goodbye!
?[1;31m
Start test 15?[0m
Welcome to Amazing Numbers!

Supported requests:
- enter a natural number to know its properties;
- enter two natural numbers to obtain the properties of the list:
  * the first parameter represents a starting number;
  * the second parameter shows how many consecutive numbers are to be processed;
- two natural numbers and properties to search for;
- separate the parameters with one space;
- enter 0 to exit.

Enter a request: > 16658 -21889

The second parameter should be a natural number.

Enter a request: > 0

Goodbye!
?[1;31m
Start test 16?[0m
Welcome to Amazing Numbers!

Supported requests:
- enter a natural number to know its properties;
- enter two natural numbers to obtain the properties of the list:
  * the first parameter represents a starting number;
  * the second parameter shows how many consecutive numbers are to be processed;
- two natural numbers and properties to search for;
- separate the parameters with one space;
- enter 0 to exit.

Enter a request: > 28854 -17064

The second parameter should be a natural number.

Enter a request: > 0

Goodbye!
?[1;31m
Start test 17?[0m
Welcome to Amazing Numbers!

Supported requests:
- enter a natural number to know its properties;
- enter two natural numbers to obtain the properties of the list:
  * the first parameter represents a starting number;
  * the second parameter shows how many consecutive numbers are to be processed;
- two natural numbers and properties to search for;
- separate the parameters with one space;
- enter 0 to exit.

Enter a request: > 1

Properties of 1
        even: false
         odd: true
        buzz: false
        duck: false
 palindromic: true
      gapful: false
         spy: true
      square: true
       sunny: false
     jumping: true

Enter a request: > 2

Properties of 2
        even: true
         odd: false
        buzz: false
        duck: false
 palindromic: true
      gapful: false
         spy: true
      square: false
       sunny: false
     jumping: true

Enter a request: > 3

Properties of 3
        even: false
         odd: true
        buzz: false
        duck: false
 palindromic: true
      gapful: false
         spy: true
      square: false
       sunny: true
     jumping: true

Enter a request: > 4

Properties of 4
        even: true
         odd: false
        buzz: false
        duck: false
 palindromic: true
      gapful: false
         spy: true
      square: true
       sunny: false
     jumping: true

Enter a request: > 5

Properties of 5
        even: false
         odd: true
        buzz: false
        duck: false
 palindromic: true
      gapful: false
         spy: true
      square: false
       sunny: false
     jumping: true

Enter a request: > 6

Properties of 6
        even: true
         odd: false
        buzz: false
        duck: false
 palindromic: true
      gapful: false
         spy: true
      square: false
       sunny: false
     jumping: true

Enter a request: > 7

Properties of 7
        even: false
         odd: true
        buzz: true
        duck: false
 palindromic: true
      gapful: false
         spy: true
      square: false
       sunny: false
     jumping: true

Enter a request: > 8

Properties of 8
        even: true
         odd: false
        buzz: false
        duck: false
 palindromic: true
      gapful: false
         spy: true
      square: false
       sunny: true
     jumping: true

Enter a request: > 9

Properties of 9
        even: false
         odd: true
        buzz: false
        duck: false
 palindromic: true
      gapful: false
         spy: true
      square: true
       sunny: false
     jumping: true

Enter a request: > 10

Properties of 10
        even: true
         odd: false
        buzz: false
        duck: true
 palindromic: false
      gapful: false
         spy: false
      square: false
       sunny: false
     jumping: true

Enter a request: > 11

Properties of 11
        even: false
         odd: true
        buzz: false
        duck: false
 palindromic: true
      gapful: false
         spy: false
      square: false
       sunny: false
     jumping: false

Enter a request: > 12

Properties of 12
        even: true
         odd: false
        buzz: false
        duck: false
 palindromic: false
      gapful: false
         spy: false
      square: false
       sunny: false
     jumping: true

Enter a request: > 13

Properties of 13
        even: false
         odd: true
        buzz: false
        duck: false
 palindromic: false
      gapful: false
         spy: false
      square: false
       sunny: false
     jumping: false

Enter a request: > 14

Properties of 14
        even: true
         odd: false
        buzz: true
        duck: false
 palindromic: false
      gapful: false
         spy: false
      square: false
       sunny: false
     jumping: false

Enter a request: > 7553540710932150561

Properties of 7553540710932150561
        even: false
         odd: true
        buzz: false
        duck: true
 palindromic: false
      gapful: false
         spy: false
      square: false
       sunny: false
     jumping: false

Enter a request: > 4650958462937755318

Properties of 4650958462937755318
        even: true
         odd: false
        buzz: true
        duck: true
 palindromic: false
      gapful: false
         spy: false
      square: false
       sunny: false
     jumping: false

Enter a request: > 5233446805900730316

Properties of 5233446805900730316
        even: true
         odd: false
        buzz: false
        duck: true
 palindromic: false
      gapful: false
         spy: false
      square: false
       sunny: false
     jumping: false

Enter a request: > 6510435145254183755

Properties of 6510435145254183755
        even: false
         odd: true
        buzz: false
        duck: true
 palindromic: false
      gapful: false
         spy: false
      square: false
       sunny: false
     jumping: false

Enter a request: > 6697322542943560696

Properties of 6697322542943560696
        even: true
         odd: false
        buzz: true
        duck: true
 palindromic: false
      gapful: false
         spy: false
      square: false
       sunny: false
     jumping: false

Enter a request: > 7780787297442566250

Properties of 7780787297442566250
        even: true
         odd: false
        buzz: false
        duck: true
 palindromic: false
      gapful: false
         spy: false
      square: false
       sunny: false
     jumping: false

Enter a request: > 563252369882161404

Properties of 563252369882161404
        even: true
         odd: false
        buzz: false
        duck: true
 palindromic: false
      gapful: false
         spy: false
      square: false
       sunny: false
     jumping: false

Enter a request: > 7089745013532933969

Properties of 7089745013532933969
        even: false
         odd: true
        buzz: true
        duck: true
 palindromic: false
      gapful: false
         spy: false
      square: false
       sunny: false
     jumping: false

Enter a request: > 5107711337240319772

Properties of 5107711337240319772
        even: true
         odd: false
        buzz: false
        duck: true
 palindromic: false
      gapful: false
         spy: false
      square: false
       sunny: false
     jumping: false

Enter a request: > 8410519772690792700

Properties of 8410519772690792700
        even: true
         odd: false
        buzz: false
        duck: true
 palindromic: false
      gapful: false
         spy: false
      square: false
       sunny: false
     jumping: false

Enter a request: > 0

Goodbye!
?[1;31m
Start test 18?[0m
Welcome to Amazing Numbers!

Supported requests:
- enter a natural number to know its properties;
- enter two natural numbers to obtain the properties of the list:
  * the first parameter represents a starting number;
  * the second parameter shows how many consecutive numbers are to be processed;
- two natural numbers and properties to search for;
- separate the parameters with one space;
- enter 0 to exit.

Enter a request: > 1 15

              1 is odd palindromic spy square jumping 
              2 is even palindromic spy jumping 
              3 is odd palindromic spy sunny jumping 
              4 is even palindromic spy square jumping 
              5 is odd palindromic spy jumping 
              6 is even palindromic spy jumping 
              7 is odd buzz palindromic spy jumping 
              8 is even palindromic spy sunny jumping 
              9 is odd palindromic spy square jumping 
              10 is even duck jumping 
              11 is odd palindromic 
              12 is even jumping 
              13 is odd 
              14 is even buzz 
              15 is odd sunny 

Enter a request: > 0

Goodbye!
?[1;31m
Start test 19?[0m
Welcome to Amazing Numbers!

Supported requests:
- enter a natural number to know its properties;
- enter two natural numbers to obtain the properties of the list:
  * the first parameter represents a starting number;
  * the second parameter shows how many consecutive numbers are to be processed;
- two natural numbers and properties to search for;
- separate the parameters with one space;
- enter 0 to exit.

Enter a request: > 7421237056293937229 11

              7421237056293937229 is odd duck 
              7421237056293937230 is even duck 
              7421237056293937231 is odd duck 
              7421237056293937232 is even duck 
              7421237056293937233 is odd buzz duck 
              7421237056293937234 is even duck 
              7421237056293937235 is odd duck 
              7421237056293937236 is even duck 
              7421237056293937237 is odd buzz duck 
              7421237056293937238 is even duck 
              7421237056293937239 is odd duck 

Enter a request: > 0

Goodbye!
?[1;31m
Start test 20?[0m
Welcome to Amazing Numbers!

Supported requests:
- enter a natural number to know its properties;
- enter two natural numbers to obtain the properties of the list:
  * the first parameter represents a starting number;
  * the second parameter shows how many consecutive numbers are to be processed;
- two natural numbers and properties to search for;
- separate the parameters with one space;
- enter 0 to exit.

Enter a request: > 3740115206215602200 11

              3740115206215602200 is even buzz duck 
              3740115206215602201 is odd duck 
              3740115206215602202 is even duck 
              3740115206215602203 is odd duck 
              3740115206215602204 is even duck 
              3740115206215602205 is odd duck 
              3740115206215602206 is even duck 
              3740115206215602207 is odd buzz duck 
              3740115206215602208 is even duck 
              3740115206215602209 is odd duck 
              3740115206215602210 is even duck gapful 

Enter a request: > 0

Goodbye!
?[1;31m
Start test 21?[0m
Welcome to Amazing Numbers!

Supported requests:
- enter a natural number to know its properties;
- enter two natural numbers to obtain the properties of the list:
  * the first parameter represents a starting number;
  * the second parameter shows how many consecutive numbers are to be processed;
- two natural numbers and properties to search for;
- separate the parameters with one space;
- enter 0 to exit.

Enter a request: > 4158290843177063617 17

              4158290843177063617 is odd buzz duck 
              4158290843177063618 is even duck 
              4158290843177063619 is odd duck 
              4158290843177063620 is even duck 
              4158290843177063621 is odd buzz duck 
              4158290843177063622 is even duck 
              4158290843177063623 is odd duck 
              4158290843177063624 is even duck 
              4158290843177063625 is odd duck gapful 
              4158290843177063626 is even duck 
              4158290843177063627 is odd buzz duck 
              4158290843177063628 is even buzz duck 
              4158290843177063629 is odd duck 
              4158290843177063630 is even duck 
              4158290843177063631 is odd duck 
              4158290843177063632 is even duck 
              4158290843177063633 is odd duck 

Enter a request: > 0

Goodbye!
?[1;31m
Start test 22?[0m
Welcome to Amazing Numbers!

Supported requests:
- enter a natural number to know its properties;
- enter two natural numbers to obtain the properties of the list:
  * the first parameter represents a starting number;
  * the second parameter shows how many consecutive numbers are to be processed;
- two natural numbers and properties to search for;
- separate the parameters with one space;
- enter 0 to exit.

Enter a request: > 5798329797718840657 5

              5798329797718840657 is odd buzz duck 
              5798329797718840658 is even duck 
              5798329797718840659 is odd duck 
              5798329797718840660 is even duck 
              5798329797718840661 is odd duck 

Enter a request: > 0

Goodbye!
?[1;31m
Start test 23?[0m
Welcome to Amazing Numbers!

Supported requests:
- enter a natural number to know its properties;
- enter two natural numbers to obtain the properties of the list:
  * the first parameter represents a starting number;
  * the second parameter shows how many consecutive numbers are to be processed;
- two natural numbers and properties to search for;
- separate the parameters with one space;
- enter 0 to exit.

Enter a request: > 7095879698569708223 1

              7095879698569708223 is odd duck 

Enter a request: > 0

Goodbye!
?[1;31m
Start test 24?[0m
Welcome to Amazing Numbers!

Supported requests:
- enter a natural number to know its properties;
- enter two natural numbers to obtain the properties of the list:
  * the first parameter represents a starting number;
  * the second parameter shows how many consecutive numbers are to be processed;
- two natural numbers and properties to search for;
- separate the parameters with one space;
- enter 0 to exit.

Enter a request: > 2552704589905005847 1

              2552704589905005847 is odd buzz duck 

Enter a request: > 0

Goodbye!
?[1;31m
Start test 25?[0m
Welcome to Amazing Numbers!

Supported requests:
- enter a natural number to know its properties;
- enter two natural numbers to obtain the properties of the list:
  * the first parameter represents a starting number;
  * the second parameter shows how many consecutive numbers are to be processed;
- two natural numbers and properties to search for;
- separate the parameters with one space;
- enter 0 to exit.

Enter a request: > 487237677910448986 11

              487237677910448986 is even duck 
              487237677910448987 is odd buzz duck 
              487237677910448988 is even duck 
              487237677910448989 is odd duck 
              487237677910448990 is even buzz duck 
              487237677910448991 is odd duck 
              487237677910448992 is even duck 
              487237677910448993 is odd duck 
              487237677910448994 is even duck 
              487237677910448995 is odd duck 
              487237677910448996 is even duck 

Enter a request: > 0

Goodbye!
?[1;31m
Start test 26?[0m
Welcome to Amazing Numbers!

Supported requests:
- enter a natural number to know its properties;
- enter two natural numbers to obtain the properties of the list:
  * the first parameter represents a starting number;
  * the second parameter shows how many consecutive numbers are to be processed;
- two natural numbers and properties to search for;
- separate the parameters with one space;
- enter 0 to exit.

Enter a request: > 4623069364604806710 18

              4623069364604806710 is even buzz duck 
              4623069364604806711 is odd duck 
              4623069364604806712 is even duck 
              4623069364604806713 is odd duck 
              4623069364604806714 is even duck 
              4623069364604806715 is odd duck 
              4623069364604806716 is even duck 
              4623069364604806717 is odd buzz duck 
              4623069364604806718 is even duck 
              4623069364604806719 is odd duck 
              4623069364604806720 is even duck gapful 
              4623069364604806721 is odd duck 
              4623069364604806722 is even duck 
              4623069364604806723 is odd duck 
              4623069364604806724 is even buzz duck 
              4623069364604806725 is odd duck gapful 
              4623069364604806726 is even duck 
              4623069364604806727 is odd buzz duck 

Enter a request: > 0

Goodbye!
?[1;31m
Start test 27?[0m
Welcome to Amazing Numbers!

Supported requests:
- enter a natural number to know its properties;
- enter two natural numbers to obtain the properties of the list:
  * the first parameter represents a starting number;
  * the second parameter shows how many consecutive numbers are to be processed;
- two natural numbers and properties to search for;
- separate the parameters with one space;
- enter 0 to exit.

Enter a request: > 8358367534619551264 4

              8358367534619551264 is even 
              8358367534619551265 is odd 
              8358367534619551266 is even 
              8358367534619551267 is odd buzz 

Enter a request: > 0

Goodbye!
?[1;31m
Start test 28?[0m
Welcome to Amazing Numbers!

Supported requests:
- enter a natural number to know its properties;
- enter two natural numbers to obtain the properties of the list:
  * the first parameter represents a starting number;
  * the second parameter shows how many consecutive numbers are to be processed;
- two natural numbers and properties to search for;
- separate the parameters with one space;
- enter 0 to exit.

Enter a request: > 2563175387166101849 14

              2563175387166101849 is odd duck 
              2563175387166101850 is even duck 
              2563175387166101851 is odd duck 
              2563175387166101852 is even duck 
              2563175387166101853 is odd duck 
              2563175387166101854 is even duck 
              2563175387166101855 is odd buzz duck 
              2563175387166101856 is even duck 
              2563175387166101857 is odd buzz duck 
              2563175387166101858 is even duck 
              2563175387166101859 is odd duck 
              2563175387166101860 is even duck gapful 
              2563175387166101861 is odd duck 
              2563175387166101862 is even buzz duck gapful 

Enter a request: > 0

Goodbye!
?[1;31m
Start test 29?[0m
Welcome to Amazing Numbers!

Supported requests:
- enter a natural number to know its properties;
- enter two natural numbers to obtain the properties of the list:
  * the first parameter represents a starting number;
  * the second parameter shows how many consecutive numbers are to be processed;
- two natural numbers and properties to search for;
- separate the parameters with one space;
- enter 0 to exit.

Enter a request: > 1 10 May
The property [MAY] is wrong.
Available properties: [BUZZ, DUCK, PALINDROMIC, GAPFUL, SPY, EVEN, ODD, SQUARE, SUNNY, JUMPING]
Enter a request: > 0

Goodbye!
?[1;31m
Start test 30?[0m
Welcome to Amazing Numbers!

Supported requests:
- enter a natural number to know its properties;
- enter two natural numbers to obtain the properties of the list:
  * the first parameter represents a starting number;
  * the second parameter shows how many consecutive numbers are to be processed;
- two natural numbers and properties to search for;
- separate the parameters with one space;
- enter 0 to exit.

Enter a request: > 40 2 bay
The property [BAY] is wrong.
Available properties: [BUZZ, DUCK, PALINDROMIC, GAPFUL, SPY, EVEN, ODD, SQUARE, SUNNY, JUMPING]
Enter a request: > 0

Goodbye!
?[1;31m
Start test 31?[0m
Welcome to Amazing Numbers!

Supported requests:
- enter a natural number to know its properties;
- enter two natural numbers to obtain the properties of the list:
  * the first parameter represents a starting number;
  * the second parameter shows how many consecutive numbers are to be processed;
- two natural numbers and properties to search for;
- separate the parameters with one space;
- enter 0 to exit.

Enter a request: > 37 4 8
The property [8] is wrong.
Available properties: [BUZZ, DUCK, PALINDROMIC, GAPFUL, SPY, EVEN, ODD, SQUARE, SUNNY, JUMPING]
Enter a request: > 0

Goodbye!
?[1;31m
Start test 32?[0m
Welcome to Amazing Numbers!

Supported requests:
- enter a natural number to know its properties;
- enter two natural numbers to obtain the properties of the list:
  * the first parameter represents a starting number;
  * the second parameter shows how many consecutive numbers are to be processed;
- two natural numbers and properties to search for;
- separate the parameters with one space;
- enter 0 to exit.

Enter a request: > 67 2 day
The property [DAY] is wrong.
Available properties: [BUZZ, DUCK, PALINDROMIC, GAPFUL, SPY, EVEN, ODD, SQUARE, SUNNY, JUMPING]
Enter a request: > 0

Goodbye!
?[1;31m
Start test 33?[0m
Welcome to Amazing Numbers!

Supported requests:
- enter a natural number to know its properties;
- enter two natural numbers to obtain the properties of the list:
  * the first parameter represents a starting number;
  * the second parameter shows how many consecutive numbers are to be processed;
- two natural numbers and properties to search for;
- separate the parameters with one space;
- enter 0 to exit.

Enter a request: > 2 54 Prime
The property [PRIME] is wrong.
Available properties: [BUZZ, DUCK, PALINDROMIC, GAPFUL, SPY, EVEN, ODD, SQUARE, SUNNY, JUMPING]
Enter a request: > 0

Goodbye!
?[1;31m
Start test 34?[0m
Welcome to Amazing Numbers!

Supported requests:
- enter a natural number to know its properties;
- enter two natural numbers to obtain the properties of the list:
  * the first parameter represents a starting number;
  * the second parameter shows how many consecutive numbers are to be processed;
- two natural numbers and properties to search for;
- separate the parameters with one space;
- enter 0 to exit.

Enter a request: > 6 8 ...
The property [...] is wrong.
Available properties: [BUZZ, DUCK, PALINDROMIC, GAPFUL, SPY, EVEN, ODD, SQUARE, SUNNY, JUMPING]
Enter a request: > 0

Goodbye!
?[1;31m
Start test 35?[0m
Welcome to Amazing Numbers!

Supported requests:
- enter a natural number to know its properties;
- enter two natural numbers to obtain the properties of the list:
  * the first parameter represents a starting number;
  * the second parameter shows how many consecutive numbers are to be processed;
- two natural numbers and properties to search for;
- separate the parameters with one space;
- enter 0 to exit.

Enter a request: > 5 9 none
The property [NONE] is wrong.
Available properties: [BUZZ, DUCK, PALINDROMIC, GAPFUL, SPY, EVEN, ODD, SQUARE, SUNNY, JUMPING]
Enter a request: > 0

Goodbye!
?[1;31m
Start test 36?[0m
Welcome to Amazing Numbers!

Supported requests:
- enter a natural number to know its properties;
- enter two natural numbers to obtain the properties of the list:
  * the first parameter represents a starting number;
  * the second parameter shows how many consecutive numbers are to be processed;
- two natural numbers and properties to search for;
- separate the parameters with one space;
- enter 0 to exit.

Enter a request: > 1 10 BUZZ

              7 is odd buzz palindromic spy jumping 
              14 is even buzz 
              17 is odd buzz 
              21 is odd buzz jumping 
              27 is odd buzz 
              28 is even buzz 
              35 is odd buzz sunny 
              37 is odd buzz 
              42 is even buzz 
              47 is odd buzz 

Enter a request: > 1 10 DUCK

              10 is even duck jumping 
              20 is even duck 
              30 is even duck 
              40 is even duck 
              50 is even duck 
              60 is even duck 
              70 is even buzz duck 
              80 is even duck sunny 
              90 is even duck 
              100 is even duck gapful square 

Enter a request: > 1 10 PALINDROMIC

              1 is odd palindromic spy square jumping 
              2 is even palindromic spy jumping 
              3 is odd palindromic spy sunny jumping 
              4 is even palindromic spy square jumping 
              5 is odd palindromic spy jumping 
              6 is even palindromic spy jumping 
              7 is odd buzz palindromic spy jumping 
              8 is even palindromic spy sunny jumping 
              9 is odd palindromic spy square jumping 
              11 is odd palindromic 

Enter a request: > 1 10 GAPFUL

              100 is even duck gapful square 
              105 is odd buzz duck gapful 
              108 is even duck gapful 
              110 is even duck gapful 
              120 is even duck gapful sunny 
              121 is odd palindromic gapful square jumping 
              130 is even duck gapful 
              132 is even gapful spy 
              135 is odd gapful 
              140 is even buzz duck gapful 

Enter a request: > 1 10 SPY

              1 is odd palindromic spy square jumping 
              2 is even palindromic spy jumping 
              3 is odd palindromic spy sunny jumping 
              4 is even palindromic spy square jumping 
              5 is odd palindromic spy jumping 
              6 is even palindromic spy jumping 
              7 is odd buzz palindromic spy jumping 
              8 is even palindromic spy sunny jumping 
              9 is odd palindromic spy square jumping 
              22 is even palindromic spy 

Enter a request: > 1 10 SQUARE

              1 is odd palindromic spy square jumping 
              4 is even palindromic spy square jumping 
              9 is odd palindromic spy square jumping 
              16 is even square 
              25 is odd square 
              36 is even square 
              49 is odd buzz square 
              64 is even square 
              81 is odd square 
              100 is even duck gapful square 

Enter a request: > 1 10 SUNNY

              3 is odd palindromic spy sunny jumping 
              8 is even palindromic spy sunny jumping 
              15 is odd sunny 
              24 is even sunny 
              35 is odd buzz sunny 
              48 is even sunny 
              63 is odd buzz sunny 
              80 is even duck sunny 
              99 is odd palindromic sunny 
              120 is even duck gapful sunny 

Enter a request: > 1 10 JUMPING

              1 is odd palindromic spy square jumping 
              2 is even palindromic spy jumping 
              3 is odd palindromic spy sunny jumping 
              4 is even palindromic spy square jumping 
              5 is odd palindromic spy jumping 
              6 is even palindromic spy jumping 
              7 is odd buzz palindromic spy jumping 
              8 is even palindromic spy sunny jumping 
              9 is odd palindromic spy square jumping 
              10 is even duck jumping 

Enter a request: > 1 10 EVEN

              2 is even palindromic spy jumping 
              4 is even palindromic spy square jumping 
              6 is even palindromic spy jumping 
              8 is even palindromic spy sunny jumping 
              10 is even duck jumping 
              12 is even jumping 
              14 is even buzz 
              16 is even square 
              18 is even 
              20 is even duck 

Enter a request: > 1 10 ODD

              1 is odd palindromic spy square jumping 
              3 is odd palindromic spy sunny jumping 
              5 is odd palindromic spy jumping 
              7 is odd buzz palindromic spy jumping 
              9 is odd palindromic spy square jumping 
              11 is odd palindromic 
              13 is odd 
              15 is odd sunny 
              17 is odd buzz 
              19 is odd 

Enter a request: > 0

Goodbye!
?[1;31m
Start test 37?[0m
Welcome to Amazing Numbers!

Supported requests:
- enter a natural number to know its properties;
- enter two natural numbers to obtain the properties of the list:
  * the first parameter represents a starting number;
  * the second parameter shows how many consecutive numbers are to be processed;
- two natural numbers and properties to search for;
- separate the parameters with one space;
- enter 0 to exit.

Enter a request: > 32332 4 SUNNY

              32399 is odd sunny 
              32760 is even buzz duck gapful sunny 
              33123 is odd sunny 
              33488 is even buzz sunny 

Enter a request: > 0

Goodbye!
?[1;31m
Start test 38?[0m
Welcome to Amazing Numbers!

Supported requests:
- enter a natural number to know its properties;
- enter two natural numbers to obtain the properties of the list:
  * the first parameter represents a starting number;
  * the second parameter shows how many consecutive numbers are to be processed;
- two natural numbers and properties to search for;
- separate the parameters with one space;
- enter 0 to exit.

Enter a request: > 12624 18 BUZZ

              12627 is odd buzz 
              12628 is even buzz 
              12635 is odd buzz 
              12637 is odd buzz 
              12642 is even buzz 
              12647 is odd buzz 
              12649 is odd buzz 
              12656 is even buzz gapful 
              12657 is odd buzz 
              12663 is odd buzz 
              12667 is odd buzz 
              12670 is even buzz duck gapful 
              12677 is odd buzz 
              12684 is even buzz gapful 
              12687 is odd buzz 
              12691 is odd buzz 
              12697 is odd buzz 
              12698 is even buzz 

Enter a request: > 0

Goodbye!
?[1;31m
Start test 39?[0m
Welcome to Amazing Numbers!

Supported requests:
- enter a natural number to know its properties;
- enter two natural numbers to obtain the properties of the list:
  * the first parameter represents a starting number;
  * the second parameter shows how many consecutive numbers are to be processed;
- two natural numbers and properties to search for;
- separate the parameters with one space;
- enter 0 to exit.

Enter a request: > 11316 14 ODD

              11317 is odd buzz 
              11319 is odd buzz 
              11321 is odd 
              11323 is odd gapful 
              11325 is odd gapful 
              11327 is odd buzz 
              11329 is odd 
              11331 is odd spy 
              11333 is odd buzz 
              11335 is odd 
              11337 is odd buzz 
              11339 is odd 
              11341 is odd gapful 
              11343 is odd 

Enter a request: > 0

Goodbye!
?[1;31m
Start test 40?[0m
Welcome to Amazing Numbers!

Supported requests:
- enter a natural number to know its properties;
- enter two natural numbers to obtain the properties of the list:
  * the first parameter represents a starting number;
  * the second parameter shows how many consecutive numbers are to be processed;
- two natural numbers and properties to search for;
- separate the parameters with one space;
- enter 0 to exit.

Enter a request: > 6970 17 DUCK

              6970 is even duck 
              6980 is even duck 
              6990 is even duck 
              7000 is even buzz duck gapful 
              7001 is odd duck 
              7002 is even duck 
              7003 is odd duck 
              7004 is even duck 
              7005 is odd duck 
              7006 is even duck 
              7007 is odd buzz duck palindromic gapful 
              7008 is even duck 
              7009 is odd duck 
              7010 is even duck 
              7011 is odd duck 
              7012 is even duck 
              7013 is odd duck 

Enter a request: > 0

Goodbye!
?[1;31m
Start test 41?[0m
Welcome to Amazing Numbers!

Supported requests:
- enter a natural number to know its properties;
- enter two natural numbers to obtain the properties of the list:
  * the first parameter represents a starting number;
  * the second parameter shows how many consecutive numbers are to be processed;
- two natural numbers and properties to search for;
- separate the parameters with one space;
- enter 0 to exit.

Enter a request: > 30829 17 EVEN

              30830 is even duck 
              30832 is even duck 
              30834 is even duck 
              30836 is even duck 
              30838 is even duck 
              30840 is even duck gapful 
              30842 is even buzz duck 
              30844 is even duck 
              30846 is even duck 
              30848 is even duck 
              30850 is even duck 
              30852 is even duck 
              30854 is even duck 
              30856 is even buzz duck 
              30858 is even duck 
              30860 is even duck 
              30862 is even duck 

Enter a request: > 0

Goodbye!
?[1;31m
Start test 42?[0m
Welcome to Amazing Numbers!

Supported requests:
- enter a natural number to know its properties;
- enter two natural numbers to obtain the properties of the list:
  * the first parameter represents a starting number;
  * the second parameter shows how many consecutive numbers are to be processed;
- two natural numbers and properties to search for;
- separate the parameters with one space;
- enter 0 to exit.

Enter a request: > 23077 10 DUCK

              23077 is odd buzz duck 
              23078 is even duck 
              23079 is odd buzz duck 
              23080 is even duck gapful 
              23081 is odd duck 
              23082 is even duck 
              23083 is odd duck 
              23084 is even duck 
              23085 is odd duck 
              23086 is even buzz duck 

Enter a request: > 0

Goodbye!
?[1;31m
Start test 43?[0m
Welcome to Amazing Numbers!

Supported requests:
- enter a natural number to know its properties;
- enter two natural numbers to obtain the properties of the list:
  * the first parameter represents a starting number;
  * the second parameter shows how many consecutive numbers are to be processed;
- two natural numbers and properties to search for;
- separate the parameters with one space;
- enter 0 to exit.

Enter a request: > 981 14 JUMPING

              987 is odd buzz jumping 
              989 is odd palindromic jumping 
              1010 is even duck gapful jumping 
              1012 is even duck jumping 
              1210 is even duck gapful jumping 
              1212 is even gapful jumping 
              1232 is even buzz jumping 
              1234 is even jumping 
              2101 is odd duck jumping 
              2121 is odd buzz gapful jumping 
              2123 is odd jumping 
              2321 is odd jumping 
              2323 is odd gapful jumping 
              2343 is odd jumping 

Enter a request: > 0

Goodbye!
?[1;31m
Start test 44?[0m
Welcome to Amazing Numbers!

Supported requests:
- enter a natural number to know its properties;
- enter two natural numbers to obtain the properties of the list:
  * the first parameter represents a starting number;
  * the second parameter shows how many consecutive numbers are to be processed;
- two natural numbers and properties to search for;
- separate the parameters with one space;
- enter 0 to exit.

Enter a request: > 12150 6 SQUARE

              12321 is odd palindromic square jumping 
              12544 is even buzz gapful square 
              12769 is odd square 
              12996 is even square 
              13225 is odd square 
              13456 is even gapful square 

Enter a request: > 0

Goodbye!
?[1;31m
Start test 45?[0m
Welcome to Amazing Numbers!

Supported requests:
- enter a natural number to know its properties;
- enter two natural numbers to obtain the properties of the list:
  * the first parameter represents a starting number;
  * the second parameter shows how many consecutive numbers are to be processed;
- two natural numbers and properties to search for;
- separate the parameters with one space;
- enter 0 to exit.

Enter a request: > 2197 1 JUMPING

              2321 is odd jumping 

Enter a request: > 0

Goodbye!
?[1;31m
Start test 46?[0m
Welcome to Amazing Numbers!

Supported requests:
- enter a natural number to know its properties;
- enter two natural numbers to obtain the properties of the list:
  * the first parameter represents a starting number;
  * the second parameter shows how many consecutive numbers are to be processed;
- two natural numbers and properties to search for;
- separate the parameters with one space;
- enter 0 to exit.

Enter a request: > 26850 14 SUNNY

              26895 is odd sunny 
              27224 is even sunny 
              27555 is odd sunny 
              27888 is even buzz gapful sunny 
              28223 is odd sunny 
              28560 is even buzz duck gapful sunny 
              28899 is odd sunny 
              29240 is even duck gapful sunny 
              29583 is odd sunny 
              29928 is even sunny 
              30275 is odd buzz duck gapful sunny 
              30624 is even duck sunny 
              30975 is odd buzz duck gapful sunny 
              31328 is even sunny 

Enter a request: > 0

Goodbye!
?[1;31m
Start test 47?[0m
Welcome to Amazing Numbers!

Supported requests:
- enter a natural number to know its properties;
- enter two natural numbers to obtain the properties of the list:
  * the first parameter represents a starting number;
  * the second parameter shows how many consecutive numbers are to be processed;
- two natural numbers and properties to search for;
- separate the parameters with one space;
- enter 0 to exit.

Enter a request: > 1 10 odd girl
The property [GIRL] is wrong.
Available properties: [BUZZ, DUCK, PALINDROMIC, GAPFUL, SPY, EVEN, ODD, SQUARE, SUNNY, JUMPING]
Enter a request: > 0

Goodbye!
?[1;31m
Start test 48?[0m
Welcome to Amazing Numbers!

Supported requests:
- enter a natural number to know its properties;
- enter two natural numbers to obtain the properties of the list:
  * the first parameter represents a starting number;
  * the second parameter shows how many consecutive numbers are to be processed;
- two natural numbers and properties to search for;
- separate the parameters with one space;
- enter 0 to exit.

Enter a request: > 40 2 even day
The property [DAY] is wrong.
Available properties: [BUZZ, DUCK, PALINDROMIC, GAPFUL, SPY, EVEN, ODD, SQUARE, SUNNY, JUMPING]
Enter a request: > 0

Goodbye!
?[1;31m
Start test 49?[0m
Welcome to Amazing Numbers!

Supported requests:
- enter a natural number to know its properties;
- enter two natural numbers to obtain the properties of the list:
  * the first parameter represents a starting number;
  * the second parameter shows how many consecutive numbers are to be processed;
- two natural numbers and properties to search for;
- separate the parameters with one space;
- enter 0 to exit.

Enter a request: > 37 4 spy 89
The property [89] is wrong.
Available properties: [BUZZ, DUCK, PALINDROMIC, GAPFUL, SPY, EVEN, ODD, SQUARE, SUNNY, JUMPING]
Enter a request: > 0

Goodbye!
?[1;31m
Start test 50?[0m
Welcome to Amazing Numbers!

Supported requests:
- enter a natural number to know its properties;
- enter two natural numbers to obtain the properties of the list:
  * the first parameter represents a starting number;
  * the second parameter shows how many consecutive numbers are to be processed;
- two natural numbers and properties to search for;
- separate the parameters with one space;
- enter 0 to exit.

Enter a request: > 67 2 DUCK +
The property [+] is wrong.
Available properties: [BUZZ, DUCK, PALINDROMIC, GAPFUL, SPY, EVEN, ODD, SQUARE, SUNNY, JUMPING]
Enter a request: > 0

Goodbye!
?[1;31m
Start test 51?[0m
Welcome to Amazing Numbers!

Supported requests:
- enter a natural number to know its properties;
- enter two natural numbers to obtain the properties of the list:
  * the first parameter represents a starting number;
  * the second parameter shows how many consecutive numbers are to be processed;
- two natural numbers and properties to search for;
- separate the parameters with one space;
- enter 0 to exit.

Enter a request: > 1 10 boy friend
The properties [BOY, FRIEND] are wrong.
Available properties: [BUZZ, DUCK, PALINDROMIC, GAPFUL, SPY, EVEN, ODD, SQUARE, SUNNY, JUMPING]
Enter a request: > 0

Goodbye!
?[1;31m
Start test 52?[0m
Welcome to Amazing Numbers!

Supported requests:
- enter a natural number to know its properties;
- enter two natural numbers to obtain the properties of the list:
  * the first parameter represents a starting number;
  * the second parameter shows how many consecutive numbers are to be processed;
- two natural numbers and properties to search for;
- separate the parameters with one space;
- enter 0 to exit.

Enter a request: > 40 2 long day
The properties [LONG, DAY] are wrong.
Available properties: [BUZZ, DUCK, PALINDROMIC, GAPFUL, SPY, EVEN, ODD, SQUARE, SUNNY, JUMPING]
Enter a request: > 0

Goodbye!
?[1;31m
Start test 53?[0m
Welcome to Amazing Numbers!

Supported requests:
- enter a natural number to know its properties;
- enter two natural numbers to obtain the properties of the list:
  * the first parameter represents a starting number;
  * the second parameter shows how many consecutive numbers are to be processed;
- two natural numbers and properties to search for;
- separate the parameters with one space;
- enter 0 to exit.

Enter a request: > 37 4 hot girl
The properties [HOT, GIRL] are wrong.
Available properties: [BUZZ, DUCK, PALINDROMIC, GAPFUL, SPY, EVEN, ODD, SQUARE, SUNNY, JUMPING]
Enter a request: > 0

Goodbye!
?[1;31m
Start test 54?[0m
Welcome to Amazing Numbers!

Supported requests:
- enter a natural number to know its properties;
- enter two natural numbers to obtain the properties of the list:
  * the first parameter represents a starting number;
  * the second parameter shows how many consecutive numbers are to be processed;
- two natural numbers and properties to search for;
- separate the parameters with one space;
- enter 0 to exit.

Enter a request: > 67 2 strong drake
The properties [STRONG, DRAKE] are wrong.
Available properties: [BUZZ, DUCK, PALINDROMIC, GAPFUL, SPY, EVEN, ODD, SQUARE, SUNNY, JUMPING]
Enter a request: > 0

Goodbye!
?[1;31m
Start test 55?[0m
Welcome to Amazing Numbers!

Supported requests:
- enter a natural number to know its properties;
- enter two natural numbers to obtain the properties of the list:
  * the first parameter represents a starting number;
  * the second parameter shows how many consecutive numbers are to be processed;
- two natural numbers and properties to search for;
- separate the parameters with one space;
- enter 0 to exit.

Enter a request: > 1 7 odd spy palindromic

              1 is odd palindromic spy square jumping 
              3 is odd palindromic spy sunny jumping 
              5 is odd palindromic spy jumping 
              7 is odd buzz palindromic spy jumping 
              9 is odd palindromic spy square jumping 
              12221 is odd palindromic gapful spy 
              13131 is odd palindromic spy 

Enter a request: > 0

Goodbye!
?[1;31m
Start test 56?[0m
Welcome to Amazing Numbers!

Supported requests:
- enter a natural number to know its properties;
- enter two natural numbers to obtain the properties of the list:
  * the first parameter represents a starting number;
  * the second parameter shows how many consecutive numbers are to be processed;
- two natural numbers and properties to search for;
- separate the parameters with one space;
- enter 0 to exit.

Enter a request: > 1 10 even palindromic duck buzz

              2002 is even buzz duck palindromic gapful 
              4004 is even buzz duck palindromic gapful 
              6006 is even buzz duck palindromic gapful 
              8008 is even buzz duck palindromic gapful 
              20202 is even buzz duck palindromic 
              20902 is even buzz duck palindromic 
              22022 is even buzz duck palindromic gapful 
              29092 is even buzz duck palindromic 
              40404 is even buzz duck palindromic 
              44044 is even buzz duck palindromic gapful 

Enter a request: > 0

Goodbye!
?[1;31m
Start test 57?[0m
Welcome to Amazing Numbers!

Supported requests:
- enter a natural number to know its properties;
- enter two natural numbers to obtain the properties of the list:
  * the first parameter represents a starting number;
  * the second parameter shows how many consecutive numbers are to be processed;
- two natural numbers and properties to search for;
- separate the parameters with one space;
- enter 0 to exit.

Enter a request: > 1 9 even palindromic duck buzz gapful

              2002 is even buzz duck palindromic gapful 
              4004 is even buzz duck palindromic gapful 
              6006 is even buzz duck palindromic gapful 
              8008 is even buzz duck palindromic gapful 
              22022 is even buzz duck palindromic gapful 
              44044 is even buzz duck palindromic gapful 
              66066 is even buzz duck palindromic gapful 
              88088 is even buzz duck palindromic gapful 
              202202 is even buzz duck palindromic gapful 

Enter a request: > 0

Goodbye!
?[1;31m
Start test 58?[0m
Welcome to Amazing Numbers!

Supported requests:
- enter a natural number to know its properties;
- enter two natural numbers to obtain the properties of the list:
  * the first parameter represents a starting number;
  * the second parameter shows how many consecutive numbers are to be processed;
- two natural numbers and properties to search for;
- separate the parameters with one space;
- enter 0 to exit.

Enter a request: > 1 10 even sunny duck buzz gapful

              1680 is even buzz duck gapful sunny 
              4760 is even buzz duck gapful sunny 
              9408 is even buzz duck gapful sunny 
              12320 is even buzz duck gapful sunny 
              19320 is even buzz duck gapful sunny 
              19880 is even buzz duck gapful sunny 
              23408 is even buzz duck gapful sunny 
              24024 is even buzz duck gapful sunny 
              28560 is even buzz duck gapful sunny 
              32760 is even buzz duck gapful sunny 

Enter a request: > 0

Goodbye!
?[1;31m
Start test 59?[0m
Welcome to Amazing Numbers!

Supported requests:
- enter a natural number to know its properties;
- enter two natural numbers to obtain the properties of the list:
  * the first parameter represents a starting number;
  * the second parameter shows how many consecutive numbers are to be processed;
- two natural numbers and properties to search for;
- separate the parameters with one space;
- enter 0 to exit.

Enter a request: > 100000 2 even spy buzz gapful

              111216 is even buzz gapful spy 
              161112 is even buzz gapful spy 

Enter a request: > 0

Goodbye!
?[1;31m
Start test 60?[0m
Welcome to Amazing Numbers!

Supported requests:
- enter a natural number to know its properties;
- enter two natural numbers to obtain the properties of the list:
  * the first parameter represents a starting number;
  * the second parameter shows how many consecutive numbers are to be processed;
- two natural numbers and properties to search for;
- separate the parameters with one space;
- enter 0 to exit.

Enter a request: > 100 4 odd spy gapful

              231 is odd buzz gapful spy 
              12221 is odd palindromic gapful spy 
              216111 is odd buzz gapful spy 
              1111341 is odd buzz gapful spy 

Enter a request: > 0

Goodbye!
?[1;31m
Start test 61?[0m
Welcome to Amazing Numbers!

Supported requests:
- enter a natural number to know its properties;
- enter two natural numbers to obtain the properties of the list:
  * the first parameter represents a starting number;
  * the second parameter shows how many consecutive numbers are to be processed;
- two natural numbers and properties to search for;
- separate the parameters with one space;
- enter 0 to exit.

Enter a request: > 2000 4 even palindromic duck

              2002 is even buzz duck palindromic gapful 
              4004 is even buzz duck palindromic gapful 
              6006 is even buzz duck palindromic gapful 
              8008 is even buzz duck palindromic gapful 

Enter a request: > 0

Goodbye!
?[1;31m
Start test 62?[0m
Welcome to Amazing Numbers!

Supported requests:
- enter a natural number to know its properties;
- enter two natural numbers to obtain the properties of the list:
  * the first parameter represents a starting number;
  * the second parameter shows how many consecutive numbers are to be processed;
- two natural numbers and properties to search for;
- separate the parameters with one space;
- enter 0 to exit.

Enter a request: > 1 7 even spy

              2 is even palindromic spy jumping 
              4 is even palindromic spy square jumping 
              6 is even palindromic spy jumping 
              8 is even palindromic spy sunny jumping 
              22 is even palindromic spy 
              132 is even gapful spy 
              312 is even spy 

Enter a request: > 0

Goodbye!
?[1;31m
Start test 63?[0m
Welcome to Amazing Numbers!

Supported requests:
- enter a natural number to know its properties;
- enter two natural numbers to obtain the properties of the list:
  * the first parameter represents a starting number;
  * the second parameter shows how many consecutive numbers are to be processed;
- two natural numbers and properties to search for;
- separate the parameters with one space;
- enter 0 to exit.

Enter a request: > 1 10 odd buzz

              7 is odd buzz palindromic spy jumping 
              17 is odd buzz 
              21 is odd buzz jumping 
              27 is odd buzz 
              35 is odd buzz sunny 
              37 is odd buzz 
              47 is odd buzz 
              49 is odd buzz square 
              57 is odd buzz 
              63 is odd buzz sunny 

Enter a request: > 0

Goodbye!
?[1;31m
Start test 64?[0m
Welcome to Amazing Numbers!

Supported requests:
- enter a natural number to know its properties;
- enter two natural numbers to obtain the properties of the list:
  * the first parameter represents a starting number;
  * the second parameter shows how many consecutive numbers are to be processed;
- two natural numbers and properties to search for;
- separate the parameters with one space;
- enter 0 to exit.

Enter a request: > 1 9 buzz gapful

              105 is odd buzz duck gapful 
              140 is even buzz duck gapful 
              154 is even buzz gapful 
              187 is odd buzz gapful 
              231 is odd buzz gapful spy 
              280 is even buzz duck gapful 
              297 is odd buzz gapful 
              315 is odd buzz gapful 
              385 is odd buzz gapful 

Enter a request: > 0

Goodbye!
?[1;31m
Start test 65?[0m
Welcome to Amazing Numbers!

Supported requests:
- enter a natural number to know its properties;
- enter two natural numbers to obtain the properties of the list:
  * the first parameter represents a starting number;
  * the second parameter shows how many consecutive numbers are to be processed;
- two natural numbers and properties to search for;
- separate the parameters with one space;
- enter 0 to exit.

Enter a request: > 1 10 spy buzz

              7 is odd buzz palindromic spy jumping 
              231 is odd buzz gapful spy 
              1421 is odd buzz spy 
              2114 is even buzz spy 
              15211 is odd buzz spy 
              21511 is odd buzz spy 
              22211 is odd buzz spy 
              31311 is odd buzz spy 
              51121 is odd buzz spy 
              111216 is even buzz gapful spy 

Enter a request: > 0

Goodbye!
?[1;31m
Start test 66?[0m
Welcome to Amazing Numbers!

Supported requests:
- enter a natural number to know its properties;
- enter two natural numbers to obtain the properties of the list:
  * the first parameter represents a starting number;
  * the second parameter shows how many consecutive numbers are to be processed;
- two natural numbers and properties to search for;
- separate the parameters with one space;
- enter 0 to exit.

Enter a request: > 100000 2 even spy

              111126 is even spy 
              111162 is even spy 

Enter a request: > 0

Goodbye!
?[1;31m
Start test 67?[0m
Welcome to Amazing Numbers!

Supported requests:
- enter a natural number to know its properties;
- enter two natural numbers to obtain the properties of the list:
  * the first parameter represents a starting number;
  * the second parameter shows how many consecutive numbers are to be processed;
- two natural numbers and properties to search for;
- separate the parameters with one space;
- enter 0 to exit.

Enter a request: > 100 4 odd gapful

              105 is odd buzz duck gapful 
              121 is odd palindromic gapful square jumping 
              135 is odd gapful 
              143 is odd gapful sunny 

Enter a request: > 0

Goodbye!
?[1;31m
Start test 68?[0m
Welcome to Amazing Numbers!

Supported requests:
- enter a natural number to know its properties;
- enter two natural numbers to obtain the properties of the list:
  * the first parameter represents a starting number;
  * the second parameter shows how many consecutive numbers are to be processed;
- two natural numbers and properties to search for;
- separate the parameters with one space;
- enter 0 to exit.

Enter a request: > 2000 4 palindromic duck

              2002 is even buzz duck palindromic gapful 
              3003 is odd buzz duck palindromic gapful 
              4004 is even buzz duck palindromic gapful 
              5005 is odd buzz duck palindromic gapful 

Enter a request: > 0

Goodbye!
?[1;31m
Start test 69?[0m
Welcome to Amazing Numbers!

Supported requests:
- enter a natural number to know its properties;
- enter two natural numbers to obtain the properties of the list:
  * the first parameter represents a starting number;
  * the second parameter shows how many consecutive numbers are to be processed;
- two natural numbers and properties to search for;
- separate the parameters with one space;
- enter 0 to exit.

Enter a request: > 3977 7 Boy
The property [BOY] is wrong.
Available properties: [BUZZ, DUCK, PALINDROMIC, GAPFUL, SPY, EVEN, ODD, SQUARE, SUNNY, JUMPING]
Enter a request: > 0

Goodbye!
?[1;31m
Start test 70?[0m
Welcome to Amazing Numbers!

Supported requests:
- enter a natural number to know its properties;
- enter two natural numbers to obtain the properties of the list:
  * the first parameter represents a starting number;
  * the second parameter shows how many consecutive numbers are to be processed;
- two natural numbers and properties to search for;
- separate the parameters with one space;
- enter 0 to exit.

Enter a request: > 9127 14 evens
The property [EVENS] is wrong.
Available properties: [BUZZ, DUCK, PALINDROMIC, GAPFUL, SPY, EVEN, ODD, SQUARE, SUNNY, JUMPING]
Enter a request: > 0

Goodbye!
?[1;31m
Start test 71?[0m
Welcome to Amazing Numbers!

Supported requests:
- enter a natural number to know its properties;
- enter two natural numbers to obtain the properties of the list:
  * the first parameter represents a starting number;
  * the second parameter shows how many consecutive numbers are to be processed;
- two natural numbers and properties to search for;
- separate the parameters with one space;
- enter 0 to exit.

Enter a request: > 9937 5 EVEN _odd_
The property [_ODD_] is wrong.
Available properties: [BUZZ, DUCK, PALINDROMIC, GAPFUL, SPY, EVEN, ODD, SQUARE, SUNNY, JUMPING]
Enter a request: > 0

Goodbye!
?[1;31m
Start test 72?[0m
Welcome to Amazing Numbers!

Supported requests:
- enter a natural number to know its properties;
- enter two natural numbers to obtain the properties of the list:
  * the first parameter represents a starting number;
  * the second parameter shows how many consecutive numbers are to be processed;
- two natural numbers and properties to search for;
- separate the parameters with one space;
- enter 0 to exit.

Enter a request: > 31469 7 PALINDROMIC JUMPING SPY SQUARE buzzz
The property [BUZZZ] is wrong.
Available properties: [BUZZ, DUCK, PALINDROMIC, GAPFUL, SPY, EVEN, ODD, SQUARE, SUNNY, JUMPING]
Enter a request: > 0

Goodbye!
?[1;31m
Start test 73?[0m
Welcome to Amazing Numbers!

Supported requests:
- enter a natural number to know its properties;
- enter two natural numbers to obtain the properties of the list:
  * the first parameter represents a starting number;
  * the second parameter shows how many consecutive numbers are to be processed;
- two natural numbers and properties to search for;
- separate the parameters with one space;
- enter 0 to exit.

Enter a request: > 17295 7 simple
The property [SIMPLE] is wrong.
Available properties: [BUZZ, DUCK, PALINDROMIC, GAPFUL, SPY, EVEN, ODD, SQUARE, SUNNY, JUMPING]
Enter a request: > 0

Goodbye!
?[1;31m
Start test 74?[0m
Welcome to Amazing Numbers!

Supported requests:
- enter a natural number to know its properties;
- enter two natural numbers to obtain the properties of the list:
  * the first parameter represents a starting number;
  * the second parameter shows how many consecutive numbers are to be processed;
- two natural numbers and properties to search for;
- separate the parameters with one space;
- enter 0 to exit.

Enter a request: > 3905 13 PALINDROMIC evens
The property [EVENS] is wrong.
Available properties: [BUZZ, DUCK, PALINDROMIC, GAPFUL, SPY, EVEN, ODD, SQUARE, SUNNY, JUMPING]
Enter a request: > 0

Goodbye!
?[1;31m
Start test 75?[0m
Welcome to Amazing Numbers!

Supported requests:
- enter a natural number to know its properties;
- enter two natural numbers to obtain the properties of the list:
  * the first parameter represents a starting number;
  * the second parameter shows how many consecutive numbers are to be processed;
- two natural numbers and properties to search for;
- separate the parameters with one space;
- enter 0 to exit.

Enter a request: > 20073 8 EVEN SPY simple BUZZ JUMPING
The property [SIMPLE] is wrong.
Available properties: [BUZZ, DUCK, PALINDROMIC, GAPFUL, SPY, EVEN, ODD, SQUARE, SUNNY, JUMPING]
Enter a request: > 0

Goodbye!
?[1;31m
Start test 76?[0m
Welcome to Amazing Numbers!

Supported requests:
- enter a natural number to know its properties;
- enter two natural numbers to obtain the properties of the list:
  * the first parameter represents a starting number;
  * the second parameter shows how many consecutive numbers are to be processed;
- two natural numbers and properties to search for;
- separate the parameters with one space;
- enter 0 to exit.

Enter a request: > 19103 18 SUNNY Boy SPY EVEN BUZZ
The property [BOY] is wrong.
Available properties: [BUZZ, DUCK, PALINDROMIC, GAPFUL, SPY, EVEN, ODD, SQUARE, SUNNY, JUMPING]
Enter a request: > 0

Goodbye!
?[1;31m
Start test 77?[0m
Welcome to Amazing Numbers!

Supported requests:
- enter a natural number to know its properties;
- enter two natural numbers to obtain the properties of the list:
  * the first parameter represents a starting number;
  * the second parameter shows how many consecutive numbers are to be processed;
- two natural numbers and properties to search for;
- separate the parameters with one space;
- enter 0 to exit.

Enter a request: > 399 19 JUMPING 242 EVEN SPY
The property [242] is wrong.
Available properties: [BUZZ, DUCK, PALINDROMIC, GAPFUL, SPY, EVEN, ODD, SQUARE, SUNNY, JUMPING]
Enter a request: > 0

Goodbye!
?[1;31m
Start test 78?[0m
Welcome to Amazing Numbers!

Supported requests:
- enter a natural number to know its properties;
- enter two natural numbers to obtain the properties of the list:
  * the first parameter represents a starting number;
  * the second parameter shows how many consecutive numbers are to be processed;
- two natural numbers and properties to search for;
- separate the parameters with one space;
- enter 0 to exit.

Enter a request: > 27362 12 ODD ~~ PALINDROMIC
The property [~~] is wrong.
Available properties: [BUZZ, DUCK, PALINDROMIC, GAPFUL, SPY, EVEN, ODD, SQUARE, SUNNY, JUMPING]
Enter a request: > 0

Goodbye!
?[1;31m
Start test 79?[0m
Welcome to Amazing Numbers!

Supported requests:
- enter a natural number to know its properties;
- enter two natural numbers to obtain the properties of the list:
  * the first parameter represents a starting number;
  * the second parameter shows how many consecutive numbers are to be processed;
- two natural numbers and properties to search for;
- separate the parameters with one space;
- enter 0 to exit.

Enter a request: > 5 1 odd even

The request contains mutually exclusive properties: [EVEN, ODD]
There are no numbers with these properties.

Enter a request: > 0

Goodbye!
?[1;31m
Start test 80?[0m
Welcome to Amazing Numbers!

Supported requests:
- enter a natural number to know its properties;
- enter two natural numbers to obtain the properties of the list:
  * the first parameter represents a starting number;
  * the second parameter shows how many consecutive numbers are to be processed;
- two natural numbers and properties to search for;
- separate the parameters with one space;
- enter 0 to exit.

Enter a request: > 4 3 even odd

The request contains mutually exclusive properties: [EVEN, ODD]
There are no numbers with these properties.

Enter a request: > 0

Goodbye!
?[1;31m
Start test 81?[0m
Welcome to Amazing Numbers!

Supported requests:
- enter a natural number to know its properties;
- enter two natural numbers to obtain the properties of the list:
  * the first parameter represents a starting number;
  * the second parameter shows how many consecutive numbers are to be processed;
- two natural numbers and properties to search for;
- separate the parameters with one space;
- enter 0 to exit.

Enter a request: > 32 2 sunny square

The request contains mutually exclusive properties: [SUNNY, SQUARE]
There are no numbers with these properties.

Enter a request: > 0

Goodbye!
?[1;31m
Start test 82?[0m
Welcome to Amazing Numbers!

Supported requests:
- enter a natural number to know its properties;
- enter two natural numbers to obtain the properties of the list:
  * the first parameter represents a starting number;
  * the second parameter shows how many consecutive numbers are to be processed;
- two natural numbers and properties to search for;
- separate the parameters with one space;
- enter 0 to exit.

Enter a request: > 3153 2 spy duck

The request contains mutually exclusive properties: [DUCK, SPY]
There are no numbers with these properties.

Enter a request: > 0

Goodbye!
?[1;31m
Start test 83?[0m
Welcome to Amazing Numbers!

Supported requests:
- enter a natural number to know its properties;
- enter two natural numbers to obtain the properties of the list:
  * the first parameter represents a starting number;
  * the second parameter shows how many consecutive numbers are to be processed;
- two natural numbers and properties to search for;
- separate the parameters with one space;
- enter 0 to exit.

Enter a request: > 6 7 duck spy

The request contains mutually exclusive properties: [DUCK, SPY]
There are no numbers with these properties.

Enter a request: > 0

Goodbye!
?[1;31m
Start test 84?[0m
Welcome to Amazing Numbers!

Supported requests:
- enter a natural number to know its properties;
- enter two natural numbers to obtain the properties of the list:
  * the first parameter represents a starting number;
  * the second parameter shows how many consecutive numbers are to be processed;
- two natural numbers and properties to search for;
- separate the parameters with one space;
- enter 0 to exit.

Enter a request: > 1 2 spy odd sunny even

The request contains mutually exclusive properties: [EVEN, ODD]
There are no numbers with these properties.

Enter a request: > 0

Goodbye!
?[1;31m
Start test 85?[0m
Welcome to Amazing Numbers!

Supported requests:
- enter a natural number to know its properties;
- enter two natural numbers to obtain the properties of the list:
  * the first parameter represents a starting number;
  * the second parameter shows how many consecutive numbers are to be processed;
- two natural numbers and properties to search for;
- separate the parameters with one space;
- enter 0 to exit.

Enter a request: > 7 2 sunny even duck buzz square

The request contains mutually exclusive properties: [SUNNY, SQUARE]
There are no numbers with these properties.

Enter a request: > 0

Goodbye!
?[1;31m
Start test 86?[0m
Welcome to Amazing Numbers!

Supported requests:
- enter a natural number to know its properties;
- enter two natural numbers to obtain the properties of the list:
  * the first parameter represents a starting number;
  * the second parameter shows how many consecutive numbers are to be processed;
- two natural numbers and properties to search for;
- separate the parameters with one space;
- enter 0 to exit.

Enter a request: > 9 5 even spy buzz duck

The request contains mutually exclusive properties: [DUCK, SPY]
There are no numbers with these properties.

Enter a request: > 0

Goodbye!
]]></system-out>
  <system-err><![CDATA[]]></system-err>
</testsuite>
