<?xml version="1.0" encoding="UTF-8"?>
<testsuite name="NumbersTest" tests="1" skipped="0" failures="0" errors="0" timestamp="2022-07-27T12:20:23" hostname="LUKASZ" time="37.366">
  <properties/>
  <testcase name="start" classname="NumbersTest" time="37.366"/>
  <system-out><![CDATA[?[1;31m
Start test 1?[0m
Welcome to Amazing Numbers!

Supported requests:
- enter a natural number to know its properties;
- enter two natural numbers to obtain the properties of the list:
  * the first parameter represents a starting number;
  * the second parameter shows how many consecutive numbers are to be processed;
- two natural numbers and properties to search for;
- a property preceded by minus must not be present in numbers;
- separate the parameters with one space;
- enter 0 to exit.

Enter a request: > 0

Goodbye!
?[1;31m
Start test 2?[0m
Welcome to Amazing Numbers!

Supported requests:
- enter a natural number to know its properties;
- enter two natural numbers to obtain the properties of the list:
  * the first parameter represents a starting number;
  * the second parameter shows how many consecutive numbers are to be processed;
- two natural numbers and properties to search for;
- a property preceded by minus must not be present in numbers;
- separate the parameters with one space;
- enter 0 to exit.

Enter a request: > -40

The first parameter should be a natural number or zero.

Enter a request: > 0

Goodbye!
?[1;31m
Start test 3?[0m
Welcome to Amazing Numbers!

Supported requests:
- enter a natural number to know its properties;
- enter two natural numbers to obtain the properties of the list:
  * the first parameter represents a starting number;
  * the second parameter shows how many consecutive numbers are to be processed;
- two natural numbers and properties to search for;
- a property preceded by minus must not be present in numbers;
- separate the parameters with one space;
- enter 0 to exit.

Enter a request: > -42

The first parameter should be a natural number or zero.

Enter a request: > 0

Goodbye!
?[1;31m
Start test 4?[0m
Welcome to Amazing Numbers!

Supported requests:
- enter a natural number to know its properties;
- enter two natural numbers to obtain the properties of the list:
  * the first parameter represents a starting number;
  * the second parameter shows how many consecutive numbers are to be processed;
- two natural numbers and properties to search for;
- a property preceded by minus must not be present in numbers;
- separate the parameters with one space;
- enter 0 to exit.

Enter a request: > -69

The first parameter should be a natural number or zero.

Enter a request: > 0

Goodbye!
?[1;31m
Start test 5?[0m
Welcome to Amazing Numbers!

Supported requests:
- enter a natural number to know its properties;
- enter two natural numbers to obtain the properties of the list:
  * the first parameter represents a starting number;
  * the second parameter shows how many consecutive numbers are to be processed;
- two natural numbers and properties to search for;
- a property preceded by minus must not be present in numbers;
- separate the parameters with one space;
- enter 0 to exit.

Enter a request: > -83

The first parameter should be a natural number or zero.

Enter a request: > 0

Goodbye!
?[1;31m
Start test 6?[0m
Welcome to Amazing Numbers!

Supported requests:
- enter a natural number to know its properties;
- enter two natural numbers to obtain the properties of the list:
  * the first parameter represents a starting number;
  * the second parameter shows how many consecutive numbers are to be processed;
- two natural numbers and properties to search for;
- a property preceded by minus must not be present in numbers;
- separate the parameters with one space;
- enter 0 to exit.

Enter a request: > -17

The first parameter should be a natural number or zero.

Enter a request: > 0

Goodbye!
?[1;31m
Start test 7?[0m
Welcome to Amazing Numbers!

Supported requests:
- enter a natural number to know its properties;
- enter two natural numbers to obtain the properties of the list:
  * the first parameter represents a starting number;
  * the second parameter shows how many consecutive numbers are to be processed;
- two natural numbers and properties to search for;
- a property preceded by minus must not be present in numbers;
- separate the parameters with one space;
- enter 0 to exit.

Enter a request: > 1949 -24790

The second parameter should be a natural number.

Enter a request: > 0

Goodbye!
?[1;31m
Start test 8?[0m
Welcome to Amazing Numbers!

Supported requests:
- enter a natural number to know its properties;
- enter two natural numbers to obtain the properties of the list:
  * the first parameter represents a starting number;
  * the second parameter shows how many consecutive numbers are to be processed;
- two natural numbers and properties to search for;
- a property preceded by minus must not be present in numbers;
- separate the parameters with one space;
- enter 0 to exit.

Enter a request: > 22029 -23320

The second parameter should be a natural number.

Enter a request: > 0

Goodbye!
?[1;31m
Start test 9?[0m
Welcome to Amazing Numbers!

Supported requests:
- enter a natural number to know its properties;
- enter two natural numbers to obtain the properties of the list:
  * the first parameter represents a starting number;
  * the second parameter shows how many consecutive numbers are to be processed;
- two natural numbers and properties to search for;
- a property preceded by minus must not be present in numbers;
- separate the parameters with one space;
- enter 0 to exit.

Enter a request: > 2651 -23008

The second parameter should be a natural number.

Enter a request: > 0

Goodbye!
?[1;31m
Start test 10?[0m
Welcome to Amazing Numbers!

Supported requests:
- enter a natural number to know its properties;
- enter two natural numbers to obtain the properties of the list:
  * the first parameter represents a starting number;
  * the second parameter shows how many consecutive numbers are to be processed;
- two natural numbers and properties to search for;
- a property preceded by minus must not be present in numbers;
- separate the parameters with one space;
- enter 0 to exit.

Enter a request: > 29215 -31207

The second parameter should be a natural number.

Enter a request: > 0

Goodbye!
?[1;31m
Start test 11?[0m
Welcome to Amazing Numbers!

Supported requests:
- enter a natural number to know its properties;
- enter two natural numbers to obtain the properties of the list:
  * the first parameter represents a starting number;
  * the second parameter shows how many consecutive numbers are to be processed;
- two natural numbers and properties to search for;
- a property preceded by minus must not be present in numbers;
- separate the parameters with one space;
- enter 0 to exit.

Enter a request: > 24174 -3331

The second parameter should be a natural number.

Enter a request: > 0

Goodbye!
?[1;31m
Start test 12?[0m
Welcome to Amazing Numbers!

Supported requests:
- enter a natural number to know its properties;
- enter two natural numbers to obtain the properties of the list:
  * the first parameter represents a starting number;
  * the second parameter shows how many consecutive numbers are to be processed;
- two natural numbers and properties to search for;
- a property preceded by minus must not be present in numbers;
- separate the parameters with one space;
- enter 0 to exit.

Enter a request: > 8766 -21997

The second parameter should be a natural number.

Enter a request: > 0

Goodbye!
?[1;31m
Start test 13?[0m
Welcome to Amazing Numbers!

Supported requests:
- enter a natural number to know its properties;
- enter two natural numbers to obtain the properties of the list:
  * the first parameter represents a starting number;
  * the second parameter shows how many consecutive numbers are to be processed;
- two natural numbers and properties to search for;
- a property preceded by minus must not be present in numbers;
- separate the parameters with one space;
- enter 0 to exit.

Enter a request: > 16395 -31030

The second parameter should be a natural number.

Enter a request: > 0

Goodbye!
?[1;31m
Start test 14?[0m
Welcome to Amazing Numbers!

Supported requests:
- enter a natural number to know its properties;
- enter two natural numbers to obtain the properties of the list:
  * the first parameter represents a starting number;
  * the second parameter shows how many consecutive numbers are to be processed;
- two natural numbers and properties to search for;
- a property preceded by minus must not be present in numbers;
- separate the parameters with one space;
- enter 0 to exit.

Enter a request: > 16720 -28129

The second parameter should be a natural number.

Enter a request: > 0

Goodbye!
?[1;31m
Start test 15?[0m
Welcome to Amazing Numbers!

Supported requests:
- enter a natural number to know its properties;
- enter two natural numbers to obtain the properties of the list:
  * the first parameter represents a starting number;
  * the second parameter shows how many consecutive numbers are to be processed;
- two natural numbers and properties to search for;
- a property preceded by minus must not be present in numbers;
- separate the parameters with one space;
- enter 0 to exit.

Enter a request: > 8154 -31162

The second parameter should be a natural number.

Enter a request: > 0

Goodbye!
?[1;31m
Start test 16?[0m
Welcome to Amazing Numbers!

Supported requests:
- enter a natural number to know its properties;
- enter two natural numbers to obtain the properties of the list:
  * the first parameter represents a starting number;
  * the second parameter shows how many consecutive numbers are to be processed;
- two natural numbers and properties to search for;
- a property preceded by minus must not be present in numbers;
- separate the parameters with one space;
- enter 0 to exit.

Enter a request: > 22811 -6231

The second parameter should be a natural number.

Enter a request: > 0

Goodbye!
?[1;31m
Start test 17?[0m
Welcome to Amazing Numbers!

Supported requests:
- enter a natural number to know its properties;
- enter two natural numbers to obtain the properties of the list:
  * the first parameter represents a starting number;
  * the second parameter shows how many consecutive numbers are to be processed;
- two natural numbers and properties to search for;
- a property preceded by minus must not be present in numbers;
- separate the parameters with one space;
- enter 0 to exit.

Enter a request: > 1

Properties of 1
        even: false
         odd: true
        buzz: false
        duck: false
 palindromic: true
      gapful: false
         spy: true
      square: true
       sunny: false
     jumping: true
         sad: false
       happy: true

Enter a request: > 2

Properties of 2
        even: true
         odd: false
        buzz: false
        duck: false
 palindromic: true
      gapful: false
         spy: true
      square: false
       sunny: false
     jumping: true
         sad: true
       happy: false

Enter a request: > 3

Properties of 3
        even: false
         odd: true
        buzz: false
        duck: false
 palindromic: true
      gapful: false
         spy: true
      square: false
       sunny: true
     jumping: true
         sad: true
       happy: false

Enter a request: > 4

Properties of 4
        even: true
         odd: false
        buzz: false
        duck: false
 palindromic: true
      gapful: false
         spy: true
      square: true
       sunny: false
     jumping: true
         sad: true
       happy: false

Enter a request: > 5

Properties of 5
        even: false
         odd: true
        buzz: false
        duck: false
 palindromic: true
      gapful: false
         spy: true
      square: false
       sunny: false
     jumping: true
         sad: true
       happy: false

Enter a request: > 6

Properties of 6
        even: true
         odd: false
        buzz: false
        duck: false
 palindromic: true
      gapful: false
         spy: true
      square: false
       sunny: false
     jumping: true
         sad: true
       happy: false

Enter a request: > 7

Properties of 7
        even: false
         odd: true
        buzz: true
        duck: false
 palindromic: true
      gapful: false
         spy: true
      square: false
       sunny: false
     jumping: true
         sad: false
       happy: true

Enter a request: > 8

Properties of 8
        even: true
         odd: false
        buzz: false
        duck: false
 palindromic: true
      gapful: false
         spy: true
      square: false
       sunny: true
     jumping: true
         sad: true
       happy: false

Enter a request: > 9

Properties of 9
        even: false
         odd: true
        buzz: false
        duck: false
 palindromic: true
      gapful: false
         spy: true
      square: true
       sunny: false
     jumping: true
         sad: true
       happy: false

Enter a request: > 10

Properties of 10
        even: true
         odd: false
        buzz: false
        duck: true
 palindromic: false
      gapful: false
         spy: false
      square: false
       sunny: false
     jumping: true
         sad: false
       happy: true

Enter a request: > 11

Properties of 11
        even: false
         odd: true
        buzz: false
        duck: false
 palindromic: true
      gapful: false
         spy: false
      square: false
       sunny: false
     jumping: false
         sad: true
       happy: false

Enter a request: > 12

Properties of 12
        even: true
         odd: false
        buzz: false
        duck: false
 palindromic: false
      gapful: false
         spy: false
      square: false
       sunny: false
     jumping: true
         sad: true
       happy: false

Enter a request: > 13

Properties of 13
        even: false
         odd: true
        buzz: false
        duck: false
 palindromic: false
      gapful: false
         spy: false
      square: false
       sunny: false
     jumping: false
         sad: false
       happy: true

Enter a request: > 14

Properties of 14
        even: true
         odd: false
        buzz: true
        duck: false
 palindromic: false
      gapful: false
         spy: false
      square: false
       sunny: false
     jumping: false
         sad: true
       happy: false

Enter a request: > 8170686635269283659

Properties of 8170686635269283659
        even: false
         odd: true
        buzz: false
        duck: true
 palindromic: false
      gapful: false
         spy: false
      square: false
       sunny: false
     jumping: false
         sad: true
       happy: false

Enter a request: > 8678804767560802377

Properties of 8678804767560802377
        even: false
         odd: true
        buzz: true
        duck: true
 palindromic: false
      gapful: false
         spy: false
      square: false
       sunny: false
     jumping: false
         sad: true
       happy: false

Enter a request: > 1374170507075983752

Properties of 1374170507075983752
        even: true
         odd: false
        buzz: false
        duck: true
 palindromic: false
      gapful: true
         spy: false
      square: false
       sunny: false
     jumping: false
         sad: true
       happy: false

Enter a request: > 6258842104470922974

Properties of 6258842104470922974
        even: true
         odd: false
        buzz: true
        duck: true
 palindromic: false
      gapful: false
         spy: false
      square: false
       sunny: false
     jumping: false
         sad: true
       happy: false

Enter a request: > 3077146058995749715

Properties of 3077146058995749715
        even: false
         odd: true
        buzz: false
        duck: true
 palindromic: false
      gapful: false
         spy: false
      square: false
       sunny: false
     jumping: false
         sad: true
       happy: false

Enter a request: > 2937055029400901882

Properties of 2937055029400901882
        even: true
         odd: false
        buzz: false
        duck: true
 palindromic: false
      gapful: true
         spy: false
      square: false
       sunny: false
     jumping: false
         sad: true
       happy: false

Enter a request: > 1688791642879742435

Properties of 1688791642879742435
        even: false
         odd: true
        buzz: false
        duck: false
 palindromic: false
      gapful: false
         spy: false
      square: false
       sunny: false
     jumping: false
         sad: false
       happy: true

Enter a request: > 6274304119720117287

Properties of 6274304119720117287
        even: false
         odd: true
        buzz: true
        duck: true
 palindromic: false
      gapful: false
         spy: false
      square: false
       sunny: false
     jumping: false
         sad: true
       happy: false

Enter a request: > 7601492362910012229

Properties of 7601492362910012229
        even: false
         odd: true
        buzz: false
        duck: true
 palindromic: false
      gapful: false
         spy: false
      square: false
       sunny: false
     jumping: false
         sad: true
       happy: false

Enter a request: > 3103851529521303089

Properties of 3103851529521303089
        even: false
         odd: true
        buzz: false
        duck: true
 palindromic: false
      gapful: false
         spy: false
      square: false
       sunny: false
     jumping: false
         sad: true
       happy: false

Enter a request: > 0

Goodbye!
?[1;31m
Start test 18?[0m
Welcome to Amazing Numbers!

Supported requests:
- enter a natural number to know its properties;
- enter two natural numbers to obtain the properties of the list:
  * the first parameter represents a starting number;
  * the second parameter shows how many consecutive numbers are to be processed;
- two natural numbers and properties to search for;
- a property preceded by minus must not be present in numbers;
- separate the parameters with one space;
- enter 0 to exit.

Enter a request: > 1 15

              1 is odd, palindromic, spy, square, jumping, happy 
              2 is even, palindromic, spy, jumping, sad 
              3 is odd, palindromic, spy, sunny, jumping, sad 
              4 is even, palindromic, spy, square, jumping, sad 
              5 is odd, palindromic, spy, jumping, sad 
              6 is even, palindromic, spy, jumping, sad 
              7 is odd, buzz, palindromic, spy, jumping, happy 
              8 is even, palindromic, spy, sunny, jumping, sad 
              9 is odd, palindromic, spy, square, jumping, sad 
              10 is even, duck, jumping, happy 
              11 is odd, palindromic, sad 
              12 is even, jumping, sad 
              13 is odd, happy 
              14 is even, buzz, sad 
              15 is odd, sunny, sad 

Enter a request: > 0

Goodbye!
?[1;31m
Start test 19?[0m
Welcome to Amazing Numbers!

Supported requests:
- enter a natural number to know its properties;
- enter two natural numbers to obtain the properties of the list:
  * the first parameter represents a starting number;
  * the second parameter shows how many consecutive numbers are to be processed;
- two natural numbers and properties to search for;
- a property preceded by minus must not be present in numbers;
- separate the parameters with one space;
- enter 0 to exit.

Enter a request: > 3743267344683050996 19

              3743267344683050996 is even, buzz, duck, sad 
              3743267344683050997 is odd, buzz, duck, sad 
              3743267344683050998 is even, duck, sad 
              3743267344683050999 is odd, duck, sad 
              3743267344683051000 is even, duck, gapful, sad 
              3743267344683051001 is odd, duck, gapful, sad 
              3743267344683051002 is even, duck, sad 
              3743267344683051003 is odd, buzz, duck, sad 
              3743267344683051004 is even, duck, sad 
              3743267344683051005 is odd, duck, sad 
              3743267344683051006 is even, duck, sad 
              3743267344683051007 is odd, buzz, duck, happy 
              3743267344683051008 is even, duck, sad 
              3743267344683051009 is odd, duck, sad 
              3743267344683051010 is even, buzz, duck, sad 
              3743267344683051011 is odd, duck, sad 
              3743267344683051012 is even, duck, sad 
              3743267344683051013 is odd, duck, sad 
              3743267344683051014 is even, duck, happy 

Enter a request: > 0

Goodbye!
?[1;31m
Start test 20?[0m
Welcome to Amazing Numbers!

Supported requests:
- enter a natural number to know its properties;
- enter two natural numbers to obtain the properties of the list:
  * the first parameter represents a starting number;
  * the second parameter shows how many consecutive numbers are to be processed;
- two natural numbers and properties to search for;
- a property preceded by minus must not be present in numbers;
- separate the parameters with one space;
- enter 0 to exit.

Enter a request: > 2565258396704741137 19

              2565258396704741137 is odd, buzz, duck, sad 
              2565258396704741138 is even, duck, sad 
              2565258396704741139 is odd, duck, sad 
              2565258396704741140 is even, duck, gapful, sad 
              2565258396704741141 is odd, duck, sad 
              2565258396704741142 is even, duck, sad 
              2565258396704741143 is odd, buzz, duck, sad 
              2565258396704741144 is even, duck, sad 
              2565258396704741145 is odd, duck, sad 
              2565258396704741146 is even, duck, sad 
              2565258396704741147 is odd, buzz, duck, sad 
              2565258396704741148 is even, duck, sad 
              2565258396704741149 is odd, duck, sad 
              2565258396704741150 is even, buzz, duck, sad 
              2565258396704741151 is odd, duck, sad 
              2565258396704741152 is even, duck, sad 
              2565258396704741153 is odd, duck, sad 
              2565258396704741154 is even, duck, sad 
              2565258396704741155 is odd, duck, sad 

Enter a request: > 0

Goodbye!
?[1;31m
Start test 21?[0m
Welcome to Amazing Numbers!

Supported requests:
- enter a natural number to know its properties;
- enter two natural numbers to obtain the properties of the list:
  * the first parameter represents a starting number;
  * the second parameter shows how many consecutive numbers are to be processed;
- two natural numbers and properties to search for;
- a property preceded by minus must not be present in numbers;
- separate the parameters with one space;
- enter 0 to exit.

Enter a request: > 8661401684302990301 11

              8661401684302990301 is odd, buzz, duck, sad 
              8661401684302990302 is even, duck, sad 
              8661401684302990303 is odd, duck, sad 
              8661401684302990304 is even, duck, sad 
              8661401684302990305 is odd, duck, sad 
              8661401684302990306 is even, duck, happy 
              8661401684302990307 is odd, buzz, duck, sad 
              8661401684302990308 is even, buzz, duck, sad 
              8661401684302990309 is odd, duck, sad 
              8661401684302990310 is even, duck, sad 
              8661401684302990311 is odd, duck, sad 

Enter a request: > 0

Goodbye!
?[1;31m
Start test 22?[0m
Welcome to Amazing Numbers!

Supported requests:
- enter a natural number to know its properties;
- enter two natural numbers to obtain the properties of the list:
  * the first parameter represents a starting number;
  * the second parameter shows how many consecutive numbers are to be processed;
- two natural numbers and properties to search for;
- a property preceded by minus must not be present in numbers;
- separate the parameters with one space;
- enter 0 to exit.

Enter a request: > 8223123003834058601 9

              8223123003834058601 is odd, duck, happy 
              8223123003834058602 is even, duck, gapful, sad 
              8223123003834058603 is odd, duck, sad 
              8223123003834058604 is even, duck, sad 
              8223123003834058605 is odd, duck, sad 
              8223123003834058606 is even, duck, sad 
              8223123003834058607 is odd, buzz, duck, happy 
              8223123003834058608 is even, duck, sad 
              8223123003834058609 is odd, duck, sad 

Enter a request: > 0

Goodbye!
?[1;31m
Start test 23?[0m
Welcome to Amazing Numbers!

Supported requests:
- enter a natural number to know its properties;
- enter two natural numbers to obtain the properties of the list:
  * the first parameter represents a starting number;
  * the second parameter shows how many consecutive numbers are to be processed;
- two natural numbers and properties to search for;
- a property preceded by minus must not be present in numbers;
- separate the parameters with one space;
- enter 0 to exit.

Enter a request: > 6583811945220506947 4

              6583811945220506947 is odd, buzz, duck, sad 
              6583811945220506948 is even, buzz, duck, sad 
              6583811945220506949 is odd, duck, sad 
              6583811945220506950 is even, duck, sad 

Enter a request: > 0

Goodbye!
?[1;31m
Start test 24?[0m
Welcome to Amazing Numbers!

Supported requests:
- enter a natural number to know its properties;
- enter two natural numbers to obtain the properties of the list:
  * the first parameter represents a starting number;
  * the second parameter shows how many consecutive numbers are to be processed;
- two natural numbers and properties to search for;
- a property preceded by minus must not be present in numbers;
- separate the parameters with one space;
- enter 0 to exit.

Enter a request: > 3427736814429051668 17

              3427736814429051668 is even, duck, gapful, sad 
              3427736814429051669 is odd, duck, sad 
              3427736814429051670 is even, buzz, duck, sad 
              3427736814429051671 is odd, duck, sad 
              3427736814429051672 is even, duck, happy 
              3427736814429051673 is odd, duck, sad 
              3427736814429051674 is even, duck, sad 
              3427736814429051675 is odd, duck, happy 
              3427736814429051676 is even, duck, sad 
              3427736814429051677 is odd, buzz, duck, sad 
              3427736814429051678 is even, duck, sad 
              3427736814429051679 is odd, duck, sad 
              3427736814429051680 is even, duck, sad 
              3427736814429051681 is odd, duck, sad 
              3427736814429051682 is even, duck, sad 
              3427736814429051683 is odd, duck, sad 
              3427736814429051684 is even, buzz, duck, happy 

Enter a request: > 0

Goodbye!
?[1;31m
Start test 25?[0m
Welcome to Amazing Numbers!

Supported requests:
- enter a natural number to know its properties;
- enter two natural numbers to obtain the properties of the list:
  * the first parameter represents a starting number;
  * the second parameter shows how many consecutive numbers are to be processed;
- two natural numbers and properties to search for;
- a property preceded by minus must not be present in numbers;
- separate the parameters with one space;
- enter 0 to exit.

Enter a request: > 3825065365377138914 2

              3825065365377138914 is even, duck, gapful, sad 
              3825065365377138915 is odd, duck, sad 

Enter a request: > 0

Goodbye!
?[1;31m
Start test 26?[0m
Welcome to Amazing Numbers!

Supported requests:
- enter a natural number to know its properties;
- enter two natural numbers to obtain the properties of the list:
  * the first parameter represents a starting number;
  * the second parameter shows how many consecutive numbers are to be processed;
- two natural numbers and properties to search for;
- a property preceded by minus must not be present in numbers;
- separate the parameters with one space;
- enter 0 to exit.

Enter a request: > 8875822497201513629 10

              8875822497201513629 is odd, duck, sad 
              8875822497201513630 is even, buzz, duck, sad 
              8875822497201513631 is odd, duck, sad 
              8875822497201513632 is even, duck, sad 
              8875822497201513633 is odd, duck, sad 
              8875822497201513634 is even, duck, sad 
              8875822497201513635 is odd, duck, sad 
              8875822497201513636 is even, duck, sad 
              8875822497201513637 is odd, buzz, duck, sad 
              8875822497201513638 is even, duck, sad 

Enter a request: > 0

Goodbye!
?[1;31m
Start test 27?[0m
Welcome to Amazing Numbers!

Supported requests:
- enter a natural number to know its properties;
- enter two natural numbers to obtain the properties of the list:
  * the first parameter represents a starting number;
  * the second parameter shows how many consecutive numbers are to be processed;
- two natural numbers and properties to search for;
- a property preceded by minus must not be present in numbers;
- separate the parameters with one space;
- enter 0 to exit.

Enter a request: > 1701254756903471725 9

              1701254756903471725 is odd, duck, happy 
              1701254756903471726 is even, duck, sad 
              1701254756903471727 is odd, buzz, duck, happy 
              1701254756903471728 is even, buzz, duck, sad 
              1701254756903471729 is odd, duck, happy 
              1701254756903471730 is even, duck, gapful, sad 
              1701254756903471731 is odd, duck, sad 
              1701254756903471732 is even, duck, sad 
              1701254756903471733 is odd, duck, sad 

Enter a request: > 0

Goodbye!
?[1;31m
Start test 28?[0m
Welcome to Amazing Numbers!

Supported requests:
- enter a natural number to know its properties;
- enter two natural numbers to obtain the properties of the list:
  * the first parameter represents a starting number;
  * the second parameter shows how many consecutive numbers are to be processed;
- two natural numbers and properties to search for;
- a property preceded by minus must not be present in numbers;
- separate the parameters with one space;
- enter 0 to exit.

Enter a request: > 1073567264702434091 13

              1073567264702434091 is odd, duck, sad 
              1073567264702434092 is even, duck, gapful, happy 
              1073567264702434093 is odd, duck, happy 
              1073567264702434094 is even, duck, sad 
              1073567264702434095 is odd, duck, gapful, sad 
              1073567264702434096 is even, buzz, duck, gapful, sad 
              1073567264702434097 is odd, buzz, duck, sad 
              1073567264702434098 is even, duck, happy 
              1073567264702434099 is odd, duck, sad 
              1073567264702434100 is even, duck, gapful, happy 
              1073567264702434101 is odd, duck, sad 
              1073567264702434102 is even, duck, sad 
              1073567264702434103 is odd, buzz, duck, happy 

Enter a request: > 0

Goodbye!
?[1;31m
Start test 29?[0m
Welcome to Amazing Numbers!

Supported requests:
- enter a natural number to know its properties;
- enter two natural numbers to obtain the properties of the list:
  * the first parameter represents a starting number;
  * the second parameter shows how many consecutive numbers are to be processed;
- two natural numbers and properties to search for;
- a property preceded by minus must not be present in numbers;
- separate the parameters with one space;
- enter 0 to exit.

Enter a request: > 1 10 May
The property [MAY] is wrong.
Available properties: [BUZZ, DUCK, PALINDROMIC, GAPFUL, SPY, EVEN, ODD, SQUARE, SUNNY, JUMPING, SAD, HAPPY]
Enter a request: > 0

Goodbye!
?[1;31m
Start test 30?[0m
Welcome to Amazing Numbers!

Supported requests:
- enter a natural number to know its properties;
- enter two natural numbers to obtain the properties of the list:
  * the first parameter represents a starting number;
  * the second parameter shows how many consecutive numbers are to be processed;
- two natural numbers and properties to search for;
- a property preceded by minus must not be present in numbers;
- separate the parameters with one space;
- enter 0 to exit.

Enter a request: > 40 2 bay
The property [BAY] is wrong.
Available properties: [BUZZ, DUCK, PALINDROMIC, GAPFUL, SPY, EVEN, ODD, SQUARE, SUNNY, JUMPING, SAD, HAPPY]
Enter a request: > 0

Goodbye!
?[1;31m
Start test 31?[0m
Welcome to Amazing Numbers!

Supported requests:
- enter a natural number to know its properties;
- enter two natural numbers to obtain the properties of the list:
  * the first parameter represents a starting number;
  * the second parameter shows how many consecutive numbers are to be processed;
- two natural numbers and properties to search for;
- a property preceded by minus must not be present in numbers;
- separate the parameters with one space;
- enter 0 to exit.

Enter a request: > 37 4 8
The property [8] is wrong.
Available properties: [BUZZ, DUCK, PALINDROMIC, GAPFUL, SPY, EVEN, ODD, SQUARE, SUNNY, JUMPING, SAD, HAPPY]
Enter a request: > 0

Goodbye!
?[1;31m
Start test 32?[0m
Welcome to Amazing Numbers!

Supported requests:
- enter a natural number to know its properties;
- enter two natural numbers to obtain the properties of the list:
  * the first parameter represents a starting number;
  * the second parameter shows how many consecutive numbers are to be processed;
- two natural numbers and properties to search for;
- a property preceded by minus must not be present in numbers;
- separate the parameters with one space;
- enter 0 to exit.

Enter a request: > 67 2 day
The property [DAY] is wrong.
Available properties: [BUZZ, DUCK, PALINDROMIC, GAPFUL, SPY, EVEN, ODD, SQUARE, SUNNY, JUMPING, SAD, HAPPY]
Enter a request: > 0

Goodbye!
?[1;31m
Start test 33?[0m
Welcome to Amazing Numbers!

Supported requests:
- enter a natural number to know its properties;
- enter two natural numbers to obtain the properties of the list:
  * the first parameter represents a starting number;
  * the second parameter shows how many consecutive numbers are to be processed;
- two natural numbers and properties to search for;
- a property preceded by minus must not be present in numbers;
- separate the parameters with one space;
- enter 0 to exit.

Enter a request: > 2 54 Prime
The property [PRIME] is wrong.
Available properties: [BUZZ, DUCK, PALINDROMIC, GAPFUL, SPY, EVEN, ODD, SQUARE, SUNNY, JUMPING, SAD, HAPPY]
Enter a request: > 0

Goodbye!
?[1;31m
Start test 34?[0m
Welcome to Amazing Numbers!

Supported requests:
- enter a natural number to know its properties;
- enter two natural numbers to obtain the properties of the list:
  * the first parameter represents a starting number;
  * the second parameter shows how many consecutive numbers are to be processed;
- two natural numbers and properties to search for;
- a property preceded by minus must not be present in numbers;
- separate the parameters with one space;
- enter 0 to exit.

Enter a request: > 6 8 ...
The property [...] is wrong.
Available properties: [BUZZ, DUCK, PALINDROMIC, GAPFUL, SPY, EVEN, ODD, SQUARE, SUNNY, JUMPING, SAD, HAPPY]
Enter a request: > 0

Goodbye!
?[1;31m
Start test 35?[0m
Welcome to Amazing Numbers!

Supported requests:
- enter a natural number to know its properties;
- enter two natural numbers to obtain the properties of the list:
  * the first parameter represents a starting number;
  * the second parameter shows how many consecutive numbers are to be processed;
- two natural numbers and properties to search for;
- a property preceded by minus must not be present in numbers;
- separate the parameters with one space;
- enter 0 to exit.

Enter a request: > 5 9 none
The property [NONE] is wrong.
Available properties: [BUZZ, DUCK, PALINDROMIC, GAPFUL, SPY, EVEN, ODD, SQUARE, SUNNY, JUMPING, SAD, HAPPY]
Enter a request: > 0

Goodbye!
?[1;31m
Start test 36?[0m
Welcome to Amazing Numbers!

Supported requests:
- enter a natural number to know its properties;
- enter two natural numbers to obtain the properties of the list:
  * the first parameter represents a starting number;
  * the second parameter shows how many consecutive numbers are to be processed;
- two natural numbers and properties to search for;
- a property preceded by minus must not be present in numbers;
- separate the parameters with one space;
- enter 0 to exit.

Enter a request: > 1 10 EVEN

              2 is even, palindromic, spy, jumping, sad 
              4 is even, palindromic, spy, square, jumping, sad 
              6 is even, palindromic, spy, jumping, sad 
              8 is even, palindromic, spy, sunny, jumping, sad 
              10 is even, duck, jumping, happy 
              12 is even, jumping, sad 
              14 is even, buzz, sad 
              16 is even, square, sad 
              18 is even, sad 
              20 is even, duck, sad 

Enter a request: > 1 10 ODD

              1 is odd, palindromic, spy, square, jumping, happy 
              3 is odd, palindromic, spy, sunny, jumping, sad 
              5 is odd, palindromic, spy, jumping, sad 
              7 is odd, buzz, palindromic, spy, jumping, happy 
              9 is odd, palindromic, spy, square, jumping, sad 
              11 is odd, palindromic, sad 
              13 is odd, happy 
              15 is odd, sunny, sad 
              17 is odd, buzz, sad 
              19 is odd, happy 

Enter a request: > 1 10 BUZZ

              7 is odd, buzz, palindromic, spy, jumping, happy 
              14 is even, buzz, sad 
              17 is odd, buzz, sad 
              21 is odd, buzz, jumping, sad 
              27 is odd, buzz, sad 
              28 is even, buzz, happy 
              35 is odd, buzz, sunny, sad 
              37 is odd, buzz, sad 
              42 is even, buzz, sad 
              47 is odd, buzz, sad 

Enter a request: > 1 10 DUCK

              10 is even, duck, jumping, happy 
              20 is even, duck, sad 
              30 is even, duck, sad 
              40 is even, duck, sad 
              50 is even, duck, sad 
              60 is even, duck, sad 
              70 is even, buzz, duck, happy 
              80 is even, duck, sunny, sad 
              90 is even, duck, sad 
              100 is even, duck, gapful, square, happy 

Enter a request: > 1 10 PALINDROMIC

              1 is odd, palindromic, spy, square, jumping, happy 
              2 is even, palindromic, spy, jumping, sad 
              3 is odd, palindromic, spy, sunny, jumping, sad 
              4 is even, palindromic, spy, square, jumping, sad 
              5 is odd, palindromic, spy, jumping, sad 
              6 is even, palindromic, spy, jumping, sad 
              7 is odd, buzz, palindromic, spy, jumping, happy 
              8 is even, palindromic, spy, sunny, jumping, sad 
              9 is odd, palindromic, spy, square, jumping, sad 
              11 is odd, palindromic, sad 

Enter a request: > 1 10 GAPFUL

              100 is even, duck, gapful, square, happy 
              105 is odd, buzz, duck, gapful, sad 
              108 is even, duck, gapful, sad 
              110 is even, duck, gapful, sad 
              120 is even, duck, gapful, sunny, sad 
              121 is odd, palindromic, gapful, square, jumping, sad 
              130 is even, duck, gapful, happy 
              132 is even, gapful, spy, sad 
              135 is odd, gapful, sad 
              140 is even, buzz, duck, gapful, sad 

Enter a request: > 1 10 SPY

              1 is odd, palindromic, spy, square, jumping, happy 
              2 is even, palindromic, spy, jumping, sad 
              3 is odd, palindromic, spy, sunny, jumping, sad 
              4 is even, palindromic, spy, square, jumping, sad 
              5 is odd, palindromic, spy, jumping, sad 
              6 is even, palindromic, spy, jumping, sad 
              7 is odd, buzz, palindromic, spy, jumping, happy 
              8 is even, palindromic, spy, sunny, jumping, sad 
              9 is odd, palindromic, spy, square, jumping, sad 
              22 is even, palindromic, spy, sad 

Enter a request: > 1 10 SQUARE

              1 is odd, palindromic, spy, square, jumping, happy 
              4 is even, palindromic, spy, square, jumping, sad 
              9 is odd, palindromic, spy, square, jumping, sad 
              16 is even, square, sad 
              25 is odd, square, sad 
              36 is even, square, sad 
              49 is odd, buzz, square, happy 
              64 is even, square, sad 
              81 is odd, square, sad 
              100 is even, duck, gapful, square, happy 

Enter a request: > 1 10 SUNNY

              3 is odd, palindromic, spy, sunny, jumping, sad 
              8 is even, palindromic, spy, sunny, jumping, sad 
              15 is odd, sunny, sad 
              24 is even, sunny, sad 
              35 is odd, buzz, sunny, sad 
              48 is even, sunny, sad 
              63 is odd, buzz, sunny, sad 
              80 is even, duck, sunny, sad 
              99 is odd, palindromic, sunny, sad 
              120 is even, duck, gapful, sunny, sad 

Enter a request: > 1 10 JUMPING

              1 is odd, palindromic, spy, square, jumping, happy 
              2 is even, palindromic, spy, jumping, sad 
              3 is odd, palindromic, spy, sunny, jumping, sad 
              4 is even, palindromic, spy, square, jumping, sad 
              5 is odd, palindromic, spy, jumping, sad 
              6 is even, palindromic, spy, jumping, sad 
              7 is odd, buzz, palindromic, spy, jumping, happy 
              8 is even, palindromic, spy, sunny, jumping, sad 
              9 is odd, palindromic, spy, square, jumping, sad 
              10 is even, duck, jumping, happy 

Enter a request: > 1 10 HAPPY

              1 is odd, palindromic, spy, square, jumping, happy 
              7 is odd, buzz, palindromic, spy, jumping, happy 
              10 is even, duck, jumping, happy 
              13 is odd, happy 
              19 is odd, happy 
              23 is odd, jumping, happy 
              28 is even, buzz, happy 
              31 is odd, happy 
              32 is even, jumping, happy 
              44 is even, palindromic, happy 

Enter a request: > 1 10 SAD

              2 is even, palindromic, spy, jumping, sad 
              3 is odd, palindromic, spy, sunny, jumping, sad 
              4 is even, palindromic, spy, square, jumping, sad 
              5 is odd, palindromic, spy, jumping, sad 
              6 is even, palindromic, spy, jumping, sad 
              8 is even, palindromic, spy, sunny, jumping, sad 
              9 is odd, palindromic, spy, square, jumping, sad 
              11 is odd, palindromic, sad 
              12 is even, jumping, sad 
              14 is even, buzz, sad 

Enter a request: > 0

Goodbye!
?[1;31m
Start test 37?[0m
Welcome to Amazing Numbers!

Supported requests:
- enter a natural number to know its properties;
- enter two natural numbers to obtain the properties of the list:
  * the first parameter represents a starting number;
  * the second parameter shows how many consecutive numbers are to be processed;
- two natural numbers and properties to search for;
- a property preceded by minus must not be present in numbers;
- separate the parameters with one space;
- enter 0 to exit.

Enter a request: > 24613 16 EVEN

              24614 is even, sad 
              24616 is even, sad 
              24618 is even, sad 
              24620 is even, duck, gapful, sad 
              24622 is even, sad 
              24624 is even, gapful, sad 
              24626 is even, buzz, sad 
              24628 is even, sad 
              24630 is even, duck, sad 
              24632 is even, sad 
              24634 is even, sad 
              24636 is even, sad 
              24638 is even, happy 
              24640 is even, buzz, duck, gapful, sad 
              24642 is even, palindromic, sad 
              24644 is even, sad 

Enter a request: > 0

Goodbye!
?[1;31m
Start test 38?[0m
Welcome to Amazing Numbers!

Supported requests:
- enter a natural number to know its properties;
- enter two natural numbers to obtain the properties of the list:
  * the first parameter represents a starting number;
  * the second parameter shows how many consecutive numbers are to be processed;
- two natural numbers and properties to search for;
- a property preceded by minus must not be present in numbers;
- separate the parameters with one space;
- enter 0 to exit.

Enter a request: > 31355 16 JUMPING

              32101 is odd, duck, jumping, sad 
              32121 is odd, jumping, happy 
              32123 is odd, buzz, palindromic, jumping, sad 
              32321 is odd, jumping, sad 
              32323 is odd, palindromic, jumping, sad 
              32343 is odd, jumping, sad 
              32345 is odd, jumping, sad 
              34321 is odd, buzz, jumping, sad 
              34323 is odd, jumping, sad 
              34343 is odd, palindromic, jumping, sad 
              34345 is odd, jumping, sad 
              34543 is odd, palindromic, jumping, sad 
              34545 is odd, buzz, gapful, jumping, happy 
              34565 is odd, jumping, sad 
              34567 is odd, buzz, jumping, sad 
              43210 is even, duck, jumping, sad 

Enter a request: > 0

Goodbye!
?[1;31m
Start test 39?[0m
Welcome to Amazing Numbers!

Supported requests:
- enter a natural number to know its properties;
- enter two natural numbers to obtain the properties of the list:
  * the first parameter represents a starting number;
  * the second parameter shows how many consecutive numbers are to be processed;
- two natural numbers and properties to search for;
- a property preceded by minus must not be present in numbers;
- separate the parameters with one space;
- enter 0 to exit.

Enter a request: > 27609 15 SUNNY

              27888 is even, buzz, gapful, sunny, sad 
              28223 is odd, sunny, sad 
              28560 is even, buzz, duck, gapful, sunny, happy 
              28899 is odd, sunny, sad 
              29240 is even, duck, gapful, sunny, sad 
              29583 is odd, sunny, sad 
              29928 is even, sunny, sad 
              30275 is odd, buzz, duck, gapful, sunny, sad 
              30624 is even, duck, sunny, sad 
              30975 is odd, buzz, duck, gapful, sunny, sad 
              31328 is even, sunny, sad 
              31683 is odd, sunny, sad 
              32040 is even, duck, gapful, sunny, sad 
              32399 is odd, sunny, sad 
              32760 is even, buzz, duck, gapful, sunny, sad 

Enter a request: > 0

Goodbye!
?[1;31m
Start test 40?[0m
Welcome to Amazing Numbers!

Supported requests:
- enter a natural number to know its properties;
- enter two natural numbers to obtain the properties of the list:
  * the first parameter represents a starting number;
  * the second parameter shows how many consecutive numbers are to be processed;
- two natural numbers and properties to search for;
- a property preceded by minus must not be present in numbers;
- separate the parameters with one space;
- enter 0 to exit.

Enter a request: > 23291 5 DUCK

              23300 is even, duck, gapful, sad 
              23301 is odd, duck, happy 
              23302 is even, duck, sad 
              23303 is odd, buzz, duck, happy 
              23304 is even, duck, gapful, sad 

Enter a request: > 0

Goodbye!
?[1;31m
Start test 41?[0m
Welcome to Amazing Numbers!

Supported requests:
- enter a natural number to know its properties;
- enter two natural numbers to obtain the properties of the list:
  * the first parameter represents a starting number;
  * the second parameter shows how many consecutive numbers are to be processed;
- two natural numbers and properties to search for;
- a property preceded by minus must not be present in numbers;
- separate the parameters with one space;
- enter 0 to exit.

Enter a request: > 30758 16 EVEN

              30758 is even, buzz, duck, sad 
              30760 is even, duck, happy 
              30762 is even, duck, sad 
              30764 is even, duck, sad 
              30766 is even, duck, happy 
              30768 is even, duck, sad 
              30770 is even, duck, sad 
              30772 is even, buzz, duck, sad 
              30774 is even, duck, sad 
              30776 is even, duck, sad 
              30778 is even, duck, sad 
              30780 is even, duck, gapful, sad 
              30782 is even, duck, sad 
              30784 is even, duck, sad 
              30786 is even, buzz, duck, sad 
              30788 is even, duck, sad 

Enter a request: > 0

Goodbye!
?[1;31m
Start test 42?[0m
Welcome to Amazing Numbers!

Supported requests:
- enter a natural number to know its properties;
- enter two natural numbers to obtain the properties of the list:
  * the first parameter represents a starting number;
  * the second parameter shows how many consecutive numbers are to be processed;
- two natural numbers and properties to search for;
- a property preceded by minus must not be present in numbers;
- separate the parameters with one space;
- enter 0 to exit.

Enter a request: > 20139 10 SPY

              21115 is odd, spy, happy 
              21122 is even, spy, sad 
              21151 is odd, spy, happy 
              21212 is even, palindromic, spy, jumping, sad 
              21221 is odd, spy, sad 
              21511 is odd, buzz, spy, happy 
              22112 is even, spy, sad 
              22121 is odd, spy, sad 
              22211 is odd, buzz, spy, sad 
              25111 is odd, spy, happy 

Enter a request: > 0

Goodbye!
?[1;31m
Start test 43?[0m
Welcome to Amazing Numbers!

Supported requests:
- enter a natural number to know its properties;
- enter two natural numbers to obtain the properties of the list:
  * the first parameter represents a starting number;
  * the second parameter shows how many consecutive numbers are to be processed;
- two natural numbers and properties to search for;
- a property preceded by minus must not be present in numbers;
- separate the parameters with one space;
- enter 0 to exit.

Enter a request: > 22599 20 SAD

              22599 is odd, sad 
              22601 is odd, duck, sad 
              22602 is even, duck, sad 
              22603 is odd, buzz, duck, sad 
              22604 is even, duck, sad 
              22605 is odd, duck, sad 
              22606 is even, duck, sad 
              22607 is odd, buzz, duck, sad 
              22608 is even, duck, sad 
              22609 is odd, duck, sad 
              22610 is even, buzz, duck, sad 
              22611 is odd, sad 
              22613 is odd, sad 
              22614 is even, sad 
              22616 is even, sad 
              22619 is odd, sad 
              22620 is even, duck, gapful, sad 
              22622 is even, palindromic, sad 
              22623 is odd, sad 
              22624 is even, buzz, sad 

Enter a request: > 0

Goodbye!
?[1;31m
Start test 44?[0m
Welcome to Amazing Numbers!

Supported requests:
- enter a natural number to know its properties;
- enter two natural numbers to obtain the properties of the list:
  * the first parameter represents a starting number;
  * the second parameter shows how many consecutive numbers are to be processed;
- two natural numbers and properties to search for;
- a property preceded by minus must not be present in numbers;
- separate the parameters with one space;
- enter 0 to exit.

Enter a request: > 14572 14 BUZZ

              14574 is even, buzz, gapful, sad 
              14577 is odd, buzz, sad 
              14581 is odd, buzz, sad 
              14587 is odd, buzz, sad 
              14588 is even, buzz, sad 
              14595 is odd, buzz, gapful, sad 
              14597 is odd, buzz, sad 
              14602 is even, buzz, duck, sad 
              14607 is odd, buzz, duck, sad 
              14609 is odd, buzz, duck, sad 
              14616 is even, buzz, sad 
              14617 is odd, buzz, happy 
              14623 is odd, buzz, sad 
              14627 is odd, buzz, sad 

Enter a request: > 0

Goodbye!
?[1;31m
Start test 45?[0m
Welcome to Amazing Numbers!

Supported requests:
- enter a natural number to know its properties;
- enter two natural numbers to obtain the properties of the list:
  * the first parameter represents a starting number;
  * the second parameter shows how many consecutive numbers are to be processed;
- two natural numbers and properties to search for;
- a property preceded by minus must not be present in numbers;
- separate the parameters with one space;
- enter 0 to exit.

Enter a request: > 6263 12 BUZZ

              6265 is odd, buzz, sad 
              6267 is odd, buzz, sad 
              6272 is even, buzz, sad 
              6277 is odd, buzz, sad 
              6279 is odd, buzz, gapful, sad 
              6286 is even, buzz, sad 
              6287 is odd, buzz, sad 
              6293 is odd, buzz, happy 
              6297 is odd, buzz, sad 
              6300 is even, buzz, duck, gapful, sad 
              6307 is odd, buzz, duck, happy 
              6314 is even, buzz, sad 

Enter a request: > 0

Goodbye!
?[1;31m
Start test 46?[0m
Welcome to Amazing Numbers!

Supported requests:
- enter a natural number to know its properties;
- enter two natural numbers to obtain the properties of the list:
  * the first parameter represents a starting number;
  * the second parameter shows how many consecutive numbers are to be processed;
- two natural numbers and properties to search for;
- a property preceded by minus must not be present in numbers;
- separate the parameters with one space;
- enter 0 to exit.

Enter a request: > 19544 12 DUCK

              19550 is even, duck, gapful, sad 
              19560 is even, duck, gapful, sad 
              19570 is even, duck, gapful, sad 
              19580 is even, duck, gapful, sad 
              19590 is even, duck, gapful, happy 
              19600 is even, buzz, duck, gapful, square, sad 
              19601 is odd, duck, sad 
              19602 is even, duck, sad 
              19603 is odd, duck, sad 
              19604 is even, duck, sad 
              19605 is odd, duck, gapful, sad 
              19606 is even, duck, sad 

Enter a request: > 0

Goodbye!
?[1;31m
Start test 47?[0m
Welcome to Amazing Numbers!

Supported requests:
- enter a natural number to know its properties;
- enter two natural numbers to obtain the properties of the list:
  * the first parameter represents a starting number;
  * the second parameter shows how many consecutive numbers are to be processed;
- two natural numbers and properties to search for;
- a property preceded by minus must not be present in numbers;
- separate the parameters with one space;
- enter 0 to exit.

Enter a request: > 1 10 odd girl
The property [GIRL] is wrong.
Available properties: [BUZZ, DUCK, PALINDROMIC, GAPFUL, SPY, EVEN, ODD, SQUARE, SUNNY, JUMPING, SAD, HAPPY]
Enter a request: > 0

Goodbye!
?[1;31m
Start test 48?[0m
Welcome to Amazing Numbers!

Supported requests:
- enter a natural number to know its properties;
- enter two natural numbers to obtain the properties of the list:
  * the first parameter represents a starting number;
  * the second parameter shows how many consecutive numbers are to be processed;
- two natural numbers and properties to search for;
- a property preceded by minus must not be present in numbers;
- separate the parameters with one space;
- enter 0 to exit.

Enter a request: > 40 2 even day
The property [DAY] is wrong.
Available properties: [BUZZ, DUCK, PALINDROMIC, GAPFUL, SPY, EVEN, ODD, SQUARE, SUNNY, JUMPING, SAD, HAPPY]
Enter a request: > 0

Goodbye!
?[1;31m
Start test 49?[0m
Welcome to Amazing Numbers!

Supported requests:
- enter a natural number to know its properties;
- enter two natural numbers to obtain the properties of the list:
  * the first parameter represents a starting number;
  * the second parameter shows how many consecutive numbers are to be processed;
- two natural numbers and properties to search for;
- a property preceded by minus must not be present in numbers;
- separate the parameters with one space;
- enter 0 to exit.

Enter a request: > 37 4 spy 89
The property [89] is wrong.
Available properties: [BUZZ, DUCK, PALINDROMIC, GAPFUL, SPY, EVEN, ODD, SQUARE, SUNNY, JUMPING, SAD, HAPPY]
Enter a request: > 0

Goodbye!
?[1;31m
Start test 50?[0m
Welcome to Amazing Numbers!

Supported requests:
- enter a natural number to know its properties;
- enter two natural numbers to obtain the properties of the list:
  * the first parameter represents a starting number;
  * the second parameter shows how many consecutive numbers are to be processed;
- two natural numbers and properties to search for;
- a property preceded by minus must not be present in numbers;
- separate the parameters with one space;
- enter 0 to exit.

Enter a request: > 67 2 DUCK +
The property [+] is wrong.
Available properties: [BUZZ, DUCK, PALINDROMIC, GAPFUL, SPY, EVEN, ODD, SQUARE, SUNNY, JUMPING, SAD, HAPPY]
Enter a request: > 0

Goodbye!
?[1;31m
Start test 51?[0m
Welcome to Amazing Numbers!

Supported requests:
- enter a natural number to know its properties;
- enter two natural numbers to obtain the properties of the list:
  * the first parameter represents a starting number;
  * the second parameter shows how many consecutive numbers are to be processed;
- two natural numbers and properties to search for;
- a property preceded by minus must not be present in numbers;
- separate the parameters with one space;
- enter 0 to exit.

Enter a request: > 1 10 boy friend
The properties [BOY, FRIEND] are wrong.
Available properties: [BUZZ, DUCK, PALINDROMIC, GAPFUL, SPY, EVEN, ODD, SQUARE, SUNNY, JUMPING, SAD, HAPPY]
Enter a request: > 0

Goodbye!
?[1;31m
Start test 52?[0m
Welcome to Amazing Numbers!

Supported requests:
- enter a natural number to know its properties;
- enter two natural numbers to obtain the properties of the list:
  * the first parameter represents a starting number;
  * the second parameter shows how many consecutive numbers are to be processed;
- two natural numbers and properties to search for;
- a property preceded by minus must not be present in numbers;
- separate the parameters with one space;
- enter 0 to exit.

Enter a request: > 40 2 long day
The properties [LONG, DAY] are wrong.
Available properties: [BUZZ, DUCK, PALINDROMIC, GAPFUL, SPY, EVEN, ODD, SQUARE, SUNNY, JUMPING, SAD, HAPPY]
Enter a request: > 0

Goodbye!
?[1;31m
Start test 53?[0m
Welcome to Amazing Numbers!

Supported requests:
- enter a natural number to know its properties;
- enter two natural numbers to obtain the properties of the list:
  * the first parameter represents a starting number;
  * the second parameter shows how many consecutive numbers are to be processed;
- two natural numbers and properties to search for;
- a property preceded by minus must not be present in numbers;
- separate the parameters with one space;
- enter 0 to exit.

Enter a request: > 37 4 hot girl
The properties [HOT, GIRL] are wrong.
Available properties: [BUZZ, DUCK, PALINDROMIC, GAPFUL, SPY, EVEN, ODD, SQUARE, SUNNY, JUMPING, SAD, HAPPY]
Enter a request: > 0

Goodbye!
?[1;31m
Start test 54?[0m
Welcome to Amazing Numbers!

Supported requests:
- enter a natural number to know its properties;
- enter two natural numbers to obtain the properties of the list:
  * the first parameter represents a starting number;
  * the second parameter shows how many consecutive numbers are to be processed;
- two natural numbers and properties to search for;
- a property preceded by minus must not be present in numbers;
- separate the parameters with one space;
- enter 0 to exit.

Enter a request: > 67 2 strong drake
The properties [STRONG, DRAKE] are wrong.
Available properties: [BUZZ, DUCK, PALINDROMIC, GAPFUL, SPY, EVEN, ODD, SQUARE, SUNNY, JUMPING, SAD, HAPPY]
Enter a request: > 0

Goodbye!
?[1;31m
Start test 55?[0m
Welcome to Amazing Numbers!

Supported requests:
- enter a natural number to know its properties;
- enter two natural numbers to obtain the properties of the list:
  * the first parameter represents a starting number;
  * the second parameter shows how many consecutive numbers are to be processed;
- two natural numbers and properties to search for;
- a property preceded by minus must not be present in numbers;
- separate the parameters with one space;
- enter 0 to exit.

Enter a request: > 1 7 even spy

              2 is even, palindromic, spy, jumping, sad 
              4 is even, palindromic, spy, square, jumping, sad 
              6 is even, palindromic, spy, jumping, sad 
              8 is even, palindromic, spy, sunny, jumping, sad 
              22 is even, palindromic, spy, sad 
              132 is even, gapful, spy, sad 
              312 is even, spy, sad 

Enter a request: > 0

Goodbye!
?[1;31m
Start test 56?[0m
Welcome to Amazing Numbers!

Supported requests:
- enter a natural number to know its properties;
- enter two natural numbers to obtain the properties of the list:
  * the first parameter represents a starting number;
  * the second parameter shows how many consecutive numbers are to be processed;
- two natural numbers and properties to search for;
- a property preceded by minus must not be present in numbers;
- separate the parameters with one space;
- enter 0 to exit.

Enter a request: > 1 10 odd buzz

              7 is odd, buzz, palindromic, spy, jumping, happy 
              17 is odd, buzz, sad 
              21 is odd, buzz, jumping, sad 
              27 is odd, buzz, sad 
              35 is odd, buzz, sunny, sad 
              37 is odd, buzz, sad 
              47 is odd, buzz, sad 
              49 is odd, buzz, square, happy 
              57 is odd, buzz, sad 
              63 is odd, buzz, sunny, sad 

Enter a request: > 0

Goodbye!
?[1;31m
Start test 57?[0m
Welcome to Amazing Numbers!

Supported requests:
- enter a natural number to know its properties;
- enter two natural numbers to obtain the properties of the list:
  * the first parameter represents a starting number;
  * the second parameter shows how many consecutive numbers are to be processed;
- two natural numbers and properties to search for;
- a property preceded by minus must not be present in numbers;
- separate the parameters with one space;
- enter 0 to exit.

Enter a request: > 1 9 buzz gapful

              105 is odd, buzz, duck, gapful, sad 
              140 is even, buzz, duck, gapful, sad 
              154 is even, buzz, gapful, sad 
              187 is odd, buzz, gapful, sad 
              231 is odd, buzz, gapful, spy, sad 
              280 is even, buzz, duck, gapful, happy 
              297 is odd, buzz, gapful, sad 
              315 is odd, buzz, gapful, sad 
              385 is odd, buzz, gapful, sad 

Enter a request: > 0

Goodbye!
?[1;31m
Start test 58?[0m
Welcome to Amazing Numbers!

Supported requests:
- enter a natural number to know its properties;
- enter two natural numbers to obtain the properties of the list:
  * the first parameter represents a starting number;
  * the second parameter shows how many consecutive numbers are to be processed;
- two natural numbers and properties to search for;
- a property preceded by minus must not be present in numbers;
- separate the parameters with one space;
- enter 0 to exit.

Enter a request: > 1 10 spy buzz

              7 is odd, buzz, palindromic, spy, jumping, happy 
              231 is odd, buzz, gapful, spy, sad 
              1421 is odd, buzz, spy, sad 
              2114 is even, buzz, spy, sad 
              15211 is odd, buzz, spy, happy 
              21511 is odd, buzz, spy, happy 
              22211 is odd, buzz, spy, sad 
              31311 is odd, buzz, spy, sad 
              51121 is odd, buzz, spy, happy 
              111216 is even, buzz, gapful, spy, happy 

Enter a request: > 0

Goodbye!
?[1;31m
Start test 59?[0m
Welcome to Amazing Numbers!

Supported requests:
- enter a natural number to know its properties;
- enter two natural numbers to obtain the properties of the list:
  * the first parameter represents a starting number;
  * the second parameter shows how many consecutive numbers are to be processed;
- two natural numbers and properties to search for;
- a property preceded by minus must not be present in numbers;
- separate the parameters with one space;
- enter 0 to exit.

Enter a request: > 100000 2 even spy

              111126 is even, spy, happy 
              111162 is even, spy, happy 

Enter a request: > 0

Goodbye!
?[1;31m
Start test 60?[0m
Welcome to Amazing Numbers!

Supported requests:
- enter a natural number to know its properties;
- enter two natural numbers to obtain the properties of the list:
  * the first parameter represents a starting number;
  * the second parameter shows how many consecutive numbers are to be processed;
- two natural numbers and properties to search for;
- a property preceded by minus must not be present in numbers;
- separate the parameters with one space;
- enter 0 to exit.

Enter a request: > 100 4 odd gapful

              105 is odd, buzz, duck, gapful, sad 
              121 is odd, palindromic, gapful, square, jumping, sad 
              135 is odd, gapful, sad 
              143 is odd, gapful, sunny, sad 

Enter a request: > 0

Goodbye!
?[1;31m
Start test 61?[0m
Welcome to Amazing Numbers!

Supported requests:
- enter a natural number to know its properties;
- enter two natural numbers to obtain the properties of the list:
  * the first parameter represents a starting number;
  * the second parameter shows how many consecutive numbers are to be processed;
- two natural numbers and properties to search for;
- a property preceded by minus must not be present in numbers;
- separate the parameters with one space;
- enter 0 to exit.

Enter a request: > 2000 4 palindromic duck

              2002 is even, buzz, duck, palindromic, gapful, sad 
              3003 is odd, buzz, duck, palindromic, gapful, sad 
              4004 is even, buzz, duck, palindromic, gapful, happy 
              5005 is odd, buzz, duck, palindromic, gapful, sad 

Enter a request: > 0

Goodbye!
?[1;31m
Start test 62?[0m
Welcome to Amazing Numbers!

Supported requests:
- enter a natural number to know its properties;
- enter two natural numbers to obtain the properties of the list:
  * the first parameter represents a starting number;
  * the second parameter shows how many consecutive numbers are to be processed;
- two natural numbers and properties to search for;
- a property preceded by minus must not be present in numbers;
- separate the parameters with one space;
- enter 0 to exit.

Enter a request: > 26534 3 buzz evens palindromic
The property [EVENS] is wrong.
Available properties: [BUZZ, DUCK, PALINDROMIC, GAPFUL, SPY, EVEN, ODD, SQUARE, SUNNY, JUMPING, SAD, HAPPY]
Enter a request: > 0

Goodbye!
?[1;31m
Start test 63?[0m
Welcome to Amazing Numbers!

Supported requests:
- enter a natural number to know its properties;
- enter two natural numbers to obtain the properties of the list:
  * the first parameter represents a starting number;
  * the second parameter shows how many consecutive numbers are to be processed;
- two natural numbers and properties to search for;
- a property preceded by minus must not be present in numbers;
- separate the parameters with one space;
- enter 0 to exit.

Enter a request: > 4384 2 odd -buzz -palindromic shiny gapful
The property [SHINY] is wrong.
Available properties: [BUZZ, DUCK, PALINDROMIC, GAPFUL, SPY, EVEN, ODD, SQUARE, SUNNY, JUMPING, SAD, HAPPY]
Enter a request: > 0

Goodbye!
?[1;31m
Start test 64?[0m
Welcome to Amazing Numbers!

Supported requests:
- enter a natural number to know its properties;
- enter two natural numbers to obtain the properties of the list:
  * the first parameter represents a starting number;
  * the second parameter shows how many consecutive numbers are to be processed;
- two natural numbers and properties to search for;
- a property preceded by minus must not be present in numbers;
- separate the parameters with one space;
- enter 0 to exit.

Enter a request: > 1 7 hot sunny odd odd -even
The property [HOT] is wrong.
Available properties: [BUZZ, DUCK, PALINDROMIC, GAPFUL, SPY, EVEN, ODD, SQUARE, SUNNY, JUMPING, SAD, HAPPY]
Enter a request: > 0

Goodbye!
?[1;31m
Start test 65?[0m
Welcome to Amazing Numbers!

Supported requests:
- enter a natural number to know its properties;
- enter two natural numbers to obtain the properties of the list:
  * the first parameter represents a starting number;
  * the second parameter shows how many consecutive numbers are to be processed;
- two natural numbers and properties to search for;
- a property preceded by minus must not be present in numbers;
- separate the parameters with one space;
- enter 0 to exit.

Enter a request: > 78343 4 sunny -duck mac odd
The property [MAC] is wrong.
Available properties: [BUZZ, DUCK, PALINDROMIC, GAPFUL, SPY, EVEN, ODD, SQUARE, SUNNY, JUMPING, SAD, HAPPY]
Enter a request: > 0

Goodbye!
?[1;31m
Start test 66?[0m
Welcome to Amazing Numbers!

Supported requests:
- enter a natural number to know its properties;
- enter two natural numbers to obtain the properties of the list:
  * the first parameter represents a starting number;
  * the second parameter shows how many consecutive numbers are to be processed;
- two natural numbers and properties to search for;
- a property preceded by minus must not be present in numbers;
- separate the parameters with one space;
- enter 0 to exit.

Enter a request: > 3 4 -even -sunny -hot
The property [-HOT] is wrong.
Available properties: [BUZZ, DUCK, PALINDROMIC, GAPFUL, SPY, EVEN, ODD, SQUARE, SUNNY, JUMPING, SAD, HAPPY]
Enter a request: > 0

Goodbye!
?[1;31m
Start test 67?[0m
Welcome to Amazing Numbers!

Supported requests:
- enter a natural number to know its properties;
- enter two natural numbers to obtain the properties of the list:
  * the first parameter represents a starting number;
  * the second parameter shows how many consecutive numbers are to be processed;
- two natural numbers and properties to search for;
- a property preceded by minus must not be present in numbers;
- separate the parameters with one space;
- enter 0 to exit.

Enter a request: > 1 7 odd spy palindromic

              1 is odd, palindromic, spy, square, jumping, happy 
              3 is odd, palindromic, spy, sunny, jumping, sad 
              5 is odd, palindromic, spy, jumping, sad 
              7 is odd, buzz, palindromic, spy, jumping, happy 
              9 is odd, palindromic, spy, square, jumping, sad 
              12221 is odd, palindromic, gapful, spy, sad 
              13131 is odd, palindromic, spy, sad 

Enter a request: > 0

Goodbye!
?[1;31m
Start test 68?[0m
Welcome to Amazing Numbers!

Supported requests:
- enter a natural number to know its properties;
- enter two natural numbers to obtain the properties of the list:
  * the first parameter represents a starting number;
  * the second parameter shows how many consecutive numbers are to be processed;
- two natural numbers and properties to search for;
- a property preceded by minus must not be present in numbers;
- separate the parameters with one space;
- enter 0 to exit.

Enter a request: > 1 10 even palindromic duck buzz

              2002 is even, buzz, duck, palindromic, gapful, sad 
              4004 is even, buzz, duck, palindromic, gapful, happy 
              6006 is even, buzz, duck, palindromic, gapful, sad 
              8008 is even, buzz, duck, palindromic, gapful, sad 
              20202 is even, buzz, duck, palindromic, sad 
              20902 is even, buzz, duck, palindromic, sad 
              22022 is even, buzz, duck, palindromic, gapful, sad 
              29092 is even, buzz, duck, palindromic, sad 
              40404 is even, buzz, duck, palindromic, sad 
              44044 is even, buzz, duck, palindromic, gapful, sad 

Enter a request: > 0

Goodbye!
?[1;31m
Start test 69?[0m
Welcome to Amazing Numbers!

Supported requests:
- enter a natural number to know its properties;
- enter two natural numbers to obtain the properties of the list:
  * the first parameter represents a starting number;
  * the second parameter shows how many consecutive numbers are to be processed;
- two natural numbers and properties to search for;
- a property preceded by minus must not be present in numbers;
- separate the parameters with one space;
- enter 0 to exit.

Enter a request: > 1 9 even palindromic duck buzz gapful

              2002 is even, buzz, duck, palindromic, gapful, sad 
              4004 is even, buzz, duck, palindromic, gapful, happy 
              6006 is even, buzz, duck, palindromic, gapful, sad 
              8008 is even, buzz, duck, palindromic, gapful, sad 
              22022 is even, buzz, duck, palindromic, gapful, sad 
              44044 is even, buzz, duck, palindromic, gapful, sad 
              66066 is even, buzz, duck, palindromic, gapful, sad 
              88088 is even, buzz, duck, palindromic, gapful, sad 
              202202 is even, buzz, duck, palindromic, gapful, sad 

Enter a request: > 0

Goodbye!
?[1;31m
Start test 70?[0m
Welcome to Amazing Numbers!

Supported requests:
- enter a natural number to know its properties;
- enter two natural numbers to obtain the properties of the list:
  * the first parameter represents a starting number;
  * the second parameter shows how many consecutive numbers are to be processed;
- two natural numbers and properties to search for;
- a property preceded by minus must not be present in numbers;
- separate the parameters with one space;
- enter 0 to exit.

Enter a request: > 1 10 even sunny duck buzz gapful

              1680 is even, buzz, duck, gapful, sunny, sad 
              4760 is even, buzz, duck, gapful, sunny, sad 
              9408 is even, buzz, duck, gapful, sunny, sad 
              12320 is even, buzz, duck, gapful, sunny, sad 
              19320 is even, buzz, duck, gapful, sunny, sad 
              19880 is even, buzz, duck, gapful, sunny, sad 
              23408 is even, buzz, duck, gapful, sunny, sad 
              24024 is even, buzz, duck, gapful, sunny, sad 
              28560 is even, buzz, duck, gapful, sunny, happy 
              32760 is even, buzz, duck, gapful, sunny, sad 

Enter a request: > 0

Goodbye!
?[1;31m
Start test 71?[0m
Welcome to Amazing Numbers!

Supported requests:
- enter a natural number to know its properties;
- enter two natural numbers to obtain the properties of the list:
  * the first parameter represents a starting number;
  * the second parameter shows how many consecutive numbers are to be processed;
- two natural numbers and properties to search for;
- a property preceded by minus must not be present in numbers;
- separate the parameters with one space;
- enter 0 to exit.

Enter a request: > 100000 2 even spy buzz gapful

              111216 is even, buzz, gapful, spy, happy 
              161112 is even, buzz, gapful, spy, happy 

Enter a request: > 0

Goodbye!
?[1;31m
Start test 72?[0m
Welcome to Amazing Numbers!

Supported requests:
- enter a natural number to know its properties;
- enter two natural numbers to obtain the properties of the list:
  * the first parameter represents a starting number;
  * the second parameter shows how many consecutive numbers are to be processed;
- two natural numbers and properties to search for;
- a property preceded by minus must not be present in numbers;
- separate the parameters with one space;
- enter 0 to exit.

Enter a request: > 100 4 odd spy gapful

              231 is odd, buzz, gapful, spy, sad 
              12221 is odd, palindromic, gapful, spy, sad 
              216111 is odd, buzz, gapful, spy, happy 
              1111341 is odd, buzz, gapful, spy, sad 

Enter a request: > 0

Goodbye!
?[1;31m
Start test 73?[0m
Welcome to Amazing Numbers!

Supported requests:
- enter a natural number to know its properties;
- enter two natural numbers to obtain the properties of the list:
  * the first parameter represents a starting number;
  * the second parameter shows how many consecutive numbers are to be processed;
- two natural numbers and properties to search for;
- a property preceded by minus must not be present in numbers;
- separate the parameters with one space;
- enter 0 to exit.

Enter a request: > 2000 4 even palindromic duck

              2002 is even, buzz, duck, palindromic, gapful, sad 
              4004 is even, buzz, duck, palindromic, gapful, happy 
              6006 is even, buzz, duck, palindromic, gapful, sad 
              8008 is even, buzz, duck, palindromic, gapful, sad 

Enter a request: > 0

Goodbye!
?[1;31m
Start test 74?[0m
Welcome to Amazing Numbers!

Supported requests:
- enter a natural number to know its properties;
- enter two natural numbers to obtain the properties of the list:
  * the first parameter represents a starting number;
  * the second parameter shows how many consecutive numbers are to be processed;
- two natural numbers and properties to search for;
- a property preceded by minus must not be present in numbers;
- separate the parameters with one space;
- enter 0 to exit.

Enter a request: > 1 15 odd spy -duck spy buzz

              7 is odd, buzz, palindromic, spy, jumping, happy 
              231 is odd, buzz, gapful, spy, sad 
              1421 is odd, buzz, spy, sad 
              15211 is odd, buzz, spy, happy 
              21511 is odd, buzz, spy, happy 
              22211 is odd, buzz, spy, sad 
              31311 is odd, buzz, spy, sad 
              51121 is odd, buzz, spy, happy 
              112161 is odd, buzz, spy, happy 
              121611 is odd, buzz, spy, happy 
              216111 is odd, buzz, gapful, spy, happy 
              611121 is odd, buzz, spy, happy 
              1111127 is odd, buzz, spy, sad 
              1111217 is odd, buzz, spy, sad 
              1111271 is odd, buzz, spy, sad 

Enter a request: > 0

Goodbye!
?[1;31m
Start test 75?[0m
Welcome to Amazing Numbers!

Supported requests:
- enter a natural number to know its properties;
- enter two natural numbers to obtain the properties of the list:
  * the first parameter represents a starting number;
  * the second parameter shows how many consecutive numbers are to be processed;
- two natural numbers and properties to search for;
- a property preceded by minus must not be present in numbers;
- separate the parameters with one space;
- enter 0 to exit.

Enter a request: > 1 2 jumping happy -spy

              10 is even, duck, jumping, happy 
              23 is odd, jumping, happy 

Enter a request: > 0

Goodbye!
?[1;31m
Start test 76?[0m
Welcome to Amazing Numbers!

Supported requests:
- enter a natural number to know its properties;
- enter two natural numbers to obtain the properties of the list:
  * the first parameter represents a starting number;
  * the second parameter shows how many consecutive numbers are to be processed;
- two natural numbers and properties to search for;
- a property preceded by minus must not be present in numbers;
- separate the parameters with one space;
- enter 0 to exit.

Enter a request: > 5 1 odd even

The request contains mutually exclusive properties: [EVEN, ODD]
There are no numbers with these properties.

Enter a request: > 0

Goodbye!
?[1;31m
Start test 77?[0m
Welcome to Amazing Numbers!

Supported requests:
- enter a natural number to know its properties;
- enter two natural numbers to obtain the properties of the list:
  * the first parameter represents a starting number;
  * the second parameter shows how many consecutive numbers are to be processed;
- two natural numbers and properties to search for;
- a property preceded by minus must not be present in numbers;
- separate the parameters with one space;
- enter 0 to exit.

Enter a request: > 4 3 even odd

The request contains mutually exclusive properties: [EVEN, ODD]
There are no numbers with these properties.

Enter a request: > 0

Goodbye!
?[1;31m
Start test 78?[0m
Welcome to Amazing Numbers!

Supported requests:
- enter a natural number to know its properties;
- enter two natural numbers to obtain the properties of the list:
  * the first parameter represents a starting number;
  * the second parameter shows how many consecutive numbers are to be processed;
- two natural numbers and properties to search for;
- a property preceded by minus must not be present in numbers;
- separate the parameters with one space;
- enter 0 to exit.

Enter a request: > 32 2 sunny square

The request contains mutually exclusive properties: [SUNNY, SQUARE]
There are no numbers with these properties.

Enter a request: > 0

Goodbye!
?[1;31m
Start test 79?[0m
Welcome to Amazing Numbers!

Supported requests:
- enter a natural number to know its properties;
- enter two natural numbers to obtain the properties of the list:
  * the first parameter represents a starting number;
  * the second parameter shows how many consecutive numbers are to be processed;
- two natural numbers and properties to search for;
- a property preceded by minus must not be present in numbers;
- separate the parameters with one space;
- enter 0 to exit.

Enter a request: > 3153 2 spy duck

The request contains mutually exclusive properties: [DUCK, SPY]
There are no numbers with these properties.

Enter a request: > 0

Goodbye!
?[1;31m
Start test 80?[0m
Welcome to Amazing Numbers!

Supported requests:
- enter a natural number to know its properties;
- enter two natural numbers to obtain the properties of the list:
  * the first parameter represents a starting number;
  * the second parameter shows how many consecutive numbers are to be processed;
- two natural numbers and properties to search for;
- a property preceded by minus must not be present in numbers;
- separate the parameters with one space;
- enter 0 to exit.

Enter a request: > 6 7 duck spy

The request contains mutually exclusive properties: [DUCK, SPY]
There are no numbers with these properties.

Enter a request: > 0

Goodbye!
?[1;31m
Start test 81?[0m
Welcome to Amazing Numbers!

Supported requests:
- enter a natural number to know its properties;
- enter two natural numbers to obtain the properties of the list:
  * the first parameter represents a starting number;
  * the second parameter shows how many consecutive numbers are to be processed;
- two natural numbers and properties to search for;
- a property preceded by minus must not be present in numbers;
- separate the parameters with one space;
- enter 0 to exit.

Enter a request: > 1 2 spy odd sunny even

The request contains mutually exclusive properties: [EVEN, ODD]
There are no numbers with these properties.

Enter a request: > 0

Goodbye!
?[1;31m
Start test 82?[0m
Welcome to Amazing Numbers!

Supported requests:
- enter a natural number to know its properties;
- enter two natural numbers to obtain the properties of the list:
  * the first parameter represents a starting number;
  * the second parameter shows how many consecutive numbers are to be processed;
- two natural numbers and properties to search for;
- a property preceded by minus must not be present in numbers;
- separate the parameters with one space;
- enter 0 to exit.

Enter a request: > 7 2 sunny even duck buzz square

The request contains mutually exclusive properties: [SUNNY, SQUARE]
There are no numbers with these properties.

Enter a request: > 0

Goodbye!
?[1;31m
Start test 83?[0m
Welcome to Amazing Numbers!

Supported requests:
- enter a natural number to know its properties;
- enter two natural numbers to obtain the properties of the list:
  * the first parameter represents a starting number;
  * the second parameter shows how many consecutive numbers are to be processed;
- two natural numbers and properties to search for;
- a property preceded by minus must not be present in numbers;
- separate the parameters with one space;
- enter 0 to exit.

Enter a request: > 9 5 even spy buzz duck

The request contains mutually exclusive properties: [DUCK, SPY]
There are no numbers with these properties.

Enter a request: > 0

Goodbye!
?[1;31m
Start test 84?[0m
Welcome to Amazing Numbers!

Supported requests:
- enter a natural number to know its properties;
- enter two natural numbers to obtain the properties of the list:
  * the first parameter represents a starting number;
  * the second parameter shows how many consecutive numbers are to be processed;
- two natural numbers and properties to search for;
- a property preceded by minus must not be present in numbers;
- separate the parameters with one space;
- enter 0 to exit.

Enter a request: > 6 6 -odd -even

The request contains mutually exclusive properties: [-EVEN, -ODD]
There are no numbers with these properties.

Enter a request: > 0

Goodbye!
?[1;31m
Start test 85?[0m
Welcome to Amazing Numbers!

Supported requests:
- enter a natural number to know its properties;
- enter two natural numbers to obtain the properties of the list:
  * the first parameter represents a starting number;
  * the second parameter shows how many consecutive numbers are to be processed;
- two natural numbers and properties to search for;
- a property preceded by minus must not be present in numbers;
- separate the parameters with one space;
- enter 0 to exit.

Enter a request: > 6 7 odd -odd

The request contains mutually exclusive properties: [ODD, -ODD]
There are no numbers with these properties.

Enter a request: > 0

Goodbye!
?[1;31m
Start test 86?[0m
Welcome to Amazing Numbers!

Supported requests:
- enter a natural number to know its properties;
- enter two natural numbers to obtain the properties of the list:
  * the first parameter represents a starting number;
  * the second parameter shows how many consecutive numbers are to be processed;
- two natural numbers and properties to search for;
- a property preceded by minus must not be present in numbers;
- separate the parameters with one space;
- enter 0 to exit.

Enter a request: > 8 1 -even even

The request contains mutually exclusive properties: [EVEN, -EVEN]
There are no numbers with these properties.

Enter a request: > 0

Goodbye!
?[1;31m
Start test 87?[0m
Welcome to Amazing Numbers!

Supported requests:
- enter a natural number to know its properties;
- enter two natural numbers to obtain the properties of the list:
  * the first parameter represents a starting number;
  * the second parameter shows how many consecutive numbers are to be processed;
- two natural numbers and properties to search for;
- a property preceded by minus must not be present in numbers;
- separate the parameters with one space;
- enter 0 to exit.

Enter a request: > 3 5 odd duck buzz -duck sunny

The request contains mutually exclusive properties: [DUCK, -DUCK]
There are no numbers with these properties.

Enter a request: > 0

Goodbye!
?[1;31m
Start test 88?[0m
Welcome to Amazing Numbers!

Supported requests:
- enter a natural number to know its properties;
- enter two natural numbers to obtain the properties of the list:
  * the first parameter represents a starting number;
  * the second parameter shows how many consecutive numbers are to be processed;
- two natural numbers and properties to search for;
- a property preceded by minus must not be present in numbers;
- separate the parameters with one space;
- enter 0 to exit.

Enter a request: > 1 15 -EVEN

              1 is odd, palindromic, spy, square, jumping, happy 
              3 is odd, palindromic, spy, sunny, jumping, sad 
              5 is odd, palindromic, spy, jumping, sad 
              7 is odd, buzz, palindromic, spy, jumping, happy 
              9 is odd, palindromic, spy, square, jumping, sad 
              11 is odd, palindromic, sad 
              13 is odd, happy 
              15 is odd, sunny, sad 
              17 is odd, buzz, sad 
              19 is odd, happy 
              21 is odd, buzz, jumping, sad 
              23 is odd, jumping, happy 
              25 is odd, square, sad 
              27 is odd, buzz, sad 
              29 is odd, sad 

Enter a request: > 1 15 -ODD

              2 is even, palindromic, spy, jumping, sad 
              4 is even, palindromic, spy, square, jumping, sad 
              6 is even, palindromic, spy, jumping, sad 
              8 is even, palindromic, spy, sunny, jumping, sad 
              10 is even, duck, jumping, happy 
              12 is even, jumping, sad 
              14 is even, buzz, sad 
              16 is even, square, sad 
              18 is even, sad 
              20 is even, duck, sad 
              22 is even, palindromic, spy, sad 
              24 is even, sunny, sad 
              26 is even, sad 
              28 is even, buzz, happy 
              30 is even, duck, sad 

Enter a request: > 1 15 -BUZZ

              1 is odd, palindromic, spy, square, jumping, happy 
              2 is even, palindromic, spy, jumping, sad 
              3 is odd, palindromic, spy, sunny, jumping, sad 
              4 is even, palindromic, spy, square, jumping, sad 
              5 is odd, palindromic, spy, jumping, sad 
              6 is even, palindromic, spy, jumping, sad 
              8 is even, palindromic, spy, sunny, jumping, sad 
              9 is odd, palindromic, spy, square, jumping, sad 
              10 is even, duck, jumping, happy 
              11 is odd, palindromic, sad 
              12 is even, jumping, sad 
              13 is odd, happy 
              15 is odd, sunny, sad 
              16 is even, square, sad 
              18 is even, sad 

Enter a request: > 1 15 -DUCK

              1 is odd, palindromic, spy, square, jumping, happy 
              2 is even, palindromic, spy, jumping, sad 
              3 is odd, palindromic, spy, sunny, jumping, sad 
              4 is even, palindromic, spy, square, jumping, sad 
              5 is odd, palindromic, spy, jumping, sad 
              6 is even, palindromic, spy, jumping, sad 
              7 is odd, buzz, palindromic, spy, jumping, happy 
              8 is even, palindromic, spy, sunny, jumping, sad 
              9 is odd, palindromic, spy, square, jumping, sad 
              11 is odd, palindromic, sad 
              12 is even, jumping, sad 
              13 is odd, happy 
              14 is even, buzz, sad 
              15 is odd, sunny, sad 
              16 is even, square, sad 

Enter a request: > 1 15 -PALINDROMIC

              10 is even, duck, jumping, happy 
              12 is even, jumping, sad 
              13 is odd, happy 
              14 is even, buzz, sad 
              15 is odd, sunny, sad 
              16 is even, square, sad 
              17 is odd, buzz, sad 
              18 is even, sad 
              19 is odd, happy 
              20 is even, duck, sad 
              21 is odd, buzz, jumping, sad 
              23 is odd, jumping, happy 
              24 is even, sunny, sad 
              25 is odd, square, sad 
              26 is even, sad 

Enter a request: > 1 15 -GAPFUL

              1 is odd, palindromic, spy, square, jumping, happy 
              2 is even, palindromic, spy, jumping, sad 
              3 is odd, palindromic, spy, sunny, jumping, sad 
              4 is even, palindromic, spy, square, jumping, sad 
              5 is odd, palindromic, spy, jumping, sad 
              6 is even, palindromic, spy, jumping, sad 
              7 is odd, buzz, palindromic, spy, jumping, happy 
              8 is even, palindromic, spy, sunny, jumping, sad 
              9 is odd, palindromic, spy, square, jumping, sad 
              10 is even, duck, jumping, happy 
              11 is odd, palindromic, sad 
              12 is even, jumping, sad 
              13 is odd, happy 
              14 is even, buzz, sad 
              15 is odd, sunny, sad 

Enter a request: > 1 15 -SPY

              10 is even, duck, jumping, happy 
              11 is odd, palindromic, sad 
              12 is even, jumping, sad 
              13 is odd, happy 
              14 is even, buzz, sad 
              15 is odd, sunny, sad 
              16 is even, square, sad 
              17 is odd, buzz, sad 
              18 is even, sad 
              19 is odd, happy 
              20 is even, duck, sad 
              21 is odd, buzz, jumping, sad 
              23 is odd, jumping, happy 
              24 is even, sunny, sad 
              25 is odd, square, sad 

Enter a request: > 1 15 -SQUARE

              2 is even, palindromic, spy, jumping, sad 
              3 is odd, palindromic, spy, sunny, jumping, sad 
              5 is odd, palindromic, spy, jumping, sad 
              6 is even, palindromic, spy, jumping, sad 
              7 is odd, buzz, palindromic, spy, jumping, happy 
              8 is even, palindromic, spy, sunny, jumping, sad 
              10 is even, duck, jumping, happy 
              11 is odd, palindromic, sad 
              12 is even, jumping, sad 
              13 is odd, happy 
              14 is even, buzz, sad 
              15 is odd, sunny, sad 
              17 is odd, buzz, sad 
              18 is even, sad 
              19 is odd, happy 

Enter a request: > 1 15 -SUNNY

              1 is odd, palindromic, spy, square, jumping, happy 
              2 is even, palindromic, spy, jumping, sad 
              4 is even, palindromic, spy, square, jumping, sad 
              5 is odd, palindromic, spy, jumping, sad 
              6 is even, palindromic, spy, jumping, sad 
              7 is odd, buzz, palindromic, spy, jumping, happy 
              9 is odd, palindromic, spy, square, jumping, sad 
              10 is even, duck, jumping, happy 
              11 is odd, palindromic, sad 
              12 is even, jumping, sad 
              13 is odd, happy 
              14 is even, buzz, sad 
              16 is even, square, sad 
              17 is odd, buzz, sad 
              18 is even, sad 

Enter a request: > 1 15 -JUMPING

              11 is odd, palindromic, sad 
              13 is odd, happy 
              14 is even, buzz, sad 
              15 is odd, sunny, sad 
              16 is even, square, sad 
              17 is odd, buzz, sad 
              18 is even, sad 
              19 is odd, happy 
              20 is even, duck, sad 
              22 is even, palindromic, spy, sad 
              24 is even, sunny, sad 
              25 is odd, square, sad 
              26 is even, sad 
              27 is odd, buzz, sad 
              28 is even, buzz, happy 

Enter a request: > 1 15 -HAPPY

              2 is even, palindromic, spy, jumping, sad 
              3 is odd, palindromic, spy, sunny, jumping, sad 
              4 is even, palindromic, spy, square, jumping, sad 
              5 is odd, palindromic, spy, jumping, sad 
              6 is even, palindromic, spy, jumping, sad 
              8 is even, palindromic, spy, sunny, jumping, sad 
              9 is odd, palindromic, spy, square, jumping, sad 
              11 is odd, palindromic, sad 
              12 is even, jumping, sad 
              14 is even, buzz, sad 
              15 is odd, sunny, sad 
              16 is even, square, sad 
              17 is odd, buzz, sad 
              18 is even, sad 
              20 is even, duck, sad 

Enter a request: > 1 15 -SAD

              1 is odd, palindromic, spy, square, jumping, happy 
              7 is odd, buzz, palindromic, spy, jumping, happy 
              10 is even, duck, jumping, happy 
              13 is odd, happy 
              19 is odd, happy 
              23 is odd, jumping, happy 
              28 is even, buzz, happy 
              31 is odd, happy 
              32 is even, jumping, happy 
              44 is even, palindromic, happy 
              49 is odd, buzz, square, happy 
              68 is even, happy 
              70 is even, buzz, duck, happy 
              79 is odd, happy 
              82 is even, happy 

Enter a request: > 0

Goodbye!
]]></system-out>
  <system-err><![CDATA[]]></system-err>
</testsuite>
