<?xml version="1.0" encoding="UTF-8"?>
<testsuite name="CorrecterTest" tests="1" skipped="0" failures="0" errors="0" timestamp="2022-08-09T20:02:25" hostname="LUKASZ" time="1.917">
  <properties/>
  <testcase name="start" classname="CorrecterTest" time="1.917"/>
  <system-out><![CDATA[?[1;31m
Start test 1?[0m
Write a mode: > encode

[-104, 74, -52, -46, 30, -104, 84, 0, -52, -86, -52, -2, 30, 84, -52, 74, 84, 0, -52, -2, -52, -52, 84, 0, 30, -104, -52, -32, -52, 74, 30, -122, -52, 74, 84, 0, -52, -52, 30, 84, -52, 74, -52, 44, -52, -122, -52, -32, 84, 0, -52, 84, 30, 74, -52, 44, 30, -122, 84, -46]
send.txt:
text view: Eat more of these french buns!
hex view: 45 61 74 20 6D 6F 72 65 20 6F 66 20 74 68 65 73 65 20 66 72 65 6E 63 68 20 62 75 6E 73 21
bin view: 01000101 01100001 01110100 00100000 01101101 01101111 01110010 01100101 00100000 01101111 01100110 00100000 01110100 01101000 01100101 01110011 01100101 00100000 01100110 01110010 01100101 01101110 01100011 01101000 00100000 01100010 01110101 01101110 01110011 00100001

encoded.txt:
expand: ..0.100. ..0.101. ..0.110. ..0.001. ..0.111. ..0.100. ..0.010. ..0.000. ..0.110. ..1.101. ..0.110. ..1.111. ..0.111. ..0.010. ..0.110. ..0.101. ..0.010. ..0.000. ..0.110. ..1.111. ..0.110. ..0.110. ..0.010. ..0.000. ..0.111. ..0.100. ..0.110. ..1.000. ..0.110. ..0.101. ..0.111. ..0.011. ..0.110. ..0.101. ..0.010. ..0.000. ..0.110. ..0.110. ..0.111. ..0.010. ..0.110. ..0.101. ..0.110. ..1.110. ..0.110. ..0.011. ..0.110. ..1.000. ..0.010. ..0.000. ..0.110. ..0.010. ..0.111. ..0.101. ..0.110. ..1.110. ..0.111. ..0.011. ..0.010. ..0.001.
parity: 10011000 01001010 11001100 11010010 00011110 10011000 01010100 00000000 11001100 10101010 11001100 11111110 00011110 01010100 11001100 01001010 01010100 00000000 11001100 11111110 11001100 11001100 01010100 00000000 00011110 10011000 11001100 11100000 11001100 01001010 00011110 10000110 11001100 01001010 01010100 00000000 11001100 11001100 00011110 01010100 11001100 01001010 11001100 00101100 11001100 10000110 11001100 11100000 01010100 00000000 11001100 01010100 00011110 01001010 11001100 00101100 00011110 10000110 01010100 11010010
hex view: 98 4A CC D2 1E 98 54 00 CC AA CC FE 1E 54 CC 4A 54 00 CC FE CC CC 54 00 1E 98 CC E0 CC 4A 1E 86 CC 4A 54 00 CC CC 1E 54 CC 4A CC 2C CC 86 CC E0 54 00 CC 54 1E 4A CC 2C 1E 86 54 D2
?[1;31m
Start test 2?[0m
Write a mode: > send

encoded.txt:
hex view: 98 4A CC D2 1E 98 54 00 CC AA CC FE 1E 54 CC 4A 54 00 CC FE CC CC 54 00 1E 98 CC E0 CC 4A 1E 86 CC 4A 54 00 CC CC 1E 54 CC 4A CC 2C CC 86 CC E0 54 00 CC 54 1E 4A CC 2C 1E 86 54 D2
bin view: 10011000 01001010 11001100 11010010 00011110 10011000 01010100 00000000 11001100 10101010 11001100 11111110 00011110 01010100 11001100 01001010 01010100 00000000 11001100 11111110 11001100 11001100 01010100 00000000 00011110 10011000 11001100 11100000 11001100 01001010 00011110 10000110 11001100 01001010 01010100 00000000 11001100 11001100 00011110 01010100 11001100 01001010 11001100 00101100 11001100 10000110 11001100 11100000 01010100 00000000 11001100 01010100 00011110 01001010 11001100 00101100 00011110 10000110 01010100 11010010

received.txt:
bin view: 10011010 01011010 11001101 11000010 00011111 10011100 01010101 10000000 01001100 00101010 11001000 11111111 00001110 01110100 11011100 01001110 01010000 00000010 11000100 11111100 11001000 11101100 01010110 00000100 01011110 00011000 10001100 11100100 11101100 01011010 00010110 10000111 11001101 01000010 00010100 00000100 11101100 11000100 10011110 01010110 01001100 01000010 11001110 00111100 10001100 10001110 11001110 11101000 01110100 00100000 01001100 01010101 01011110 01001000 11001000 00111100 10011110 00000110 01000100 01010010
hex view: 9A 5A CD C2 1F 9C 55 80 4C 2A C8 FF 0E 74 DC 4E 50 02 C4 FC C8 EC 56 04 5E 18 8C E4 EC 5A 16 87 CD 42 14 04 EC C4 9E 56 4C 42 CE 3C 8C 8E CE E8 74 20 4C 55 5E 48 C8 3C 9E 06 44 52
?[1;31m
Start test 3?[0m
Write a mode: > decode

received.txt:
hex view: 9A 5A CD C2 1F 9C 55 80 4C 2A C8 FF 0E 74 DC 4E 50 02 C4 FC C8 EC 56 04 5E 18 8C E4 EC 5A 16 87 CD 42 14 04 EC C4 9E 56 4C 42 CE 3C 8C 8E CE E8 74 20 4C 55 5E 48 C8 3C 9E 06 44 52
bin view: 10011010 01011010 11001101 11000010 00011111 10011100 01010101 10000000 01001100 00101010 11001000 11111111 00001110 01110100 11011100 01001110 01010000 00000010 11000100 11111100 11001000 11101100 01010110 00000100 01011110 00011000 10001100 11100100 11101100 01011010 00010110 10000111 11001101 01000010 00010100 00000100 11101100 11000100 10011110 01010110 01001100 01000010 11001110 00111100 10001100 10001110 11001110 11101000 01110100 00100000 01001100 01010101 01011110 01001000 11001000 00111100 10011110 00000110 01000100 01010010

decoded.txt:
correct: 10011000 01001010 11001100 11010010 00011110 10011000 01010100 00000000 11001100 10101010 11001100 11111110 00011110 01010100 11001100 01001010 01010100 00000000 11001100 11111110 11001100 11001100 01010100 00000000 00011110 10011000 11001100 11100000 11001100 01001010 00011110 10000110 11001100 01001010 01010100 00000000 11001100 11001100 00011110 01010100 11001100 01001010 11001100 00101100 11001100 10000110 11001100 11100000 01010100 00000000 11001100 01010100 00011110 01001010 11001100 00101100 00011110 10000110 01010100 11010010
decode: 01000101 01100001 01110100 00100000 01101101 01101111 01110010 01100101 00100000 01101111 01100110 00100000 01110100 01101000 01100101 01110011 01100101 00100000 01100110 01110010 01100101 01101110 01100011 01101000 00100000 01100010 01110101 01101110 01110011 00100001
hex view: 45 61 74 20 6D 6F 72 65 20 6F 66 20 74 68 65 73 65 20 66 72 65 6E 63 68 20 62 75 6E 73 21
text view: Eat more of these french buns!
?[1;31m
Start test 4?[0m
Write a mode: > encode

[84, -104, -52, -2, -52, -86, -52, 74, 84, 0, 30, 84, -52, -46, -52, 44, -52, -104, -122, 0, -52, -86, 84, 0, -52, -86, -52, 74, 30, -122, 30, -122, -104, -46, -52, 30, -52, 74]
send.txt:
text view: $ome rand0m messAge
hex view: 24 6F 6D 65 20 72 61 6E 64 30 6D 20 6D 65 73 73 41 67 65
bin view: 00100100 01101111 01101101 01100101 00100000 01110010 01100001 01101110 01100100 00110000 01101101 00100000 01101101 01100101 01110011 01110011 01000001 01100111 01100101

encoded.txt:
expand: ..0.010. ..0.100. ..0.110. ..1.111. ..0.110. ..1.101. ..0.110. ..0.101. ..0.010. ..0.000. ..0.111. ..0.010. ..0.110. ..0.001. ..0.110. ..1.110. ..0.110. ..0.100. ..0.011. ..0.000. ..0.110. ..1.101. ..0.010. ..0.000. ..0.110. ..1.101. ..0.110. ..0.101. ..0.111. ..0.011. ..0.111. ..0.011. ..0.100. ..0.001. ..0.110. ..0.111. ..0.110. ..0.101.
parity: 01010100 10011000 11001100 11111110 11001100 10101010 11001100 01001010 01010100 00000000 00011110 01010100 11001100 11010010 11001100 00101100 11001100 10011000 10000110 00000000 11001100 10101010 01010100 00000000 11001100 10101010 11001100 01001010 00011110 10000110 00011110 10000110 10011000 11010010 11001100 00011110 11001100 01001010
hex view: 54 98 CC FE CC AA CC 4A 54 00 1E 54 CC D2 CC 2C CC 98 86 00 CC AA 54 00 CC AA CC 4A 1E 86 1E 86 98 D2 CC 1E CC 4A
?[1;31m
Start test 5?[0m
Write a mode: > send

encoded.txt:
hex view: 54 98 CC FE CC AA CC 4A 54 00 1E 54 CC D2 CC 2C CC 98 86 00 CC AA 54 00 CC AA CC 4A 1E 86 1E 86 98 D2 CC 1E CC 4A
bin view: 01010100 10011000 11001100 11111110 11001100 10101010 11001100 01001010 01010100 00000000 00011110 01010100 11001100 11010010 11001100 00101100 11001100 10011000 10000110 00000000 11001100 10101010 01010100 00000000 11001100 10101010 11001100 01001010 00011110 10000110 00011110 10000110 10011000 11010010 11001100 00011110 11001100 01001010

received.txt:
bin view: 01010000 10001000 11001110 11110110 11001000 10101110 01001100 01001110 01010000 00000100 10011110 11010100 11011100 01010010 11000100 00101110 11001000 10011001 10010110 00000010 11101100 11101010 01010110 00000001 11001101 10101011 11001101 11001010 00011100 10000100 00011100 10010110 10010000 01010010 11001000 00011100 11001000 01011010
hex view: 50 88 CE F6 C8 AE 4C 4E 50 04 9E D4 DC 52 C4 2E C8 99 96 02 EC EA 56 01 CD AB CD CA 1C 84 1C 96 90 52 C8 1C C8 5A
?[1;31m
Start test 6?[0m
Write a mode: > decode

received.txt:
hex view: 50 88 CE F6 C8 AE 4C 4E 50 04 9E D4 DC 52 C4 2E C8 99 96 02 EC EA 56 01 CD AB CD CA 1C 84 1C 96 90 52 C8 1C C8 5A
bin view: 01010000 10001000 11001110 11110110 11001000 10101110 01001100 01001110 01010000 00000100 10011110 11010100 11011100 01010010 11000100 00101110 11001000 10011001 10010110 00000010 11101100 11101010 01010110 00000001 11001101 10101011 11001101 11001010 00011100 10000100 00011100 10010110 10010000 01010010 11001000 00011100 11001000 01011010

decoded.txt:
correct: 01010100 10011000 11001100 11111110 11001100 10101010 11001100 01001010 01010100 00000000 00011110 01010100 11001100 11010010 11001100 00101100 11001100 10011000 10000110 00000000 11001100 10101010 01010100 00000000 11001100 10101010 11001100 01001010 00011110 10000110 00011110 10000110 10011000 11010010 11001100 00011110 11001100 01001010
decode: 00100100 01101111 01101101 01100101 00100000 01110010 01100001 01101110 01100100 00110000 01101101 00100000 01101101 01100101 01110011 01110011 01000001 01100111 01100101
hex view: 24 6F 6D 65 20 72 61 6E 64 30 6D 20 6D 65 73 73 41 67 65
text view: $ome rand0m messAge
?[1;31m
Start test 7?[0m
Write a mode: > encode

[-52, 84, -52, 74, 30, -104, 30, -104, -52, 74, 30, 84, 84, 0, -52, -122, -52, -46, -52, 120, -52, 120, 84, 0, 74, -122, -52, -46, 30, 74, -52, 120, 84, 0, -122, 74, -122, 74, -122, 74, 84, -86, -122, 0, -122, 0, 84, -86, -122, 30, -122, -122, 84, -46]
send.txt:
text view: better call Saul 555-00-73!
hex view: 62 65 74 74 65 72 20 63 61 6C 6C 20 53 61 75 6C 20 35 35 35 2D 30 30 2D 37 33 21
bin view: 01100010 01100101 01110100 01110100 01100101 01110010 00100000 01100011 01100001 01101100 01101100 00100000 01010011 01100001 01110101 01101100 00100000 00110101 00110101 00110101 00101101 00110000 00110000 00101101 00110111 00110011 00100001

encoded.txt:
expand: ..0.110. ..0.010. ..0.110. ..0.101. ..0.111. ..0.100. ..0.111. ..0.100. ..0.110. ..0.101. ..0.111. ..0.010. ..0.010. ..0.000. ..0.110. ..0.011. ..0.110. ..0.001. ..0.110. ..1.100. ..0.110. ..1.100. ..0.010. ..0.000. ..0.101. ..0.011. ..0.110. ..0.001. ..0.111. ..0.101. ..0.110. ..1.100. ..0.010. ..0.000. ..0.011. ..0.101. ..0.011. ..0.101. ..0.011. ..0.101. ..0.010. ..1.101. ..0.011. ..0.000. ..0.011. ..0.000. ..0.010. ..1.101. ..0.011. ..0.111. ..0.011. ..0.011. ..0.010. ..0.001.
parity: 11001100 01010100 11001100 01001010 00011110 10011000 00011110 10011000 11001100 01001010 00011110 01010100 01010100 00000000 11001100 10000110 11001100 11010010 11001100 01111000 11001100 01111000 01010100 00000000 01001010 10000110 11001100 11010010 00011110 01001010 11001100 01111000 01010100 00000000 10000110 01001010 10000110 01001010 10000110 01001010 01010100 10101010 10000110 00000000 10000110 00000000 01010100 10101010 10000110 00011110 10000110 10000110 01010100 11010010
hex view: CC 54 CC 4A 1E 98 1E 98 CC 4A 1E 54 54 00 CC 86 CC D2 CC 78 CC 78 54 00 4A 86 CC D2 1E 4A CC 78 54 00 86 4A 86 4A 86 4A 54 AA 86 00 86 00 54 AA 86 1E 86 86 54 D2
?[1;31m
Start test 8?[0m
Write a mode: > send

encoded.txt:
hex view: CC 54 CC 4A 1E 98 1E 98 CC 4A 1E 54 54 00 CC 86 CC D2 CC 78 CC 78 54 00 4A 86 CC D2 1E 4A CC 78 54 00 86 4A 86 4A 86 4A 54 AA 86 00 86 00 54 AA 86 1E 86 86 54 D2
bin view: 11001100 01010100 11001100 01001010 00011110 10011000 00011110 10011000 11001100 01001010 00011110 01010100 01010100 00000000 11001100 10000110 11001100 11010010 11001100 01111000 11001100 01111000 01010100 00000000 01001010 10000110 11001100 11010010 00011110 01001010 11001100 01111000 01010100 00000000 10000110 01001010 10000110 01001010 10000110 01001010 01010100 10101010 10000110 00000000 10000110 00000000 01010100 10101010 10000110 00011110 10000110 10000110 01010100 11010010

received.txt:
bin view: 11011100 01011100 11101100 11001010 00010110 00011000 00111110 00011000 10001100 11001010 00010110 01010101 01110100 00010000 01001100 10010110 11101100 10010010 01001100 01111001 11000100 00111000 01110100 00001000 01001011 10000010 11001101 11110010 01011110 01001000 10001100 11111000 01010000 00010000 10000100 01000010 10100110 01011010 10000010 01000010 01011100 11101010 10001110 01000000 10000100 00000001 01011100 10101000 10100110 00111110 00000110 10000111 01110100 11010000
hex view: DC 5C EC CA 16 18 3E 18 8C CA 16 55 74 10 4C 96 EC 92 4C 79 C4 38 74 08 4B 82 CD F2 5E 48 8C F8 50 10 84 42 A6 5A 82 42 5C EA 8E 40 84 01 5C A8 A6 3E 06 87 74 D0
?[1;31m
Start test 9?[0m
Write a mode: > decode

received.txt:
hex view: DC 5C EC CA 16 18 3E 18 8C CA 16 55 74 10 4C 96 EC 92 4C 79 C4 38 74 08 4B 82 CD F2 5E 48 8C F8 50 10 84 42 A6 5A 82 42 5C EA 8E 40 84 01 5C A8 A6 3E 06 87 74 D0
bin view: 11011100 01011100 11101100 11001010 00010110 00011000 00111110 00011000 10001100 11001010 00010110 01010101 01110100 00010000 01001100 10010110 11101100 10010010 01001100 01111001 11000100 00111000 01110100 00001000 01001011 10000010 11001101 11110010 01011110 01001000 10001100 11111000 01010000 00010000 10000100 01000010 10100110 01011010 10000010 01000010 01011100 11101010 10001110 01000000 10000100 00000001 01011100 10101000 10100110 00111110 00000110 10000111 01110100 11010000

decoded.txt:
correct: 11001100 01010100 11001100 01001010 00011110 10011000 00011110 10011000 11001100 01001010 00011110 01010100 01010100 00000000 11001100 10000110 11001100 11010010 11001100 01111000 11001100 01111000 01010100 00000000 01001010 10000110 11001100 11010010 00011110 01001010 11001100 01111000 01010100 00000000 10000110 01001010 10000110 01001010 10000110 01001010 01010100 10101010 10000110 00000000 10000110 00000000 01010100 10101010 10000110 00011110 10000110 10000110 01010100 11010010
decode: 01100010 01100101 01110100 01110100 01100101 01110010 00100000 01100011 01100001 01101100 01101100 00100000 01010011 01100001 01110101 01101100 00100000 00110101 00110101 00110101 00101101 00110000 00110000 00101101 00110111 00110011 00100001
hex view: 62 65 74 74 65 72 20 63 61 6C 6C 20 53 61 75 6C 20 35 35 35 2D 30 30 2D 37 33 21
text view: better call Saul 555-00-73!
?[1;31m
Start test 10?[0m
Write a mode: > encode

[-122, 74, -122, 74, -122, -104, -122, -32, -122, -46, -122, 30, -122, 84, 84, 0, -122, -52, -122, 74, -122, -104, -122, -32, 84, 0, -122, 84, -122, 84, -122, 74, -122, -46, -122, -104, -122, 30, 84, 0, -122, 84, -122, -122, -122, -52, -122, 74, -122, -52, -122, 74, -122, 50, -122, 74, 84, 0, -122, 74, -122, -46, -122, 74, -122, 74]
send.txt:
text view: 5548172 6548 225147 23656595 5155
hex view: 35 35 34 38 31 37 32 20 36 35 34 38 20 32 32 35 31 34 37 20 32 33 36 35 36 35 39 35 20 35 31 35 35
bin view: 00110101 00110101 00110100 00111000 00110001 00110111 00110010 00100000 00110110 00110101 00110100 00111000 00100000 00110010 00110010 00110101 00110001 00110100 00110111 00100000 00110010 00110011 00110110 00110101 00110110 00110101 00111001 00110101 00100000 00110101 00110001 00110101 00110101

encoded.txt:
expand: ..0.011. ..0.101. ..0.011. ..0.101. ..0.011. ..0.100. ..0.011. ..1.000. ..0.011. ..0.001. ..0.011. ..0.111. ..0.011. ..0.010. ..0.010. ..0.000. ..0.011. ..0.110. ..0.011. ..0.101. ..0.011. ..0.100. ..0.011. ..1.000. ..0.010. ..0.000. ..0.011. ..0.010. ..0.011. ..0.010. ..0.011. ..0.101. ..0.011. ..0.001. ..0.011. ..0.100. ..0.011. ..0.111. ..0.010. ..0.000. ..0.011. ..0.010. ..0.011. ..0.011. ..0.011. ..0.110. ..0.011. ..0.101. ..0.011. ..0.110. ..0.011. ..0.101. ..0.011. ..1.001. ..0.011. ..0.101. ..0.010. ..0.000. ..0.011. ..0.101. ..0.011. ..0.001. ..0.011. ..0.101. ..0.011. ..0.101.
parity: 10000110 01001010 10000110 01001010 10000110 10011000 10000110 11100000 10000110 11010010 10000110 00011110 10000110 01010100 01010100 00000000 10000110 11001100 10000110 01001010 10000110 10011000 10000110 11100000 01010100 00000000 10000110 01010100 10000110 01010100 10000110 01001010 10000110 11010010 10000110 10011000 10000110 00011110 01010100 00000000 10000110 01010100 10000110 10000110 10000110 11001100 10000110 01001010 10000110 11001100 10000110 01001010 10000110 00110010 10000110 01001010 01010100 00000000 10000110 01001010 10000110 11010010 10000110 01001010 10000110 01001010
hex view: 86 4A 86 4A 86 98 86 E0 86 D2 86 1E 86 54 54 00 86 CC 86 4A 86 98 86 E0 54 00 86 54 86 54 86 4A 86 D2 86 98 86 1E 54 00 86 54 86 86 86 CC 86 4A 86 CC 86 4A 86 32 86 4A 54 00 86 4A 86 D2 86 4A 86 4A
?[1;31m
Start test 11?[0m
Write a mode: > send

encoded.txt:
hex view: 86 4A 86 4A 86 98 86 E0 86 D2 86 1E 86 54 54 00 86 CC 86 4A 86 98 86 E0 54 00 86 54 86 54 86 4A 86 D2 86 98 86 1E 54 00 86 54 86 86 86 CC 86 4A 86 CC 86 4A 86 32 86 4A 54 00 86 4A 86 D2 86 4A 86 4A
bin view: 10000110 01001010 10000110 01001010 10000110 10011000 10000110 11100000 10000110 11010010 10000110 00011110 10000110 01010100 01010100 00000000 10000110 11001100 10000110 01001010 10000110 10011000 10000110 11100000 01010100 00000000 10000110 01010100 10000110 01010100 10000110 01001010 10000110 11010010 10000110 10011000 10000110 00011110 01010100 00000000 10000110 01010100 10000110 10000110 10000110 11001100 10000110 01001010 10000110 11001100 10000110 01001010 10000110 00110010 10000110 01001010 01010100 00000000 10000110 01001010 10000110 11010010 10000110 01001010 10000110 01001010

received.txt:
bin view: 10100110 01001000 10000100 01001011 10100110 10001000 10100110 11100100 10100110 10010010 10100110 00111110 10000111 01010000 11010100 00000100 10010110 01001100 11000110 00001010 00000110 10011001 00000110 11000000 00010100 00001000 10001110 01010101 10000111 01011100 10001110 01000010 10000010 11000010 00000110 10011010 10100110 00011010 00010100 00100000 11000110 01010110 10000010 10000111 11000110 11101100 10100110 01101010 10000010 01001100 10000010 01001110 10001110 00010010 10010110 01001011 01110100 00000010 10000111 01001000 10000010 11000010 10010110 11001010 10000111 01011010
hex view: A6 48 84 4B A6 88 A6 E4 A6 92 A6 3E 87 50 D4 04 96 4C C6 0A 06 99 06 C0 14 08 8E 55 87 5C 8E 42 82 C2 06 9A A6 1A 14 20 C6 56 82 87 C6 EC A6 6A 82 4C 82 4E 8E 12 96 4B 74 02 87 48 82 C2 96 CA 87 5A
?[1;31m
Start test 12?[0m
Write a mode: > decode

received.txt:
hex view: A6 48 84 4B A6 88 A6 E4 A6 92 A6 3E 87 50 D4 04 96 4C C6 0A 06 99 06 C0 14 08 8E 55 87 5C 8E 42 82 C2 06 9A A6 1A 14 20 C6 56 82 87 C6 EC A6 6A 82 4C 82 4E 8E 12 96 4B 74 02 87 48 82 C2 96 CA 87 5A
bin view: 10100110 01001000 10000100 01001011 10100110 10001000 10100110 11100100 10100110 10010010 10100110 00111110 10000111 01010000 11010100 00000100 10010110 01001100 11000110 00001010 00000110 10011001 00000110 11000000 00010100 00001000 10001110 01010101 10000111 01011100 10001110 01000010 10000010 11000010 00000110 10011010 10100110 00011010 00010100 00100000 11000110 01010110 10000010 10000111 11000110 11101100 10100110 01101010 10000010 01001100 10000010 01001110 10001110 00010010 10010110 01001011 01110100 00000010 10000111 01001000 10000010 11000010 10010110 11001010 10000111 01011010

decoded.txt:
correct: 10000110 01001010 10000110 01001010 10000110 10011000 10000110 11100000 10000110 11010010 10000110 00011110 10000110 01010100 01010100 00000000 10000110 11001100 10000110 01001010 10000110 10011000 10000110 11100000 01010100 00000000 10000110 01010100 10000110 01010100 10000110 01001010 10000110 11010010 10000110 10011000 10000110 00011110 01010100 00000000 10000110 01010100 10000110 10000110 10000110 11001100 10000110 01001010 10000110 11001100 10000110 01001010 10000110 00110010 10000110 01001010 01010100 00000000 10000110 01001010 10000110 11010010 10000110 01001010 10000110 01001010
decode: 00110101 00110101 00110100 00111000 00110001 00110111 00110010 00100000 00110110 00110101 00110100 00111000 00100000 00110010 00110010 00110101 00110001 00110100 00110111 00100000 00110010 00110011 00110110 00110101 00110110 00110101 00111001 00110101 00100000 00110101 00110001 00110101 00110101
hex view: 35 35 34 38 31 37 32 20 36 35 34 38 20 32 32 35 31 34 37 20 32 33 36 35 36 35 39 35 20 35 31 35 35
text view: 5548172 6548 225147 23656595 5155
]]></system-out>
  <system-err><![CDATA[]]></system-err>
</testsuite>
