<?xml version="1.0" encoding="UTF-8"?>
<testsuite name="BullsCowsTest" tests="1" skipped="0" failures="0" errors="0" timestamp="2022-07-25T08:53:03" hostname="LUKASZ" time="3.043">
  <properties/>
  <testcase name="start" classname="BullsCowsTest" time="3.043"/>
  <system-out><![CDATA[?[1;31m
Start test 1?[0m
Input the length of the secret code:
> 1
Input the number of possible symbols in the code:
> 10
Error: it's not possible to generate a code with a length of 1 with 10 unique symbols.
The secret is prepared: * (0-9)
Okay, let's start a game!
Turn 1:
> 0
Grade: None.
Turn 2:
> 1
Grade: 1 bulls.
Congratulations! You guessed the secret code.
?[1;31m
Start test 2?[0m
Input the length of the secret code:
> 4
Input the number of possible symbols in the code:
> 10
Error: it's not possible to generate a code with a length of 4 with 10 unique symbols.
The secret is prepared: **** (0-9)
Okay, let's start a game!
Turn 1:
> 0000
Grade: 1 bull.
Turn 2:
> 1111
Grade: None.
Turn 3:
> 2222
Grade: None.
Turn 4:
> 3333
Grade: None.
Turn 5:
> 4444
Grade: None.
Turn 6:
> 5555
Grade: 1 bull.
Turn 7:
> 6666
Grade: 1 bull.
Turn 8:
> 7777
Grade: 1 bull.
Turn 9:
> 0567
Grade: 1 bull and 3 cows.
Turn 10:
> 5067
Grade: 4 cows.
Turn 11:
> 6057
Grade: 4 cows.
Turn 12:
> 0657
Grade: 4 cows.
Turn 13:
> 5607
Grade: 1 bull and 3 cows.
Turn 14:
> 6507
Grade: 2 bulls and 2 cows.
Turn 15:
> 7506
Grade: 4 bulls.
Congratulations! You guessed the secret code.
?[1;31m
Start test 3?[0m
Input the length of the secret code:
> 6
Input the number of possible symbols in the code:
> 10
Error: it's not possible to generate a code with a length of 6 with 10 unique symbols.
The secret is prepared: ****** (0-9)
Okay, let's start a game!
Turn 1:
> 000000
Grade: 1 bull.
Turn 2:
> 111111
Grade: 1 bull.
Turn 3:
> 222222
Grade: None.
Turn 4:
> 333333
Grade: None.
Turn 5:
> 444444
Grade: None.
Turn 6:
> 555555
Grade: None.
Turn 7:
> 666666
Grade: 1 bull.
Turn 8:
> 777777
Grade: 1 bull.
Turn 9:
> 888888
Grade: 1 bull.
Turn 10:
> 999999
Grade: 1 bull.
Turn 11:
> 016789
Grade: 1 bull and 5 cows.
Turn 12:
> 106789
Grade: 1 bull and 5 cows.
Turn 13:
> 601789
Grade: 6 cows.
Turn 14:
> 061789
Grade: 6 cows.
Turn 15:
> 160789
Grade: 6 cows.
Turn 16:
> 610789
Grade: 6 cows.
Turn 17:
> 710689
Grade: 6 cows.
Turn 18:
> 170689
Grade: 6 cows.
Turn 19:
> 071689
Grade: 6 cows.
Turn 20:
> 701689
Grade: 6 cows.
Turn 21:
> 107689
Grade: 6 cows.
Turn 22:
> 017689
Grade: 6 cows.
Turn 23:
> 067189
Grade: 1 bull and 5 cows.
Turn 24:
> 607189
Grade: 1 bull and 5 cows.
Turn 25:
> 706189
Grade: 2 bulls and 4 cows.
Turn 26:
> 076189
Grade: 2 bulls and 4 cows.
Turn 27:
> 670189
Grade: 1 bull and 5 cows.
Turn 28:
> 760189
Grade: 1 bull and 5 cows.
Turn 29:
> 761089
Grade: 6 cows.
Turn 30:
> 671089
Grade: 6 cows.
Turn 31:
> 176089
Grade: 1 bull and 5 cows.
Turn 32:
> 716089
Grade: 1 bull and 5 cows.
Turn 33:
> 617089
Grade: 6 cows.
Turn 34:
> 167089
Grade: 6 cows.
Turn 35:
> 867019
Grade: 1 bull and 5 cows.
Turn 36:
> 687019
Grade: 6 cows.
Turn 37:
> 786019
Grade: 1 bull and 5 cows.
Turn 38:
> 876019
Grade: 2 bulls and 4 cows.
Turn 39:
> 678019
Grade: 6 cows.
Turn 40:
> 768019
Grade: 6 cows.
Turn 41:
> 068719
Grade: 6 cows.
Turn 42:
> 608719
Grade: 6 cows.
Turn 43:
> 806719
Grade: 2 bulls and 4 cows.
Turn 44:
> 086719
Grade: 1 bull and 5 cows.
Turn 45:
> 680719
Grade: 6 cows.
Turn 46:
> 860719
Grade: 1 bull and 5 cows.
Turn 47:
> 870619
Grade: 1 bull and 5 cows.
Turn 48:
> 780619
Grade: 6 cows.
Turn 49:
> 087619
Grade: 6 cows.
Turn 50:
> 807619
Grade: 1 bull and 5 cows.
Turn 51:
> 708619
Grade: 6 cows.
Turn 52:
> 078619
Grade: 6 cows.
Turn 53:
> 076819
Grade: 1 bull and 5 cows.
Turn 54:
> 706819
Grade: 1 bull and 5 cows.
Turn 55:
> 607819
Grade: 6 cows.
Turn 56:
> 067819
Grade: 6 cows.
Turn 57:
> 760819
Grade: 6 cows.
Turn 58:
> 670819
Grade: 6 cows.
Turn 59:
> 170869
Grade: 6 cows.
Turn 60:
> 710869
Grade: 6 cows.
Turn 61:
> 017869
Grade: 6 cows.
Turn 62:
> 107869
Grade: 6 cows.
Turn 63:
> 701869
Grade: 6 cows.
Turn 64:
> 071869
Grade: 6 cows.
Turn 65:
> 871069
Grade: 1 bull and 5 cows.
Turn 66:
> 781069
Grade: 6 cows.
Turn 67:
> 187069
Grade: 6 cows.
Turn 68:
> 817069
Grade: 1 bull and 5 cows.
Turn 69:
> 718069
Grade: 6 cows.
Turn 70:
> 178069
Grade: 6 cows.
Turn 71:
> 108769
Grade: 6 cows.
Turn 72:
> 018769
Grade: 6 cows.
Turn 73:
> 810769
Grade: 1 bull and 5 cows.
Turn 74:
> 180769
Grade: 6 cows.
Turn 75:
> 081769
Grade: 6 cows.
Turn 76:
> 801769
Grade: 1 bull and 5 cows.
Turn 77:
> 807169
Grade: 2 bulls and 4 cows.
Turn 78:
> 087169
Grade: 1 bull and 5 cows.
Turn 79:
> 780169
Grade: 1 bull and 5 cows.
Turn 80:
> 870169
Grade: 2 bulls and 4 cows.
Turn 81:
> 078169
Grade: 1 bull and 5 cows.
Turn 82:
> 708169
Grade: 1 bull and 5 cows.
Turn 83:
> 608179
Grade: 1 bull and 5 cows.
Turn 84:
> 068179
Grade: 1 bull and 5 cows.
Turn 85:
> 860179
Grade: 2 bulls and 4 cows.
Turn 86:
> 680179
Grade: 1 bull and 5 cows.
Turn 87:
> 086179
Grade: 2 bulls and 4 cows.
Turn 88:
> 806179
Grade: 3 bulls and 3 cows.
Turn 89:
> 106879
Grade: 1 bull and 5 cows.
Turn 90:
> 016879
Grade: 1 bull and 5 cows.
Turn 91:
> 610879
Grade: 6 cows.
Turn 92:
> 160879
Grade: 6 cows.
Turn 93:
> 061879
Grade: 6 cows.
Turn 94:
> 601879
Grade: 6 cows.
Turn 95:
> 681079
Grade: 6 cows.
Turn 96:
> 861079
Grade: 1 bull and 5 cows.
Turn 97:
> 168079
Grade: 6 cows.
Turn 98:
> 618079
Grade: 6 cows.
Turn 99:
> 816079
Grade: 2 bulls and 4 cows.
Turn 100:
> 186079
Grade: 1 bull and 5 cows.
Turn 101:
> 180679
Grade: 6 cows.
Turn 102:
> 810679
Grade: 1 bull and 5 cows.
Turn 103:
> 018679
Grade: 6 cows.
Turn 104:
> 108679
Grade: 6 cows.
Turn 105:
> 801679
Grade: 1 bull and 5 cows.
Turn 106:
> 081679
Grade: 6 cows.
Turn 107:
> 781609
Grade: 1 bull and 5 cows.
Turn 108:
> 871609
Grade: 2 bulls and 4 cows.
Turn 109:
> 178609
Grade: 1 bull and 5 cows.
Turn 110:
> 718609
Grade: 1 bull and 5 cows.
Turn 111:
> 817609
Grade: 2 bulls and 4 cows.
Turn 112:
> 187609
Grade: 1 bull and 5 cows.
Turn 113:
> 687109
Grade: 2 bulls and 4 cows.
Turn 114:
> 867109
Grade: 3 bulls and 3 cows.
Turn 115:
> 768109
Grade: 2 bulls and 4 cows.
Turn 116:
> 678109
Grade: 2 bulls and 4 cows.
Turn 117:
> 876109
Grade: 4 bulls and 2 cows.
Turn 118:
> 786109
Grade: 3 bulls and 3 cows.
Turn 119:
> 716809
Grade: 2 bulls and 4 cows.
Turn 120:
> 176809
Grade: 2 bulls and 4 cows.
Turn 121:
> 671809
Grade: 1 bull and 5 cows.
Turn 122:
> 761809
Grade: 1 bull and 5 cows.
Turn 123:
> 167809
Grade: 1 bull and 5 cows.
Turn 124:
> 617809
Grade: 1 bull and 5 cows.
Turn 125:
> 618709
Grade: 1 bull and 5 cows.
Turn 126:
> 168709
Grade: 1 bull and 5 cows.
Turn 127:
> 861709
Grade: 2 bulls and 4 cows.
Turn 128:
> 681709
Grade: 1 bull and 5 cows.
Turn 129:
> 186709
Grade: 2 bulls and 4 cows.
Turn 130:
> 816709
Grade: 3 bulls and 3 cows.
Turn 131:
> 916708
Grade: 2 bulls and 4 cows.
Turn 132:
> 196708
Grade: 3 bulls and 3 cows.
Turn 133:
> 691708
Grade: 2 bulls and 4 cows.
Turn 134:
> 961708
Grade: 1 bull and 5 cows.
Turn 135:
> 169708
Grade: 1 bull and 5 cows.
Turn 136:
> 619708
Grade: 1 bull and 5 cows.
Turn 137:
> 719608
Grade: 1 bull and 5 cows.
Turn 138:
> 179608
Grade: 1 bull and 5 cows.
Turn 139:
> 971608
Grade: 1 bull and 5 cows.
Turn 140:
> 791608
Grade: 2 bulls and 4 cows.
Turn 141:
> 197608
Grade: 2 bulls and 4 cows.
Turn 142:
> 917608
Grade: 1 bull and 5 cows.
Turn 143:
> 967108
Grade: 2 bulls and 4 cows.
Turn 144:
> 697108
Grade: 3 bulls and 3 cows.
Turn 145:
> 796108
Grade: 4 bulls and 2 cows.
Turn 146:
> 976108
Grade: 3 bulls and 3 cows.
Turn 147:
> 679108
Grade: 2 bulls and 4 cows.
Turn 148:
> 769108
Grade: 2 bulls and 4 cows.
Turn 149:
> 761908
Grade: 1 bull and 5 cows.
Turn 150:
> 671908
Grade: 1 bull and 5 cows.
Turn 151:
> 176908
Grade: 2 bulls and 4 cows.
Turn 152:
> 716908
Grade: 2 bulls and 4 cows.
Turn 153:
> 617908
Grade: 1 bull and 5 cows.
Turn 154:
> 167908
Grade: 1 bull and 5 cows.
Turn 155:
> 067918
Grade: 6 cows.
Turn 156:
> 607918
Grade: 6 cows.
Turn 157:
> 706918
Grade: 1 bull and 5 cows.
Turn 158:
> 076918
Grade: 1 bull and 5 cows.
Turn 159:
> 670918
Grade: 6 cows.
Turn 160:
> 760918
Grade: 6 cows.
Turn 161:
> 960718
Grade: 6 cows.
Turn 162:
> 690718
Grade: 1 bull and 5 cows.
Turn 163:
> 096718
Grade: 2 bulls and 4 cows.
Turn 164:
> 906718
Grade: 1 bull and 5 cows.
Turn 165:
> 609718
Grade: 6 cows.
Turn 166:
> 069718
Grade: 6 cows.
Turn 167:
> 079618
Grade: 6 cows.
Turn 168:
> 709618
Grade: 6 cows.
Turn 169:
> 907618
Grade: 6 cows.
Turn 170:
> 097618
Grade: 1 bull and 5 cows.
Turn 171:
> 790618
Grade: 1 bull and 5 cows.
Turn 172:
> 970618
Grade: 6 cows.
Turn 173:
> 976018
Grade: 1 bull and 5 cows.
Turn 174:
> 796018
Grade: 2 bulls and 4 cows.
Turn 175:
> 697018
Grade: 1 bull and 5 cows.
Turn 176:
> 967018
Grade: 6 cows.
Turn 177:
> 769018
Grade: 6 cows.
Turn 178:
> 679018
Grade: 6 cows.
Turn 179:
> 179068
Grade: 6 cows.
Turn 180:
> 719068
Grade: 6 cows.
Turn 181:
> 917068
Grade: 6 cows.
Turn 182:
> 197068
Grade: 1 bull and 5 cows.
Turn 183:
> 791068
Grade: 1 bull and 5 cows.
Turn 184:
> 971068
Grade: 6 cows.
Turn 185:
> 071968
Grade: 6 cows.
Turn 186:
> 701968
Grade: 6 cows.
Turn 187:
> 107968
Grade: 6 cows.
Turn 188:
> 017968
Grade: 6 cows.
Turn 189:
> 710968
Grade: 6 cows.
Turn 190:
> 170968
Grade: 6 cows.
Turn 191:
> 190768
Grade: 1 bull and 5 cows.
Turn 192:
> 910768
Grade: 6 cows.
Turn 193:
> 019768
Grade: 6 cows.
Turn 194:
> 109768
Grade: 6 cows.
Turn 195:
> 901768
Grade: 6 cows.
Turn 196:
> 091768
Grade: 1 bull and 5 cows.
Turn 197:
> 097168
Grade: 2 bulls and 4 cows.
Turn 198:
> 907168
Grade: 1 bull and 5 cows.
Turn 199:
> 709168
Grade: 1 bull and 5 cows.
Turn 200:
> 079168
Grade: 1 bull and 5 cows.
Turn 201:
> 970168
Grade: 1 bull and 5 cows.
Turn 202:
> 790168
Grade: 2 bulls and 4 cows.
Turn 203:
> 690178
Grade: 2 bulls and 4 cows.
Turn 204:
> 960178
Grade: 1 bull and 5 cows.
Turn 205:
> 069178
Grade: 1 bull and 5 cows.
Turn 206:
> 609178
Grade: 1 bull and 5 cows.
Turn 207:
> 906178
Grade: 2 bulls and 4 cows.
Turn 208:
> 096178
Grade: 3 bulls and 3 cows.
Turn 209:
> 196078
Grade: 2 bulls and 4 cows.
Turn 210:
> 916078
Grade: 1 bull and 5 cows.
Turn 211:
> 619078
Grade: 6 cows.
Turn 212:
> 169078
Grade: 6 cows.
Turn 213:
> 961078
Grade: 6 cows.
Turn 214:
> 691078
Grade: 1 bull and 5 cows.
Turn 215:
> 601978
Grade: 6 cows.
Turn 216:
> 061978
Grade: 6 cows.
Turn 217:
> 160978
Grade: 6 cows.
Turn 218:
> 610978
Grade: 6 cows.
Turn 219:
> 016978
Grade: 1 bull and 5 cows.
Turn 220:
> 106978
Grade: 1 bull and 5 cows.
Turn 221:
> 109678
Grade: 6 cows.
Turn 222:
> 019678
Grade: 6 cows.
Turn 223:
> 910678
Grade: 6 cows.
Turn 224:
> 190678
Grade: 1 bull and 5 cows.
Turn 225:
> 091678
Grade: 1 bull and 5 cows.
Turn 226:
> 901678
Grade: 6 cows.
Turn 227:
> 701698
Grade: 6 cows.
Turn 228:
> 071698
Grade: 6 cows.
Turn 229:
> 170698
Grade: 6 cows.
Turn 230:
> 710698
Grade: 6 cows.
Turn 231:
> 017698
Grade: 6 cows.
Turn 232:
> 107698
Grade: 6 cows.
Turn 233:
> 607198
Grade: 1 bull and 5 cows.
Turn 234:
> 067198
Grade: 1 bull and 5 cows.
Turn 235:
> 760198
Grade: 1 bull and 5 cows.
Turn 236:
> 670198
Grade: 1 bull and 5 cows.
Turn 237:
> 076198
Grade: 2 bulls and 4 cows.
Turn 238:
> 706198
Grade: 2 bulls and 4 cows.
Turn 239:
> 716098
Grade: 1 bull and 5 cows.
Turn 240:
> 176098
Grade: 1 bull and 5 cows.
Turn 241:
> 671098
Grade: 6 cows.
Turn 242:
> 761098
Grade: 6 cows.
Turn 243:
> 167098
Grade: 6 cows.
Turn 244:
> 617098
Grade: 6 cows.
Turn 245:
> 610798
Grade: 6 cows.
Turn 246:
> 160798
Grade: 6 cows.
Turn 247:
> 061798
Grade: 6 cows.
Turn 248:
> 601798
Grade: 6 cows.
Turn 249:
> 106798
Grade: 1 bull and 5 cows.
Turn 250:
> 016798
Grade: 1 bull and 5 cows.
Turn 251:
> 086791
Grade: 1 bull and 5 cows.
Turn 252:
> 806791
Grade: 2 bulls and 4 cows.
Turn 253:
> 608791
Grade: 6 cows.
Turn 254:
> 068791
Grade: 6 cows.
Turn 255:
> 860791
Grade: 1 bull and 5 cows.
Turn 256:
> 680791
Grade: 6 cows.
Turn 257:
> 780691
Grade: 6 cows.
Turn 258:
> 870691
Grade: 1 bull and 5 cows.
Turn 259:
> 078691
Grade: 6 cows.
Turn 260:
> 708691
Grade: 6 cows.
Turn 261:
> 807691
Grade: 1 bull and 5 cows.
Turn 262:
> 087691
Grade: 6 cows.
Turn 263:
> 067891
Grade: 6 cows.
Turn 264:
> 607891
Grade: 6 cows.
Turn 265:
> 706891
Grade: 1 bull and 5 cows.
Turn 266:
> 076891
Grade: 1 bull and 5 cows.
Turn 267:
> 670891
Grade: 6 cows.
Turn 268:
> 760891
Grade: 6 cows.
Turn 269:
> 768091
Grade: 6 cows.
Turn 270:
> 678091
Grade: 6 cows.
Turn 271:
> 876091
Grade: 2 bulls and 4 cows.
Turn 272:
> 786091
Grade: 1 bull and 5 cows.
Turn 273:
> 687091
Grade: 6 cows.
Turn 274:
> 867091
Grade: 1 bull and 5 cows.
Turn 275:
> 967081
Grade: 6 cows.
Turn 276:
> 697081
Grade: 1 bull and 5 cows.
Turn 277:
> 796081
Grade: 2 bulls and 4 cows.
Turn 278:
> 976081
Grade: 1 bull and 5 cows.
Turn 279:
> 679081
Grade: 6 cows.
Turn 280:
> 769081
Grade: 6 cows.
Turn 281:
> 069781
Grade: 6 cows.
Turn 282:
> 609781
Grade: 6 cows.
Turn 283:
> 906781
Grade: 1 bull and 5 cows.
Turn 284:
> 096781
Grade: 2 bulls and 4 cows.
Turn 285:
> 690781
Grade: 1 bull and 5 cows.
Turn 286:
> 960781
Grade: 6 cows.
Turn 287:
> 970681
Grade: 6 cows.
Turn 288:
> 790681
Grade: 1 bull and 5 cows.
Turn 289:
> 097681
Grade: 1 bull and 5 cows.
Turn 290:
> 907681
Grade: 6 cows.
Turn 291:
> 709681
Grade: 6 cows.
Turn 292:
> 079681
Grade: 6 cows.
Turn 293:
> 076981
Grade: 1 bull and 5 cows.
Turn 294:
> 706981
Grade: 1 bull and 5 cows.
Turn 295:
> 607981
Grade: 6 cows.
Turn 296:
> 067981
Grade: 6 cows.
Turn 297:
> 760981
Grade: 6 cows.
Turn 298:
> 670981
Grade: 6 cows.
Turn 299:
> 870961
Grade: 1 bull and 5 cows.
Turn 300:
> 780961
Grade: 6 cows.
Turn 301:
> 087961
Grade: 6 cows.
Turn 302:
> 807961
Grade: 1 bull and 5 cows.
Turn 303:
> 708961
Grade: 6 cows.
Turn 304:
> 078961
Grade: 6 cows.
Turn 305:
> 978061
Grade: 6 cows.
Turn 306:
> 798061
Grade: 1 bull and 5 cows.
Turn 307:
> 897061
Grade: 2 bulls and 4 cows.
Turn 308:
> 987061
Grade: 6 cows.
Turn 309:
> 789061
Grade: 6 cows.
Turn 310:
> 879061
Grade: 1 bull and 5 cows.
Turn 311:
> 809761
Grade: 1 bull and 5 cows.
Turn 312:
> 089761
Grade: 6 cows.
Turn 313:
> 980761
Grade: 6 cows.
Turn 314:
> 890761
Grade: 2 bulls and 4 cows.
Turn 315:
> 098761
Grade: 1 bull and 5 cows.
Turn 316:
> 908761
Grade: 6 cows.
Turn 317:
> 907861
Grade: 6 cows.
Turn 318:
> 097861
Grade: 1 bull and 5 cows.
Turn 319:
> 790861
Grade: 1 bull and 5 cows.
Turn 320:
> 970861
Grade: 6 cows.
Turn 321:
> 079861
Grade: 6 cows.
Turn 322:
> 709861
Grade: 6 cows.
Turn 323:
> 609871
Grade: 6 cows.
Turn 324:
> 069871
Grade: 6 cows.
Turn 325:
> 960871
Grade: 6 cows.
Turn 326:
> 690871
Grade: 1 bull and 5 cows.
Turn 327:
> 096871
Grade: 2 bulls and 4 cows.
Turn 328:
> 906871
Grade: 1 bull and 5 cows.
Turn 329:
> 806971
Grade: 2 bulls and 4 cows.
Turn 330:
> 086971
Grade: 1 bull and 5 cows.
Turn 331:
> 680971
Grade: 6 cows.
Turn 332:
> 860971
Grade: 1 bull and 5 cows.
Turn 333:
> 068971
Grade: 6 cows.
Turn 334:
> 608971
Grade: 6 cows.
Turn 335:
> 698071
Grade: 1 bull and 5 cows.
Turn 336:
> 968071
Grade: 6 cows.
Turn 337:
> 869071
Grade: 1 bull and 5 cows.
Turn 338:
> 689071
Grade: 6 cows.
Turn 339:
> 986071
Grade: 1 bull and 5 cows.
Turn 340:
> 896071
Grade: 3 bulls and 3 cows.
Turn 341:
> 890671
Grade: 2 bulls and 4 cows.
Turn 342:
> 980671
Grade: 6 cows.
Turn 343:
> 089671
Grade: 6 cows.
Turn 344:
> 809671
Grade: 1 bull and 5 cows.
Turn 345:
> 908671
Grade: 6 cows.
Turn 346:
> 098671
Grade: 1 bull and 5 cows.
Turn 347:
> 798601
Grade: 2 bulls and 4 cows.
Turn 348:
> 978601
Grade: 1 bull and 5 cows.
Turn 349:
> 879601
Grade: 2 bulls and 4 cows.
Turn 350:
> 789601
Grade: 1 bull and 5 cows.
Turn 351:
> 987601
Grade: 1 bull and 5 cows.
Turn 352:
> 897601
Grade: 3 bulls and 3 cows.
Turn 353:
> 697801
Grade: 2 bulls and 4 cows.
Turn 354:
> 967801
Grade: 1 bull and 5 cows.
Turn 355:
> 769801
Grade: 1 bull and 5 cows.
Turn 356:
> 679801
Grade: 1 bull and 5 cows.
Turn 357:
> 976801
Grade: 2 bulls and 4 cows.
Turn 358:
> 796801
Grade: 3 bulls and 3 cows.
Turn 359:
> 786901
Grade: 2 bulls and 4 cows.
Turn 360:
> 876901
Grade: 3 bulls and 3 cows.
Turn 361:
> 678901
Grade: 1 bull and 5 cows.
Turn 362:
> 768901
Grade: 1 bull and 5 cows.
Turn 363:
> 867901
Grade: 2 bulls and 4 cows.
Turn 364:
> 687901
Grade: 1 bull and 5 cows.
Turn 365:
> 689701
Grade: 1 bull and 5 cows.
Turn 366:
> 869701
Grade: 2 bulls and 4 cows.
Turn 367:
> 968701
Grade: 1 bull and 5 cows.
Turn 368:
> 698701
Grade: 2 bulls and 4 cows.
Turn 369:
> 896701
Grade: 4 bulls and 2 cows.
Turn 370:
> 986701
Grade: 2 bulls and 4 cows.
Turn 371:
> 981706
Grade: 1 bull and 5 cows.
Turn 372:
> 891706
Grade: 3 bulls and 3 cows.
Turn 373:
> 198706
Grade: 2 bulls and 4 cows.
Turn 374:
> 918706
Grade: 1 bull and 5 cows.
Turn 375:
> 819706
Grade: 2 bulls and 4 cows.
Turn 376:
> 189706
Grade: 1 bull and 5 cows.
Turn 377:
> 789106
Grade: 2 bulls and 4 cows.
Turn 378:
> 879106
Grade: 3 bulls and 3 cows.
Turn 379:
> 978106
Grade: 2 bulls and 4 cows.
Turn 380:
> 798106
Grade: 3 bulls and 3 cows.
Turn 381:
> 897106
Grade: 4 bulls and 2 cows.
Turn 382:
> 987106
Grade: 2 bulls and 4 cows.
Turn 383:
> 917806
Grade: 1 bull and 5 cows.
Turn 384:
> 197806
Grade: 2 bulls and 4 cows.
Turn 385:
> 791806
Grade: 2 bulls and 4 cows.
Turn 386:
> 971806
Grade: 1 bull and 5 cows.
Turn 387:
> 179806
Grade: 1 bull and 5 cows.
Turn 388:
> 719806
Grade: 1 bull and 5 cows.
Turn 389:
> 718906
Grade: 1 bull and 5 cows.
Turn 390:
> 178906
Grade: 1 bull and 5 cows.
Turn 391:
> 871906
Grade: 2 bulls and 4 cows.
Turn 392:
> 781906
Grade: 1 bull and 5 cows.
Turn 393:
> 187906
Grade: 1 bull and 5 cows.
Turn 394:
> 817906
Grade: 2 bulls and 4 cows.
Turn 395:
> 017986
Grade: 6 cows.
Turn 396:
> 107986
Grade: 6 cows.
Turn 397:
> 701986
Grade: 6 cows.
Turn 398:
> 071986
Grade: 6 cows.
Turn 399:
> 170986
Grade: 6 cows.
Turn 400:
> 710986
Grade: 6 cows.
Turn 401:
> 910786
Grade: 6 cows.
Turn 402:
> 190786
Grade: 1 bull and 5 cows.
Turn 403:
> 091786
Grade: 1 bull and 5 cows.
Turn 404:
> 901786
Grade: 6 cows.
Turn 405:
> 109786
Grade: 6 cows.
Turn 406:
> 019786
Grade: 6 cows.
Turn 407:
> 079186
Grade: 1 bull and 5 cows.
Turn 408:
> 709186
Grade: 1 bull and 5 cows.
Turn 409:
> 907186
Grade: 1 bull and 5 cows.
Turn 410:
> 097186
Grade: 2 bulls and 4 cows.
Turn 411:
> 790186
Grade: 2 bulls and 4 cows.
Turn 412:
> 970186
Grade: 1 bull and 5 cows.
Turn 413:
> 971086
Grade: 6 cows.
Turn 414:
> 791086
Grade: 1 bull and 5 cows.
Turn 415:
> 197086
Grade: 1 bull and 5 cows.
Turn 416:
> 917086
Grade: 6 cows.
Turn 417:
> 719086
Grade: 6 cows.
Turn 418:
> 179086
Grade: 6 cows.
Turn 419:
> 879016
Grade: 1 bull and 5 cows.
Turn 420:
> 789016
Grade: 6 cows.
Turn 421:
> 987016
Grade: 6 cows.
Turn 422:
> 897016
Grade: 2 bulls and 4 cows.
Turn 423:
> 798016
Grade: 1 bull and 5 cows.
Turn 424:
> 978016
Grade: 6 cows.
Turn 425:
> 078916
Grade: 6 cows.
Turn 426:
> 708916
Grade: 6 cows.
Turn 427:
> 807916
Grade: 1 bull and 5 cows.
Turn 428:
> 087916
Grade: 6 cows.
Turn 429:
> 780916
Grade: 6 cows.
Turn 430:
> 870916
Grade: 1 bull and 5 cows.
Turn 431:
> 890716
Grade: 2 bulls and 4 cows.
Turn 432:
> 980716
Grade: 6 cows.
Turn 433:
> 089716
Grade: 6 cows.
Turn 434:
> 809716
Grade: 1 bull and 5 cows.
Turn 435:
> 908716
Grade: 6 cows.
Turn 436:
> 098716
Grade: 1 bull and 5 cows.
Turn 437:
> 097816
Grade: 1 bull and 5 cows.
Turn 438:
> 907816
Grade: 6 cows.
Turn 439:
> 709816
Grade: 6 cows.
Turn 440:
> 079816
Grade: 6 cows.
Turn 441:
> 970816
Grade: 6 cows.
Turn 442:
> 790816
Grade: 1 bull and 5 cows.
Turn 443:
> 190876
Grade: 1 bull and 5 cows.
Turn 444:
> 910876
Grade: 6 cows.
Turn 445:
> 019876
Grade: 6 cows.
Turn 446:
> 109876
Grade: 6 cows.
Turn 447:
> 901876
Grade: 6 cows.
Turn 448:
> 091876
Grade: 1 bull and 5 cows.
Turn 449:
> 891076
Grade: 2 bulls and 4 cows.
Turn 450:
> 981076
Grade: 6 cows.
Turn 451:
> 189076
Grade: 6 cows.
Turn 452:
> 819076
Grade: 1 bull and 5 cows.
Turn 453:
> 918076
Grade: 6 cows.
Turn 454:
> 198076
Grade: 1 bull and 5 cows.
Turn 455:
> 108976
Grade: 6 cows.
Turn 456:
> 018976
Grade: 6 cows.
Turn 457:
> 810976
Grade: 1 bull and 5 cows.
Turn 458:
> 180976
Grade: 6 cows.
Turn 459:
> 081976
Grade: 6 cows.
Turn 460:
> 801976
Grade: 1 bull and 5 cows.
Turn 461:
> 809176
Grade: 2 bulls and 4 cows.
Turn 462:
> 089176
Grade: 1 bull and 5 cows.
Turn 463:
> 980176
Grade: 1 bull and 5 cows.
Turn 464:
> 890176
Grade: 3 bulls and 3 cows.
Turn 465:
> 098176
Grade: 2 bulls and 4 cows.
Turn 466:
> 908176
Grade: 1 bull and 5 cows.
Turn 467:
> 708196
Grade: 1 bull and 5 cows.
Turn 468:
> 078196
Grade: 1 bull and 5 cows.
Turn 469:
> 870196
Grade: 2 bulls and 4 cows.
Turn 470:
> 780196
Grade: 1 bull and 5 cows.
Turn 471:
> 087196
Grade: 1 bull and 5 cows.
Turn 472:
> 807196
Grade: 2 bulls and 4 cows.
Turn 473:
> 107896
Grade: 6 cows.
Turn 474:
> 017896
Grade: 6 cows.
Turn 475:
> 710896
Grade: 6 cows.
Turn 476:
> 170896
Grade: 6 cows.
Turn 477:
> 071896
Grade: 6 cows.
Turn 478:
> 701896
Grade: 6 cows.
Turn 479:
> 781096
Grade: 6 cows.
Turn 480:
> 871096
Grade: 1 bull and 5 cows.
Turn 481:
> 178096
Grade: 6 cows.
Turn 482:
> 718096
Grade: 6 cows.
Turn 483:
> 817096
Grade: 1 bull and 5 cows.
Turn 484:
> 187096
Grade: 6 cows.
Turn 485:
> 180796
Grade: 6 cows.
Turn 486:
> 810796
Grade: 1 bull and 5 cows.
Turn 487:
> 018796
Grade: 6 cows.
Turn 488:
> 108796
Grade: 6 cows.
Turn 489:
> 801796
Grade: 1 bull and 5 cows.
Turn 490:
> 081796
Grade: 6 cows.
Turn 491:
> 081697
Grade: 1 bull and 5 cows.
Turn 492:
> 801697
Grade: 2 bulls and 4 cows.
Turn 493:
> 108697
Grade: 1 bull and 5 cows.
Turn 494:
> 018697
Grade: 1 bull and 5 cows.
Turn 495:
> 810697
Grade: 2 bulls and 4 cows.
Turn 496:
> 180697
Grade: 1 bull and 5 cows.
Turn 497:
> 680197
Grade: 2 bulls and 4 cows.
Turn 498:
> 860197
Grade: 3 bulls and 3 cows.
Turn 499:
> 068197
Grade: 2 bulls and 4 cows.
Turn 500:
> 608197
Grade: 2 bulls and 4 cows.
Turn 501:
> 806197
Grade: 4 bulls and 2 cows.
Turn 502:
> 086197
Grade: 3 bulls and 3 cows.
Turn 503:
> 016897
Grade: 2 bulls and 4 cows.
Turn 504:
> 106897
Grade: 2 bulls and 4 cows.
Turn 505:
> 601897
Grade: 1 bull and 5 cows.
Turn 506:
> 061897
Grade: 1 bull and 5 cows.
Turn 507:
> 160897
Grade: 1 bull and 5 cows.
Turn 508:
> 610897
Grade: 1 bull and 5 cows.
Turn 509:
> 618097
Grade: 1 bull and 5 cows.
Turn 510:
> 168097
Grade: 1 bull and 5 cows.
Turn 511:
> 861097
Grade: 2 bulls and 4 cows.
Turn 512:
> 681097
Grade: 1 bull and 5 cows.
Turn 513:
> 186097
Grade: 2 bulls and 4 cows.
Turn 514:
> 816097
Grade: 3 bulls and 3 cows.
Turn 515:
> 916087
Grade: 2 bulls and 4 cows.
Turn 516:
> 196087
Grade: 3 bulls and 3 cows.
Turn 517:
> 691087
Grade: 2 bulls and 4 cows.
Turn 518:
> 961087
Grade: 1 bull and 5 cows.
Turn 519:
> 169087
Grade: 1 bull and 5 cows.
Turn 520:
> 619087
Grade: 1 bull and 5 cows.
Turn 521:
> 019687
Grade: 1 bull and 5 cows.
Turn 522:
> 109687
Grade: 1 bull and 5 cows.
Turn 523:
> 901687
Grade: 1 bull and 5 cows.
Turn 524:
> 091687
Grade: 2 bulls and 4 cows.
Turn 525:
> 190687
Grade: 2 bulls and 4 cows.
Turn 526:
> 910687
Grade: 1 bull and 5 cows.
Turn 527:
> 960187
Grade: 2 bulls and 4 cows.
Turn 528:
> 690187
Grade: 3 bulls and 3 cows.
Turn 529:
> 096187
Grade: 4 bulls and 2 cows.
Turn 530:
> 906187
Grade: 3 bulls and 3 cows.
Turn 531:
> 609187
Grade: 2 bulls and 4 cows.
Turn 532:
> 069187
Grade: 2 bulls and 4 cows.
Turn 533:
> 061987
Grade: 1 bull and 5 cows.
Turn 534:
> 601987
Grade: 1 bull and 5 cows.
Turn 535:
> 106987
Grade: 2 bulls and 4 cows.
Turn 536:
> 016987
Grade: 2 bulls and 4 cows.
Turn 537:
> 610987
Grade: 1 bull and 5 cows.
Turn 538:
> 160987
Grade: 1 bull and 5 cows.
Turn 539:
> 860917
Grade: 2 bulls and 4 cows.
Turn 540:
> 680917
Grade: 1 bull and 5 cows.
Turn 541:
> 086917
Grade: 2 bulls and 4 cows.
Turn 542:
> 806917
Grade: 3 bulls and 3 cows.
Turn 543:
> 608917
Grade: 1 bull and 5 cows.
Turn 544:
> 068917
Grade: 1 bull and 5 cows.
Turn 545:
> 968017
Grade: 1 bull and 5 cows.
Turn 546:
> 698017
Grade: 2 bulls and 4 cows.
Turn 547:
> 896017
Grade: 4 bulls and 2 cows.
Turn 548:
> 986017
Grade: 2 bulls and 4 cows.
Turn 549:
> 689017
Grade: 1 bull and 5 cows.
Turn 550:
> 869017
Grade: 2 bulls and 4 cows.
Turn 551:
> 809617
Grade: 2 bulls and 4 cows.
Turn 552:
> 089617
Grade: 1 bull and 5 cows.
Turn 553:
> 980617
Grade: 1 bull and 5 cows.
Turn 554:
> 890617
Grade: 3 bulls and 3 cows.
Turn 555:
> 098617
Grade: 2 bulls and 4 cows.
Turn 556:
> 908617
Grade: 1 bull and 5 cows.
Turn 557:
> 906817
Grade: 2 bulls and 4 cows.
Turn 558:
> 096817
Grade: 3 bulls and 3 cows.
Turn 559:
> 690817
Grade: 2 bulls and 4 cows.
Turn 560:
> 960817
Grade: 1 bull and 5 cows.
Turn 561:
> 069817
Grade: 1 bull and 5 cows.
Turn 562:
> 609817
Grade: 1 bull and 5 cows.
Turn 563:
> 109867
Grade: 1 bull and 5 cows.
Turn 564:
> 019867
Grade: 1 bull and 5 cows.
Turn 565:
> 910867
Grade: 1 bull and 5 cows.
Turn 566:
> 190867
Grade: 2 bulls and 4 cows.
Turn 567:
> 091867
Grade: 2 bulls and 4 cows.
Turn 568:
> 901867
Grade: 1 bull and 5 cows.
Turn 569:
> 801967
Grade: 2 bulls and 4 cows.
Turn 570:
> 081967
Grade: 1 bull and 5 cows.
Turn 571:
> 180967
Grade: 1 bull and 5 cows.
Turn 572:
> 810967
Grade: 2 bulls and 4 cows.
Turn 573:
> 018967
Grade: 1 bull and 5 cows.
Turn 574:
> 108967
Grade: 1 bull and 5 cows.
Turn 575:
> 198067
Grade: 2 bulls and 4 cows.
Turn 576:
> 918067
Grade: 1 bull and 5 cows.
Turn 577:
> 819067
Grade: 2 bulls and 4 cows.
Turn 578:
> 189067
Grade: 1 bull and 5 cows.
Turn 579:
> 981067
Grade: 1 bull and 5 cows.
Turn 580:
> 891067
Grade: 3 bulls and 3 cows.
Turn 581:
> 890167
Grade: 4 bulls and 2 cows.
Turn 582:
> 980167
Grade: 2 bulls and 4 cows.
Turn 583:
> 089167
Grade: 2 bulls and 4 cows.
Turn 584:
> 809167
Grade: 3 bulls and 3 cows.
Turn 585:
> 908167
Grade: 2 bulls and 4 cows.
Turn 586:
> 098167
Grade: 3 bulls and 3 cows.
Turn 587:
> 698107
Grade: 4 bulls and 2 cows.
Turn 588:
> 968107
Grade: 3 bulls and 3 cows.
Turn 589:
> 869107
Grade: 4 bulls and 2 cows.
Turn 590:
> 689107
Grade: 3 bulls and 3 cows.
Turn 591:
> 986107
Grade: 4 bulls and 2 cows.
Turn 592:
> 896107
Grade: 6 bulls.
Congratulations! You guessed the secret code.
?[1;31m
Start test 4?[0m
Input the length of the secret code:
> 11
Input the number of possible symbols in the code:
> 10
Error: maximum number of possible symbols in the code is 36 (0-9, a-z).
?[1;31m
Start test 5?[0m
Input the length of the secret code:
> 4
Input the number of possible symbols in the code:
> 16
Error: it's not possible to generate a code with a length of 4 with 16 unique symbols.
The secret is prepared: **** (0-9, a-f)
Okay, let's start a game!
Turn 1:
> 0000
Grade: None.
Turn 2:
> 1111
Grade: 1 bull.
Turn 3:
> 2222
Grade: None.
Turn 4:
> 3333
Grade: 1 bull.
Turn 5:
> 4444
Grade: None.
Turn 6:
> 5555
Grade: 1 bull.
Turn 7:
> 6666
Grade: None.
Turn 8:
> 7777
Grade: None.
Turn 9:
> 8888
Grade: None.
Turn 10:
> 9999
Grade: None.
Turn 11:
> aaaa
Grade: None.
Turn 12:
> bbbb
Grade: None.
Turn 13:
> cccc
Grade: None.
Turn 14:
> dddd
Grade: 1 bull.
Turn 15:
> 135d
Grade: 4 cows.
Turn 16:
> 315d
Grade: 4 cows.
Turn 17:
> 513d
Grade: 1 bull and 3 cows.
Turn 18:
> 153d
Grade: 2 bulls and 2 cows.
Turn 19:
> 351d
Grade: 1 bull and 3 cows.
Turn 20:
> 531d
Grade: 4 cows.
Turn 21:
> d315
Grade: 1 bull and 3 cows.
Turn 22:
> 3d15
Grade: 4 cows.
Turn 23:
> 1d35
Grade: 1 bull and 3 cows.
Turn 24:
> d135
Grade: 2 bulls and 2 cows.
Turn 25:
> 31d5
Grade: 4 cows.
Turn 26:
> 13d5
Grade: 4 cows.
Turn 27:
> 15d3
Grade: 1 bull and 3 cows.
Turn 28:
> 51d3
Grade: 4 cows.
Turn 29:
> d153
Grade: 1 bull and 3 cows.
Turn 30:
> 1d53
Grade: 4 cows.
Turn 31:
> 5d13
Grade: 4 cows.
Turn 32:
> d513
Grade: 2 bulls and 2 cows.
Turn 33:
> d531
Grade: 4 bulls.
Congratulations! You guessed the secret code.
?[1;31m
Start test 6?[0m
Input the length of the secret code:
> 6
Input the number of possible symbols in the code:
> 36
Error: it's not possible to generate a code with a length of 6 with 36 unique symbols.
The secret is prepared: ****** (0-9, a-z)
Okay, let's start a game!
Turn 1:
> 000000
Grade: None.
Turn 2:
> 111111
Grade: None.
Turn 3:
> 222222
Grade: None.
Turn 4:
> 333333
Grade: 1 bull.
Turn 5:
> 444444
Grade: None.
Turn 6:
> 555555
Grade: None.
Turn 7:
> 666666
Grade: None.
Turn 8:
> 777777
Grade: None.
Turn 9:
> 888888
Grade: 1 bull.
Turn 10:
> 999999
Grade: None.
Turn 11:
> aaaaaa
Grade: None.
Turn 12:
> bbbbbb
Grade: None.
Turn 13:
> cccccc
Grade: None.
Turn 14:
> dddddd
Grade: None.
Turn 15:
> eeeeee
Grade: None.
Turn 16:
> ffffff
Grade: None.
Turn 17:
> gggggg
Grade: None.
Turn 18:
> hhhhhh
Grade: None.
Turn 19:
> iiiiii
Grade: None.
Turn 20:
> jjjjjj
Grade: None.
Turn 21:
> kkkkkk
Grade: None.
Turn 22:
> llllll
Grade: None.
Turn 23:
> mmmmmm
Grade: None.
Turn 24:
> nnnnnn
Grade: 1 bull.
Turn 25:
> oooooo
Grade: None.
Turn 26:
> pppppp
Grade: None.
Turn 27:
> qqqqqq
Grade: None.
Turn 28:
> rrrrrr
Grade: None.
Turn 29:
> ssssss
Grade: None.
Turn 30:
> tttttt
Grade: 1 bull.
Turn 31:
> uuuuuu
Grade: None.
Turn 32:
> vvvvvv
Grade: None.
Turn 33:
> wwwwww
Grade: None.
Turn 34:
> xxxxxx
Grade: 1 bull.
Turn 35:
> yyyyyy
Grade: 1 bull.
Turn 36:
> 38ntxy
Grade: 1 bull and 5 cows.
Turn 37:
> 83ntxy
Grade: 6 cows.
Turn 38:
> n38txy
Grade: 1 bull and 5 cows.
Turn 39:
> 3n8txy
Grade: 6 cows.
Turn 40:
> 8n3txy
Grade: 6 cows.
Turn 41:
> n83txy
Grade: 2 bulls and 4 cows.
Turn 42:
> t83nxy
Grade: 1 bull and 5 cows.
Turn 43:
> 8t3nxy
Grade: 6 cows.
Turn 44:
> 3t8nxy
Grade: 6 cows.
Turn 45:
> t38nxy
Grade: 6 cows.
Turn 46:
> 83tnxy
Grade: 6 cows.
Turn 47:
> 38tnxy
Grade: 1 bull and 5 cows.
Turn 48:
> 3nt8xy
Grade: 6 cows.
Turn 49:
> n3t8xy
Grade: 1 bull and 5 cows.
Turn 50:
> t3n8xy
Grade: 6 cows.
Turn 51:
> 3tn8xy
Grade: 6 cows.
Turn 52:
> nt38xy
Grade: 1 bull and 5 cows.
Turn 53:
> tn38xy
Grade: 6 cows.
Turn 54:
> tn83xy
Grade: 1 bull and 5 cows.
Turn 55:
> nt83xy
Grade: 2 bulls and 4 cows.
Turn 56:
> 8tn3xy
Grade: 1 bull and 5 cows.
Turn 57:
> t8n3xy
Grade: 2 bulls and 4 cows.
Turn 58:
> n8t3xy
Grade: 3 bulls and 3 cows.
Turn 59:
> 8nt3xy
Grade: 1 bull and 5 cows.
Turn 60:
> xnt38y
Grade: 1 bull and 5 cows.
Turn 61:
> nxt38y
Grade: 2 bulls and 4 cows.
Turn 62:
> txn38y
Grade: 1 bull and 5 cows.
Turn 63:
> xtn38y
Grade: 1 bull and 5 cows.
Turn 64:
> ntx38y
Grade: 3 bulls and 3 cows.
Turn 65:
> tnx38y
Grade: 2 bulls and 4 cows.
Turn 66:
> 3nxt8y
Grade: 1 bull and 5 cows.
Turn 67:
> n3xt8y
Grade: 2 bulls and 4 cows.
Turn 68:
> x3nt8y
Grade: 6 cows.
Turn 69:
> 3xnt8y
Grade: 6 cows.
Turn 70:
> nx3t8y
Grade: 1 bull and 5 cows.
Turn 71:
> xn3t8y
Grade: 6 cows.
Turn 72:
> xt3n8y
Grade: 6 cows.
Turn 73:
> tx3n8y
Grade: 6 cows.
Turn 74:
> 3xtn8y
Grade: 6 cows.
Turn 75:
> x3tn8y
Grade: 6 cows.
Turn 76:
> t3xn8y
Grade: 1 bull and 5 cows.
Turn 77:
> 3txn8y
Grade: 1 bull and 5 cows.
Turn 78:
> 3tnx8y
Grade: 6 cows.
Turn 79:
> t3nx8y
Grade: 6 cows.
Turn 80:
> n3tx8y
Grade: 1 bull and 5 cows.
Turn 81:
> 3ntx8y
Grade: 6 cows.
Turn 82:
> tn3x8y
Grade: 6 cows.
Turn 83:
> nt3x8y
Grade: 1 bull and 5 cows.
Turn 84:
> 8t3xny
Grade: 6 cows.
Turn 85:
> t83xny
Grade: 1 bull and 5 cows.
Turn 86:
> 38txny
Grade: 1 bull and 5 cows.
Turn 87:
> 83txny
Grade: 6 cows.
Turn 88:
> t38xny
Grade: 6 cows.
Turn 89:
> 3t8xny
Grade: 6 cows.
Turn 90:
> xt83ny
Grade: 1 bull and 5 cows.
Turn 91:
> tx83ny
Grade: 1 bull and 5 cows.
Turn 92:
> 8xt3ny
Grade: 1 bull and 5 cows.
Turn 93:
> x8t3ny
Grade: 2 bulls and 4 cows.
Turn 94:
> t8x3ny
Grade: 3 bulls and 3 cows.
Turn 95:
> 8tx3ny
Grade: 2 bulls and 4 cows.
Turn 96:
> 83xtny
Grade: 1 bull and 5 cows.
Turn 97:
> 38xtny
Grade: 2 bulls and 4 cows.
Turn 98:
> x83tny
Grade: 1 bull and 5 cows.
Turn 99:
> 8x3tny
Grade: 6 cows.
Turn 100:
> 3x8tny
Grade: 6 cows.
Turn 101:
> x38tny
Grade: 6 cows.
Turn 102:
> x3t8ny
Grade: 6 cows.
Turn 103:
> 3xt8ny
Grade: 6 cows.
Turn 104:
> tx38ny
Grade: 6 cows.
Turn 105:
> xt38ny
Grade: 6 cows.
Turn 106:
> 3tx8ny
Grade: 1 bull and 5 cows.
Turn 107:
> t3x8ny
Grade: 1 bull and 5 cows.
Turn 108:
> n3x8ty
Grade: 2 bulls and 4 cows.
Turn 109:
> 3nx8ty
Grade: 1 bull and 5 cows.
Turn 110:
> xn38ty
Grade: 6 cows.
Turn 111:
> nx38ty
Grade: 1 bull and 5 cows.
Turn 112:
> 3xn8ty
Grade: 6 cows.
Turn 113:
> x3n8ty
Grade: 6 cows.
Turn 114:
> 83nxty
Grade: 6 cows.
Turn 115:
> 38nxty
Grade: 1 bull and 5 cows.
Turn 116:
> n83xty
Grade: 2 bulls and 4 cows.
Turn 117:
> 8n3xty
Grade: 6 cows.
Turn 118:
> 3n8xty
Grade: 6 cows.
Turn 119:
> n38xty
Grade: 1 bull and 5 cows.
Turn 120:
> nx83ty
Grade: 2 bulls and 4 cows.
Turn 121:
> xn83ty
Grade: 1 bull and 5 cows.
Turn 122:
> 8nx3ty
Grade: 2 bulls and 4 cows.
Turn 123:
> n8x3ty
Grade: 4 bulls and 2 cows.
Turn 124:
> x8n3ty
Grade: 2 bulls and 4 cows.
Turn 125:
> 8xn3ty
Grade: 1 bull and 5 cows.
Turn 126:
> 8x3nty
Grade: 6 cows.
Turn 127:
> x83nty
Grade: 1 bull and 5 cows.
Turn 128:
> 38xnty
Grade: 2 bulls and 4 cows.
Turn 129:
> 83xnty
Grade: 1 bull and 5 cows.
Turn 130:
> x38nty
Grade: 6 cows.
Turn 131:
> 3x8nty
Grade: 6 cows.
Turn 132:
> tx8n3y
Grade: 6 cows.
Turn 133:
> xt8n3y
Grade: 6 cows.
Turn 134:
> 8txn3y
Grade: 1 bull and 5 cows.
Turn 135:
> t8xn3y
Grade: 2 bulls and 4 cows.
Turn 136:
> x8tn3y
Grade: 1 bull and 5 cows.
Turn 137:
> 8xtn3y
Grade: 6 cows.
Turn 138:
> nxt83y
Grade: 1 bull and 5 cows.
Turn 139:
> xnt83y
Grade: 6 cows.
Turn 140:
> tnx83y
Grade: 1 bull and 5 cows.
Turn 141:
> ntx83y
Grade: 2 bulls and 4 cows.
Turn 142:
> xtn83y
Grade: 6 cows.
Turn 143:
> txn83y
Grade: 6 cows.
Turn 144:
> t8nx3y
Grade: 1 bull and 5 cows.
Turn 145:
> 8tnx3y
Grade: 6 cows.
Turn 146:
> nt8x3y
Grade: 1 bull and 5 cows.
Turn 147:
> tn8x3y
Grade: 6 cows.
Turn 148:
> 8ntx3y
Grade: 6 cows.
Turn 149:
> n8tx3y
Grade: 2 bulls and 4 cows.
Turn 150:
> n8xt3y
Grade: 3 bulls and 3 cows.
Turn 151:
> 8nxt3y
Grade: 1 bull and 5 cows.
Turn 152:
> xn8t3y
Grade: 6 cows.
Turn 153:
> nx8t3y
Grade: 1 bull and 5 cows.
Turn 154:
> 8xnt3y
Grade: 6 cows.
Turn 155:
> x8nt3y
Grade: 1 bull and 5 cows.
Turn 156:
> y8nt3x
Grade: 1 bull and 5 cows.
Turn 157:
> 8ynt3x
Grade: 6 cows.
Turn 158:
> ny8t3x
Grade: 1 bull and 5 cows.
Turn 159:
> yn8t3x
Grade: 6 cows.
Turn 160:
> 8nyt3x
Grade: 6 cows.
Turn 161:
> n8yt3x
Grade: 2 bulls and 4 cows.
Turn 162:
> t8yn3x
Grade: 1 bull and 5 cows.
Turn 163:
> 8tyn3x
Grade: 6 cows.
Turn 164:
> yt8n3x
Grade: 6 cows.
Turn 165:
> ty8n3x
Grade: 6 cows.
Turn 166:
> 8ytn3x
Grade: 6 cows.
Turn 167:
> y8tn3x
Grade: 1 bull and 5 cows.
Turn 168:
> ynt83x
Grade: 6 cows.
Turn 169:
> nyt83x
Grade: 1 bull and 5 cows.
Turn 170:
> tyn83x
Grade: 6 cows.
Turn 171:
> ytn83x
Grade: 6 cows.
Turn 172:
> nty83x
Grade: 1 bull and 5 cows.
Turn 173:
> tny83x
Grade: 6 cows.
Turn 174:
> tn8y3x
Grade: 6 cows.
Turn 175:
> nt8y3x
Grade: 1 bull and 5 cows.
Turn 176:
> 8tny3x
Grade: 6 cows.
Turn 177:
> t8ny3x
Grade: 1 bull and 5 cows.
Turn 178:
> n8ty3x
Grade: 2 bulls and 4 cows.
Turn 179:
> 8nty3x
Grade: 6 cows.
Turn 180:
> 3nty8x
Grade: 6 cows.
Turn 181:
> n3ty8x
Grade: 1 bull and 5 cows.
Turn 182:
> t3ny8x
Grade: 6 cows.
Turn 183:
> 3tny8x
Grade: 6 cows.
Turn 184:
> nt3y8x
Grade: 1 bull and 5 cows.
Turn 185:
> tn3y8x
Grade: 6 cows.
Turn 186:
> yn3t8x
Grade: 6 cows.
Turn 187:
> ny3t8x
Grade: 1 bull and 5 cows.
Turn 188:
> 3ynt8x
Grade: 6 cows.
Turn 189:
> y3nt8x
Grade: 6 cows.
Turn 190:
> n3yt8x
Grade: 1 bull and 5 cows.
Turn 191:
> 3nyt8x
Grade: 6 cows.
Turn 192:
> 3tyn8x
Grade: 6 cows.
Turn 193:
> t3yn8x
Grade: 6 cows.
Turn 194:
> y3tn8x
Grade: 6 cows.
Turn 195:
> 3ytn8x
Grade: 6 cows.
Turn 196:
> ty3n8x
Grade: 6 cows.
Turn 197:
> yt3n8x
Grade: 6 cows.
Turn 198:
> ytn38x
Grade: 1 bull and 5 cows.
Turn 199:
> tyn38x
Grade: 1 bull and 5 cows.
Turn 200:
> nyt38x
Grade: 2 bulls and 4 cows.
Turn 201:
> ynt38x
Grade: 1 bull and 5 cows.
Turn 202:
> tny38x
Grade: 1 bull and 5 cows.
Turn 203:
> nty38x
Grade: 2 bulls and 4 cows.
Turn 204:
> 8ty3nx
Grade: 1 bull and 5 cows.
Turn 205:
> t8y3nx
Grade: 2 bulls and 4 cows.
Turn 206:
> y8t3nx
Grade: 2 bulls and 4 cows.
Turn 207:
> 8yt3nx
Grade: 1 bull and 5 cows.
Turn 208:
> ty83nx
Grade: 1 bull and 5 cows.
Turn 209:
> yt83nx
Grade: 1 bull and 5 cows.
Turn 210:
> 3t8ynx
Grade: 6 cows.
Turn 211:
> t38ynx
Grade: 6 cows.
Turn 212:
> 83tynx
Grade: 6 cows.
Turn 213:
> 38tynx
Grade: 1 bull and 5 cows.
Turn 214:
> t83ynx
Grade: 1 bull and 5 cows.
Turn 215:
> 8t3ynx
Grade: 6 cows.
Turn 216:
> 8y3tnx
Grade: 6 cows.
Turn 217:
> y83tnx
Grade: 1 bull and 5 cows.
Turn 218:
> 38ytnx
Grade: 1 bull and 5 cows.
Turn 219:
> 83ytnx
Grade: 6 cows.
Turn 220:
> y38tnx
Grade: 6 cows.
Turn 221:
> 3y8tnx
Grade: 6 cows.
Turn 222:
> 3yt8nx
Grade: 6 cows.
Turn 223:
> y3t8nx
Grade: 6 cows.
Turn 224:
> t3y8nx
Grade: 6 cows.
Turn 225:
> 3ty8nx
Grade: 6 cows.
Turn 226:
> yt38nx
Grade: 6 cows.
Turn 227:
> ty38nx
Grade: 6 cows.
Turn 228:
> ny38tx
Grade: 1 bull and 5 cows.
Turn 229:
> yn38tx
Grade: 6 cows.
Turn 230:
> 3ny8tx
Grade: 6 cows.
Turn 231:
> n3y8tx
Grade: 1 bull and 5 cows.
Turn 232:
> y3n8tx
Grade: 6 cows.
Turn 233:
> 3yn8tx
Grade: 6 cows.
Turn 234:
> 8yn3tx
Grade: 1 bull and 5 cows.
Turn 235:
> y8n3tx
Grade: 2 bulls and 4 cows.
Turn 236:
> n8y3tx
Grade: 3 bulls and 3 cows.
Turn 237:
> 8ny3tx
Grade: 1 bull and 5 cows.
Turn 238:
> yn83tx
Grade: 1 bull and 5 cows.
Turn 239:
> ny83tx
Grade: 2 bulls and 4 cows.
Turn 240:
> n38ytx
Grade: 1 bull and 5 cows.
Turn 241:
> 3n8ytx
Grade: 6 cows.
Turn 242:
> 8n3ytx
Grade: 6 cows.
Turn 243:
> n83ytx
Grade: 2 bulls and 4 cows.
Turn 244:
> 38nytx
Grade: 1 bull and 5 cows.
Turn 245:
> 83nytx
Grade: 6 cows.
Turn 246:
> 83yntx
Grade: 6 cows.
Turn 247:
> 38yntx
Grade: 1 bull and 5 cows.
Turn 248:
> y83ntx
Grade: 1 bull and 5 cows.
Turn 249:
> 8y3ntx
Grade: 6 cows.
Turn 250:
> 3y8ntx
Grade: 6 cows.
Turn 251:
> y38ntx
Grade: 6 cows.
Turn 252:
> t38nyx
Grade: 1 bull and 5 cows.
Turn 253:
> 3t8nyx
Grade: 1 bull and 5 cows.
Turn 254:
> 8t3nyx
Grade: 1 bull and 5 cows.
Turn 255:
> t83nyx
Grade: 2 bulls and 4 cows.
Turn 256:
> 38tnyx
Grade: 2 bulls and 4 cows.
Turn 257:
> 83tnyx
Grade: 1 bull and 5 cows.
Turn 258:
> n3t8yx
Grade: 2 bulls and 4 cows.
Turn 259:
> 3nt8yx
Grade: 1 bull and 5 cows.
Turn 260:
> tn38yx
Grade: 1 bull and 5 cows.
Turn 261:
> nt38yx
Grade: 2 bulls and 4 cows.
Turn 262:
> 3tn8yx
Grade: 1 bull and 5 cows.
Turn 263:
> t3n8yx
Grade: 1 bull and 5 cows.
Turn 264:
> t8n3yx
Grade: 3 bulls and 3 cows.
Turn 265:
> 8tn3yx
Grade: 2 bulls and 4 cows.
Turn 266:
> nt83yx
Grade: 3 bulls and 3 cows.
Turn 267:
> tn83yx
Grade: 2 bulls and 4 cows.
Turn 268:
> 8nt3yx
Grade: 2 bulls and 4 cows.
Turn 269:
> n8t3yx
Grade: 4 bulls and 2 cows.
Turn 270:
> n83tyx
Grade: 3 bulls and 3 cows.
Turn 271:
> 8n3tyx
Grade: 1 bull and 5 cows.
Turn 272:
> 3n8tyx
Grade: 1 bull and 5 cows.
Turn 273:
> n38tyx
Grade: 2 bulls and 4 cows.
Turn 274:
> 83ntyx
Grade: 1 bull and 5 cows.
Turn 275:
> 38ntyx
Grade: 2 bulls and 4 cows.
Turn 276:
> 3xnty8
Grade: 1 bull and 5 cows.
Turn 277:
> x3nty8
Grade: 1 bull and 5 cows.
Turn 278:
> n3xty8
Grade: 3 bulls and 3 cows.
Turn 279:
> 3nxty8
Grade: 2 bulls and 4 cows.
Turn 280:
> xn3ty8
Grade: 1 bull and 5 cows.
Turn 281:
> nx3ty8
Grade: 2 bulls and 4 cows.
Turn 282:
> tx3ny8
Grade: 1 bull and 5 cows.
Turn 283:
> xt3ny8
Grade: 1 bull and 5 cows.
Turn 284:
> 3txny8
Grade: 2 bulls and 4 cows.
Turn 285:
> t3xny8
Grade: 2 bulls and 4 cows.
Turn 286:
> x3tny8
Grade: 1 bull and 5 cows.
Turn 287:
> 3xtny8
Grade: 1 bull and 5 cows.
Turn 288:
> 3ntxy8
Grade: 1 bull and 5 cows.
Turn 289:
> n3txy8
Grade: 2 bulls and 4 cows.
Turn 290:
> t3nxy8
Grade: 1 bull and 5 cows.
Turn 291:
> 3tnxy8
Grade: 1 bull and 5 cows.
Turn 292:
> nt3xy8
Grade: 2 bulls and 4 cows.
Turn 293:
> tn3xy8
Grade: 1 bull and 5 cows.
Turn 294:
> tnx3y8
Grade: 3 bulls and 3 cows.
Turn 295:
> ntx3y8
Grade: 4 bulls and 2 cows.
Turn 296:
> xtn3y8
Grade: 2 bulls and 4 cows.
Turn 297:
> txn3y8
Grade: 2 bulls and 4 cows.
Turn 298:
> nxt3y8
Grade: 3 bulls and 3 cows.
Turn 299:
> xnt3y8
Grade: 2 bulls and 4 cows.
Turn 300:
> ynt3x8
Grade: 1 bull and 5 cows.
Turn 301:
> nyt3x8
Grade: 2 bulls and 4 cows.
Turn 302:
> tyn3x8
Grade: 1 bull and 5 cows.
Turn 303:
> ytn3x8
Grade: 1 bull and 5 cows.
Turn 304:
> nty3x8
Grade: 2 bulls and 4 cows.
Turn 305:
> tny3x8
Grade: 1 bull and 5 cows.
Turn 306:
> 3nytx8
Grade: 6 cows.
Turn 307:
> n3ytx8
Grade: 1 bull and 5 cows.
Turn 308:
> y3ntx8
Grade: 6 cows.
Turn 309:
> 3yntx8
Grade: 6 cows.
Turn 310:
> ny3tx8
Grade: 1 bull and 5 cows.
Turn 311:
> yn3tx8
Grade: 6 cows.
Turn 312:
> yt3nx8
Grade: 6 cows.
Turn 313:
> ty3nx8
Grade: 6 cows.
Turn 314:
> 3ytnx8
Grade: 6 cows.
Turn 315:
> y3tnx8
Grade: 6 cows.
Turn 316:
> t3ynx8
Grade: 6 cows.
Turn 317:
> 3tynx8
Grade: 6 cows.
Turn 318:
> 3tnyx8
Grade: 6 cows.
Turn 319:
> t3nyx8
Grade: 6 cows.
Turn 320:
> n3tyx8
Grade: 1 bull and 5 cows.
Turn 321:
> 3ntyx8
Grade: 6 cows.
Turn 322:
> tn3yx8
Grade: 6 cows.
Turn 323:
> nt3yx8
Grade: 1 bull and 5 cows.
Turn 324:
> xt3yn8
Grade: 6 cows.
Turn 325:
> tx3yn8
Grade: 6 cows.
Turn 326:
> 3xtyn8
Grade: 6 cows.
Turn 327:
> x3tyn8
Grade: 6 cows.
Turn 328:
> t3xyn8
Grade: 1 bull and 5 cows.
Turn 329:
> 3txyn8
Grade: 1 bull and 5 cows.
Turn 330:
> ytx3n8
Grade: 2 bulls and 4 cows.
Turn 331:
> tyx3n8
Grade: 2 bulls and 4 cows.
Turn 332:
> xyt3n8
Grade: 1 bull and 5 cows.
Turn 333:
> yxt3n8
Grade: 1 bull and 5 cows.
Turn 334:
> txy3n8
Grade: 1 bull and 5 cows.
Turn 335:
> xty3n8
Grade: 1 bull and 5 cows.
Turn 336:
> x3ytn8
Grade: 6 cows.
Turn 337:
> 3xytn8
Grade: 6 cows.
Turn 338:
> yx3tn8
Grade: 6 cows.
Turn 339:
> xy3tn8
Grade: 6 cows.
Turn 340:
> 3yxtn8
Grade: 1 bull and 5 cows.
Turn 341:
> y3xtn8
Grade: 1 bull and 5 cows.
Turn 342:
> y3txn8
Grade: 6 cows.
Turn 343:
> 3ytxn8
Grade: 6 cows.
Turn 344:
> ty3xn8
Grade: 6 cows.
Turn 345:
> yt3xn8
Grade: 6 cows.
Turn 346:
> 3tyxn8
Grade: 6 cows.
Turn 347:
> t3yxn8
Grade: 6 cows.
Turn 348:
> n3yxt8
Grade: 1 bull and 5 cows.
Turn 349:
> 3nyxt8
Grade: 6 cows.
Turn 350:
> yn3xt8
Grade: 6 cows.
Turn 351:
> ny3xt8
Grade: 1 bull and 5 cows.
Turn 352:
> 3ynxt8
Grade: 6 cows.
Turn 353:
> y3nxt8
Grade: 6 cows.
Turn 354:
> x3nyt8
Grade: 6 cows.
Turn 355:
> 3xnyt8
Grade: 6 cows.
Turn 356:
> nx3yt8
Grade: 1 bull and 5 cows.
Turn 357:
> xn3yt8
Grade: 6 cows.
Turn 358:
> 3nxyt8
Grade: 1 bull and 5 cows.
Turn 359:
> n3xyt8
Grade: 2 bulls and 4 cows.
Turn 360:
> nyx3t8
Grade: 3 bulls and 3 cows.
Turn 361:
> ynx3t8
Grade: 2 bulls and 4 cows.
Turn 362:
> xny3t8
Grade: 1 bull and 5 cows.
Turn 363:
> nxy3t8
Grade: 2 bulls and 4 cows.
Turn 364:
> yxn3t8
Grade: 1 bull and 5 cows.
Turn 365:
> xyn3t8
Grade: 1 bull and 5 cows.
Turn 366:
> xy3nt8
Grade: 6 cows.
Turn 367:
> yx3nt8
Grade: 6 cows.
Turn 368:
> 3xynt8
Grade: 6 cows.
Turn 369:
> x3ynt8
Grade: 6 cows.
Turn 370:
> y3xnt8
Grade: 1 bull and 5 cows.
Turn 371:
> 3yxnt8
Grade: 1 bull and 5 cows.
Turn 372:
> tyxn38
Grade: 1 bull and 5 cows.
Turn 373:
> ytxn38
Grade: 1 bull and 5 cows.
Turn 374:
> xtyn38
Grade: 6 cows.
Turn 375:
> txyn38
Grade: 6 cows.
Turn 376:
> yxtn38
Grade: 6 cows.
Turn 377:
> xytn38
Grade: 6 cows.
Turn 378:
> nytx38
Grade: 1 bull and 5 cows.
Turn 379:
> yntx38
Grade: 6 cows.
Turn 380:
> tnyx38
Grade: 6 cows.
Turn 381:
> ntyx38
Grade: 1 bull and 5 cows.
Turn 382:
> ytnx38
Grade: 6 cows.
Turn 383:
> tynx38
Grade: 6 cows.
Turn 384:
> txny38
Grade: 6 cows.
Turn 385:
> xtny38
Grade: 6 cows.
Turn 386:
> ntxy38
Grade: 2 bulls and 4 cows.
Turn 387:
> tnxy38
Grade: 1 bull and 5 cows.
Turn 388:
> xnty38
Grade: 6 cows.
Turn 389:
> nxty38
Grade: 1 bull and 5 cows.
Turn 390:
> nxyt38
Grade: 1 bull and 5 cows.
Turn 391:
> xnyt38
Grade: 6 cows.
Turn 392:
> ynxt38
Grade: 1 bull and 5 cows.
Turn 393:
> nyxt38
Grade: 2 bulls and 4 cows.
Turn 394:
> xynt38
Grade: 6 cows.
Turn 395:
> yxnt38
Grade: 6 cows.
Turn 396:
> yx8t3n
Grade: 6 cows.
Turn 397:
> xy8t3n
Grade: 6 cows.
Turn 398:
> 8yxt3n
Grade: 1 bull and 5 cows.
Turn 399:
> y8xt3n
Grade: 2 bulls and 4 cows.
Turn 400:
> x8yt3n
Grade: 1 bull and 5 cows.
Turn 401:
> 8xyt3n
Grade: 6 cows.
Turn 402:
> txy83n
Grade: 6 cows.
Turn 403:
> xty83n
Grade: 6 cows.
Turn 404:
> ytx83n
Grade: 1 bull and 5 cows.
Turn 405:
> tyx83n
Grade: 1 bull and 5 cows.
Turn 406:
> xyt83n
Grade: 6 cows.
Turn 407:
> yxt83n
Grade: 6 cows.
Turn 408:
> y8tx3n
Grade: 1 bull and 5 cows.
Turn 409:
> 8ytx3n
Grade: 6 cows.
Turn 410:
> ty8x3n
Grade: 6 cows.
Turn 411:
> yt8x3n
Grade: 6 cows.
Turn 412:
> 8tyx3n
Grade: 6 cows.
Turn 413:
> t8yx3n
Grade: 1 bull and 5 cows.
Turn 414:
> t8xy3n
Grade: 2 bulls and 4 cows.
Turn 415:
> 8txy3n
Grade: 1 bull and 5 cows.
Turn 416:
> xt8y3n
Grade: 6 cows.
Turn 417:
> tx8y3n
Grade: 6 cows.
Turn 418:
> 8xty3n
Grade: 6 cows.
Turn 419:
> x8ty3n
Grade: 1 bull and 5 cows.
Turn 420:
> 38tyxn
Grade: 1 bull and 5 cows.
Turn 421:
> 83tyxn
Grade: 6 cows.
Turn 422:
> t38yxn
Grade: 6 cows.
Turn 423:
> 3t8yxn
Grade: 6 cows.
Turn 424:
> 8t3yxn
Grade: 6 cows.
Turn 425:
> t83yxn
Grade: 1 bull and 5 cows.
Turn 426:
> y83txn
Grade: 1 bull and 5 cows.
Turn 427:
> 8y3txn
Grade: 6 cows.
Turn 428:
> 3y8txn
Grade: 6 cows.
Turn 429:
> y38txn
Grade: 6 cows.
Turn 430:
> 83ytxn
Grade: 6 cows.
Turn 431:
> 38ytxn
Grade: 1 bull and 5 cows.
Turn 432:
> 3ty8xn
Grade: 6 cows.
Turn 433:
> t3y8xn
Grade: 6 cows.
Turn 434:
> y3t8xn
Grade: 6 cows.
Turn 435:
> 3yt8xn
Grade: 6 cows.
Turn 436:
> ty38xn
Grade: 6 cows.
Turn 437:
> yt38xn
Grade: 6 cows.
Turn 438:
> yt83xn
Grade: 1 bull and 5 cows.
Turn 439:
> ty83xn
Grade: 1 bull and 5 cows.
Turn 440:
> 8yt3xn
Grade: 1 bull and 5 cows.
Turn 441:
> y8t3xn
Grade: 2 bulls and 4 cows.
Turn 442:
> t8y3xn
Grade: 2 bulls and 4 cows.
Turn 443:
> 8ty3xn
Grade: 1 bull and 5 cows.
Turn 444:
> xty38n
Grade: 1 bull and 5 cows.
Turn 445:
> txy38n
Grade: 1 bull and 5 cows.
Turn 446:
> yxt38n
Grade: 1 bull and 5 cows.
Turn 447:
> xyt38n
Grade: 1 bull and 5 cows.
Turn 448:
> tyx38n
Grade: 2 bulls and 4 cows.
Turn 449:
> ytx38n
Grade: 2 bulls and 4 cows.
Turn 450:
> 3txy8n
Grade: 1 bull and 5 cows.
Turn 451:
> t3xy8n
Grade: 1 bull and 5 cows.
Turn 452:
> x3ty8n
Grade: 6 cows.
Turn 453:
> 3xty8n
Grade: 6 cows.
Turn 454:
> tx3y8n
Grade: 6 cows.
Turn 455:
> xt3y8n
Grade: 6 cows.
Turn 456:
> xy3t8n
Grade: 6 cows.
Turn 457:
> yx3t8n
Grade: 6 cows.
Turn 458:
> 3xyt8n
Grade: 6 cows.
Turn 459:
> x3yt8n
Grade: 6 cows.
Turn 460:
> y3xt8n
Grade: 1 bull and 5 cows.
Turn 461:
> 3yxt8n
Grade: 1 bull and 5 cows.
Turn 462:
> 3ytx8n
Grade: 6 cows.
Turn 463:
> y3tx8n
Grade: 6 cows.
Turn 464:
> t3yx8n
Grade: 6 cows.
Turn 465:
> 3tyx8n
Grade: 6 cows.
Turn 466:
> yt3x8n
Grade: 6 cows.
Turn 467:
> ty3x8n
Grade: 6 cows.
Turn 468:
> 8y3xtn
Grade: 6 cows.
Turn 469:
> y83xtn
Grade: 1 bull and 5 cows.
Turn 470:
> 38yxtn
Grade: 1 bull and 5 cows.
Turn 471:
> 83yxtn
Grade: 6 cows.
Turn 472:
> y38xtn
Grade: 6 cows.
Turn 473:
> 3y8xtn
Grade: 6 cows.
Turn 474:
> xy83tn
Grade: 1 bull and 5 cows.
Turn 475:
> yx83tn
Grade: 1 bull and 5 cows.
Turn 476:
> 8xy3tn
Grade: 1 bull and 5 cows.
Turn 477:
> x8y3tn
Grade: 2 bulls and 4 cows.
Turn 478:
> y8x3tn
Grade: 3 bulls and 3 cows.
Turn 479:
> 8yx3tn
Grade: 2 bulls and 4 cows.
Turn 480:
> 83xytn
Grade: 1 bull and 5 cows.
Turn 481:
> 38xytn
Grade: 2 bulls and 4 cows.
Turn 482:
> x83ytn
Grade: 1 bull and 5 cows.
Turn 483:
> 8x3ytn
Grade: 6 cows.
Turn 484:
> 3x8ytn
Grade: 6 cows.
Turn 485:
> x38ytn
Grade: 6 cows.
Turn 486:
> x3y8tn
Grade: 6 cows.
Turn 487:
> 3xy8tn
Grade: 6 cows.
Turn 488:
> yx38tn
Grade: 6 cows.
Turn 489:
> xy38tn
Grade: 6 cows.
Turn 490:
> 3yx8tn
Grade: 1 bull and 5 cows.
Turn 491:
> y3x8tn
Grade: 1 bull and 5 cows.
Turn 492:
> t3x8yn
Grade: 2 bulls and 4 cows.
Turn 493:
> 3tx8yn
Grade: 2 bulls and 4 cows.
Turn 494:
> xt38yn
Grade: 1 bull and 5 cows.
Turn 495:
> tx38yn
Grade: 1 bull and 5 cows.
Turn 496:
> 3xt8yn
Grade: 1 bull and 5 cows.
Turn 497:
> x3t8yn
Grade: 1 bull and 5 cows.
Turn 498:
> 83txyn
Grade: 1 bull and 5 cows.
Turn 499:
> 38txyn
Grade: 2 bulls and 4 cows.
Turn 500:
> t83xyn
Grade: 2 bulls and 4 cows.
Turn 501:
> 8t3xyn
Grade: 1 bull and 5 cows.
Turn 502:
> 3t8xyn
Grade: 1 bull and 5 cows.
Turn 503:
> t38xyn
Grade: 1 bull and 5 cows.
Turn 504:
> tx83yn
Grade: 2 bulls and 4 cows.
Turn 505:
> xt83yn
Grade: 2 bulls and 4 cows.
Turn 506:
> 8tx3yn
Grade: 3 bulls and 3 cows.
Turn 507:
> t8x3yn
Grade: 4 bulls and 2 cows.
Turn 508:
> x8t3yn
Grade: 3 bulls and 3 cows.
Turn 509:
> 8xt3yn
Grade: 2 bulls and 4 cows.
Turn 510:
> 8x3tyn
Grade: 1 bull and 5 cows.
Turn 511:
> x83tyn
Grade: 2 bulls and 4 cows.
Turn 512:
> 38xtyn
Grade: 3 bulls and 3 cows.
Turn 513:
> 83xtyn
Grade: 2 bulls and 4 cows.
Turn 514:
> x38tyn
Grade: 1 bull and 5 cows.
Turn 515:
> 3x8tyn
Grade: 1 bull and 5 cows.
Turn 516:
> 3x8nyt
Grade: 2 bulls and 4 cows.
Turn 517:
> x38nyt
Grade: 2 bulls and 4 cows.
Turn 518:
> 83xnyt
Grade: 3 bulls and 3 cows.
Turn 519:
> 38xnyt
Grade: 4 bulls and 2 cows.
Turn 520:
> x83nyt
Grade: 3 bulls and 3 cows.
Turn 521:
> 8x3nyt
Grade: 2 bulls and 4 cows.
Turn 522:
> nx38yt
Grade: 3 bulls and 3 cows.
Turn 523:
> xn38yt
Grade: 2 bulls and 4 cows.
Turn 524:
> 3nx8yt
Grade: 3 bulls and 3 cows.
Turn 525:
> n3x8yt
Grade: 4 bulls and 2 cows.
Turn 526:
> x3n8yt
Grade: 2 bulls and 4 cows.
Turn 527:
> 3xn8yt
Grade: 2 bulls and 4 cows.
Turn 528:
> 38nxyt
Grade: 3 bulls and 3 cows.
Turn 529:
> 83nxyt
Grade: 2 bulls and 4 cows.
Turn 530:
> n38xyt
Grade: 3 bulls and 3 cows.
Turn 531:
> 3n8xyt
Grade: 2 bulls and 4 cows.
Turn 532:
> 8n3xyt
Grade: 2 bulls and 4 cows.
Turn 533:
> n83xyt
Grade: 4 bulls and 2 cows.
Turn 534:
> n8x3yt
Grade: 6 bulls.
Congratulations! You guessed the secret code.
?[1;31m
Start test 7?[0m
Input the length of the secret code:
> 0
Input the number of possible symbols in the code:
> 1
Error: it's not possible to generate a code with a length of 0 with 1 unique symbols.
?[1;31m
Start test 8?[0m
Input the length of the secret code:
> 10
Input the number of possible symbols in the code:
> 9
Error: maximum number of possible symbols in the code is 36 (0-9, a-z).
?[1;31m
Start test 9?[0m
Input the length of the secret code:
> 9
Input the number of possible symbols in the code:
> 37
Error: maximum number of possible symbols in the code is 36 (0-9, a-z).
The secret is prepared: ********* (0-9, a-{)
?[1;31m
Start test 10?[0m
Input the length of the secret code:
> abcdefg 1 -6
Error
]]></system-out>
  <system-err><![CDATA[]]></system-err>
</testsuite>
