<?xml version="1.0" encoding="UTF-8"?>
<testsuite name="BullsCowsTest" tests="1" skipped="0" failures="0" errors="0" timestamp="2022-07-24T10:49:20" hostname="LUKASZ" time="0.688">
  <properties/>
  <testcase name="start" classname="BullsCowsTest" time="0.688"/>
  <system-out><![CDATA[?[1;31m
Start test 1?[0m
8252
> 3601
?[1;31m
Start test 2?[0m
1225
> 8252
?[1;31m
Start test 3?[0m
2361
> 3467
]]></system-out>
  <system-err><![CDATA[]]></system-err>
</testsuite>
